2018-11-27 01:04:59
demo.webmigrates.com/osnap/api/Registration/CheckUserSubscription


2018-11-27 01:05:58
demo.webmigrates.com/osnap/api/Registration/CheckUserSubscription


2018-11-27 01:06:23
demo.webmigrates.com/osnap/api/Registration/CheckUserSubscription


2018-11-27 01:09:48
demo.webmigrates.com/osnap/api/Registration/CheckUserSubscription


2018-11-27 01:46:31
demo.webmigrates.com/osnap/api/Registration/CheckLogin
{"data":{"password":"12345678","username":"customeruser1","device_type":"1","lang_type":"1","device_token":"5b2733aa96633fb78549c66b154fd5ae9585b4965f9c608498d4e48984d4fc92"}}

2018-11-27 01:46:32
demo.webmigrates.com/osnap/api/Notification/CountBase
{"data":{"lang_type":"1","token":"BBSkO0oEHeZLD6I7tMglwMqJvgEZ8KwEXVgawJdKPqRJRzAy6hsd3EUDG4HEbJYH94OJpk3f89cZec0xId8fyVcBRzkz7xwplgqhiJ9bPhiNPtrjiaO7cxlD","user_id":"134"}}

2018-11-27 01:46:32
demo.webmigrates.com/osnap/api/Registration/UserDetail
{"data":{"id":"134","lang_type":"1","other_id":"134","token":"BBSkO0oEHeZLD6I7tMglwMqJvgEZ8KwEXVgawJdKPqRJRzAy6hsd3EUDG4HEbJYH94OJpk3f89cZec0xId8fyVcBRzkz7xwplgqhiJ9bPhiNPtrjiaO7cxlD"}}

2018-11-27 01:46:32
demo.webmigrates.com/osnap/api/Registration/ClientMyEvent
{"data":{"id":"134","lang_type":"1","year":"2018","token":"BBSkO0oEHeZLD6I7tMglwMqJvgEZ8KwEXVgawJdKPqRJRzAy6hsd3EUDG4HEbJYH94OJpk3f89cZec0xId8fyVcBRzkz7xwplgqhiJ9bPhiNPtrjiaO7cxlD"}}

2018-11-27 01:46:39
demo.webmigrates.com/osnap/api/Registration/MyPost
{"data":{"id":"134","lang_type":"1","page":1,"limit":10,"token":"BBSkO0oEHeZLD6I7tMglwMqJvgEZ8KwEXVgawJdKPqRJRzAy6hsd3EUDG4HEbJYH94OJpk3f89cZec0xId8fyVcBRzkz7xwplgqhiJ9bPhiNPtrjiaO7cxlD"}}

2018-11-27 01:46:40
demo.webmigrates.com/osnap/api/Registration/MyPost
{"data":{"id":"134","lang_type":"1","page":2,"limit":10,"token":"BBSkO0oEHeZLD6I7tMglwMqJvgEZ8KwEXVgawJdKPqRJRzAy6hsd3EUDG4HEbJYH94OJpk3f89cZec0xId8fyVcBRzkz7xwplgqhiJ9bPhiNPtrjiaO7cxlD"}}

2018-11-27 01:46:42
demo.webmigrates.com/osnap/api/Registration/SingleClientPost
{"data":{"id":"134","lang_type":"1","post_id":"94","Dlatitude":"30.713484","Dlongtitude":"76.710089","token":"BBSkO0oEHeZLD6I7tMglwMqJvgEZ8KwEXVgawJdKPqRJRzAy6hsd3EUDG4HEbJYH94OJpk3f89cZec0xId8fyVcBRzkz7xwplgqhiJ9bPhiNPtrjiaO7cxlD"}}

2018-11-27 01:46:51
demo.webmigrates.com/osnap/api/Registration/MyCompletedPostAll
{"data":{"id":"134","lang_type":"1","page":1,"limit":10,"token":"BBSkO0oEHeZLD6I7tMglwMqJvgEZ8KwEXVgawJdKPqRJRzAy6hsd3EUDG4HEbJYH94OJpk3f89cZec0xId8fyVcBRzkz7xwplgqhiJ9bPhiNPtrjiaO7cxlD"}}

2018-11-27 01:46:53
demo.webmigrates.com/osnap/api/Registration/MyRunningPostAll
{"data":{"id":"134","lang_type":"1","page":1,"limit":10,"token":"BBSkO0oEHeZLD6I7tMglwMqJvgEZ8KwEXVgawJdKPqRJRzAy6hsd3EUDG4HEbJYH94OJpk3f89cZec0xId8fyVcBRzkz7xwplgqhiJ9bPhiNPtrjiaO7cxlD"}}

2018-11-27 01:46:54
demo.webmigrates.com/osnap/api/Registration/MyPost
{"data":{"id":"134","lang_type":"1","page":1,"limit":10,"token":"BBSkO0oEHeZLD6I7tMglwMqJvgEZ8KwEXVgawJdKPqRJRzAy6hsd3EUDG4HEbJYH94OJpk3f89cZec0xId8fyVcBRzkz7xwplgqhiJ9bPhiNPtrjiaO7cxlD"}}

2018-11-27 01:46:55
demo.webmigrates.com/osnap/api/Registration/MyPost
{"data":{"id":"134","lang_type":"1","page":2,"limit":10,"token":"BBSkO0oEHeZLD6I7tMglwMqJvgEZ8KwEXVgawJdKPqRJRzAy6hsd3EUDG4HEbJYH94OJpk3f89cZec0xId8fyVcBRzkz7xwplgqhiJ9bPhiNPtrjiaO7cxlD"}}

2018-11-27 01:46:57
demo.webmigrates.com/osnap/api/Registration/SingleClientPost
{"data":{"id":"134","lang_type":"1","post_id":"94","Dlatitude":"30.713484","Dlongtitude":"76.710089","token":"BBSkO0oEHeZLD6I7tMglwMqJvgEZ8KwEXVgawJdKPqRJRzAy6hsd3EUDG4HEbJYH94OJpk3f89cZec0xId8fyVcBRzkz7xwplgqhiJ9bPhiNPtrjiaO7cxlD"}}

2018-11-27 01:47:04
demo.webmigrates.com/osnap/api/Registration/MyCompletedPostAll
{"data":{"id":"134","lang_type":"1","page":1,"limit":10,"token":"BBSkO0oEHeZLD6I7tMglwMqJvgEZ8KwEXVgawJdKPqRJRzAy6hsd3EUDG4HEbJYH94OJpk3f89cZec0xId8fyVcBRzkz7xwplgqhiJ9bPhiNPtrjiaO7cxlD"}}

2018-11-27 01:47:06
demo.webmigrates.com/osnap/api/Registration/UserDetail
{"data":{"id":"134","lang_type":"1","other_id":"134","token":"BBSkO0oEHeZLD6I7tMglwMqJvgEZ8KwEXVgawJdKPqRJRzAy6hsd3EUDG4HEbJYH94OJpk3f89cZec0xId8fyVcBRzkz7xwplgqhiJ9bPhiNPtrjiaO7cxlD"}}

2018-11-27 01:47:08
demo.webmigrates.com/osnap/api/Notification/GetNotification
{"data":{"lang_type":"1","user_id":"134","page":1,"limit":10,"token":"BBSkO0oEHeZLD6I7tMglwMqJvgEZ8KwEXVgawJdKPqRJRzAy6hsd3EUDG4HEbJYH94OJpk3f89cZec0xId8fyVcBRzkz7xwplgqhiJ9bPhiNPtrjiaO7cxlD"}}

2018-11-27 01:47:11
demo.webmigrates.com/osnap/api/Notification/GetNotification
{"data":{"lang_type":"1","user_id":"134","page":2,"limit":10,"token":"BBSkO0oEHeZLD6I7tMglwMqJvgEZ8KwEXVgawJdKPqRJRzAy6hsd3EUDG4HEbJYH94OJpk3f89cZec0xId8fyVcBRzkz7xwplgqhiJ9bPhiNPtrjiaO7cxlD"}}

2018-11-27 01:47:11
demo.webmigrates.com/osnap/api/Notification/ClearBase
{"data":{"lang_type":"1","token":"BBSkO0oEHeZLD6I7tMglwMqJvgEZ8KwEXVgawJdKPqRJRzAy6hsd3EUDG4HEbJYH94OJpk3f89cZec0xId8fyVcBRzkz7xwplgqhiJ9bPhiNPtrjiaO7cxlD","user_id":"134"}}

2018-11-27 01:47:13
demo.webmigrates.com/osnap/api/Registration/EventDetail
{"data":{"pb_id":"105","id":"134","lang_type":"1","token":"BBSkO0oEHeZLD6I7tMglwMqJvgEZ8KwEXVgawJdKPqRJRzAy6hsd3EUDG4HEbJYH94OJpk3f89cZec0xId8fyVcBRzkz7xwplgqhiJ9bPhiNPtrjiaO7cxlD"}}

2018-11-27 01:47:14
demo.webmigrates.com/osnap/api/Registration/SingleClientPost
{"data":{"id":"134","lang_type":"1","post_id":"94","Dlatitude":"30.713484","Dlongtitude":"76.710089","token":"BBSkO0oEHeZLD6I7tMglwMqJvgEZ8KwEXVgawJdKPqRJRzAy6hsd3EUDG4HEbJYH94OJpk3f89cZec0xId8fyVcBRzkz7xwplgqhiJ9bPhiNPtrjiaO7cxlD"}}

2018-11-27 01:50:34
demo.webmigrates.com/osnap/api/Registration/CheckLogin
{"data":{"username":"customeruser1","lang_type":"1","password":"12345678","device_token":"0addff13e819662de69c35cd56c2043e2aaf3ea6d9bab86535ae38479a48b7c0","device_type":"1"}}

2018-11-27 01:50:35
demo.webmigrates.com/osnap/api/Registration/ClientMyEvent
{"data":{"id":"134","year":"2018","token":"vPk3IliI9CEVy0Dkv6GGpjZrvIoyDj2RyVPqyTQ4q1m8ZigwctlmBlTF4KNPCihZU9nSYUhKgPKwhpfdGyFjQZHmIVFIFuUzPCNVajjaHrVuVZbLCNBAdrJ8","lang_type":"1"}}

2018-11-27 01:50:35
demo.webmigrates.com/osnap/api/Registration/UserDetail
{"data":{"id":"134","other_id":"134","token":"vPk3IliI9CEVy0Dkv6GGpjZrvIoyDj2RyVPqyTQ4q1m8ZigwctlmBlTF4KNPCihZU9nSYUhKgPKwhpfdGyFjQZHmIVFIFuUzPCNVajjaHrVuVZbLCNBAdrJ8","lang_type":"1"}}

2018-11-27 01:50:35
demo.webmigrates.com/osnap/api/Notification/CountBase
{"data":{"token":"vPk3IliI9CEVy0Dkv6GGpjZrvIoyDj2RyVPqyTQ4q1m8ZigwctlmBlTF4KNPCihZU9nSYUhKgPKwhpfdGyFjQZHmIVFIFuUzPCNVajjaHrVuVZbLCNBAdrJ8","user_id":"134","lang_type":"1"}}

2018-11-27 01:50:40
demo.webmigrates.com/osnap/api/Registration/UserDetail
{"data":{"id":"134","other_id":"134","token":"vPk3IliI9CEVy0Dkv6GGpjZrvIoyDj2RyVPqyTQ4q1m8ZigwctlmBlTF4KNPCihZU9nSYUhKgPKwhpfdGyFjQZHmIVFIFuUzPCNVajjaHrVuVZbLCNBAdrJ8","lang_type":"1"}}

2018-11-27 01:50:41
demo.webmigrates.com/osnap/api/Notification/CountBase
{"data":{"token":"vPk3IliI9CEVy0Dkv6GGpjZrvIoyDj2RyVPqyTQ4q1m8ZigwctlmBlTF4KNPCihZU9nSYUhKgPKwhpfdGyFjQZHmIVFIFuUzPCNVajjaHrVuVZbLCNBAdrJ8","user_id":"134","lang_type":"1"}}

2018-11-27 01:50:41
demo.webmigrates.com/osnap/api/Registration/ClientMyEvent
{"data":{"id":"134","year":"2018","token":"vPk3IliI9CEVy0Dkv6GGpjZrvIoyDj2RyVPqyTQ4q1m8ZigwctlmBlTF4KNPCihZU9nSYUhKgPKwhpfdGyFjQZHmIVFIFuUzPCNVajjaHrVuVZbLCNBAdrJ8","lang_type":"1"}}

2018-11-27 01:50:44
demo.webmigrates.com/osnap/api/Notification/GetNotification
{"data":{"limit":10,"page":1,"user_id":"134","token":"vPk3IliI9CEVy0Dkv6GGpjZrvIoyDj2RyVPqyTQ4q1m8ZigwctlmBlTF4KNPCihZU9nSYUhKgPKwhpfdGyFjQZHmIVFIFuUzPCNVajjaHrVuVZbLCNBAdrJ8","lang_type":"1"}}

2018-11-27 01:50:45
demo.webmigrates.com/osnap/api/Notification/ClearBase
{"data":{"token":"vPk3IliI9CEVy0Dkv6GGpjZrvIoyDj2RyVPqyTQ4q1m8ZigwctlmBlTF4KNPCihZU9nSYUhKgPKwhpfdGyFjQZHmIVFIFuUzPCNVajjaHrVuVZbLCNBAdrJ8","user_id":"134","lang_type":"1"}}

2018-11-27 01:50:46
demo.webmigrates.com/osnap/api/Notification/GetNotification
{"data":{"limit":10,"page":2,"user_id":"134","token":"vPk3IliI9CEVy0Dkv6GGpjZrvIoyDj2RyVPqyTQ4q1m8ZigwctlmBlTF4KNPCihZU9nSYUhKgPKwhpfdGyFjQZHmIVFIFuUzPCNVajjaHrVuVZbLCNBAdrJ8","lang_type":"1"}}

2018-11-27 01:50:47
demo.webmigrates.com/osnap/api/Registration/EventDetail
{"data":{"id":"134","pb_id":"105","token":"vPk3IliI9CEVy0Dkv6GGpjZrvIoyDj2RyVPqyTQ4q1m8ZigwctlmBlTF4KNPCihZU9nSYUhKgPKwhpfdGyFjQZHmIVFIFuUzPCNVajjaHrVuVZbLCNBAdrJ8","lang_type":"1"}}

2018-11-27 01:50:48
demo.webmigrates.com/osnap/api/Registration/SingleClientPost
{"data":{"Dlatitude":"30.713323","id":"134","post_id":"94","Dlongtitude":"76.709757","token":"vPk3IliI9CEVy0Dkv6GGpjZrvIoyDj2RyVPqyTQ4q1m8ZigwctlmBlTF4KNPCihZU9nSYUhKgPKwhpfdGyFjQZHmIVFIFuUzPCNVajjaHrVuVZbLCNBAdrJ8","lang_type":"1"}}

2018-11-27 01:51:11
demo.webmigrates.com/osnap/api/Registration/EventDetail
{"data":{"id":"134","pb_id":"104","token":"vPk3IliI9CEVy0Dkv6GGpjZrvIoyDj2RyVPqyTQ4q1m8ZigwctlmBlTF4KNPCihZU9nSYUhKgPKwhpfdGyFjQZHmIVFIFuUzPCNVajjaHrVuVZbLCNBAdrJ8","lang_type":"1"}}

2018-11-27 01:51:12
demo.webmigrates.com/osnap/api/Registration/SingleClientPost
{"data":{"Dlatitude":"30.713508","id":"134","post_id":"93","Dlongtitude":"76.709832","token":"vPk3IliI9CEVy0Dkv6GGpjZrvIoyDj2RyVPqyTQ4q1m8ZigwctlmBlTF4KNPCihZU9nSYUhKgPKwhpfdGyFjQZHmIVFIFuUzPCNVajjaHrVuVZbLCNBAdrJ8","lang_type":"1"}}

2018-11-27 01:51:24
demo.webmigrates.com/osnap/api/Registration/UserDetail
{"data":{"id":"134","other_id":"134","token":"vPk3IliI9CEVy0Dkv6GGpjZrvIoyDj2RyVPqyTQ4q1m8ZigwctlmBlTF4KNPCihZU9nSYUhKgPKwhpfdGyFjQZHmIVFIFuUzPCNVajjaHrVuVZbLCNBAdrJ8","lang_type":"1"}}

2018-11-27 01:51:27
demo.webmigrates.com/osnap/api/Notification/GetNotification
{"data":{"limit":10,"page":1,"user_id":"134","token":"vPk3IliI9CEVy0Dkv6GGpjZrvIoyDj2RyVPqyTQ4q1m8ZigwctlmBlTF4KNPCihZU9nSYUhKgPKwhpfdGyFjQZHmIVFIFuUzPCNVajjaHrVuVZbLCNBAdrJ8","lang_type":"1"}}

2018-11-27 01:51:28
demo.webmigrates.com/osnap/api/Notification/ClearBase
{"data":{"token":"vPk3IliI9CEVy0Dkv6GGpjZrvIoyDj2RyVPqyTQ4q1m8ZigwctlmBlTF4KNPCihZU9nSYUhKgPKwhpfdGyFjQZHmIVFIFuUzPCNVajjaHrVuVZbLCNBAdrJ8","user_id":"134","lang_type":"1"}}

2018-11-27 01:51:28
demo.webmigrates.com/osnap/api/Notification/GetNotification
{"data":{"limit":10,"page":2,"user_id":"134","token":"vPk3IliI9CEVy0Dkv6GGpjZrvIoyDj2RyVPqyTQ4q1m8ZigwctlmBlTF4KNPCihZU9nSYUhKgPKwhpfdGyFjQZHmIVFIFuUzPCNVajjaHrVuVZbLCNBAdrJ8","lang_type":"1"}}

2018-11-27 03:02:05
demo.webmigrates.com/osnap/api/Registration/CheckUserSubscription


2018-11-27 03:02:36
demo.webmigrates.com/osnap/api/Registration/CheckUserSubscription


2018-11-27 03:11:27
demo.webmigrates.com/osnap/api/Registration/CheckUserSubscription


2018-11-27 03:13:02
demo.webmigrates.com/osnap/api/Registration/CheckUserSubscription


2018-11-27 03:15:21
demo.webmigrates.com/osnap/api/Registration/CheckUserSubscription


2018-11-27 03:15:57
demo.webmigrates.com/osnap/api/Registration/CheckUserSubscription


2018-11-27 03:16:24
demo.webmigrates.com/osnap/api/Registration/CheckUserSubscription


2018-11-27 03:17:23
demo.webmigrates.com/osnap/api/Registration/CheckUserSubscription


2018-11-27 03:17:26
demo.webmigrates.com/osnap/api/Registration/CheckUserSubscription


2018-11-27 03:21:16
demo.webmigrates.com/osnap/api/Registration/CheckUserSubscription


2018-11-27 03:21:48
demo.webmigrates.com/osnap/api/Registration/CheckUserSubscription


2018-11-27 03:22:44
demo.webmigrates.com/osnap/api/Registration/CheckUserSubscription


2018-11-27 03:30:56
demo.webmigrates.com/osnap/api/Registration/CheckUserSubscription


2018-11-27 03:31:30
demo.webmigrates.com/osnap/api/Registration/CheckUserSubscription


2018-11-27 03:32:03
demo.webmigrates.com/osnap/api/Registration/CheckUserSubscription


2018-11-27 03:33:35
demo.webmigrates.com/osnap/api/Registration/CheckUserSubscription


2018-11-27 03:34:07
demo.webmigrates.com/osnap/api/Registration/CheckUserSubscription


2018-11-27 03:34:24
demo.webmigrates.com/osnap/api/Registration/CheckUserSubscription


2018-11-27 03:36:22
demo.webmigrates.com/osnap/api/Registration/CheckUserSubscription


2018-11-27 03:36:27
demo.webmigrates.com/osnap/api/Registration/CheckUserSubscription


2018-11-27 03:37:03
demo.webmigrates.com/osnap/api/Registration/CheckUserSubscription


2018-11-27 03:37:35
demo.webmigrates.com/osnap/api/Registration/CheckUserSubscription


2018-11-27 03:37:52
demo.webmigrates.com/osnap/api/Registration/CheckUserSubscription


2018-11-27 03:38:24
demo.webmigrates.com/osnap/api/Registration/CheckUserSubscription


2018-11-27 03:39:10
demo.webmigrates.com/osnap/api/Registration/CheckUserSubscription


2018-11-27 03:39:54
demo.webmigrates.com/osnap/api/Registration/CheckUserSubscription


2018-11-27 03:40:27
demo.webmigrates.com/osnap/api/Registration/CheckUserSubscription


2018-11-27 03:41:01
demo.webmigrates.com/osnap/api/Registration/CheckUserSubscription


2018-11-27 03:42:01
demo.webmigrates.com/osnap/api/Registration/CheckUserSubscription


2018-11-27 03:43:23
demo.webmigrates.com/osnap/api/Registration/CheckUserSubscription


2018-11-27 03:58:02
demo.webmigrates.com/osnap/api/Registration/CheckUserSubscription


2018-11-27 03:59:51
demo.webmigrates.com/osnap/api/Registration/CheckUserSubscription


2018-11-27 04:01:22
demo.webmigrates.com/osnap/api/Registration/CheckUserSubscription


2018-11-27 04:04:06
demo.webmigrates.com/osnap/api/Registration/CheckUserSubscription


2018-11-27 04:05:07
demo.webmigrates.com/osnap/api/Registration/CheckUserSubscription


2018-11-27 04:09:00
demo.webmigrates.com/osnap/api/Registration/CheckUserSubscription


2018-11-27 04:09:32
demo.webmigrates.com/osnap/api/Registration/CheckUserSubscription


2018-11-27 04:12:40
demo.webmigrates.com/osnap/api/Registration/CheckUserSubscription


2018-11-27 04:13:01
demo.webmigrates.com/osnap/api/Registration/CheckUserSubscription


2018-11-27 04:15:22
demo.webmigrates.com/osnap/api/Registration/CheckUserSubscription


2018-11-27 04:15:34
demo.webmigrates.com/osnap/api/Registration/CheckUserSubscription


2018-11-27 04:20:42
demo.webmigrates.com/osnap/api/Registration/CheckUserSubscription


2018-11-27 04:21:46
demo.webmigrates.com/osnap/api/Registration/CheckUserSubscription


2018-11-27 04:21:47
demo.webmigrates.com/osnap/api/Registration/CheckUserSubscription


2018-11-27 04:22:15
demo.webmigrates.com/osnap/api/Registration/CheckUserSubscription


2018-11-27 04:22:19
demo.webmigrates.com/osnap/api/Registration/CheckUserSubscription


2018-11-27 04:22:21
demo.webmigrates.com/osnap/api/Registration/CheckUserSubscription


2018-11-27 04:23:23
demo.webmigrates.com/osnap/api/Registration/CheckUserSubscription


2018-11-27 04:24:26
demo.webmigrates.com/osnap/api/Registration/CheckUserSubscription


2018-11-27 04:26:39
demo.webmigrates.com/osnap/api/Registration/CheckUserSubscription


2018-11-27 04:27:24
demo.webmigrates.com/osnap/api/Registration/CheckUserSubscription


2018-11-27 04:27:54
demo.webmigrates.com/osnap/api/Registration/CheckUserSubscription


2018-11-27 04:28:21
demo.webmigrates.com/osnap/api/Registration/CheckUserSubscription


2018-11-27 04:30:12
demo.webmigrates.com/osnap/api/Registration/CheckUserSubscription


2018-11-27 04:30:38
demo.webmigrates.com/osnap/api/Registration/CheckUserSubscription


2018-11-27 04:31:20
demo.webmigrates.com/osnap/api/Registration/CheckUserSubscription


2018-11-27 04:31:46
demo.webmigrates.com/osnap/api/Registration/CheckUserSubscription


2018-11-27 04:33:06
demo.webmigrates.com/osnap/api/Registration/CheckUserSubscription


2018-11-27 06:03:31
demo.webmigrates.com/osnap/api/Registration/UserDetail
{"data":{"id":"109","other_id":"109","token":"7v9r7H94cZUqQyhRCBJs2OoM00pvtaN0KNufKRYBtHyreRksl3HhU4UOi8NDUoO6XKHzEhOMPCLPlzIC4mmzFjOvq3UfFvS1YY3h2N6qGxnyNaN8xpCwgPCH","lang_type":"1"}}

2018-11-27 06:03:31
demo.webmigrates.com/osnap/api/Registration/BusinessMyEvent
{"data":{"id":"109","year":"2018","token":"7v9r7H94cZUqQyhRCBJs2OoM00pvtaN0KNufKRYBtHyreRksl3HhU4UOi8NDUoO6XKHzEhOMPCLPlzIC4mmzFjOvq3UfFvS1YY3h2N6qGxnyNaN8xpCwgPCH","lang_type":"1"}}

2018-11-27 06:03:31
demo.webmigrates.com/osnap/api/Notification/CountBase
{"data":{"token":"7v9r7H94cZUqQyhRCBJs2OoM00pvtaN0KNufKRYBtHyreRksl3HhU4UOi8NDUoO6XKHzEhOMPCLPlzIC4mmzFjOvq3UfFvS1YY3h2N6qGxnyNaN8xpCwgPCH","user_id":"109","lang_type":"1"}}

2018-11-27 06:45:06
demo.webmigrates.com/osnap/api/Registration/Logout
{"data":{"id":"109","token":"7v9r7H94cZUqQyhRCBJs2OoM00pvtaN0KNufKRYBtHyreRksl3HhU4UOi8NDUoO6XKHzEhOMPCLPlzIC4mmzFjOvq3UfFvS1YY3h2N6qGxnyNaN8xpCwgPCH","lang_type":"1"}}

2018-11-27 06:45:13
demo.webmigrates.com/osnap/api/Registration/CheckLogin
{"data":{"username":"bemp874","lang_type":"1","password":"america1","device_token":"fc17f6681cdd04b0ab5e38f05b6800cfc2b4b2f476ff322ca0eef8ca2d687c69","device_type":"1"}}

2018-11-27 06:45:14
demo.webmigrates.com/osnap/api/Registration/UserDetail
{"data":{"id":"109","other_id":"109","token":"w3PUWSE4oSsSyVsWbjHbT1kbdmFwlxU0PB3Naeb57jb14DXsjNtds1qzSMsXEExKeZQPsARfiQQyF1ZdIziyMeAwLcMEVv7b8P6scCsMlHW0Gme3s2rchjBU","lang_type":"1"}}

2018-11-27 06:45:14
demo.webmigrates.com/osnap/api/Registration/BusinessMyEvent
{"data":{"id":"109","year":"2018","token":"w3PUWSE4oSsSyVsWbjHbT1kbdmFwlxU0PB3Naeb57jb14DXsjNtds1qzSMsXEExKeZQPsARfiQQyF1ZdIziyMeAwLcMEVv7b8P6scCsMlHW0Gme3s2rchjBU","lang_type":"1"}}

2018-11-27 06:45:14
demo.webmigrates.com/osnap/api/Notification/CountBase
{"data":{"token":"w3PUWSE4oSsSyVsWbjHbT1kbdmFwlxU0PB3Naeb57jb14DXsjNtds1qzSMsXEExKeZQPsARfiQQyF1ZdIziyMeAwLcMEVv7b8P6scCsMlHW0Gme3s2rchjBU","user_id":"109","lang_type":"1"}}

2018-11-27 06:45:25
demo.webmigrates.com/osnap/api/Notification/GetNotification
{"data":{"limit":10,"page":1,"user_id":"109","token":"w3PUWSE4oSsSyVsWbjHbT1kbdmFwlxU0PB3Naeb57jb14DXsjNtds1qzSMsXEExKeZQPsARfiQQyF1ZdIziyMeAwLcMEVv7b8P6scCsMlHW0Gme3s2rchjBU","lang_type":"1"}}

2018-11-27 06:45:26
demo.webmigrates.com/osnap/api/Notification/ClearBase
{"data":{"token":"w3PUWSE4oSsSyVsWbjHbT1kbdmFwlxU0PB3Naeb57jb14DXsjNtds1qzSMsXEExKeZQPsARfiQQyF1ZdIziyMeAwLcMEVv7b8P6scCsMlHW0Gme3s2rchjBU","user_id":"109","lang_type":"1"}}

2018-11-27 06:45:34
demo.webmigrates.com/osnap/api/Registration/UserDetail
{"data":{"id":"109","other_id":"109","token":"w3PUWSE4oSsSyVsWbjHbT1kbdmFwlxU0PB3Naeb57jb14DXsjNtds1qzSMsXEExKeZQPsARfiQQyF1ZdIziyMeAwLcMEVv7b8P6scCsMlHW0Gme3s2rchjBU","lang_type":"1"}}

2018-11-27 06:45:34
demo.webmigrates.com/osnap/api/Notification/CountBase
{"data":{"token":"w3PUWSE4oSsSyVsWbjHbT1kbdmFwlxU0PB3Naeb57jb14DXsjNtds1qzSMsXEExKeZQPsARfiQQyF1ZdIziyMeAwLcMEVv7b8P6scCsMlHW0Gme3s2rchjBU","user_id":"109","lang_type":"1"}}

2018-11-27 07:02:56
demo.webmigrates.com/osnap/api/Registration/CheckUserSubscription


2018-11-27 07:49:27
demo.webmigrates.com/osnap/api/Registration/UserDetail
{"data":{"id":"136","other_id":"136","token":"vzMqBrqTXlrWFMbEXUrOcFoY7KaOzRX2ffFmHarbLByfzkdsA9rGQhVZddEPzWf1WaH60SPKDcfHrs2cCiITOocO7NxiRgqjJcC5uyrlgEnCqycZ1tkJVeDw","lang_type":"1"}}

2018-11-27 07:49:46
demo.webmigrates.com/osnap/api/Registration/UserDetail
{"data":{"id":"136","other_id":"136","token":"vzMqBrqTXlrWFMbEXUrOcFoY7KaOzRX2ffFmHarbLByfzkdsA9rGQhVZddEPzWf1WaH60SPKDcfHrs2cCiITOocO7NxiRgqjJcC5uyrlgEnCqycZ1tkJVeDw","lang_type":"1"}}

2018-11-27 07:54:03
demo.webmigrates.com/osnap/api/Registration/UserDetail
{"data":{"id":"136","other_id":"136","token":"vzMqBrqTXlrWFMbEXUrOcFoY7KaOzRX2ffFmHarbLByfzkdsA9rGQhVZddEPzWf1WaH60SPKDcfHrs2cCiITOocO7NxiRgqjJcC5uyrlgEnCqycZ1tkJVeDw","lang_type":"1"}}

2018-11-27 07:54:15
demo.webmigrates.com/osnap/api/Registration/EditCard
{"data":{"card_id":"160","id":"136","is_default":"1","token":"vzMqBrqTXlrWFMbEXUrOcFoY7KaOzRX2ffFmHarbLByfzkdsA9rGQhVZddEPzWf1WaH60SPKDcfHrs2cCiITOocO7NxiRgqjJcC5uyrlgEnCqycZ1tkJVeDw","lang_type":"1"}}

2018-11-27 07:54:16
demo.webmigrates.com/osnap/api/Registration/UserDetail
{"data":{"id":"136","other_id":"136","token":"vzMqBrqTXlrWFMbEXUrOcFoY7KaOzRX2ffFmHarbLByfzkdsA9rGQhVZddEPzWf1WaH60SPKDcfHrs2cCiITOocO7NxiRgqjJcC5uyrlgEnCqycZ1tkJVeDw","lang_type":"1"}}

2018-11-27 07:58:21
demo.webmigrates.com/osnap/api/Registration/UserDetail
{"data":{"id":"136","other_id":"136","token":"vzMqBrqTXlrWFMbEXUrOcFoY7KaOzRX2ffFmHarbLByfzkdsA9rGQhVZddEPzWf1WaH60SPKDcfHrs2cCiITOocO7NxiRgqjJcC5uyrlgEnCqycZ1tkJVeDw","lang_type":"1"}}

2018-11-27 07:58:37
demo.webmigrates.com/osnap/api/Registration/UserDetail
{"data":{"id":"136","other_id":"136","token":"vzMqBrqTXlrWFMbEXUrOcFoY7KaOzRX2ffFmHarbLByfzkdsA9rGQhVZddEPzWf1WaH60SPKDcfHrs2cCiITOocO7NxiRgqjJcC5uyrlgEnCqycZ1tkJVeDw","lang_type":"1"}}

2018-11-27 08:06:45
demo.webmigrates.com/osnap/api/Registration/UserDetail
{"data":{"id":"136","other_id":"136","token":"vzMqBrqTXlrWFMbEXUrOcFoY7KaOzRX2ffFmHarbLByfzkdsA9rGQhVZddEPzWf1WaH60SPKDcfHrs2cCiITOocO7NxiRgqjJcC5uyrlgEnCqycZ1tkJVeDw","lang_type":"1"}}

2018-11-27 08:09:31
demo.webmigrates.com/osnap/api/Registration/UserDetail
{"data":{"id":"136","other_id":"136","token":"vzMqBrqTXlrWFMbEXUrOcFoY7KaOzRX2ffFmHarbLByfzkdsA9rGQhVZddEPzWf1WaH60SPKDcfHrs2cCiITOocO7NxiRgqjJcC5uyrlgEnCqycZ1tkJVeDw","lang_type":"1"}}

2018-11-27 08:10:33
demo.webmigrates.com/osnap/api/Registration/UserDetail
{"data":{"id":"136","other_id":"136","token":"vzMqBrqTXlrWFMbEXUrOcFoY7KaOzRX2ffFmHarbLByfzkdsA9rGQhVZddEPzWf1WaH60SPKDcfHrs2cCiITOocO7NxiRgqjJcC5uyrlgEnCqycZ1tkJVeDw","lang_type":"1"}}

2018-11-27 08:10:41
demo.webmigrates.com/osnap/api/Registration/UserDetail
{"data":{"id":"136","other_id":"136","token":"vzMqBrqTXlrWFMbEXUrOcFoY7KaOzRX2ffFmHarbLByfzkdsA9rGQhVZddEPzWf1WaH60SPKDcfHrs2cCiITOocO7NxiRgqjJcC5uyrlgEnCqycZ1tkJVeDw","lang_type":"1"}}

2018-11-27 08:13:59
demo.webmigrates.com/osnap/api/Registration/UserDetail
{"data":{"id":"136","other_id":"136","token":"vzMqBrqTXlrWFMbEXUrOcFoY7KaOzRX2ffFmHarbLByfzkdsA9rGQhVZddEPzWf1WaH60SPKDcfHrs2cCiITOocO7NxiRgqjJcC5uyrlgEnCqycZ1tkJVeDw","lang_type":"1"}}

2018-11-27 08:14:19
demo.webmigrates.com/osnap/api/Registration/EditCard
{"data":{"card_id":"161","id":"136","is_default":"1","token":"vzMqBrqTXlrWFMbEXUrOcFoY7KaOzRX2ffFmHarbLByfzkdsA9rGQhVZddEPzWf1WaH60SPKDcfHrs2cCiITOocO7NxiRgqjJcC5uyrlgEnCqycZ1tkJVeDw","lang_type":"1"}}

2018-11-27 08:14:20
demo.webmigrates.com/osnap/api/Registration/UserDetail
{"data":{"id":"136","other_id":"136","token":"vzMqBrqTXlrWFMbEXUrOcFoY7KaOzRX2ffFmHarbLByfzkdsA9rGQhVZddEPzWf1WaH60SPKDcfHrs2cCiITOocO7NxiRgqjJcC5uyrlgEnCqycZ1tkJVeDw","lang_type":"1"}}

2018-11-27 08:16:28
demo.webmigrates.com/osnap/api/Registration/EditCard
{"data":{"card_id":"162","id":"136","is_default":"1","token":"vzMqBrqTXlrWFMbEXUrOcFoY7KaOzRX2ffFmHarbLByfzkdsA9rGQhVZddEPzWf1WaH60SPKDcfHrs2cCiITOocO7NxiRgqjJcC5uyrlgEnCqycZ1tkJVeDw","lang_type":"1"}}

2018-11-27 08:16:29
demo.webmigrates.com/osnap/api/Registration/UserDetail
{"data":{"id":"136","other_id":"136","token":"vzMqBrqTXlrWFMbEXUrOcFoY7KaOzRX2ffFmHarbLByfzkdsA9rGQhVZddEPzWf1WaH60SPKDcfHrs2cCiITOocO7NxiRgqjJcC5uyrlgEnCqycZ1tkJVeDw","lang_type":"1"}}

2018-11-27 08:22:02
demo.webmigrates.com/osnap/api/Registration/UserDetail
{"data":{"id":"136","other_id":"136","token":"vzMqBrqTXlrWFMbEXUrOcFoY7KaOzRX2ffFmHarbLByfzkdsA9rGQhVZddEPzWf1WaH60SPKDcfHrs2cCiITOocO7NxiRgqjJcC5uyrlgEnCqycZ1tkJVeDw","lang_type":"1"}}

2018-11-27 08:29:46
demo.webmigrates.com/osnap/api/Registration/UserDetail
{"data":{"id":"136","other_id":"136","token":"vzMqBrqTXlrWFMbEXUrOcFoY7KaOzRX2ffFmHarbLByfzkdsA9rGQhVZddEPzWf1WaH60SPKDcfHrs2cCiITOocO7NxiRgqjJcC5uyrlgEnCqycZ1tkJVeDw","lang_type":"1"}}

2018-11-27 08:33:15
demo.webmigrates.com/osnap/api/Registration/UserDetail
{"data":{"id":"136","other_id":"136","token":"vzMqBrqTXlrWFMbEXUrOcFoY7KaOzRX2ffFmHarbLByfzkdsA9rGQhVZddEPzWf1WaH60SPKDcfHrs2cCiITOocO7NxiRgqjJcC5uyrlgEnCqycZ1tkJVeDw","lang_type":"1"}}

2018-11-27 08:36:42
demo.webmigrates.com/osnap/api/Registration/UserDetail
{"data":{"id":"136","other_id":"136","token":"vzMqBrqTXlrWFMbEXUrOcFoY7KaOzRX2ffFmHarbLByfzkdsA9rGQhVZddEPzWf1WaH60SPKDcfHrs2cCiITOocO7NxiRgqjJcC5uyrlgEnCqycZ1tkJVeDw","lang_type":"1"}}

2018-11-27 08:38:07
demo.webmigrates.com/osnap/api/Registration/RemoveCard
{"data":{"card_id":"163","id":"136","token":"vzMqBrqTXlrWFMbEXUrOcFoY7KaOzRX2ffFmHarbLByfzkdsA9rGQhVZddEPzWf1WaH60SPKDcfHrs2cCiITOocO7NxiRgqjJcC5uyrlgEnCqycZ1tkJVeDw","lang_type":"1"}}

2018-11-27 08:38:10
demo.webmigrates.com/osnap/api/Registration/UserDetail
{"data":{"id":"136","other_id":"136","token":"vzMqBrqTXlrWFMbEXUrOcFoY7KaOzRX2ffFmHarbLByfzkdsA9rGQhVZddEPzWf1WaH60SPKDcfHrs2cCiITOocO7NxiRgqjJcC5uyrlgEnCqycZ1tkJVeDw","lang_type":"1"}}

2018-11-27 08:38:21
demo.webmigrates.com/osnap/api/Registration/RemoveCard
{"data":{"card_id":"164","id":"136","token":"vzMqBrqTXlrWFMbEXUrOcFoY7KaOzRX2ffFmHarbLByfzkdsA9rGQhVZddEPzWf1WaH60SPKDcfHrs2cCiITOocO7NxiRgqjJcC5uyrlgEnCqycZ1tkJVeDw","lang_type":"1"}}

2018-11-27 08:38:22
demo.webmigrates.com/osnap/api/Registration/UserDetail
{"data":{"id":"136","other_id":"136","token":"vzMqBrqTXlrWFMbEXUrOcFoY7KaOzRX2ffFmHarbLByfzkdsA9rGQhVZddEPzWf1WaH60SPKDcfHrs2cCiITOocO7NxiRgqjJcC5uyrlgEnCqycZ1tkJVeDw","lang_type":"1"}}

2018-11-27 08:43:31
demo.webmigrates.com/osnap/api/Registration/UserDetail
{"data":{"id":"136","other_id":"136","token":"vzMqBrqTXlrWFMbEXUrOcFoY7KaOzRX2ffFmHarbLByfzkdsA9rGQhVZddEPzWf1WaH60SPKDcfHrs2cCiITOocO7NxiRgqjJcC5uyrlgEnCqycZ1tkJVeDw","lang_type":"1"}}

2018-11-27 08:43:37
demo.webmigrates.com/osnap/api/Registration/RemoveCard
{"data":{"card_id":"165","id":"136","token":"vzMqBrqTXlrWFMbEXUrOcFoY7KaOzRX2ffFmHarbLByfzkdsA9rGQhVZddEPzWf1WaH60SPKDcfHrs2cCiITOocO7NxiRgqjJcC5uyrlgEnCqycZ1tkJVeDw","lang_type":"1"}}

2018-11-27 08:43:38
demo.webmigrates.com/osnap/api/Registration/UserDetail
{"data":{"id":"136","other_id":"136","token":"vzMqBrqTXlrWFMbEXUrOcFoY7KaOzRX2ffFmHarbLByfzkdsA9rGQhVZddEPzWf1WaH60SPKDcfHrs2cCiITOocO7NxiRgqjJcC5uyrlgEnCqycZ1tkJVeDw","lang_type":"1"}}

2018-11-27 08:43:51
demo.webmigrates.com/osnap/api/Registration/AddCard
{"data":{"card_id":"160","id":"136","token":"vzMqBrqTXlrWFMbEXUrOcFoY7KaOzRX2ffFmHarbLByfzkdsA9rGQhVZddEPzWf1WaH60SPKDcfHrs2cCiITOocO7NxiRgqjJcC5uyrlgEnCqycZ1tkJVeDw","lang_type":"1"}}

2018-11-27 08:49:27
demo.webmigrates.com/osnap/api/Registration/UserDetail
{"data":{"id":"136","other_id":"136","token":"vzMqBrqTXlrWFMbEXUrOcFoY7KaOzRX2ffFmHarbLByfzkdsA9rGQhVZddEPzWf1WaH60SPKDcfHrs2cCiITOocO7NxiRgqjJcC5uyrlgEnCqycZ1tkJVeDw","lang_type":"1"}}

2018-11-27 08:52:27
demo.webmigrates.com/osnap/api/Registration/UserDetail
{"data":{"id":"136","other_id":"136","token":"vzMqBrqTXlrWFMbEXUrOcFoY7KaOzRX2ffFmHarbLByfzkdsA9rGQhVZddEPzWf1WaH60SPKDcfHrs2cCiITOocO7NxiRgqjJcC5uyrlgEnCqycZ1tkJVeDw","lang_type":"1"}}

2018-11-27 08:55:46
demo.webmigrates.com/osnap/api/Registration/BusinessMyEvent
{"data":{"id":"3","year":"2018","token":"jmmiFjlK9Kk4QP4R1GFICpwSUlCqujsP6VSQo4hl0aGWLgtFqwtI1ZXE7Wy8C2OrnuToQvXHBR9qFS5uI2SevtRaV1QgcyivNOUqt5eLOYMiHgcDqsDuPJZy","lang_type":"1"}}

2018-11-27 08:55:46
demo.webmigrates.com/osnap/api/Notification/CountBase
{"data":{"token":"jmmiFjlK9Kk4QP4R1GFICpwSUlCqujsP6VSQo4hl0aGWLgtFqwtI1ZXE7Wy8C2OrnuToQvXHBR9qFS5uI2SevtRaV1QgcyivNOUqt5eLOYMiHgcDqsDuPJZy","user_id":"3","lang_type":"1"}}

2018-11-27 08:55:46
demo.webmigrates.com/osnap/api/Registration/UserDetail
{"data":{"id":"3","other_id":"3","token":"jmmiFjlK9Kk4QP4R1GFICpwSUlCqujsP6VSQo4hl0aGWLgtFqwtI1ZXE7Wy8C2OrnuToQvXHBR9qFS5uI2SevtRaV1QgcyivNOUqt5eLOYMiHgcDqsDuPJZy","lang_type":"1"}}

2018-11-27 08:56:18
demo.webmigrates.com/osnap/api/Registration/Logout
{"data":{"id":"3","token":"jmmiFjlK9Kk4QP4R1GFICpwSUlCqujsP6VSQo4hl0aGWLgtFqwtI1ZXE7Wy8C2OrnuToQvXHBR9qFS5uI2SevtRaV1QgcyivNOUqt5eLOYMiHgcDqsDuPJZy","lang_type":"1"}}

2018-11-27 08:56:32
demo.webmigrates.com/osnap/api/Registration/CheckLogin
{"data":{"username":"val1cust44","lang_type":"1","password":"vvvvvvvv","device_token":"b7d95ac45a44cc71a7fd91d0adeca405308ef5c5eb9930d6b7779672f8cb232c","device_type":"1"}}

2018-11-27 08:56:33
demo.webmigrates.com/osnap/api/Registration/ClientMyEvent
{"data":{"id":"11","year":"2018","token":"VcATtS738DcYD4HJJ29zuJTBzaXpg3B1IzuTJEg1RDE1ycl3mEowhcXibkIsOWhgdM0NaR9j4ZotVCMOS08nv1t9Ssi58a9vzmtqOJwV1xFVpav6sgCRv1PA","lang_type":"1"}}

2018-11-27 08:56:33
demo.webmigrates.com/osnap/api/Notification/CountBase
{"data":{"token":"VcATtS738DcYD4HJJ29zuJTBzaXpg3B1IzuTJEg1RDE1ycl3mEowhcXibkIsOWhgdM0NaR9j4ZotVCMOS08nv1t9Ssi58a9vzmtqOJwV1xFVpav6sgCRv1PA","user_id":"11","lang_type":"1"}}

2018-11-27 08:56:34
demo.webmigrates.com/osnap/api/Registration/UserDetail
{"data":{"id":"11","other_id":"11","token":"VcATtS738DcYD4HJJ29zuJTBzaXpg3B1IzuTJEg1RDE1ycl3mEowhcXibkIsOWhgdM0NaR9j4ZotVCMOS08nv1t9Ssi58a9vzmtqOJwV1xFVpav6sgCRv1PA","lang_type":"1"}}

2018-11-27 09:01:45
demo.webmigrates.com/osnap/api/Registration/ClientMyEvent
{"data":{"id":"11","year":"2018","token":"VcATtS738DcYD4HJJ29zuJTBzaXpg3B1IzuTJEg1RDE1ycl3mEowhcXibkIsOWhgdM0NaR9j4ZotVCMOS08nv1t9Ssi58a9vzmtqOJwV1xFVpav6sgCRv1PA","lang_type":"1"}}

2018-11-27 09:01:46
demo.webmigrates.com/osnap/api/Notification/CountBase
{"data":{"token":"VcATtS738DcYD4HJJ29zuJTBzaXpg3B1IzuTJEg1RDE1ycl3mEowhcXibkIsOWhgdM0NaR9j4ZotVCMOS08nv1t9Ssi58a9vzmtqOJwV1xFVpav6sgCRv1PA","user_id":"11","lang_type":"1"}}

2018-11-27 09:01:46
demo.webmigrates.com/osnap/api/Registration/UserDetail
{"data":{"id":"11","other_id":"11","token":"VcATtS738DcYD4HJJ29zuJTBzaXpg3B1IzuTJEg1RDE1ycl3mEowhcXibkIsOWhgdM0NaR9j4ZotVCMOS08nv1t9Ssi58a9vzmtqOJwV1xFVpav6sgCRv1PA","lang_type":"1"}}

2018-11-27 09:06:58
demo.webmigrates.com/osnap/api/Notification/CountBase
{"data":{"token":"VcATtS738DcYD4HJJ29zuJTBzaXpg3B1IzuTJEg1RDE1ycl3mEowhcXibkIsOWhgdM0NaR9j4ZotVCMOS08nv1t9Ssi58a9vzmtqOJwV1xFVpav6sgCRv1PA","user_id":"11","lang_type":"1"}}

2018-11-27 09:06:58
demo.webmigrates.com/osnap/api/Registration/ClientMyEvent
{"data":{"id":"11","year":"2018","token":"VcATtS738DcYD4HJJ29zuJTBzaXpg3B1IzuTJEg1RDE1ycl3mEowhcXibkIsOWhgdM0NaR9j4ZotVCMOS08nv1t9Ssi58a9vzmtqOJwV1xFVpav6sgCRv1PA","lang_type":"1"}}

2018-11-27 09:06:59
demo.webmigrates.com/osnap/api/Registration/UserDetail
{"data":{"id":"11","other_id":"11","token":"VcATtS738DcYD4HJJ29zuJTBzaXpg3B1IzuTJEg1RDE1ycl3mEowhcXibkIsOWhgdM0NaR9j4ZotVCMOS08nv1t9Ssi58a9vzmtqOJwV1xFVpav6sgCRv1PA","lang_type":"1"}}

2018-11-27 23:00:53
demo.webmigrates.com/osnap/api/Registration/SubscribeUser
{"data":{"is_free_trial":"1","id":"136","token":"vzMqBrqTXlrWFMbEXUrOcFoY7KaOzRX2ffFmHarbLByfzkdsA9rGQhVZddEPzWf1WaH60SPKDcfHrs2cCiITOocO7NxiRgqjJcC5uyrlgEnCqycZ1tkJVeDw","lang_type":"1"}}

2018-11-27 23:00:54
demo.webmigrates.com/osnap/api/Registration/EditUser
{"data":{"is_agree":"1","id":"136","token":"vzMqBrqTXlrWFMbEXUrOcFoY7KaOzRX2ffFmHarbLByfzkdsA9rGQhVZddEPzWf1WaH60SPKDcfHrs2cCiITOocO7NxiRgqjJcC5uyrlgEnCqycZ1tkJVeDw","lang_type":"1"}}

2018-11-27 23:00:55
demo.webmigrates.com/osnap/api/Registration/UserDetail
{"data":{"id":"136","other_id":"136","token":"vzMqBrqTXlrWFMbEXUrOcFoY7KaOzRX2ffFmHarbLByfzkdsA9rGQhVZddEPzWf1WaH60SPKDcfHrs2cCiITOocO7NxiRgqjJcC5uyrlgEnCqycZ1tkJVeDw","lang_type":"1"}}

2018-11-27 23:00:55
demo.webmigrates.com/osnap/api/Registration/ClientMyEvent
{"data":{"id":"136","year":"2018","token":"vzMqBrqTXlrWFMbEXUrOcFoY7KaOzRX2ffFmHarbLByfzkdsA9rGQhVZddEPzWf1WaH60SPKDcfHrs2cCiITOocO7NxiRgqjJcC5uyrlgEnCqycZ1tkJVeDw","lang_type":"1"}}

2018-11-27 23:00:55
demo.webmigrates.com/osnap/api/Notification/CountBase
{"data":{"token":"vzMqBrqTXlrWFMbEXUrOcFoY7KaOzRX2ffFmHarbLByfzkdsA9rGQhVZddEPzWf1WaH60SPKDcfHrs2cCiITOocO7NxiRgqjJcC5uyrlgEnCqycZ1tkJVeDw","user_id":"136","lang_type":"1"}}

