2018-12-02 23:42:58
demo.webmigrates.com/osnap/api/Registration/UserDetail
{"data":{"id":"138","other_id":"138","token":"114GgjNSEb9co7d38Dc5bkLIJrX5w04BREPDQRQ2HP2yUpEeWRKjbiGascW7NhNOZ9Y4S7g8AgVrFOoLzx176CtpgQNxJhuyb3G3WPjmJ6hPtMskXPnvhu6U","lang_type":"1"}}

2018-12-02 23:43:12
demo.webmigrates.com/osnap/api/Registration/AddCard
{"data":{"cardtoken":"tok_1DdAD5H2N8KYROq9K8aG1vHH","id":"138","is_default":"1","token":"114GgjNSEb9co7d38Dc5bkLIJrX5w04BREPDQRQ2HP2yUpEeWRKjbiGascW7NhNOZ9Y4S7g8AgVrFOoLzx176CtpgQNxJhuyb3G3WPjmJ6hPtMskXPnvhu6U","lang_type":"1"}}

2018-12-02 23:43:14
demo.webmigrates.com/osnap/api/Registration/UserDetail
{"data":{"id":"138","other_id":"138","token":"114GgjNSEb9co7d38Dc5bkLIJrX5w04BREPDQRQ2HP2yUpEeWRKjbiGascW7NhNOZ9Y4S7g8AgVrFOoLzx176CtpgQNxJhuyb3G3WPjmJ6hPtMskXPnvhu6U","lang_type":"1"}}

2018-12-02 23:43:18
demo.webmigrates.com/osnap/api/Registration/SubscribeUser
{"data":{"card_id":"172","id":"138","token":"114GgjNSEb9co7d38Dc5bkLIJrX5w04BREPDQRQ2HP2yUpEeWRKjbiGascW7NhNOZ9Y4S7g8AgVrFOoLzx176CtpgQNxJhuyb3G3WPjmJ6hPtMskXPnvhu6U","lang_type":"1"}}

2018-12-02 23:43:20
demo.webmigrates.com/osnap/api/Notification/CountBase
{"data":{"token":"114GgjNSEb9co7d38Dc5bkLIJrX5w04BREPDQRQ2HP2yUpEeWRKjbiGascW7NhNOZ9Y4S7g8AgVrFOoLzx176CtpgQNxJhuyb3G3WPjmJ6hPtMskXPnvhu6U","user_id":"138","lang_type":"1"}}

2018-12-02 23:43:20
demo.webmigrates.com/osnap/api/Registration/UserDetail
{"data":{"id":"138","other_id":"138","token":"114GgjNSEb9co7d38Dc5bkLIJrX5w04BREPDQRQ2HP2yUpEeWRKjbiGascW7NhNOZ9Y4S7g8AgVrFOoLzx176CtpgQNxJhuyb3G3WPjmJ6hPtMskXPnvhu6U","lang_type":"1"}}

2018-12-02 23:43:20
demo.webmigrates.com/osnap/api/Registration/ClientMyEvent
{"data":{"id":"138","year":"2018","token":"114GgjNSEb9co7d38Dc5bkLIJrX5w04BREPDQRQ2HP2yUpEeWRKjbiGascW7NhNOZ9Y4S7g8AgVrFOoLzx176CtpgQNxJhuyb3G3WPjmJ6hPtMskXPnvhu6U","lang_type":"1"}}

2018-12-02 23:43:41
demo.webmigrates.com/osnap/api/Registration/Logout
{"data":{"id":"138","token":"114GgjNSEb9co7d38Dc5bkLIJrX5w04BREPDQRQ2HP2yUpEeWRKjbiGascW7NhNOZ9Y4S7g8AgVrFOoLzx176CtpgQNxJhuyb3G3WPjmJ6hPtMskXPnvhu6U","lang_type":"1"}}

2018-12-02 23:43:44
demo.webmigrates.com/osnap/api/Registration/CheckLogin
{"data":{"username":"bemp874","lang_type":"1","password":"america1","device_token":"fc17f6681cdd04b0ab5e38f05b6800cfc2b4b2f476ff322ca0eef8ca2d687c69","device_type":"1"}}

2018-12-02 23:43:45
demo.webmigrates.com/osnap/api/Registration/BusinessMyEvent
{"data":{"id":"109","year":"2018","token":"Q4LDbADSXddziaIn7WD3wrS8NdZGgAc9S4qa40MoIx0SFBcNJSBbYH3756QanQpM5zEtNp2GBdkd5kfCl3msJ1Or1oIS0uWNz6PFplftYNNkGqR2Zeh0yPs5","lang_type":"1"}}

2018-12-02 23:43:45
demo.webmigrates.com/osnap/api/Registration/UserDetail
{"data":{"id":"109","other_id":"109","token":"Q4LDbADSXddziaIn7WD3wrS8NdZGgAc9S4qa40MoIx0SFBcNJSBbYH3756QanQpM5zEtNp2GBdkd5kfCl3msJ1Or1oIS0uWNz6PFplftYNNkGqR2Zeh0yPs5","lang_type":"1"}}

2018-12-02 23:43:45
demo.webmigrates.com/osnap/api/Notification/CountBase
{"data":{"token":"Q4LDbADSXddziaIn7WD3wrS8NdZGgAc9S4qa40MoIx0SFBcNJSBbYH3756QanQpM5zEtNp2GBdkd5kfCl3msJ1Or1oIS0uWNz6PFplftYNNkGqR2Zeh0yPs5","user_id":"109","lang_type":"1"}}

