2018-11-16 21:41:16
demo.webmigrates.com/osnap/api/Registration/BusinessMyEvent
{"data":{"id":"3","year":"2018","token":"37DWWYK2kP98ssHBfKz2QuZQLAw6lFZF823AkgPQnx2TEyATQ7oI7iM1IFo7KYdsEwoUjxtUKRIlrhYXcFaOFlwrBj51yjWti9qSFhNhR2E24YxY3FvLTapI","lang_type":"1"}}

2018-11-16 21:41:16
demo.webmigrates.com/osnap/api/Notification/CountBase
{"data":{"token":"37DWWYK2kP98ssHBfKz2QuZQLAw6lFZF823AkgPQnx2TEyATQ7oI7iM1IFo7KYdsEwoUjxtUKRIlrhYXcFaOFlwrBj51yjWti9qSFhNhR2E24YxY3FvLTapI","user_id":"3","lang_type":"1"}}

2018-11-16 21:41:16
demo.webmigrates.com/osnap/api/Registration/UserDetail
{"data":{"id":"3","other_id":"3","token":"37DWWYK2kP98ssHBfKz2QuZQLAw6lFZF823AkgPQnx2TEyATQ7oI7iM1IFo7KYdsEwoUjxtUKRIlrhYXcFaOFlwrBj51yjWti9qSFhNhR2E24YxY3FvLTapI","lang_type":"1"}}

2018-11-16 22:28:52
demo.webmigrates.com/osnap/api/Registration/CheckLogin
{"data":{"username":"valbus44","lang_type":"1","password":"vvvvvv","device_token":"784416d0746e4129f39e466632ef873cf2a335af99f0cec20ffdafb9179130a3","device_type":"1"}}

2018-11-16 22:28:53
demo.webmigrates.com/osnap/api/Notification/CountBase
{"data":{"token":"45zlBpeAkePWjbPJCH6nIdq2v9p3NmhJDIv5brKJdPyf7cxxf8TmARQP0hl2k3uvs3T7EDRoUCoDmY2YFFMXYnJ8bAlFfS9jbxvnguxeQFvzg0VI5c5SkBXo","user_id":"3","lang_type":"1"}}

2018-11-16 22:28:53
demo.webmigrates.com/osnap/api/Registration/BusinessMyEvent
{"data":{"id":"3","year":"2018","token":"45zlBpeAkePWjbPJCH6nIdq2v9p3NmhJDIv5brKJdPyf7cxxf8TmARQP0hl2k3uvs3T7EDRoUCoDmY2YFFMXYnJ8bAlFfS9jbxvnguxeQFvzg0VI5c5SkBXo","lang_type":"1"}}

2018-11-16 22:28:53
demo.webmigrates.com/osnap/api/Registration/UserDetail
{"data":{"id":"3","other_id":"3","token":"45zlBpeAkePWjbPJCH6nIdq2v9p3NmhJDIv5brKJdPyf7cxxf8TmARQP0hl2k3uvs3T7EDRoUCoDmY2YFFMXYnJ8bAlFfS9jbxvnguxeQFvzg0VI5c5SkBXo","lang_type":"1"}}

2018-11-16 22:31:48
demo.webmigrates.com/osnap/api/Registration/BusinessMyEvent
{"data":{"id":"3","year":"2018","token":"45zlBpeAkePWjbPJCH6nIdq2v9p3NmhJDIv5brKJdPyf7cxxf8TmARQP0hl2k3uvs3T7EDRoUCoDmY2YFFMXYnJ8bAlFfS9jbxvnguxeQFvzg0VI5c5SkBXo","lang_type":"1"}}

2018-11-16 22:31:48
demo.webmigrates.com/osnap/api/Notification/CountBase
{"data":{"token":"45zlBpeAkePWjbPJCH6nIdq2v9p3NmhJDIv5brKJdPyf7cxxf8TmARQP0hl2k3uvs3T7EDRoUCoDmY2YFFMXYnJ8bAlFfS9jbxvnguxeQFvzg0VI5c5SkBXo","user_id":"3","lang_type":"1"}}

2018-11-16 22:31:48
demo.webmigrates.com/osnap/api/Registration/UserDetail
{"data":{"id":"3","other_id":"3","token":"45zlBpeAkePWjbPJCH6nIdq2v9p3NmhJDIv5brKJdPyf7cxxf8TmARQP0hl2k3uvs3T7EDRoUCoDmY2YFFMXYnJ8bAlFfS9jbxvnguxeQFvzg0VI5c5SkBXo","lang_type":"1"}}

2018-11-16 22:34:03
demo.webmigrates.com/osnap/api/Notification/CountBase
{"data":{"token":"45zlBpeAkePWjbPJCH6nIdq2v9p3NmhJDIv5brKJdPyf7cxxf8TmARQP0hl2k3uvs3T7EDRoUCoDmY2YFFMXYnJ8bAlFfS9jbxvnguxeQFvzg0VI5c5SkBXo","user_id":"3","lang_type":"1"}}

2018-11-16 22:34:03
demo.webmigrates.com/osnap/api/Registration/BusinessMyEvent
{"data":{"id":"3","year":"2018","token":"45zlBpeAkePWjbPJCH6nIdq2v9p3NmhJDIv5brKJdPyf7cxxf8TmARQP0hl2k3uvs3T7EDRoUCoDmY2YFFMXYnJ8bAlFfS9jbxvnguxeQFvzg0VI5c5SkBXo","lang_type":"1"}}

2018-11-16 22:34:03
demo.webmigrates.com/osnap/api/Registration/UserDetail
{"data":{"id":"3","other_id":"3","token":"45zlBpeAkePWjbPJCH6nIdq2v9p3NmhJDIv5brKJdPyf7cxxf8TmARQP0hl2k3uvs3T7EDRoUCoDmY2YFFMXYnJ8bAlFfS9jbxvnguxeQFvzg0VI5c5SkBXo","lang_type":"1"}}

2018-11-16 22:53:15
demo.webmigrates.com/osnap/api/Registration/BusinessMyEvent
{"data":{"id":"3","year":"2018","token":"45zlBpeAkePWjbPJCH6nIdq2v9p3NmhJDIv5brKJdPyf7cxxf8TmARQP0hl2k3uvs3T7EDRoUCoDmY2YFFMXYnJ8bAlFfS9jbxvnguxeQFvzg0VI5c5SkBXo","lang_type":"1"}}

2018-11-16 22:53:15
demo.webmigrates.com/osnap/api/Notification/CountBase
{"data":{"token":"45zlBpeAkePWjbPJCH6nIdq2v9p3NmhJDIv5brKJdPyf7cxxf8TmARQP0hl2k3uvs3T7EDRoUCoDmY2YFFMXYnJ8bAlFfS9jbxvnguxeQFvzg0VI5c5SkBXo","user_id":"3","lang_type":"1"}}

2018-11-16 22:53:15
demo.webmigrates.com/osnap/api/Registration/UserDetail
{"data":{"id":"3","other_id":"3","token":"45zlBpeAkePWjbPJCH6nIdq2v9p3NmhJDIv5brKJdPyf7cxxf8TmARQP0hl2k3uvs3T7EDRoUCoDmY2YFFMXYnJ8bAlFfS9jbxvnguxeQFvzg0VI5c5SkBXo","lang_type":"1"}}

2018-11-16 22:56:18
demo.webmigrates.com/osnap/api/Registration/ExploreRequests
{"data":{"limit":10,"id":"3","other_id":"3","page":1,"token":"45zlBpeAkePWjbPJCH6nIdq2v9p3NmhJDIv5brKJdPyf7cxxf8TmARQP0hl2k3uvs3T7EDRoUCoDmY2YFFMXYnJ8bAlFfS9jbxvnguxeQFvzg0VI5c5SkBXo","lang_type":"1"}}

2018-11-16 22:57:04
demo.webmigrates.com/osnap/api/Notification/CountBase
{"data":{"token":"45zlBpeAkePWjbPJCH6nIdq2v9p3NmhJDIv5brKJdPyf7cxxf8TmARQP0hl2k3uvs3T7EDRoUCoDmY2YFFMXYnJ8bAlFfS9jbxvnguxeQFvzg0VI5c5SkBXo","user_id":"3","lang_type":"1"}}

2018-11-16 22:57:05
demo.webmigrates.com/osnap/api/Registration/UserDetail
{"data":{"id":"3","other_id":"3","token":"45zlBpeAkePWjbPJCH6nIdq2v9p3NmhJDIv5brKJdPyf7cxxf8TmARQP0hl2k3uvs3T7EDRoUCoDmY2YFFMXYnJ8bAlFfS9jbxvnguxeQFvzg0VI5c5SkBXo","lang_type":"1"}}

2018-11-16 22:57:07
demo.webmigrates.com/osnap/api/Registration/SearchJob
{"data":{"keyword":"","id":"3","token":"45zlBpeAkePWjbPJCH6nIdq2v9p3NmhJDIv5brKJdPyf7cxxf8TmARQP0hl2k3uvs3T7EDRoUCoDmY2YFFMXYnJ8bAlFfS9jbxvnguxeQFvzg0VI5c5SkBXo","lang_type":"1"}}

2018-11-16 22:57:08
demo.webmigrates.com/osnap/api/Registration/SearchJob
{"data":{"keyword":"","id":"3","token":"45zlBpeAkePWjbPJCH6nIdq2v9p3NmhJDIv5brKJdPyf7cxxf8TmARQP0hl2k3uvs3T7EDRoUCoDmY2YFFMXYnJ8bAlFfS9jbxvnguxeQFvzg0VI5c5SkBXo","lang_type":"1"}}

2018-11-16 22:57:14
demo.webmigrates.com/osnap/api/Notification/CountBase
{"data":{"token":"45zlBpeAkePWjbPJCH6nIdq2v9p3NmhJDIv5brKJdPyf7cxxf8TmARQP0hl2k3uvs3T7EDRoUCoDmY2YFFMXYnJ8bAlFfS9jbxvnguxeQFvzg0VI5c5SkBXo","user_id":"3","lang_type":"1"}}

2018-11-16 22:57:14
demo.webmigrates.com/osnap/api/Registration/UserDetail
{"data":{"id":"3","other_id":"3","token":"45zlBpeAkePWjbPJCH6nIdq2v9p3NmhJDIv5brKJdPyf7cxxf8TmARQP0hl2k3uvs3T7EDRoUCoDmY2YFFMXYnJ8bAlFfS9jbxvnguxeQFvzg0VI5c5SkBXo","lang_type":"1"}}

2018-11-16 22:57:15
demo.webmigrates.com/osnap/api/Registration/MyOffers
{"data":{"Dlatitude":"0.000000","id":"3","Dlongtitude":"0.000000","token":"45zlBpeAkePWjbPJCH6nIdq2v9p3NmhJDIv5brKJdPyf7cxxf8TmARQP0hl2k3uvs3T7EDRoUCoDmY2YFFMXYnJ8bAlFfS9jbxvnguxeQFvzg0VI5c5SkBXo","lang_type":"1"}}

2018-11-16 22:57:19
demo.webmigrates.com/osnap/api/Registration/UserDetail
{"data":{"id":"3","other_id":"3","token":"45zlBpeAkePWjbPJCH6nIdq2v9p3NmhJDIv5brKJdPyf7cxxf8TmARQP0hl2k3uvs3T7EDRoUCoDmY2YFFMXYnJ8bAlFfS9jbxvnguxeQFvzg0VI5c5SkBXo","lang_type":"1"}}

2018-11-16 22:57:19
demo.webmigrates.com/osnap/api/Notification/CountBase
{"data":{"token":"45zlBpeAkePWjbPJCH6nIdq2v9p3NmhJDIv5brKJdPyf7cxxf8TmARQP0hl2k3uvs3T7EDRoUCoDmY2YFFMXYnJ8bAlFfS9jbxvnguxeQFvzg0VI5c5SkBXo","user_id":"3","lang_type":"1"}}

2018-11-16 23:04:16
demo.webmigrates.com/osnap/api/Registration/BusinessMyEvent
{"data":{"id":"3","year":"2018","token":"45zlBpeAkePWjbPJCH6nIdq2v9p3NmhJDIv5brKJdPyf7cxxf8TmARQP0hl2k3uvs3T7EDRoUCoDmY2YFFMXYnJ8bAlFfS9jbxvnguxeQFvzg0VI5c5SkBXo","lang_type":"1"}}

2018-11-16 23:04:16
demo.webmigrates.com/osnap/api/Notification/CountBase
{"data":{"token":"45zlBpeAkePWjbPJCH6nIdq2v9p3NmhJDIv5brKJdPyf7cxxf8TmARQP0hl2k3uvs3T7EDRoUCoDmY2YFFMXYnJ8bAlFfS9jbxvnguxeQFvzg0VI5c5SkBXo","user_id":"3","lang_type":"1"}}

2018-11-16 23:04:17
demo.webmigrates.com/osnap/api/Registration/UserDetail
{"data":{"id":"3","other_id":"3","token":"45zlBpeAkePWjbPJCH6nIdq2v9p3NmhJDIv5brKJdPyf7cxxf8TmARQP0hl2k3uvs3T7EDRoUCoDmY2YFFMXYnJ8bAlFfS9jbxvnguxeQFvzg0VI5c5SkBXo","lang_type":"1"}}

2018-11-16 23:04:48
demo.webmigrates.com/osnap/api/Registration/ExploreRequests
{"data":{"limit":10,"id":"3","other_id":"3","page":1,"token":"45zlBpeAkePWjbPJCH6nIdq2v9p3NmhJDIv5brKJdPyf7cxxf8TmARQP0hl2k3uvs3T7EDRoUCoDmY2YFFMXYnJ8bAlFfS9jbxvnguxeQFvzg0VI5c5SkBXo","lang_type":"1"}}

2018-11-16 23:07:07
demo.webmigrates.com/osnap/api/Notification/CountBase
{"data":{"token":"45zlBpeAkePWjbPJCH6nIdq2v9p3NmhJDIv5brKJdPyf7cxxf8TmARQP0hl2k3uvs3T7EDRoUCoDmY2YFFMXYnJ8bAlFfS9jbxvnguxeQFvzg0VI5c5SkBXo","user_id":"3","lang_type":"1"}}

2018-11-16 23:07:07
demo.webmigrates.com/osnap/api/Registration/UserDetail
{"data":{"id":"3","other_id":"3","token":"45zlBpeAkePWjbPJCH6nIdq2v9p3NmhJDIv5brKJdPyf7cxxf8TmARQP0hl2k3uvs3T7EDRoUCoDmY2YFFMXYnJ8bAlFfS9jbxvnguxeQFvzg0VI5c5SkBXo","lang_type":"1"}}

2018-11-16 23:07:08
demo.webmigrates.com/osnap/api/Registration/MyOffers
{"data":{"Dlatitude":"0.000000","id":"3","Dlongtitude":"0.000000","token":"45zlBpeAkePWjbPJCH6nIdq2v9p3NmhJDIv5brKJdPyf7cxxf8TmARQP0hl2k3uvs3T7EDRoUCoDmY2YFFMXYnJ8bAlFfS9jbxvnguxeQFvzg0VI5c5SkBXo","lang_type":"1"}}

2018-11-16 23:08:22
demo.webmigrates.com/osnap/api/Registration/UserDetail
{"data":{"id":"3","other_id":"3","token":"45zlBpeAkePWjbPJCH6nIdq2v9p3NmhJDIv5brKJdPyf7cxxf8TmARQP0hl2k3uvs3T7EDRoUCoDmY2YFFMXYnJ8bAlFfS9jbxvnguxeQFvzg0VI5c5SkBXo","lang_type":"1"}}

2018-11-16 23:08:22
demo.webmigrates.com/osnap/api/Notification/CountBase
{"data":{"token":"45zlBpeAkePWjbPJCH6nIdq2v9p3NmhJDIv5brKJdPyf7cxxf8TmARQP0hl2k3uvs3T7EDRoUCoDmY2YFFMXYnJ8bAlFfS9jbxvnguxeQFvzg0VI5c5SkBXo","user_id":"3","lang_type":"1"}}

2018-11-16 23:08:25
demo.webmigrates.com/osnap/api/Registration/ExploreRequests
{"data":{"limit":10,"id":"3","other_id":"3","page":1,"token":"45zlBpeAkePWjbPJCH6nIdq2v9p3NmhJDIv5brKJdPyf7cxxf8TmARQP0hl2k3uvs3T7EDRoUCoDmY2YFFMXYnJ8bAlFfS9jbxvnguxeQFvzg0VI5c5SkBXo","lang_type":"1"}}

2018-11-16 23:11:56
demo.webmigrates.com/osnap/api/Registration/BusinessMyEvent
{"data":{"id":"3","year":"2018","token":"45zlBpeAkePWjbPJCH6nIdq2v9p3NmhJDIv5brKJdPyf7cxxf8TmARQP0hl2k3uvs3T7EDRoUCoDmY2YFFMXYnJ8bAlFfS9jbxvnguxeQFvzg0VI5c5SkBXo","lang_type":"1"}}

2018-11-16 23:11:56
demo.webmigrates.com/osnap/api/Notification/CountBase
{"data":{"token":"45zlBpeAkePWjbPJCH6nIdq2v9p3NmhJDIv5brKJdPyf7cxxf8TmARQP0hl2k3uvs3T7EDRoUCoDmY2YFFMXYnJ8bAlFfS9jbxvnguxeQFvzg0VI5c5SkBXo","user_id":"3","lang_type":"1"}}

2018-11-16 23:11:56
demo.webmigrates.com/osnap/api/Registration/UserDetail
{"data":{"id":"3","other_id":"3","token":"45zlBpeAkePWjbPJCH6nIdq2v9p3NmhJDIv5brKJdPyf7cxxf8TmARQP0hl2k3uvs3T7EDRoUCoDmY2YFFMXYnJ8bAlFfS9jbxvnguxeQFvzg0VI5c5SkBXo","lang_type":"1"}}

2018-11-16 23:12:03
demo.webmigrates.com/osnap/api/Registration/ExploreRequests
{"data":{"limit":10,"id":"3","other_id":"3","page":1,"token":"45zlBpeAkePWjbPJCH6nIdq2v9p3NmhJDIv5brKJdPyf7cxxf8TmARQP0hl2k3uvs3T7EDRoUCoDmY2YFFMXYnJ8bAlFfS9jbxvnguxeQFvzg0VI5c5SkBXo","lang_type":"1"}}

2018-11-16 23:15:00
demo.webmigrates.com/osnap/api/Notification/CountBase
{"data":{"token":"45zlBpeAkePWjbPJCH6nIdq2v9p3NmhJDIv5brKJdPyf7cxxf8TmARQP0hl2k3uvs3T7EDRoUCoDmY2YFFMXYnJ8bAlFfS9jbxvnguxeQFvzg0VI5c5SkBXo","user_id":"3","lang_type":"1"}}

2018-11-16 23:15:00
demo.webmigrates.com/osnap/api/Registration/BusinessMyEvent
{"data":{"id":"3","year":"2018","token":"45zlBpeAkePWjbPJCH6nIdq2v9p3NmhJDIv5brKJdPyf7cxxf8TmARQP0hl2k3uvs3T7EDRoUCoDmY2YFFMXYnJ8bAlFfS9jbxvnguxeQFvzg0VI5c5SkBXo","lang_type":"1"}}

2018-11-16 23:15:00
demo.webmigrates.com/osnap/api/Registration/UserDetail
{"data":{"id":"3","other_id":"3","token":"45zlBpeAkePWjbPJCH6nIdq2v9p3NmhJDIv5brKJdPyf7cxxf8TmARQP0hl2k3uvs3T7EDRoUCoDmY2YFFMXYnJ8bAlFfS9jbxvnguxeQFvzg0VI5c5SkBXo","lang_type":"1"}}

2018-11-16 23:15:02
demo.webmigrates.com/osnap/api/Registration/ExploreRequests
{"data":{"limit":10,"id":"3","other_id":"3","page":1,"token":"45zlBpeAkePWjbPJCH6nIdq2v9p3NmhJDIv5brKJdPyf7cxxf8TmARQP0hl2k3uvs3T7EDRoUCoDmY2YFFMXYnJ8bAlFfS9jbxvnguxeQFvzg0VI5c5SkBXo","lang_type":"1"}}

2018-11-16 23:16:49
demo.webmigrates.com/osnap/api/Registration/BusinessMyEvent
{"data":{"id":"3","year":"2018","token":"45zlBpeAkePWjbPJCH6nIdq2v9p3NmhJDIv5brKJdPyf7cxxf8TmARQP0hl2k3uvs3T7EDRoUCoDmY2YFFMXYnJ8bAlFfS9jbxvnguxeQFvzg0VI5c5SkBXo","lang_type":"1"}}

2018-11-16 23:16:49
demo.webmigrates.com/osnap/api/Notification/CountBase
{"data":{"token":"45zlBpeAkePWjbPJCH6nIdq2v9p3NmhJDIv5brKJdPyf7cxxf8TmARQP0hl2k3uvs3T7EDRoUCoDmY2YFFMXYnJ8bAlFfS9jbxvnguxeQFvzg0VI5c5SkBXo","user_id":"3","lang_type":"1"}}

2018-11-16 23:16:49
demo.webmigrates.com/osnap/api/Registration/UserDetail
{"data":{"id":"3","other_id":"3","token":"45zlBpeAkePWjbPJCH6nIdq2v9p3NmhJDIv5brKJdPyf7cxxf8TmARQP0hl2k3uvs3T7EDRoUCoDmY2YFFMXYnJ8bAlFfS9jbxvnguxeQFvzg0VI5c5SkBXo","lang_type":"1"}}

2018-11-16 23:17:12
demo.webmigrates.com/osnap/api/Registration/ExploreRequests
{"data":{"limit":10,"id":"3","other_id":"3","page":1,"token":"45zlBpeAkePWjbPJCH6nIdq2v9p3NmhJDIv5brKJdPyf7cxxf8TmARQP0hl2k3uvs3T7EDRoUCoDmY2YFFMXYnJ8bAlFfS9jbxvnguxeQFvzg0VI5c5SkBXo","lang_type":"1"}}

2018-11-16 23:20:36
demo.webmigrates.com/osnap/api/Notification/CountBase
{"data":{"token":"45zlBpeAkePWjbPJCH6nIdq2v9p3NmhJDIv5brKJdPyf7cxxf8TmARQP0hl2k3uvs3T7EDRoUCoDmY2YFFMXYnJ8bAlFfS9jbxvnguxeQFvzg0VI5c5SkBXo","user_id":"3","lang_type":"1"}}

2018-11-16 23:20:36
demo.webmigrates.com/osnap/api/Registration/BusinessMyEvent
{"data":{"id":"3","year":"2018","token":"45zlBpeAkePWjbPJCH6nIdq2v9p3NmhJDIv5brKJdPyf7cxxf8TmARQP0hl2k3uvs3T7EDRoUCoDmY2YFFMXYnJ8bAlFfS9jbxvnguxeQFvzg0VI5c5SkBXo","lang_type":"1"}}

2018-11-16 23:20:36
demo.webmigrates.com/osnap/api/Registration/UserDetail
{"data":{"id":"3","other_id":"3","token":"45zlBpeAkePWjbPJCH6nIdq2v9p3NmhJDIv5brKJdPyf7cxxf8TmARQP0hl2k3uvs3T7EDRoUCoDmY2YFFMXYnJ8bAlFfS9jbxvnguxeQFvzg0VI5c5SkBXo","lang_type":"1"}}

2018-11-16 23:20:38
demo.webmigrates.com/osnap/api/Registration/ExploreRequests
{"data":{"limit":10,"id":"3","other_id":"3","page":1,"token":"45zlBpeAkePWjbPJCH6nIdq2v9p3NmhJDIv5brKJdPyf7cxxf8TmARQP0hl2k3uvs3T7EDRoUCoDmY2YFFMXYnJ8bAlFfS9jbxvnguxeQFvzg0VI5c5SkBXo","lang_type":"1"}}

2018-11-16 23:21:08
demo.webmigrates.com/osnap/api/Registration/UserDetail
{"data":{"id":"11","other_id":"11","token":"K49qF1RIYkftvD0m3MecZDYALK783AbT3YHTOoEISMobcRjIG5JgmAxesDofS6rhLROzwJDmtZIrkHZIlx2LweVaG0C2cl2HzWeQSqZwkC7PxleLj8SOlG0b","lang_type":"1"}}

2018-11-16 23:21:08
demo.webmigrates.com/osnap/api/Notification/CountBase
{"data":{"token":"K49qF1RIYkftvD0m3MecZDYALK783AbT3YHTOoEISMobcRjIG5JgmAxesDofS6rhLROzwJDmtZIrkHZIlx2LweVaG0C2cl2HzWeQSqZwkC7PxleLj8SOlG0b","user_id":"11","lang_type":"1"}}

2018-11-16 23:21:08
demo.webmigrates.com/osnap/api/Registration/ClientMyEvent
{"data":{"id":"11","year":"2018","token":"K49qF1RIYkftvD0m3MecZDYALK783AbT3YHTOoEISMobcRjIG5JgmAxesDofS6rhLROzwJDmtZIrkHZIlx2LweVaG0C2cl2HzWeQSqZwkC7PxleLj8SOlG0b","lang_type":"1"}}

2018-11-16 23:21:16
demo.webmigrates.com/osnap/api/Registration/PromotionList
{"data":{"all_list":1,"id":"11","limit":10,"page":1,"token":"K49qF1RIYkftvD0m3MecZDYALK783AbT3YHTOoEISMobcRjIG5JgmAxesDofS6rhLROzwJDmtZIrkHZIlx2LweVaG0C2cl2HzWeQSqZwkC7PxleLj8SOlG0b","lang_type":"1"}}

2018-11-16 23:21:18
demo.webmigrates.com/osnap/api/Registration/UserDetail
{"data":{"id":"11","other_id":"11","token":"K49qF1RIYkftvD0m3MecZDYALK783AbT3YHTOoEISMobcRjIG5JgmAxesDofS6rhLROzwJDmtZIrkHZIlx2LweVaG0C2cl2HzWeQSqZwkC7PxleLj8SOlG0b","lang_type":"1"}}

2018-11-16 23:21:19
demo.webmigrates.com/osnap/api/Registration/SearchUser
{"data":{"id":"11","Dlongtitude":"72.872779","keyword":"","limit":10,"token":"K49qF1RIYkftvD0m3MecZDYALK783AbT3YHTOoEISMobcRjIG5JgmAxesDofS6rhLROzwJDmtZIrkHZIlx2LweVaG0C2cl2HzWeQSqZwkC7PxleLj8SOlG0b","lang_type":"1","Dlatitude":"21.236001","page":1}}

2018-11-16 23:21:25
demo.webmigrates.com/osnap/api/Registration/UserDetail
{"data":{"id":"11","other_id":"11","token":"K49qF1RIYkftvD0m3MecZDYALK783AbT3YHTOoEISMobcRjIG5JgmAxesDofS6rhLROzwJDmtZIrkHZIlx2LweVaG0C2cl2HzWeQSqZwkC7PxleLj8SOlG0b","lang_type":"1"}}

2018-11-16 23:21:44
demo.webmigrates.com/osnap/api/Registration/Logout
{"data":{"id":"11","token":"K49qF1RIYkftvD0m3MecZDYALK783AbT3YHTOoEISMobcRjIG5JgmAxesDofS6rhLROzwJDmtZIrkHZIlx2LweVaG0C2cl2HzWeQSqZwkC7PxleLj8SOlG0b","lang_type":"1"}}

2018-11-16 23:21:56
demo.webmigrates.com/osnap/api/Registration/CheckLogin
{"data":{"username":"valbus44","lang_type":"1","password":"vvvvvvv","device_token":"b7d95ac45a44cc71a7fd91d0adeca405308ef5c5eb9930d6b7779672f8cb232c","device_type":"1"}}

2018-11-16 23:22:02
demo.webmigrates.com/osnap/api/Registration/CheckLogin
{"data":{"username":"valbus44","lang_type":"1","password":"vvvvvv","device_token":"b7d95ac45a44cc71a7fd91d0adeca405308ef5c5eb9930d6b7779672f8cb232c","device_type":"1"}}

2018-11-16 23:22:03
demo.webmigrates.com/osnap/api/Registration/BusinessMyEvent
{"data":{"id":"3","year":"2018","token":"Av0Cx6qFiqhYtMtacGMkRE6zV6XgeMhleFEFodBHRlxOFr6aH1dZkFF1zAc3iNySFX5J5clQ3wMOlMwOHlLECulgHVKnWpqMueW0QHQggNbt6N6714rHN9NG","lang_type":"1"}}

2018-11-16 23:22:03
demo.webmigrates.com/osnap/api/Registration/UserDetail
{"data":{"id":"3","other_id":"3","token":"Av0Cx6qFiqhYtMtacGMkRE6zV6XgeMhleFEFodBHRlxOFr6aH1dZkFF1zAc3iNySFX5J5clQ3wMOlMwOHlLECulgHVKnWpqMueW0QHQggNbt6N6714rHN9NG","lang_type":"1"}}

2018-11-16 23:22:03
demo.webmigrates.com/osnap/api/Notification/CountBase
{"data":{"token":"Av0Cx6qFiqhYtMtacGMkRE6zV6XgeMhleFEFodBHRlxOFr6aH1dZkFF1zAc3iNySFX5J5clQ3wMOlMwOHlLECulgHVKnWpqMueW0QHQggNbt6N6714rHN9NG","user_id":"3","lang_type":"1"}}

2018-11-16 23:22:05
demo.webmigrates.com/osnap/api/Registration/ExploreRequests
{"data":{"limit":10,"id":"3","other_id":"3","page":1,"token":"Av0Cx6qFiqhYtMtacGMkRE6zV6XgeMhleFEFodBHRlxOFr6aH1dZkFF1zAc3iNySFX5J5clQ3wMOlMwOHlLECulgHVKnWpqMueW0QHQggNbt6N6714rHN9NG","lang_type":"1"}}

2018-11-16 23:22:11
demo.webmigrates.com/osnap/api/Registration/UserDetail
{"data":{"id":"3","other_id":"3","token":"Av0Cx6qFiqhYtMtacGMkRE6zV6XgeMhleFEFodBHRlxOFr6aH1dZkFF1zAc3iNySFX5J5clQ3wMOlMwOHlLECulgHVKnWpqMueW0QHQggNbt6N6714rHN9NG","lang_type":"1"}}

2018-11-16 23:22:11
demo.webmigrates.com/osnap/api/Notification/CountBase
{"data":{"token":"Av0Cx6qFiqhYtMtacGMkRE6zV6XgeMhleFEFodBHRlxOFr6aH1dZkFF1zAc3iNySFX5J5clQ3wMOlMwOHlLECulgHVKnWpqMueW0QHQggNbt6N6714rHN9NG","user_id":"3","lang_type":"1"}}

2018-11-16 23:24:34
demo.webmigrates.com/osnap/api/Registration/ExploreRequests
{"data":{"limit":10,"id":"3","other_id":"3","page":1,"token":"Av0Cx6qFiqhYtMtacGMkRE6zV6XgeMhleFEFodBHRlxOFr6aH1dZkFF1zAc3iNySFX5J5clQ3wMOlMwOHlLECulgHVKnWpqMueW0QHQggNbt6N6714rHN9NG","lang_type":"1"}}

2018-11-16 23:24:40
demo.webmigrates.com/osnap/api/Registration/BusinessMyEvent
{"data":{"id":"3","year":"2018","token":"45zlBpeAkePWjbPJCH6nIdq2v9p3NmhJDIv5brKJdPyf7cxxf8TmARQP0hl2k3uvs3T7EDRoUCoDmY2YFFMXYnJ8bAlFfS9jbxvnguxeQFvzg0VI5c5SkBXo","lang_type":"1"}}

2018-11-16 23:24:40
demo.webmigrates.com/osnap/api/Notification/CountBase
{"data":{"token":"45zlBpeAkePWjbPJCH6nIdq2v9p3NmhJDIv5brKJdPyf7cxxf8TmARQP0hl2k3uvs3T7EDRoUCoDmY2YFFMXYnJ8bAlFfS9jbxvnguxeQFvzg0VI5c5SkBXo","user_id":"3","lang_type":"1"}}

2018-11-16 23:24:40
demo.webmigrates.com/osnap/api/Registration/UserDetail
{"data":{"id":"3","other_id":"3","token":"45zlBpeAkePWjbPJCH6nIdq2v9p3NmhJDIv5brKJdPyf7cxxf8TmARQP0hl2k3uvs3T7EDRoUCoDmY2YFFMXYnJ8bAlFfS9jbxvnguxeQFvzg0VI5c5SkBXo","lang_type":"1"}}

2018-11-16 23:24:48
demo.webmigrates.com/osnap/api/Registration/CheckLogin
{"data":{"username":"valbus44","lang_type":"1","password":"vvvvvv","device_token":"784416d0746e4129f39e466632ef873cf2a335af99f0cec20ffdafb9179130a3","device_type":"1"}}

2018-11-16 23:24:48
demo.webmigrates.com/osnap/api/Registration/BusinessMyEvent
{"data":{"id":"3","year":"2018","token":"aXclZC6gWFcw6jthAdSpLQuGLyaDX3BZ4KjFPKBZdb81bPEzbiy56zaYmeCEkwvbvShGvQdaCrEuQnTvANH0fbVr8v0sVovvTNSyuVEQPTwX8BiZ2x2EFut0","lang_type":"1"}}

2018-11-16 23:24:49
demo.webmigrates.com/osnap/api/Notification/CountBase
{"data":{"token":"aXclZC6gWFcw6jthAdSpLQuGLyaDX3BZ4KjFPKBZdb81bPEzbiy56zaYmeCEkwvbvShGvQdaCrEuQnTvANH0fbVr8v0sVovvTNSyuVEQPTwX8BiZ2x2EFut0","user_id":"3","lang_type":"1"}}

2018-11-16 23:24:49
demo.webmigrates.com/osnap/api/Registration/UserDetail
{"data":{"id":"3","other_id":"3","token":"aXclZC6gWFcw6jthAdSpLQuGLyaDX3BZ4KjFPKBZdb81bPEzbiy56zaYmeCEkwvbvShGvQdaCrEuQnTvANH0fbVr8v0sVovvTNSyuVEQPTwX8BiZ2x2EFut0","lang_type":"1"}}

2018-11-16 23:24:51
demo.webmigrates.com/osnap/api/Registration/ExploreRequests
{"data":{"limit":10,"id":"3","other_id":"3","page":1,"token":"aXclZC6gWFcw6jthAdSpLQuGLyaDX3BZ4KjFPKBZdb81bPEzbiy56zaYmeCEkwvbvShGvQdaCrEuQnTvANH0fbVr8v0sVovvTNSyuVEQPTwX8BiZ2x2EFut0","lang_type":"1"}}

2018-11-16 23:25:16
demo.webmigrates.com/osnap/api/Registration/SinglePostDetail
{"data":{"id":"3","post_id":"87","token":"aXclZC6gWFcw6jthAdSpLQuGLyaDX3BZ4KjFPKBZdb81bPEzbiy56zaYmeCEkwvbvShGvQdaCrEuQnTvANH0fbVr8v0sVovvTNSyuVEQPTwX8BiZ2x2EFut0","lang_type":"1"}}

2018-11-16 23:25:38
demo.webmigrates.com/osnap/api/Notification/CountBase
{"data":{"token":"aXclZC6gWFcw6jthAdSpLQuGLyaDX3BZ4KjFPKBZdb81bPEzbiy56zaYmeCEkwvbvShGvQdaCrEuQnTvANH0fbVr8v0sVovvTNSyuVEQPTwX8BiZ2x2EFut0","user_id":"3","lang_type":"1"}}

2018-11-16 23:25:38
demo.webmigrates.com/osnap/api/Registration/UserDetail
{"data":{"id":"3","other_id":"3","token":"aXclZC6gWFcw6jthAdSpLQuGLyaDX3BZ4KjFPKBZdb81bPEzbiy56zaYmeCEkwvbvShGvQdaCrEuQnTvANH0fbVr8v0sVovvTNSyuVEQPTwX8BiZ2x2EFut0","lang_type":"1"}}

2018-11-16 23:25:48
demo.webmigrates.com/osnap/api/Registration/MyOffers
{"data":{"Dlatitude":"0.000000","id":"3","Dlongtitude":"0.000000","token":"aXclZC6gWFcw6jthAdSpLQuGLyaDX3BZ4KjFPKBZdb81bPEzbiy56zaYmeCEkwvbvShGvQdaCrEuQnTvANH0fbVr8v0sVovvTNSyuVEQPTwX8BiZ2x2EFut0","lang_type":"1"}}

2018-11-16 23:29:03
demo.webmigrates.com/osnap/api/Registration/UserDetail
{"data":{"id":"3","other_id":"3","token":"aXclZC6gWFcw6jthAdSpLQuGLyaDX3BZ4KjFPKBZdb81bPEzbiy56zaYmeCEkwvbvShGvQdaCrEuQnTvANH0fbVr8v0sVovvTNSyuVEQPTwX8BiZ2x2EFut0","lang_type":"1"}}

2018-11-16 23:29:03
demo.webmigrates.com/osnap/api/Notification/CountBase
{"data":{"token":"aXclZC6gWFcw6jthAdSpLQuGLyaDX3BZ4KjFPKBZdb81bPEzbiy56zaYmeCEkwvbvShGvQdaCrEuQnTvANH0fbVr8v0sVovvTNSyuVEQPTwX8BiZ2x2EFut0","user_id":"3","lang_type":"1"}}

2018-11-16 23:29:04
demo.webmigrates.com/osnap/api/Registration/SearchJob
{"data":{"keyword":"","id":"3","token":"aXclZC6gWFcw6jthAdSpLQuGLyaDX3BZ4KjFPKBZdb81bPEzbiy56zaYmeCEkwvbvShGvQdaCrEuQnTvANH0fbVr8v0sVovvTNSyuVEQPTwX8BiZ2x2EFut0","lang_type":"1"}}

2018-11-16 23:29:05
demo.webmigrates.com/osnap/api/Registration/SearchJob
{"data":{"keyword":"","id":"3","token":"aXclZC6gWFcw6jthAdSpLQuGLyaDX3BZ4KjFPKBZdb81bPEzbiy56zaYmeCEkwvbvShGvQdaCrEuQnTvANH0fbVr8v0sVovvTNSyuVEQPTwX8BiZ2x2EFut0","lang_type":"1"}}

2018-11-16 23:33:56
demo.webmigrates.com/osnap/api/Registration/BusinessMyEvent
{"data":{"id":"3","year":"2018","token":"aXclZC6gWFcw6jthAdSpLQuGLyaDX3BZ4KjFPKBZdb81bPEzbiy56zaYmeCEkwvbvShGvQdaCrEuQnTvANH0fbVr8v0sVovvTNSyuVEQPTwX8BiZ2x2EFut0","lang_type":"1"}}

2018-11-16 23:33:56
demo.webmigrates.com/osnap/api/Notification/CountBase
{"data":{"token":"aXclZC6gWFcw6jthAdSpLQuGLyaDX3BZ4KjFPKBZdb81bPEzbiy56zaYmeCEkwvbvShGvQdaCrEuQnTvANH0fbVr8v0sVovvTNSyuVEQPTwX8BiZ2x2EFut0","user_id":"3","lang_type":"1"}}

2018-11-16 23:33:56
demo.webmigrates.com/osnap/api/Registration/UserDetail
{"data":{"id":"3","other_id":"3","token":"aXclZC6gWFcw6jthAdSpLQuGLyaDX3BZ4KjFPKBZdb81bPEzbiy56zaYmeCEkwvbvShGvQdaCrEuQnTvANH0fbVr8v0sVovvTNSyuVEQPTwX8BiZ2x2EFut0","lang_type":"1"}}

2018-11-16 23:33:58
demo.webmigrates.com/osnap/api/Registration/SearchJob
{"data":{"keyword":"","id":"3","token":"aXclZC6gWFcw6jthAdSpLQuGLyaDX3BZ4KjFPKBZdb81bPEzbiy56zaYmeCEkwvbvShGvQdaCrEuQnTvANH0fbVr8v0sVovvTNSyuVEQPTwX8BiZ2x2EFut0","lang_type":"1"}}

2018-11-16 23:35:52
demo.webmigrates.com/osnap/api/Notification/CountBase
{"data":{"token":"aXclZC6gWFcw6jthAdSpLQuGLyaDX3BZ4KjFPKBZdb81bPEzbiy56zaYmeCEkwvbvShGvQdaCrEuQnTvANH0fbVr8v0sVovvTNSyuVEQPTwX8BiZ2x2EFut0","user_id":"3","lang_type":"1"}}

2018-11-16 23:35:52
demo.webmigrates.com/osnap/api/Registration/BusinessMyEvent
{"data":{"id":"3","year":"2018","token":"aXclZC6gWFcw6jthAdSpLQuGLyaDX3BZ4KjFPKBZdb81bPEzbiy56zaYmeCEkwvbvShGvQdaCrEuQnTvANH0fbVr8v0sVovvTNSyuVEQPTwX8BiZ2x2EFut0","lang_type":"1"}}

2018-11-16 23:35:52
demo.webmigrates.com/osnap/api/Registration/UserDetail
{"data":{"id":"3","other_id":"3","token":"aXclZC6gWFcw6jthAdSpLQuGLyaDX3BZ4KjFPKBZdb81bPEzbiy56zaYmeCEkwvbvShGvQdaCrEuQnTvANH0fbVr8v0sVovvTNSyuVEQPTwX8BiZ2x2EFut0","lang_type":"1"}}

2018-11-16 23:35:54
demo.webmigrates.com/osnap/api/Registration/SearchJob
{"data":{"keyword":"","id":"3","token":"aXclZC6gWFcw6jthAdSpLQuGLyaDX3BZ4KjFPKBZdb81bPEzbiy56zaYmeCEkwvbvShGvQdaCrEuQnTvANH0fbVr8v0sVovvTNSyuVEQPTwX8BiZ2x2EFut0","lang_type":"1"}}

2018-11-16 23:53:11
demo.webmigrates.com/osnap/api/Registration/BusinessMyEvent
{"data":{"id":"3","year":"2018","token":"aXclZC6gWFcw6jthAdSpLQuGLyaDX3BZ4KjFPKBZdb81bPEzbiy56zaYmeCEkwvbvShGvQdaCrEuQnTvANH0fbVr8v0sVovvTNSyuVEQPTwX8BiZ2x2EFut0","lang_type":"1"}}

2018-11-16 23:53:11
demo.webmigrates.com/osnap/api/Notification/CountBase
{"data":{"token":"aXclZC6gWFcw6jthAdSpLQuGLyaDX3BZ4KjFPKBZdb81bPEzbiy56zaYmeCEkwvbvShGvQdaCrEuQnTvANH0fbVr8v0sVovvTNSyuVEQPTwX8BiZ2x2EFut0","user_id":"3","lang_type":"1"}}

2018-11-16 23:53:11
demo.webmigrates.com/osnap/api/Registration/UserDetail
{"data":{"id":"3","other_id":"3","token":"aXclZC6gWFcw6jthAdSpLQuGLyaDX3BZ4KjFPKBZdb81bPEzbiy56zaYmeCEkwvbvShGvQdaCrEuQnTvANH0fbVr8v0sVovvTNSyuVEQPTwX8BiZ2x2EFut0","lang_type":"1"}}

2018-11-16 23:53:13
demo.webmigrates.com/osnap/api/Registration/SearchJob
{"data":{"keyword":"","id":"3","token":"aXclZC6gWFcw6jthAdSpLQuGLyaDX3BZ4KjFPKBZdb81bPEzbiy56zaYmeCEkwvbvShGvQdaCrEuQnTvANH0fbVr8v0sVovvTNSyuVEQPTwX8BiZ2x2EFut0","lang_type":"1"}}

