2018-11-26 00:04:07
demo.webmigrates.com/osnap/api/Registration/UserDetail
{"data":{"id":"136","other_id":"136","token":"vzMqBrqTXlrWFMbEXUrOcFoY7KaOzRX2ffFmHarbLByfzkdsA9rGQhVZddEPzWf1WaH60SPKDcfHrs2cCiITOocO7NxiRgqjJcC5uyrlgEnCqycZ1tkJVeDw","lang_type":"1"}}

2018-11-26 00:05:56
demo.webmigrates.com/osnap/api/Registration/UserDetail
{"data":{"id":"136","other_id":"136","token":"vzMqBrqTXlrWFMbEXUrOcFoY7KaOzRX2ffFmHarbLByfzkdsA9rGQhVZddEPzWf1WaH60SPKDcfHrs2cCiITOocO7NxiRgqjJcC5uyrlgEnCqycZ1tkJVeDw","lang_type":"1"}}

2018-11-26 00:06:30
demo.webmigrates.com/osnap/api/Registration/AddCard
{"data":{"cardtoken":"tok_1DadEmH2N8KYROq9H4nuSUuK","id":"136","is_default":"1","token":"vzMqBrqTXlrWFMbEXUrOcFoY7KaOzRX2ffFmHarbLByfzkdsA9rGQhVZddEPzWf1WaH60SPKDcfHrs2cCiITOocO7NxiRgqjJcC5uyrlgEnCqycZ1tkJVeDw","lang_type":"1"}}

2018-11-26 00:10:07
demo.webmigrates.com/osnap/api/Registration/UserDetail
{"data":{"id":"136","other_id":"136","token":"vzMqBrqTXlrWFMbEXUrOcFoY7KaOzRX2ffFmHarbLByfzkdsA9rGQhVZddEPzWf1WaH60SPKDcfHrs2cCiITOocO7NxiRgqjJcC5uyrlgEnCqycZ1tkJVeDw","lang_type":"1"}}

2018-11-26 00:18:34
demo.webmigrates.com/osnap/api/Registration/StripeTest


2018-11-26 00:21:12
demo.webmigrates.com/osnap/api/Registration/StripeTest


2018-11-26 00:21:33
demo.webmigrates.com/osnap/api/Registration/AddCard
{ 
        "data":{
                "id":"4",               
                "token":"0pdpqRORMabZ4icZ0LfDqbGePb3WDcTyJdRHvBo0ICuMOAqOStIlj0LAr9mabV4RgSGT3g9fFRuhJSSsiMHNwY5afVLpQY416e4SJGIKdcKlrUtDbIFaP1qN",
                 "lang_type":"1",
                 "cardtoken":"tok_1DadT3H2N8KYROq9MoyoZ71n",             
                 "is_default":"1"
        } 
}

2018-11-26 00:25:06
demo.webmigrates.com/osnap/api/Registration/UserDetail
{"data":{"id":"136","other_id":"136","token":"vzMqBrqTXlrWFMbEXUrOcFoY7KaOzRX2ffFmHarbLByfzkdsA9rGQhVZddEPzWf1WaH60SPKDcfHrs2cCiITOocO7NxiRgqjJcC5uyrlgEnCqycZ1tkJVeDw","lang_type":"1"}}

2018-11-26 00:25:19
demo.webmigrates.com/osnap/api/Registration/AddCard
{"data":{"cardtoken":"tok_1DadX1H2N8KYROq9PgAD2sIw","id":"136","is_default":"1","token":"vzMqBrqTXlrWFMbEXUrOcFoY7KaOzRX2ffFmHarbLByfzkdsA9rGQhVZddEPzWf1WaH60SPKDcfHrs2cCiITOocO7NxiRgqjJcC5uyrlgEnCqycZ1tkJVeDw","lang_type":"1"}}

2018-11-26 00:44:09
demo.webmigrates.com/osnap/api/Registration/UserDetail
{"data":{"id":"136","other_id":"136","token":"vzMqBrqTXlrWFMbEXUrOcFoY7KaOzRX2ffFmHarbLByfzkdsA9rGQhVZddEPzWf1WaH60SPKDcfHrs2cCiITOocO7NxiRgqjJcC5uyrlgEnCqycZ1tkJVeDw","lang_type":"1"}}

2018-11-26 00:44:39
demo.webmigrates.com/osnap/api/Registration/AddCard
{"data":{"cardtoken":"tok_1DadpjH2N8KYROq9Dbo5DmDk","id":"136","is_default":"0","token":"vzMqBrqTXlrWFMbEXUrOcFoY7KaOzRX2ffFmHarbLByfzkdsA9rGQhVZddEPzWf1WaH60SPKDcfHrs2cCiITOocO7NxiRgqjJcC5uyrlgEnCqycZ1tkJVeDw","lang_type":"1"}}

2018-11-26 00:53:59
demo.webmigrates.com/osnap/api/Registration/UserDetail
{"data":{"id":"136","other_id":"136","token":"vzMqBrqTXlrWFMbEXUrOcFoY7KaOzRX2ffFmHarbLByfzkdsA9rGQhVZddEPzWf1WaH60SPKDcfHrs2cCiITOocO7NxiRgqjJcC5uyrlgEnCqycZ1tkJVeDw","lang_type":"1"}}

2018-11-26 00:54:20
demo.webmigrates.com/osnap/api/Registration/AddCard
{"data":{"cardtoken":"tok_1Dadz5H2N8KYROq9ruY3LSjD","id":"136","is_default":"0","token":"vzMqBrqTXlrWFMbEXUrOcFoY7KaOzRX2ffFmHarbLByfzkdsA9rGQhVZddEPzWf1WaH60SPKDcfHrs2cCiITOocO7NxiRgqjJcC5uyrlgEnCqycZ1tkJVeDw","lang_type":"1"}}

2018-11-26 01:01:06
demo.webmigrates.com/osnap/api/Registration/UserDetail
{"data":{"id":"136","other_id":"136","token":"vzMqBrqTXlrWFMbEXUrOcFoY7KaOzRX2ffFmHarbLByfzkdsA9rGQhVZddEPzWf1WaH60SPKDcfHrs2cCiITOocO7NxiRgqjJcC5uyrlgEnCqycZ1tkJVeDw","lang_type":"1"}}

2018-11-26 01:01:30
demo.webmigrates.com/osnap/api/Registration/AddCard
{"data":{"cardtoken":"tok_1Dae61H2N8KYROq9Hgodg2QG","id":"136","is_default":"0","token":"vzMqBrqTXlrWFMbEXUrOcFoY7KaOzRX2ffFmHarbLByfzkdsA9rGQhVZddEPzWf1WaH60SPKDcfHrs2cCiITOocO7NxiRgqjJcC5uyrlgEnCqycZ1tkJVeDw","lang_type":"1"}}

2018-11-26 01:18:22
demo.webmigrates.com/osnap/api/Registration/UserDetail
{"data":{"id":"136","other_id":"136","token":"vzMqBrqTXlrWFMbEXUrOcFoY7KaOzRX2ffFmHarbLByfzkdsA9rGQhVZddEPzWf1WaH60SPKDcfHrs2cCiITOocO7NxiRgqjJcC5uyrlgEnCqycZ1tkJVeDw","lang_type":"1"}}

2018-11-26 01:18:44
demo.webmigrates.com/osnap/api/Registration/AddCard
{"data":{"cardtoken":"tok_1DaeMiH2N8KYROq9p9FeymWm","id":"136","is_default":"0","token":"vzMqBrqTXlrWFMbEXUrOcFoY7KaOzRX2ffFmHarbLByfzkdsA9rGQhVZddEPzWf1WaH60SPKDcfHrs2cCiITOocO7NxiRgqjJcC5uyrlgEnCqycZ1tkJVeDw","lang_type":"1"}}

2018-11-26 01:27:27
demo.webmigrates.com/osnap/api/Registration/UserDetail
{"data":{"id":"136","other_id":"136","token":"vzMqBrqTXlrWFMbEXUrOcFoY7KaOzRX2ffFmHarbLByfzkdsA9rGQhVZddEPzWf1WaH60SPKDcfHrs2cCiITOocO7NxiRgqjJcC5uyrlgEnCqycZ1tkJVeDw","lang_type":"1"}}

2018-11-26 01:27:44
demo.webmigrates.com/osnap/api/Registration/AddCard
{"data":{"cardtoken":"tok_1DaeVPH2N8KYROq9aAYLl37m","id":"136","is_default":"0","token":"vzMqBrqTXlrWFMbEXUrOcFoY7KaOzRX2ffFmHarbLByfzkdsA9rGQhVZddEPzWf1WaH60SPKDcfHrs2cCiITOocO7NxiRgqjJcC5uyrlgEnCqycZ1tkJVeDw","lang_type":"1"}}

2018-11-26 04:45:52
demo.webmigrates.com/osnap/api/Notification/CountBase
{"data":{"lang_type":"1","token":"IBZNKs6JrhQZ7C3u5Egr8rU0nk1J50KFhzdlkuBblzu5IgrcyYipoHafquFag05f2AOa5ZAnJgvUeFd8CRp7DheoQoI2qZKHYRL9vCmJGUK91zmOHDqtJ5RD","user_id":"133"}}

2018-11-26 04:45:52
demo.webmigrates.com/osnap/api/Registration/BusinessMyEvent
{"data":{"id":"133","lang_type":"1","year":"2018","token":"IBZNKs6JrhQZ7C3u5Egr8rU0nk1J50KFhzdlkuBblzu5IgrcyYipoHafquFag05f2AOa5ZAnJgvUeFd8CRp7DheoQoI2qZKHYRL9vCmJGUK91zmOHDqtJ5RD"}}

2018-11-26 04:45:52
demo.webmigrates.com/osnap/api/Registration/UserDetail
{"data":{"id":"133","lang_type":"1","other_id":"133","token":"IBZNKs6JrhQZ7C3u5Egr8rU0nk1J50KFhzdlkuBblzu5IgrcyYipoHafquFag05f2AOa5ZAnJgvUeFd8CRp7DheoQoI2qZKHYRL9vCmJGUK91zmOHDqtJ5RD"}}

2018-11-26 04:46:26
demo.webmigrates.com/osnap/api/Registration/Logout
{"data":{"id":"133","token":"IBZNKs6JrhQZ7C3u5Egr8rU0nk1J50KFhzdlkuBblzu5IgrcyYipoHafquFag05f2AOa5ZAnJgvUeFd8CRp7DheoQoI2qZKHYRL9vCmJGUK91zmOHDqtJ5RD","lang_type":"1"}}

2018-11-26 04:46:57
demo.webmigrates.com/osnap/api/Registration/CheckLogin
{"data":{"password":"12345678","username":"customeruser1","device_type":"1","lang_type":"1","device_token":"5b2733aa96633fb78549c66b154fd5ae9585b4965f9c608498d4e48984d4fc92"}}

2018-11-26 04:46:58
demo.webmigrates.com/osnap/api/Registration/ClientMyEvent
{"data":{"id":"134","lang_type":"1","year":"2018","token":"ELJwRiyjvSJldNxS1NKyNHUTis4kNw6pV67vumkDGYZinaK9NVyGoSB9lXnxm2qS1zIO2V9jcSQRr1ZT2MrC7V3erRmzSZ2XIkahFK6d67NKFMpwqhrF8R5k"}}

2018-11-26 04:46:58
demo.webmigrates.com/osnap/api/Notification/CountBase
{"data":{"lang_type":"1","token":"ELJwRiyjvSJldNxS1NKyNHUTis4kNw6pV67vumkDGYZinaK9NVyGoSB9lXnxm2qS1zIO2V9jcSQRr1ZT2MrC7V3erRmzSZ2XIkahFK6d67NKFMpwqhrF8R5k","user_id":"134"}}

2018-11-26 04:46:58
demo.webmigrates.com/osnap/api/Registration/UserDetail
{"data":{"id":"134","lang_type":"1","other_id":"134","token":"ELJwRiyjvSJldNxS1NKyNHUTis4kNw6pV67vumkDGYZinaK9NVyGoSB9lXnxm2qS1zIO2V9jcSQRr1ZT2MrC7V3erRmzSZ2XIkahFK6d67NKFMpwqhrF8R5k"}}

2018-11-26 04:47:31
demo.webmigrates.com/osnap/api/Registration/MyPost
{"data":{"id":"134","lang_type":"1","page":1,"limit":10,"token":"ELJwRiyjvSJldNxS1NKyNHUTis4kNw6pV67vumkDGYZinaK9NVyGoSB9lXnxm2qS1zIO2V9jcSQRr1ZT2MrC7V3erRmzSZ2XIkahFK6d67NKFMpwqhrF8R5k"}}

2018-11-26 04:47:32
demo.webmigrates.com/osnap/api/Registration/MyPost
{"data":{"id":"134","lang_type":"1","page":2,"limit":10,"token":"ELJwRiyjvSJldNxS1NKyNHUTis4kNw6pV67vumkDGYZinaK9NVyGoSB9lXnxm2qS1zIO2V9jcSQRr1ZT2MrC7V3erRmzSZ2XIkahFK6d67NKFMpwqhrF8R5k"}}

2018-11-26 04:47:34
demo.webmigrates.com/osnap/api/Registration/SingleClientPost
{"data":{"id":"134","lang_type":"1","post_id":"93","Dlatitude":"30.713480","Dlongtitude":"76.710085","token":"ELJwRiyjvSJldNxS1NKyNHUTis4kNw6pV67vumkDGYZinaK9NVyGoSB9lXnxm2qS1zIO2V9jcSQRr1ZT2MrC7V3erRmzSZ2XIkahFK6d67NKFMpwqhrF8R5k"}}

2018-11-26 04:47:40
demo.webmigrates.com/osnap/api/Registration/MyRunningPostAll
{"data":{"id":"134","lang_type":"1","page":1,"limit":10,"token":"ELJwRiyjvSJldNxS1NKyNHUTis4kNw6pV67vumkDGYZinaK9NVyGoSB9lXnxm2qS1zIO2V9jcSQRr1ZT2MrC7V3erRmzSZ2XIkahFK6d67NKFMpwqhrF8R5k"}}

2018-11-26 04:47:42
demo.webmigrates.com/osnap/api/Registration/MyCompletedPostAll
{"data":{"id":"134","lang_type":"1","page":1,"limit":10,"token":"ELJwRiyjvSJldNxS1NKyNHUTis4kNw6pV67vumkDGYZinaK9NVyGoSB9lXnxm2qS1zIO2V9jcSQRr1ZT2MrC7V3erRmzSZ2XIkahFK6d67NKFMpwqhrF8R5k"}}

2018-11-26 04:47:44
demo.webmigrates.com/osnap/api/Registration/MyRunningPostAll
{"data":{"id":"134","lang_type":"1","page":1,"limit":10,"token":"ELJwRiyjvSJldNxS1NKyNHUTis4kNw6pV67vumkDGYZinaK9NVyGoSB9lXnxm2qS1zIO2V9jcSQRr1ZT2MrC7V3erRmzSZ2XIkahFK6d67NKFMpwqhrF8R5k"}}

2018-11-26 04:47:51
demo.webmigrates.com/osnap/api/Registration/MyPost
{"data":{"id":"134","lang_type":"1","page":1,"limit":10,"token":"ELJwRiyjvSJldNxS1NKyNHUTis4kNw6pV67vumkDGYZinaK9NVyGoSB9lXnxm2qS1zIO2V9jcSQRr1ZT2MrC7V3erRmzSZ2XIkahFK6d67NKFMpwqhrF8R5k"}}

2018-11-26 04:47:53
demo.webmigrates.com/osnap/api/Registration/MyPost
{"data":{"id":"134","lang_type":"1","page":2,"limit":10,"token":"ELJwRiyjvSJldNxS1NKyNHUTis4kNw6pV67vumkDGYZinaK9NVyGoSB9lXnxm2qS1zIO2V9jcSQRr1ZT2MrC7V3erRmzSZ2XIkahFK6d67NKFMpwqhrF8R5k"}}

2018-11-26 04:48:41
demo.webmigrates.com/osnap/api/Registration/MyRunningPostAll
{"data":{"id":"134","lang_type":"1","page":1,"limit":10,"token":"ELJwRiyjvSJldNxS1NKyNHUTis4kNw6pV67vumkDGYZinaK9NVyGoSB9lXnxm2qS1zIO2V9jcSQRr1ZT2MrC7V3erRmzSZ2XIkahFK6d67NKFMpwqhrF8R5k"}}

2018-11-26 04:48:44
demo.webmigrates.com/osnap/api/Registration/MyPost
{"data":{"id":"134","lang_type":"1","page":1,"limit":10,"token":"ELJwRiyjvSJldNxS1NKyNHUTis4kNw6pV67vumkDGYZinaK9NVyGoSB9lXnxm2qS1zIO2V9jcSQRr1ZT2MrC7V3erRmzSZ2XIkahFK6d67NKFMpwqhrF8R5k"}}

2018-11-26 04:48:45
demo.webmigrates.com/osnap/api/Registration/MyPost
{"data":{"id":"134","lang_type":"1","page":2,"limit":10,"token":"ELJwRiyjvSJldNxS1NKyNHUTis4kNw6pV67vumkDGYZinaK9NVyGoSB9lXnxm2qS1zIO2V9jcSQRr1ZT2MrC7V3erRmzSZ2XIkahFK6d67NKFMpwqhrF8R5k"}}

2018-11-26 04:48:46
demo.webmigrates.com/osnap/api/Registration/UserDetail
{"data":{"id":"134","lang_type":"1","other_id":"134","token":"ELJwRiyjvSJldNxS1NKyNHUTis4kNw6pV67vumkDGYZinaK9NVyGoSB9lXnxm2qS1zIO2V9jcSQRr1ZT2MrC7V3erRmzSZ2XIkahFK6d67NKFMpwqhrF8R5k"}}

2018-11-26 04:48:52
demo.webmigrates.com/osnap/api/Registration/Logout
{"data":{"id":"134","token":"ELJwRiyjvSJldNxS1NKyNHUTis4kNw6pV67vumkDGYZinaK9NVyGoSB9lXnxm2qS1zIO2V9jcSQRr1ZT2MrC7V3erRmzSZ2XIkahFK6d67NKFMpwqhrF8R5k","lang_type":"1"}}

2018-11-26 04:49:11
demo.webmigrates.com/osnap/api/Registration/CheckLogin
{"data":{"password":"12345678","username":"businessuser1","device_type":"1","lang_type":"1","device_token":"5b2733aa96633fb78549c66b154fd5ae9585b4965f9c608498d4e48984d4fc92"}}

2018-11-26 04:49:12
demo.webmigrates.com/osnap/api/Registration/UserDetail
{"data":{"id":"133","lang_type":"1","other_id":"133","token":"GXdgYROwQkLWVYgkgqQPcMED2GbawofXksBAHhBNztsOgIpGppJUvoKuL2cXLhgUdVbV0wA5Fnamgu8z0o6AtpvRsdUlmccIcmeAjgqRfL1tgShTEfCoEFDb"}}

2018-11-26 04:49:12
demo.webmigrates.com/osnap/api/Registration/BusinessMyEvent
{"data":{"id":"133","lang_type":"1","year":"2018","token":"GXdgYROwQkLWVYgkgqQPcMED2GbawofXksBAHhBNztsOgIpGppJUvoKuL2cXLhgUdVbV0wA5Fnamgu8z0o6AtpvRsdUlmccIcmeAjgqRfL1tgShTEfCoEFDb"}}

2018-11-26 04:49:12
demo.webmigrates.com/osnap/api/Notification/CountBase
{"data":{"lang_type":"1","token":"GXdgYROwQkLWVYgkgqQPcMED2GbawofXksBAHhBNztsOgIpGppJUvoKuL2cXLhgUdVbV0wA5Fnamgu8z0o6AtpvRsdUlmccIcmeAjgqRfL1tgShTEfCoEFDb","user_id":"133"}}

2018-11-26 04:49:16
demo.webmigrates.com/osnap/api/Notification/GetNotification
{"data":{"lang_type":"1","user_id":"133","page":1,"limit":10,"token":"GXdgYROwQkLWVYgkgqQPcMED2GbawofXksBAHhBNztsOgIpGppJUvoKuL2cXLhgUdVbV0wA5Fnamgu8z0o6AtpvRsdUlmccIcmeAjgqRfL1tgShTEfCoEFDb"}}

2018-11-26 04:49:16
demo.webmigrates.com/osnap/api/Notification/ClearBase
{"data":{"lang_type":"1","token":"GXdgYROwQkLWVYgkgqQPcMED2GbawofXksBAHhBNztsOgIpGppJUvoKuL2cXLhgUdVbV0wA5Fnamgu8z0o6AtpvRsdUlmccIcmeAjgqRfL1tgShTEfCoEFDb","user_id":"133"}}

2018-11-26 04:49:16
demo.webmigrates.com/osnap/api/Notification/GetNotification
{"data":{"lang_type":"1","user_id":"133","page":2,"limit":10,"token":"GXdgYROwQkLWVYgkgqQPcMED2GbawofXksBAHhBNztsOgIpGppJUvoKuL2cXLhgUdVbV0wA5Fnamgu8z0o6AtpvRsdUlmccIcmeAjgqRfL1tgShTEfCoEFDb"}}

2018-11-26 04:49:18
demo.webmigrates.com/osnap/api/Registration/SinglePostDetail
{"data":{"id":"133","lang_type":"1","post_id":"93","token":"GXdgYROwQkLWVYgkgqQPcMED2GbawofXksBAHhBNztsOgIpGppJUvoKuL2cXLhgUdVbV0wA5Fnamgu8z0o6AtpvRsdUlmccIcmeAjgqRfL1tgShTEfCoEFDb"}}

2018-11-26 04:49:25
demo.webmigrates.com/osnap/api/Registration/SinglePostDetail
{"data":{"id":"133","lang_type":"1","post_id":"93","token":"GXdgYROwQkLWVYgkgqQPcMED2GbawofXksBAHhBNztsOgIpGppJUvoKuL2cXLhgUdVbV0wA5Fnamgu8z0o6AtpvRsdUlmccIcmeAjgqRfL1tgShTEfCoEFDb"}}

2018-11-26 04:49:32
demo.webmigrates.com/osnap/api/Notification/CountBase
{"data":{"lang_type":"1","token":"GXdgYROwQkLWVYgkgqQPcMED2GbawofXksBAHhBNztsOgIpGppJUvoKuL2cXLhgUdVbV0wA5Fnamgu8z0o6AtpvRsdUlmccIcmeAjgqRfL1tgShTEfCoEFDb","user_id":"133"}}

2018-11-26 04:49:32
demo.webmigrates.com/osnap/api/Registration/UserDetail
{"data":{"id":"133","lang_type":"1","other_id":"133","token":"GXdgYROwQkLWVYgkgqQPcMED2GbawofXksBAHhBNztsOgIpGppJUvoKuL2cXLhgUdVbV0wA5Fnamgu8z0o6AtpvRsdUlmccIcmeAjgqRfL1tgShTEfCoEFDb"}}

2018-11-26 04:49:34
demo.webmigrates.com/osnap/api/Registration/MyBidPost
{"data":{"id":"133","lang_type":"1","page":1,"limit":10,"token":"GXdgYROwQkLWVYgkgqQPcMED2GbawofXksBAHhBNztsOgIpGppJUvoKuL2cXLhgUdVbV0wA5Fnamgu8z0o6AtpvRsdUlmccIcmeAjgqRfL1tgShTEfCoEFDb"}}

2018-11-26 04:49:34
demo.webmigrates.com/osnap/api/Registration/MyBidPost
{"data":{"id":"133","lang_type":"1","page":2,"limit":10,"token":"GXdgYROwQkLWVYgkgqQPcMED2GbawofXksBAHhBNztsOgIpGppJUvoKuL2cXLhgUdVbV0wA5Fnamgu8z0o6AtpvRsdUlmccIcmeAjgqRfL1tgShTEfCoEFDb"}}

2018-11-26 04:49:36
demo.webmigrates.com/osnap/api/Registration/SingleMyBidPost
{"data":{"id":"133","lang_type":"1","post_id":"93","token":"GXdgYROwQkLWVYgkgqQPcMED2GbawofXksBAHhBNztsOgIpGppJUvoKuL2cXLhgUdVbV0wA5Fnamgu8z0o6AtpvRsdUlmccIcmeAjgqRfL1tgShTEfCoEFDb"}}

2018-11-26 04:49:45
demo.webmigrates.com/osnap/api/Registration/MyBidPostRunningAll
{"data":{"id":"133","lang_type":"1","page":1,"limit":10,"token":"GXdgYROwQkLWVYgkgqQPcMED2GbawofXksBAHhBNztsOgIpGppJUvoKuL2cXLhgUdVbV0wA5Fnamgu8z0o6AtpvRsdUlmccIcmeAjgqRfL1tgShTEfCoEFDb"}}

2018-11-26 04:49:47
demo.webmigrates.com/osnap/api/Registration/MyBidPost
{"data":{"id":"133","lang_type":"1","page":1,"limit":10,"token":"GXdgYROwQkLWVYgkgqQPcMED2GbawofXksBAHhBNztsOgIpGppJUvoKuL2cXLhgUdVbV0wA5Fnamgu8z0o6AtpvRsdUlmccIcmeAjgqRfL1tgShTEfCoEFDb"}}

2018-11-26 04:49:47
demo.webmigrates.com/osnap/api/Registration/MyBidPost
{"data":{"id":"133","lang_type":"1","page":2,"limit":10,"token":"GXdgYROwQkLWVYgkgqQPcMED2GbawofXksBAHhBNztsOgIpGppJUvoKuL2cXLhgUdVbV0wA5Fnamgu8z0o6AtpvRsdUlmccIcmeAjgqRfL1tgShTEfCoEFDb"}}

2018-11-26 04:49:49
demo.webmigrates.com/osnap/api/Registration/SingleMyBidPost
{"data":{"id":"133","lang_type":"1","post_id":"93","token":"GXdgYROwQkLWVYgkgqQPcMED2GbawofXksBAHhBNztsOgIpGppJUvoKuL2cXLhgUdVbV0wA5Fnamgu8z0o6AtpvRsdUlmccIcmeAjgqRfL1tgShTEfCoEFDb"}}

2018-11-26 04:49:56
demo.webmigrates.com/osnap/api/Notification/CountBase
{"data":{"lang_type":"1","token":"GXdgYROwQkLWVYgkgqQPcMED2GbawofXksBAHhBNztsOgIpGppJUvoKuL2cXLhgUdVbV0wA5Fnamgu8z0o6AtpvRsdUlmccIcmeAjgqRfL1tgShTEfCoEFDb","user_id":"133"}}

2018-11-26 04:49:56
demo.webmigrates.com/osnap/api/Registration/UserDetail
{"data":{"id":"133","lang_type":"1","other_id":"133","token":"GXdgYROwQkLWVYgkgqQPcMED2GbawofXksBAHhBNztsOgIpGppJUvoKuL2cXLhgUdVbV0wA5Fnamgu8z0o6AtpvRsdUlmccIcmeAjgqRfL1tgShTEfCoEFDb"}}

2018-11-26 04:50:01
demo.webmigrates.com/osnap/api/Registration/Logout
{"data":{"id":"133","token":"GXdgYROwQkLWVYgkgqQPcMED2GbawofXksBAHhBNztsOgIpGppJUvoKuL2cXLhgUdVbV0wA5Fnamgu8z0o6AtpvRsdUlmccIcmeAjgqRfL1tgShTEfCoEFDb","lang_type":"1"}}

2018-11-26 04:50:18
demo.webmigrates.com/osnap/api/Registration/CheckLogin
{"data":{"password":"12345678","username":"customeruser1","device_type":"1","lang_type":"1","device_token":"5b2733aa96633fb78549c66b154fd5ae9585b4965f9c608498d4e48984d4fc92"}}

2018-11-26 04:50:19
demo.webmigrates.com/osnap/api/Notification/CountBase
{"data":{"lang_type":"1","token":"oLnZYcViaby83YUcRNZyqGBuk6uREuRwpuZcIxpEVfEE1tqUgp3b0BgtmolPPyZwky8lUmfq1YQUIO4GFKUjx53WEwzNN19WmzXiFh0o1dJuqg2a6Wm3tijW","user_id":"134"}}

2018-11-26 04:50:19
demo.webmigrates.com/osnap/api/Registration/ClientMyEvent
{"data":{"id":"134","lang_type":"1","year":"2018","token":"oLnZYcViaby83YUcRNZyqGBuk6uREuRwpuZcIxpEVfEE1tqUgp3b0BgtmolPPyZwky8lUmfq1YQUIO4GFKUjx53WEwzNN19WmzXiFh0o1dJuqg2a6Wm3tijW"}}

2018-11-26 04:50:19
demo.webmigrates.com/osnap/api/Registration/UserDetail
{"data":{"id":"134","lang_type":"1","other_id":"134","token":"oLnZYcViaby83YUcRNZyqGBuk6uREuRwpuZcIxpEVfEE1tqUgp3b0BgtmolPPyZwky8lUmfq1YQUIO4GFKUjx53WEwzNN19WmzXiFh0o1dJuqg2a6Wm3tijW"}}

2018-11-26 04:50:21
demo.webmigrates.com/osnap/api/Registration/MyPost
{"data":{"id":"134","lang_type":"1","page":1,"limit":10,"token":"oLnZYcViaby83YUcRNZyqGBuk6uREuRwpuZcIxpEVfEE1tqUgp3b0BgtmolPPyZwky8lUmfq1YQUIO4GFKUjx53WEwzNN19WmzXiFh0o1dJuqg2a6Wm3tijW"}}

2018-11-26 04:50:22
demo.webmigrates.com/osnap/api/Registration/MyPost
{"data":{"id":"134","lang_type":"1","page":2,"limit":10,"token":"oLnZYcViaby83YUcRNZyqGBuk6uREuRwpuZcIxpEVfEE1tqUgp3b0BgtmolPPyZwky8lUmfq1YQUIO4GFKUjx53WEwzNN19WmzXiFh0o1dJuqg2a6Wm3tijW"}}

2018-11-26 04:50:23
demo.webmigrates.com/osnap/api/Registration/SingleClientPost
{"data":{"id":"134","lang_type":"1","post_id":"93","Dlatitude":"30.713480","Dlongtitude":"76.710085","token":"oLnZYcViaby83YUcRNZyqGBuk6uREuRwpuZcIxpEVfEE1tqUgp3b0BgtmolPPyZwky8lUmfq1YQUIO4GFKUjx53WEwzNN19WmzXiFh0o1dJuqg2a6Wm3tijW"}}

2018-11-26 04:50:35
demo.webmigrates.com/osnap/api/Registration/MyRunningPostAll
{"data":{"id":"134","lang_type":"1","page":1,"limit":10,"token":"oLnZYcViaby83YUcRNZyqGBuk6uREuRwpuZcIxpEVfEE1tqUgp3b0BgtmolPPyZwky8lUmfq1YQUIO4GFKUjx53WEwzNN19WmzXiFh0o1dJuqg2a6Wm3tijW"}}

2018-11-26 04:50:36
demo.webmigrates.com/osnap/api/Registration/UserDetail
{"data":{"id":"134","lang_type":"1","other_id":"134","token":"oLnZYcViaby83YUcRNZyqGBuk6uREuRwpuZcIxpEVfEE1tqUgp3b0BgtmolPPyZwky8lUmfq1YQUIO4GFKUjx53WEwzNN19WmzXiFh0o1dJuqg2a6Wm3tijW"}}

2018-11-26 04:50:38
demo.webmigrates.com/osnap/api/Notification/GetNotification
{"data":{"lang_type":"1","user_id":"134","page":1,"limit":10,"token":"oLnZYcViaby83YUcRNZyqGBuk6uREuRwpuZcIxpEVfEE1tqUgp3b0BgtmolPPyZwky8lUmfq1YQUIO4GFKUjx53WEwzNN19WmzXiFh0o1dJuqg2a6Wm3tijW"}}

2018-11-26 04:50:38
demo.webmigrates.com/osnap/api/Notification/ClearBase
{"data":{"lang_type":"1","token":"oLnZYcViaby83YUcRNZyqGBuk6uREuRwpuZcIxpEVfEE1tqUgp3b0BgtmolPPyZwky8lUmfq1YQUIO4GFKUjx53WEwzNN19WmzXiFh0o1dJuqg2a6Wm3tijW","user_id":"134"}}

2018-11-26 04:50:38
demo.webmigrates.com/osnap/api/Notification/GetNotification
{"data":{"lang_type":"1","user_id":"134","page":2,"limit":10,"token":"oLnZYcViaby83YUcRNZyqGBuk6uREuRwpuZcIxpEVfEE1tqUgp3b0BgtmolPPyZwky8lUmfq1YQUIO4GFKUjx53WEwzNN19WmzXiFh0o1dJuqg2a6Wm3tijW"}}

2018-11-26 04:50:39
demo.webmigrates.com/osnap/api/Registration/EventDetail
{"data":{"pb_id":"104","id":"134","lang_type":"1","token":"oLnZYcViaby83YUcRNZyqGBuk6uREuRwpuZcIxpEVfEE1tqUgp3b0BgtmolPPyZwky8lUmfq1YQUIO4GFKUjx53WEwzNN19WmzXiFh0o1dJuqg2a6Wm3tijW"}}

2018-11-26 04:50:40
demo.webmigrates.com/osnap/api/Registration/SingleClientPost
{"data":{"id":"134","lang_type":"1","post_id":"93","Dlatitude":"30.713480","Dlongtitude":"76.710085","token":"oLnZYcViaby83YUcRNZyqGBuk6uREuRwpuZcIxpEVfEE1tqUgp3b0BgtmolPPyZwky8lUmfq1YQUIO4GFKUjx53WEwzNN19WmzXiFh0o1dJuqg2a6Wm3tijW"}}

2018-11-26 05:22:11
demo.webmigrates.com/osnap/api/Registration/ClientMyEvent
{"data":{"id":"134","lang_type":"1","year":"2018","token":"oLnZYcViaby83YUcRNZyqGBuk6uREuRwpuZcIxpEVfEE1tqUgp3b0BgtmolPPyZwky8lUmfq1YQUIO4GFKUjx53WEwzNN19WmzXiFh0o1dJuqg2a6Wm3tijW"}}

2018-11-26 05:22:16
demo.webmigrates.com/osnap/api/Registration/UserDetail
{"data":{"id":"134","lang_type":"1","other_id":"134","token":"oLnZYcViaby83YUcRNZyqGBuk6uREuRwpuZcIxpEVfEE1tqUgp3b0BgtmolPPyZwky8lUmfq1YQUIO4GFKUjx53WEwzNN19WmzXiFh0o1dJuqg2a6Wm3tijW"}}

2018-11-26 05:22:22
demo.webmigrates.com/osnap/api/General/GetCategory
{"data":{"lang_type":"1","id":"134","token":"oLnZYcViaby83YUcRNZyqGBuk6uREuRwpuZcIxpEVfEE1tqUgp3b0BgtmolPPyZwky8lUmfq1YQUIO4GFKUjx53WEwzNN19WmzXiFh0o1dJuqg2a6Wm3tijW"}}

2018-11-26 05:22:28
demo.webmigrates.com/osnap/api/Registration/UserDetail
{"data":{"id":"134","lang_type":"1","other_id":"134","token":"oLnZYcViaby83YUcRNZyqGBuk6uREuRwpuZcIxpEVfEE1tqUgp3b0BgtmolPPyZwky8lUmfq1YQUIO4GFKUjx53WEwzNN19WmzXiFh0o1dJuqg2a6Wm3tijW"}}

2018-11-26 05:23:24
demo.webmigrates.com/osnap/api/General/GetCategory
{"data":{"lang_type":"1","id":"134","token":"oLnZYcViaby83YUcRNZyqGBuk6uREuRwpuZcIxpEVfEE1tqUgp3b0BgtmolPPyZwky8lUmfq1YQUIO4GFKUjx53WEwzNN19WmzXiFh0o1dJuqg2a6Wm3tijW"}}

2018-11-26 05:23:55
demo.webmigrates.com/osnap/api/General/GetSubCategory
{"data":{"id":"134","lang_type":"1","category_id":"12","token":"oLnZYcViaby83YUcRNZyqGBuk6uREuRwpuZcIxpEVfEE1tqUgp3b0BgtmolPPyZwky8lUmfq1YQUIO4GFKUjx53WEwzNN19WmzXiFh0o1dJuqg2a6Wm3tijW"}}

2018-11-26 05:24:29
demo.webmigrates.com/osnap/api/Registration/AddPost
{"data":{"id":"134","job_title":"house painting","commitment":"1","work_type":"1","subcategory_id":"18","category_id":"12","attachments":[],"rate":"500","token":"oLnZYcViaby83YUcRNZyqGBuk6uREuRwpuZcIxpEVfEE1tqUgp3b0BgtmolPPyZwky8lUmfq1YQUIO4GFKUjx53WEwzNN19WmzXiFh0o1dJuqg2a6Wm3tijW","pay_by":"2","how_long":"5","job_description":"Need a man for house painting.","lang_type":"1","exp_level":"2"}}

2018-11-26 05:24:31
demo.webmigrates.com/osnap/api/Registration/UserDetail
{"data":{"id":"134","lang_type":"1","other_id":"134","token":"oLnZYcViaby83YUcRNZyqGBuk6uREuRwpuZcIxpEVfEE1tqUgp3b0BgtmolPPyZwky8lUmfq1YQUIO4GFKUjx53WEwzNN19WmzXiFh0o1dJuqg2a6Wm3tijW"}}

2018-11-26 05:24:34
demo.webmigrates.com/osnap/api/Registration/MyPost
{"data":{"id":"134","lang_type":"1","page":1,"limit":10,"token":"oLnZYcViaby83YUcRNZyqGBuk6uREuRwpuZcIxpEVfEE1tqUgp3b0BgtmolPPyZwky8lUmfq1YQUIO4GFKUjx53WEwzNN19WmzXiFh0o1dJuqg2a6Wm3tijW"}}

2018-11-26 05:24:34
demo.webmigrates.com/osnap/api/Registration/MyPost
{"data":{"id":"134","lang_type":"1","page":2,"limit":10,"token":"oLnZYcViaby83YUcRNZyqGBuk6uREuRwpuZcIxpEVfEE1tqUgp3b0BgtmolPPyZwky8lUmfq1YQUIO4GFKUjx53WEwzNN19WmzXiFh0o1dJuqg2a6Wm3tijW"}}

2018-11-26 05:24:37
demo.webmigrates.com/osnap/api/Registration/SingleClientPost
{"data":{"id":"134","lang_type":"1","post_id":"93","Dlatitude":"30.713505","Dlongtitude":"76.709892","token":"oLnZYcViaby83YUcRNZyqGBuk6uREuRwpuZcIxpEVfEE1tqUgp3b0BgtmolPPyZwky8lUmfq1YQUIO4GFKUjx53WEwzNN19WmzXiFh0o1dJuqg2a6Wm3tijW"}}

2018-11-26 05:24:41
demo.webmigrates.com/osnap/api/Registration/UserDetail
{"data":{"id":"134","lang_type":"1","other_id":"134","token":"oLnZYcViaby83YUcRNZyqGBuk6uREuRwpuZcIxpEVfEE1tqUgp3b0BgtmolPPyZwky8lUmfq1YQUIO4GFKUjx53WEwzNN19WmzXiFh0o1dJuqg2a6Wm3tijW"}}

2018-11-26 05:25:13
demo.webmigrates.com/osnap/api/Registration/ClientMyEvent
{"data":{"id":"134","lang_type":"1","year":"2018","token":"oLnZYcViaby83YUcRNZyqGBuk6uREuRwpuZcIxpEVfEE1tqUgp3b0BgtmolPPyZwky8lUmfq1YQUIO4GFKUjx53WEwzNN19WmzXiFh0o1dJuqg2a6Wm3tijW"}}

2018-11-26 05:25:38
demo.webmigrates.com/osnap/api/Registration/EditUser
{"data":{"first_name":"customer","phone":"8797777777","id":"134","last_name":"user","token":"oLnZYcViaby83YUcRNZyqGBuk6uREuRwpuZcIxpEVfEE1tqUgp3b0BgtmolPPyZwky8lUmfq1YQUIO4GFKUjx53WEwzNN19WmzXiFh0o1dJuqg2a6Wm3tijW","country_code":"+1","birth_date":"1990-09-10","lang_type":"1"}}

2018-11-26 06:38:41
demo.webmigrates.com/osnap/api/Registration/UserDetail
{"data":{"id":"136","other_id":"136","token":"vzMqBrqTXlrWFMbEXUrOcFoY7KaOzRX2ffFmHarbLByfzkdsA9rGQhVZddEPzWf1WaH60SPKDcfHrs2cCiITOocO7NxiRgqjJcC5uyrlgEnCqycZ1tkJVeDw","lang_type":"1"}}

2018-11-26 06:41:07
demo.webmigrates.com/osnap/api/Registration/ClientMyEvent
{"data":{"id":"136","year":"2018","token":"vzMqBrqTXlrWFMbEXUrOcFoY7KaOzRX2ffFmHarbLByfzkdsA9rGQhVZddEPzWf1WaH60SPKDcfHrs2cCiITOocO7NxiRgqjJcC5uyrlgEnCqycZ1tkJVeDw","lang_type":"1"}}

2018-11-26 07:06:58
demo.webmigrates.com/osnap/api/Registration/ClientMyEvent
{"data":{"id":"134","lang_type":"1","year":"2018","token":"oLnZYcViaby83YUcRNZyqGBuk6uREuRwpuZcIxpEVfEE1tqUgp3b0BgtmolPPyZwky8lUmfq1YQUIO4GFKUjx53WEwzNN19WmzXiFh0o1dJuqg2a6Wm3tijW"}}

2018-11-26 07:12:34
demo.webmigrates.com/osnap/api/Registration/ClientMyEvent
{"data":{"id":"134","lang_type":"1","year":"2018","token":"oLnZYcViaby83YUcRNZyqGBuk6uREuRwpuZcIxpEVfEE1tqUgp3b0BgtmolPPyZwky8lUmfq1YQUIO4GFKUjx53WEwzNN19WmzXiFh0o1dJuqg2a6Wm3tijW"}}

2018-11-26 07:12:45
demo.webmigrates.com/osnap/api/Registration/ClientMyEvent
{"data":{"id":"134","lang_type":"1","year":"2018","token":"oLnZYcViaby83YUcRNZyqGBuk6uREuRwpuZcIxpEVfEE1tqUgp3b0BgtmolPPyZwky8lUmfq1YQUIO4GFKUjx53WEwzNN19WmzXiFh0o1dJuqg2a6Wm3tijW"}}

2018-11-26 07:12:45
demo.webmigrates.com/osnap/api/Registration/UserDetail
{"data":{"id":"134","lang_type":"1","other_id":"134","token":"oLnZYcViaby83YUcRNZyqGBuk6uREuRwpuZcIxpEVfEE1tqUgp3b0BgtmolPPyZwky8lUmfq1YQUIO4GFKUjx53WEwzNN19WmzXiFh0o1dJuqg2a6Wm3tijW"}}

2018-11-26 07:12:45
demo.webmigrates.com/osnap/api/Notification/CountBase
{"data":{"lang_type":"1","token":"oLnZYcViaby83YUcRNZyqGBuk6uREuRwpuZcIxpEVfEE1tqUgp3b0BgtmolPPyZwky8lUmfq1YQUIO4GFKUjx53WEwzNN19WmzXiFh0o1dJuqg2a6Wm3tijW","user_id":"134"}}

2018-11-26 07:13:23
demo.webmigrates.com/osnap/api/Registration/ClientMyEvent
{"data":{"id":"134","lang_type":"1","year":"2018","token":"oLnZYcViaby83YUcRNZyqGBuk6uREuRwpuZcIxpEVfEE1tqUgp3b0BgtmolPPyZwky8lUmfq1YQUIO4GFKUjx53WEwzNN19WmzXiFh0o1dJuqg2a6Wm3tijW"}}

2018-11-26 07:13:23
demo.webmigrates.com/osnap/api/Notification/CountBase
{"data":{"lang_type":"1","token":"oLnZYcViaby83YUcRNZyqGBuk6uREuRwpuZcIxpEVfEE1tqUgp3b0BgtmolPPyZwky8lUmfq1YQUIO4GFKUjx53WEwzNN19WmzXiFh0o1dJuqg2a6Wm3tijW","user_id":"134"}}

2018-11-26 07:13:23
demo.webmigrates.com/osnap/api/Registration/UserDetail
{"data":{"id":"134","lang_type":"1","other_id":"134","token":"oLnZYcViaby83YUcRNZyqGBuk6uREuRwpuZcIxpEVfEE1tqUgp3b0BgtmolPPyZwky8lUmfq1YQUIO4GFKUjx53WEwzNN19WmzXiFh0o1dJuqg2a6Wm3tijW"}}

2018-11-26 07:13:51
demo.webmigrates.com/osnap/api/Registration/ClientMyEvent
{"data":{"month":"11","id":"134","lang_type":"1","year":"2018","token":"oLnZYcViaby83YUcRNZyqGBuk6uREuRwpuZcIxpEVfEE1tqUgp3b0BgtmolPPyZwky8lUmfq1YQUIO4GFKUjx53WEwzNN19WmzXiFh0o1dJuqg2a6Wm3tijW"}}

2018-11-26 07:14:08
demo.webmigrates.com/osnap/api/Registration/ClientMyEvent
{"data":{"month":"11","id":"134","lang_type":"1","year":"2018","token":"oLnZYcViaby83YUcRNZyqGBuk6uREuRwpuZcIxpEVfEE1tqUgp3b0BgtmolPPyZwky8lUmfq1YQUIO4GFKUjx53WEwzNN19WmzXiFh0o1dJuqg2a6Wm3tijW"}}

2018-11-26 07:14:47
demo.webmigrates.com/osnap/api/Notification/CountBase
{"data":{"lang_type":"1","token":"oLnZYcViaby83YUcRNZyqGBuk6uREuRwpuZcIxpEVfEE1tqUgp3b0BgtmolPPyZwky8lUmfq1YQUIO4GFKUjx53WEwzNN19WmzXiFh0o1dJuqg2a6Wm3tijW","user_id":"134"}}

2018-11-26 07:14:47
demo.webmigrates.com/osnap/api/Registration/UserDetail
{"data":{"id":"134","lang_type":"1","other_id":"134","token":"oLnZYcViaby83YUcRNZyqGBuk6uREuRwpuZcIxpEVfEE1tqUgp3b0BgtmolPPyZwky8lUmfq1YQUIO4GFKUjx53WEwzNN19WmzXiFh0o1dJuqg2a6Wm3tijW"}}

2018-11-26 07:14:47
demo.webmigrates.com/osnap/api/Registration/ClientMyEvent
{"data":{"id":"134","lang_type":"1","year":"2018","token":"oLnZYcViaby83YUcRNZyqGBuk6uREuRwpuZcIxpEVfEE1tqUgp3b0BgtmolPPyZwky8lUmfq1YQUIO4GFKUjx53WEwzNN19WmzXiFh0o1dJuqg2a6Wm3tijW"}}

2018-11-26 07:15:55
demo.webmigrates.com/osnap/api/Registration/Logout
{"data":{"id":"134","token":"oLnZYcViaby83YUcRNZyqGBuk6uREuRwpuZcIxpEVfEE1tqUgp3b0BgtmolPPyZwky8lUmfq1YQUIO4GFKUjx53WEwzNN19WmzXiFh0o1dJuqg2a6Wm3tijW","lang_type":"1"}}

2018-11-26 07:16:15
demo.webmigrates.com/osnap/api/Registration/CheckLogin
{"data":{"password":"12345678","username":"businessuser1","device_type":"1","lang_type":"1","device_token":"5b2733aa96633fb78549c66b154fd5ae9585b4965f9c608498d4e48984d4fc92"}}

2018-11-26 07:16:16
demo.webmigrates.com/osnap/api/Registration/BusinessMyEvent
{"data":{"id":"133","lang_type":"1","year":"2018","token":"gS9WdTiwlK6OmsLHDYAa9sFimPO61jv93MbJLgxICJGkdUZom0yTgBcIzAKy1tiloX9LMr8CVkqPcXQV70tjuouXJdxprazh1UIpUJ2g9pwb6FWNPGLzaJHD"}}

2018-11-26 07:16:16
demo.webmigrates.com/osnap/api/Registration/UserDetail
{"data":{"id":"133","lang_type":"1","other_id":"133","token":"gS9WdTiwlK6OmsLHDYAa9sFimPO61jv93MbJLgxICJGkdUZom0yTgBcIzAKy1tiloX9LMr8CVkqPcXQV70tjuouXJdxprazh1UIpUJ2g9pwb6FWNPGLzaJHD"}}

2018-11-26 07:16:16
demo.webmigrates.com/osnap/api/Notification/CountBase
{"data":{"lang_type":"1","token":"gS9WdTiwlK6OmsLHDYAa9sFimPO61jv93MbJLgxICJGkdUZom0yTgBcIzAKy1tiloX9LMr8CVkqPcXQV70tjuouXJdxprazh1UIpUJ2g9pwb6FWNPGLzaJHD","user_id":"133"}}

2018-11-26 07:16:20
demo.webmigrates.com/osnap/api/Notification/GetNotification
{"data":{"lang_type":"1","user_id":"133","page":1,"limit":10,"token":"gS9WdTiwlK6OmsLHDYAa9sFimPO61jv93MbJLgxICJGkdUZom0yTgBcIzAKy1tiloX9LMr8CVkqPcXQV70tjuouXJdxprazh1UIpUJ2g9pwb6FWNPGLzaJHD"}}

2018-11-26 07:16:20
demo.webmigrates.com/osnap/api/Notification/ClearBase
{"data":{"lang_type":"1","token":"gS9WdTiwlK6OmsLHDYAa9sFimPO61jv93MbJLgxICJGkdUZom0yTgBcIzAKy1tiloX9LMr8CVkqPcXQV70tjuouXJdxprazh1UIpUJ2g9pwb6FWNPGLzaJHD","user_id":"133"}}

2018-11-26 07:16:21
demo.webmigrates.com/osnap/api/Notification/GetNotification
{"data":{"lang_type":"1","user_id":"133","page":2,"limit":10,"token":"gS9WdTiwlK6OmsLHDYAa9sFimPO61jv93MbJLgxICJGkdUZom0yTgBcIzAKy1tiloX9LMr8CVkqPcXQV70tjuouXJdxprazh1UIpUJ2g9pwb6FWNPGLzaJHD"}}

2018-11-26 07:16:24
demo.webmigrates.com/osnap/api/Registration/SinglePostDetail
{"data":{"id":"133","lang_type":"1","post_id":"94","token":"gS9WdTiwlK6OmsLHDYAa9sFimPO61jv93MbJLgxICJGkdUZom0yTgBcIzAKy1tiloX9LMr8CVkqPcXQV70tjuouXJdxprazh1UIpUJ2g9pwb6FWNPGLzaJHD"}}

2018-11-26 07:17:17
demo.webmigrates.com/osnap/api/Registration/PlaceBid
{"data":{"description":"We give you complete solution.","pay_by":"2","id":"133","post_id":"94","attachments":[],"token":"gS9WdTiwlK6OmsLHDYAa9sFimPO61jv93MbJLgxICJGkdUZom0yTgBcIzAKy1tiloX9LMr8CVkqPcXQV70tjuouXJdxprazh1UIpUJ2g9pwb6FWNPGLzaJHD","rate":"500","how_long":"5","skill":[],"lang_type":"1"}}

2018-11-26 07:17:18
demo.webmigrates.com/osnap/api/Notification/CountBase
{"data":{"lang_type":"1","token":"gS9WdTiwlK6OmsLHDYAa9sFimPO61jv93MbJLgxICJGkdUZom0yTgBcIzAKy1tiloX9LMr8CVkqPcXQV70tjuouXJdxprazh1UIpUJ2g9pwb6FWNPGLzaJHD","user_id":"133"}}

2018-11-26 07:17:18
demo.webmigrates.com/osnap/api/Registration/UserDetail
{"data":{"id":"133","lang_type":"1","other_id":"133","token":"gS9WdTiwlK6OmsLHDYAa9sFimPO61jv93MbJLgxICJGkdUZom0yTgBcIzAKy1tiloX9LMr8CVkqPcXQV70tjuouXJdxprazh1UIpUJ2g9pwb6FWNPGLzaJHD"}}

2018-11-26 07:17:21
demo.webmigrates.com/osnap/api/Notification/GetNotification
{"data":{"lang_type":"1","user_id":"133","page":1,"limit":10,"token":"gS9WdTiwlK6OmsLHDYAa9sFimPO61jv93MbJLgxICJGkdUZom0yTgBcIzAKy1tiloX9LMr8CVkqPcXQV70tjuouXJdxprazh1UIpUJ2g9pwb6FWNPGLzaJHD"}}

2018-11-26 07:17:22
demo.webmigrates.com/osnap/api/Notification/ClearBase
{"data":{"lang_type":"1","token":"gS9WdTiwlK6OmsLHDYAa9sFimPO61jv93MbJLgxICJGkdUZom0yTgBcIzAKy1tiloX9LMr8CVkqPcXQV70tjuouXJdxprazh1UIpUJ2g9pwb6FWNPGLzaJHD","user_id":"133"}}

2018-11-26 07:17:22
demo.webmigrates.com/osnap/api/Notification/GetNotification
{"data":{"lang_type":"1","user_id":"133","page":2,"limit":10,"token":"gS9WdTiwlK6OmsLHDYAa9sFimPO61jv93MbJLgxICJGkdUZom0yTgBcIzAKy1tiloX9LMr8CVkqPcXQV70tjuouXJdxprazh1UIpUJ2g9pwb6FWNPGLzaJHD"}}

2018-11-26 07:17:28
demo.webmigrates.com/osnap/api/Registration/SinglePostDetail
{"data":{"id":"133","lang_type":"1","post_id":"94","token":"gS9WdTiwlK6OmsLHDYAa9sFimPO61jv93MbJLgxICJGkdUZom0yTgBcIzAKy1tiloX9LMr8CVkqPcXQV70tjuouXJdxprazh1UIpUJ2g9pwb6FWNPGLzaJHD"}}

2018-11-26 07:17:34
demo.webmigrates.com/osnap/api/Notification/CountBase
{"data":{"lang_type":"1","token":"gS9WdTiwlK6OmsLHDYAa9sFimPO61jv93MbJLgxICJGkdUZom0yTgBcIzAKy1tiloX9LMr8CVkqPcXQV70tjuouXJdxprazh1UIpUJ2g9pwb6FWNPGLzaJHD","user_id":"133"}}

2018-11-26 07:17:34
demo.webmigrates.com/osnap/api/Registration/UserDetail
{"data":{"id":"133","lang_type":"1","other_id":"133","token":"gS9WdTiwlK6OmsLHDYAa9sFimPO61jv93MbJLgxICJGkdUZom0yTgBcIzAKy1tiloX9LMr8CVkqPcXQV70tjuouXJdxprazh1UIpUJ2g9pwb6FWNPGLzaJHD"}}

2018-11-26 07:17:48
demo.webmigrates.com/osnap/api/Registration/Logout
{"data":{"id":"133","token":"gS9WdTiwlK6OmsLHDYAa9sFimPO61jv93MbJLgxICJGkdUZom0yTgBcIzAKy1tiloX9LMr8CVkqPcXQV70tjuouXJdxprazh1UIpUJ2g9pwb6FWNPGLzaJHD","lang_type":"1"}}

