2018-11-10 09:33:13
demo.webmigrates.com/osnap/api/Registration/CheckLogin
{"data":{"username":"bemp875","lang_type":"1","password":"america1","device_token":"fc17f6681cdd04b0ab5e38f05b6800cfc2b4b2f476ff322ca0eef8ca2d687c69","device_type":"1"}}

2018-11-10 09:33:14
demo.webmigrates.com/osnap/api/Notification/CountBase
{"data":{"token":"9DHofQYOgJRMZRS7bbYLP3K4J7tTNxHn7odlf2tSbLksStjpNWnPdUEJDnET2EEjduxcnaFuoEz1dfccigZnORJKmvDTitPQoPACbWGUSxpL2BWCpiGIWswt","user_id":"110","lang_type":"1"}}

2018-11-10 09:33:14
demo.webmigrates.com/osnap/api/Registration/UserDetail
{"data":{"id":"110","other_id":"110","token":"9DHofQYOgJRMZRS7bbYLP3K4J7tTNxHn7odlf2tSbLksStjpNWnPdUEJDnET2EEjduxcnaFuoEz1dfccigZnORJKmvDTitPQoPACbWGUSxpL2BWCpiGIWswt","lang_type":"1"}}

2018-11-10 09:33:14
demo.webmigrates.com/osnap/api/Registration/ClientMyEvent
{"data":{"id":"110","year":"2018","token":"9DHofQYOgJRMZRS7bbYLP3K4J7tTNxHn7odlf2tSbLksStjpNWnPdUEJDnET2EEjduxcnaFuoEz1dfccigZnORJKmvDTitPQoPACbWGUSxpL2BWCpiGIWswt","lang_type":"1"}}

2018-11-10 10:35:55
demo.webmigrates.com/osnap/api/Registration/ClientMyEvent
{"data":{"id":"110","year":"2018","token":"9DHofQYOgJRMZRS7bbYLP3K4J7tTNxHn7odlf2tSbLksStjpNWnPdUEJDnET2EEjduxcnaFuoEz1dfccigZnORJKmvDTitPQoPACbWGUSxpL2BWCpiGIWswt","lang_type":"1"}}

2018-11-10 20:12:49
demo.webmigrates.com/osnap/api/Registration/ClientMyEvent
{"data":{"id":"110","year":"2018","token":"9DHofQYOgJRMZRS7bbYLP3K4J7tTNxHn7odlf2tSbLksStjpNWnPdUEJDnET2EEjduxcnaFuoEz1dfccigZnORJKmvDTitPQoPACbWGUSxpL2BWCpiGIWswt","lang_type":"1"}}

2018-11-10 20:14:10
demo.webmigrates.com/osnap/api/Registration/ClientMyEvent
{"data":{"id":"110","year":"2018","token":"9DHofQYOgJRMZRS7bbYLP3K4J7tTNxHn7odlf2tSbLksStjpNWnPdUEJDnET2EEjduxcnaFuoEz1dfccigZnORJKmvDTitPQoPACbWGUSxpL2BWCpiGIWswt","lang_type":"1"}}

2018-11-10 20:14:12
demo.webmigrates.com/osnap/api/Registration/UserDetail
{"data":{"id":"110","other_id":"110","token":"9DHofQYOgJRMZRS7bbYLP3K4J7tTNxHn7odlf2tSbLksStjpNWnPdUEJDnET2EEjduxcnaFuoEz1dfccigZnORJKmvDTitPQoPACbWGUSxpL2BWCpiGIWswt","lang_type":"1"}}

2018-11-10 20:14:40
demo.webmigrates.com/osnap/api/Registration/ClientMyEvent
{"data":{"id":"110","year":"2018","token":"9DHofQYOgJRMZRS7bbYLP3K4J7tTNxHn7odlf2tSbLksStjpNWnPdUEJDnET2EEjduxcnaFuoEz1dfccigZnORJKmvDTitPQoPACbWGUSxpL2BWCpiGIWswt","lang_type":"1"}}

2018-11-10 20:14:40
demo.webmigrates.com/osnap/api/Notification/CountBase
{"data":{"token":"9DHofQYOgJRMZRS7bbYLP3K4J7tTNxHn7odlf2tSbLksStjpNWnPdUEJDnET2EEjduxcnaFuoEz1dfccigZnORJKmvDTitPQoPACbWGUSxpL2BWCpiGIWswt","user_id":"110","lang_type":"1"}}

2018-11-10 20:14:41
demo.webmigrates.com/osnap/api/Registration/UserDetail
{"data":{"id":"110","other_id":"110","token":"9DHofQYOgJRMZRS7bbYLP3K4J7tTNxHn7odlf2tSbLksStjpNWnPdUEJDnET2EEjduxcnaFuoEz1dfccigZnORJKmvDTitPQoPACbWGUSxpL2BWCpiGIWswt","lang_type":"1"}}

2018-11-10 20:14:49
demo.webmigrates.com/osnap/api/Registration/UserDetail
{"data":{"id":"110","other_id":"110","token":"9DHofQYOgJRMZRS7bbYLP3K4J7tTNxHn7odlf2tSbLksStjpNWnPdUEJDnET2EEjduxcnaFuoEz1dfccigZnORJKmvDTitPQoPACbWGUSxpL2BWCpiGIWswt","lang_type":"1"}}

2018-11-10 20:14:51
demo.webmigrates.com/osnap/api/Registration/MyPost
{"data":{"limit":10,"id":"110","page":1,"token":"9DHofQYOgJRMZRS7bbYLP3K4J7tTNxHn7odlf2tSbLksStjpNWnPdUEJDnET2EEjduxcnaFuoEz1dfccigZnORJKmvDTitPQoPACbWGUSxpL2BWCpiGIWswt","lang_type":"1"}}

2018-11-10 20:14:51
demo.webmigrates.com/osnap/api/Registration/MyPost
{"data":{"limit":10,"id":"110","page":2,"token":"9DHofQYOgJRMZRS7bbYLP3K4J7tTNxHn7odlf2tSbLksStjpNWnPdUEJDnET2EEjduxcnaFuoEz1dfccigZnORJKmvDTitPQoPACbWGUSxpL2BWCpiGIWswt","lang_type":"1"}}

2018-11-10 20:14:53
demo.webmigrates.com/osnap/api/Registration/SingleClientPost
{"data":{"Dlatitude":"32.685411","id":"110","post_id":"87","Dlongtitude":"-97.038037","token":"9DHofQYOgJRMZRS7bbYLP3K4J7tTNxHn7odlf2tSbLksStjpNWnPdUEJDnET2EEjduxcnaFuoEz1dfccigZnORJKmvDTitPQoPACbWGUSxpL2BWCpiGIWswt","lang_type":"1"}}

2018-11-10 20:14:59
demo.webmigrates.com/osnap/api/Registration/UserDetail
{"data":{"id":"110","other_id":"110","token":"9DHofQYOgJRMZRS7bbYLP3K4J7tTNxHn7odlf2tSbLksStjpNWnPdUEJDnET2EEjduxcnaFuoEz1dfccigZnORJKmvDTitPQoPACbWGUSxpL2BWCpiGIWswt","lang_type":"1"}}

2018-11-10 20:15:02
demo.webmigrates.com/osnap/api/General/GetCategory
{"data":{"id":"110","token":"9DHofQYOgJRMZRS7bbYLP3K4J7tTNxHn7odlf2tSbLksStjpNWnPdUEJDnET2EEjduxcnaFuoEz1dfccigZnORJKmvDTitPQoPACbWGUSxpL2BWCpiGIWswt","lang_type":"1"}}

