2018-11-28 01:02:10
demo.webmigrates.com/osnap/api/Registration/CheckUserSubscription


2018-11-28 06:00:20
demo.webmigrates.com/osnap/api/Registration/ClientMyEvent
{"data":{"id":"136","year":"2018","token":"vzMqBrqTXlrWFMbEXUrOcFoY7KaOzRX2ffFmHarbLByfzkdsA9rGQhVZddEPzWf1WaH60SPKDcfHrs2cCiITOocO7NxiRgqjJcC5uyrlgEnCqycZ1tkJVeDw","lang_type":"1"}}

2018-11-28 06:00:20
demo.webmigrates.com/osnap/api/Notification/CountBase
{"data":{"token":"vzMqBrqTXlrWFMbEXUrOcFoY7KaOzRX2ffFmHarbLByfzkdsA9rGQhVZddEPzWf1WaH60SPKDcfHrs2cCiITOocO7NxiRgqjJcC5uyrlgEnCqycZ1tkJVeDw","user_id":"136","lang_type":"1"}}

2018-11-28 06:00:20
demo.webmigrates.com/osnap/api/Registration/UserDetail
{"data":{"id":"136","other_id":"136","token":"vzMqBrqTXlrWFMbEXUrOcFoY7KaOzRX2ffFmHarbLByfzkdsA9rGQhVZddEPzWf1WaH60SPKDcfHrs2cCiITOocO7NxiRgqjJcC5uyrlgEnCqycZ1tkJVeDw","lang_type":"1"}}

2018-11-28 06:01:22
demo.webmigrates.com/osnap/api/Registration/UserDetail
{"data":{"id":"136","other_id":"136","token":"vzMqBrqTXlrWFMbEXUrOcFoY7KaOzRX2ffFmHarbLByfzkdsA9rGQhVZddEPzWf1WaH60SPKDcfHrs2cCiITOocO7NxiRgqjJcC5uyrlgEnCqycZ1tkJVeDw","lang_type":"1"}}

2018-11-28 06:01:26
demo.webmigrates.com/osnap/api/Registration/UserDetail
{"data":{"id":"136","other_id":"136","token":"vzMqBrqTXlrWFMbEXUrOcFoY7KaOzRX2ffFmHarbLByfzkdsA9rGQhVZddEPzWf1WaH60SPKDcfHrs2cCiITOocO7NxiRgqjJcC5uyrlgEnCqycZ1tkJVeDw","lang_type":"1"}}

2018-11-28 06:55:06
demo.webmigrates.com/osnap/api/Registration/ClientMyEvent
{"data":{"id":"11","year":"2018","token":"VcATtS738DcYD4HJJ29zuJTBzaXpg3B1IzuTJEg1RDE1ycl3mEowhcXibkIsOWhgdM0NaR9j4ZotVCMOS08nv1t9Ssi58a9vzmtqOJwV1xFVpav6sgCRv1PA","lang_type":"1"}}

2018-11-28 06:55:06
demo.webmigrates.com/osnap/api/Notification/CountBase
{"data":{"token":"VcATtS738DcYD4HJJ29zuJTBzaXpg3B1IzuTJEg1RDE1ycl3mEowhcXibkIsOWhgdM0NaR9j4ZotVCMOS08nv1t9Ssi58a9vzmtqOJwV1xFVpav6sgCRv1PA","user_id":"11","lang_type":"1"}}

2018-11-28 06:55:06
demo.webmigrates.com/osnap/api/Registration/UserDetail
{"data":{"id":"11","other_id":"11","token":"VcATtS738DcYD4HJJ29zuJTBzaXpg3B1IzuTJEg1RDE1ycl3mEowhcXibkIsOWhgdM0NaR9j4ZotVCMOS08nv1t9Ssi58a9vzmtqOJwV1xFVpav6sgCRv1PA","lang_type":"1"}}

2018-11-28 07:05:00
demo.webmigrates.com/osnap/api/Registration/UserDetail
{"data":{"id":"11","other_id":"11","token":"VcATtS738DcYD4HJJ29zuJTBzaXpg3B1IzuTJEg1RDE1ycl3mEowhcXibkIsOWhgdM0NaR9j4ZotVCMOS08nv1t9Ssi58a9vzmtqOJwV1xFVpav6sgCRv1PA","lang_type":"1"}}

2018-11-28 07:15:27
demo.webmigrates.com/osnap/api/Registration/UserDetail
{"data":{"id":"11","other_id":"11","token":"VcATtS738DcYD4HJJ29zuJTBzaXpg3B1IzuTJEg1RDE1ycl3mEowhcXibkIsOWhgdM0NaR9j4ZotVCMOS08nv1t9Ssi58a9vzmtqOJwV1xFVpav6sgCRv1PA","lang_type":"1"}}

2018-11-28 07:15:31
demo.webmigrates.com/osnap/api/Registration/UserDetail
{"data":{"id":"11","other_id":"11","token":"VcATtS738DcYD4HJJ29zuJTBzaXpg3B1IzuTJEg1RDE1ycl3mEowhcXibkIsOWhgdM0NaR9j4ZotVCMOS08nv1t9Ssi58a9vzmtqOJwV1xFVpav6sgCRv1PA","lang_type":"1"}}

2018-11-28 07:16:51
demo.webmigrates.com/osnap/api/Registration/AddCard
{"data":{"cardtoken":"tok_1DbSuMH2N8KYROq9sFj4sJYR","id":"11","is_default":"1","token":"VcATtS738DcYD4HJJ29zuJTBzaXpg3B1IzuTJEg1RDE1ycl3mEowhcXibkIsOWhgdM0NaR9j4ZotVCMOS08nv1t9Ssi58a9vzmtqOJwV1xFVpav6sgCRv1PA","lang_type":"1"}}

2018-11-28 07:16:54
demo.webmigrates.com/osnap/api/Registration/UserDetail
{"data":{"id":"11","other_id":"11","token":"VcATtS738DcYD4HJJ29zuJTBzaXpg3B1IzuTJEg1RDE1ycl3mEowhcXibkIsOWhgdM0NaR9j4ZotVCMOS08nv1t9Ssi58a9vzmtqOJwV1xFVpav6sgCRv1PA","lang_type":"1"}}

2018-11-28 07:17:01
demo.webmigrates.com/osnap/api/Registration/SubscribeUser
{"data":{"card_id":"167","id":"11","token":"VcATtS738DcYD4HJJ29zuJTBzaXpg3B1IzuTJEg1RDE1ycl3mEowhcXibkIsOWhgdM0NaR9j4ZotVCMOS08nv1t9Ssi58a9vzmtqOJwV1xFVpav6sgCRv1PA","lang_type":"1"}}

2018-11-28 07:21:40
demo.webmigrates.com/osnap/api/Registration/UserDetail
{"data":{"id":"11","other_id":"11","token":"VcATtS738DcYD4HJJ29zuJTBzaXpg3B1IzuTJEg1RDE1ycl3mEowhcXibkIsOWhgdM0NaR9j4ZotVCMOS08nv1t9Ssi58a9vzmtqOJwV1xFVpav6sgCRv1PA","lang_type":"1"}}

2018-11-28 07:21:44
demo.webmigrates.com/osnap/api/Registration/SubscribeUser
{"data":{"card_id":"167","id":"11","token":"VcATtS738DcYD4HJJ29zuJTBzaXpg3B1IzuTJEg1RDE1ycl3mEowhcXibkIsOWhgdM0NaR9j4ZotVCMOS08nv1t9Ssi58a9vzmtqOJwV1xFVpav6sgCRv1PA","lang_type":"1"}}

2018-11-28 07:21:49
demo.webmigrates.com/osnap/api/Notification/CountBase
{"data":{"token":"VcATtS738DcYD4HJJ29zuJTBzaXpg3B1IzuTJEg1RDE1ycl3mEowhcXibkIsOWhgdM0NaR9j4ZotVCMOS08nv1t9Ssi58a9vzmtqOJwV1xFVpav6sgCRv1PA","user_id":"11","lang_type":"1"}}

2018-11-28 07:21:49
demo.webmigrates.com/osnap/api/Registration/ClientMyEvent
{"data":{"id":"11","year":"2018","token":"VcATtS738DcYD4HJJ29zuJTBzaXpg3B1IzuTJEg1RDE1ycl3mEowhcXibkIsOWhgdM0NaR9j4ZotVCMOS08nv1t9Ssi58a9vzmtqOJwV1xFVpav6sgCRv1PA","lang_type":"1"}}

2018-11-28 07:21:49
demo.webmigrates.com/osnap/api/Registration/UserDetail
{"data":{"id":"11","other_id":"11","token":"VcATtS738DcYD4HJJ29zuJTBzaXpg3B1IzuTJEg1RDE1ycl3mEowhcXibkIsOWhgdM0NaR9j4ZotVCMOS08nv1t9Ssi58a9vzmtqOJwV1xFVpav6sgCRv1PA","lang_type":"1"}}

2018-11-28 07:23:14
demo.webmigrates.com/osnap/api/Notification/CountBase
{"data":{"token":"VcATtS738DcYD4HJJ29zuJTBzaXpg3B1IzuTJEg1RDE1ycl3mEowhcXibkIsOWhgdM0NaR9j4ZotVCMOS08nv1t9Ssi58a9vzmtqOJwV1xFVpav6sgCRv1PA","user_id":"11","lang_type":"1"}}

2018-11-28 07:23:14
demo.webmigrates.com/osnap/api/Registration/ClientMyEvent
{"data":{"id":"11","year":"2018","token":"VcATtS738DcYD4HJJ29zuJTBzaXpg3B1IzuTJEg1RDE1ycl3mEowhcXibkIsOWhgdM0NaR9j4ZotVCMOS08nv1t9Ssi58a9vzmtqOJwV1xFVpav6sgCRv1PA","lang_type":"1"}}

2018-11-28 07:23:14
demo.webmigrates.com/osnap/api/Registration/UserDetail
{"data":{"id":"11","other_id":"11","token":"VcATtS738DcYD4HJJ29zuJTBzaXpg3B1IzuTJEg1RDE1ycl3mEowhcXibkIsOWhgdM0NaR9j4ZotVCMOS08nv1t9Ssi58a9vzmtqOJwV1xFVpav6sgCRv1PA","lang_type":"1"}}

2018-11-28 07:25:17
demo.webmigrates.com/osnap/api/Registration/Logout
{"data":{"id":"11","token":"VcATtS738DcYD4HJJ29zuJTBzaXpg3B1IzuTJEg1RDE1ycl3mEowhcXibkIsOWhgdM0NaR9j4ZotVCMOS08nv1t9Ssi58a9vzmtqOJwV1xFVpav6sgCRv1PA","lang_type":"1"}}

2018-11-28 07:25:31
demo.webmigrates.com/osnap/api/Registration/CheckLogin
{"data":{"username":"valbus44","lang_type":"1","password":"vvvvvv","device_token":"b7d95ac45a44cc71a7fd91d0adeca405308ef5c5eb9930d6b7779672f8cb232c","device_type":"1"}}

2018-11-28 07:26:45
demo.webmigrates.com/osnap/api/Registration/UserDetail
{"data":{"id":"3","other_id":"3","token":"u2OXkZ3lxHxQ01q0rWF5lBnP1ew7F7plGBWrewlWDOJ69dofPubhNAikBBHYxjpzmmZ2JGaE5xTgM9nKjx2Ah05a6kXeKxb6tSXlygFe0fUU9K4rhfDPmyMP","lang_type":"1"}}

2018-11-28 07:26:57
demo.webmigrates.com/osnap/api/Registration/Logout
{"data":{"id":"3","token":"u2OXkZ3lxHxQ01q0rWF5lBnP1ew7F7plGBWrewlWDOJ69dofPubhNAikBBHYxjpzmmZ2JGaE5xTgM9nKjx2Ah05a6kXeKxb6tSXlygFe0fUU9K4rhfDPmyMP","lang_type":"1"}}

2018-11-28 07:31:20
demo.webmigrates.com/osnap/api/Registration/CheckLogin
{"data":{"username":"valbus44","lang_type":"1","password":"vvvvvv","device_token":"b7d95ac45a44cc71a7fd91d0adeca405308ef5c5eb9930d6b7779672f8cb232c","device_type":"1"}}

2018-11-28 07:31:32
demo.webmigrates.com/osnap/api/Registration/BusinessMyEvent
{"data":{"id":"3","year":"2018","token":"CCtm7nX0pt6NKq7pijifNpLsTPn3nFLhxTRuO04n1amUefV0Z4dIXB702eX6FPxI6de99RV67OT6kqkY26Rurw8TWWrC0MM97rDU1IcCFqQLMxFAtqS82FBI","lang_type":"1"}}

2018-11-28 07:31:32
demo.webmigrates.com/osnap/api/Notification/CountBase
{"data":{"token":"CCtm7nX0pt6NKq7pijifNpLsTPn3nFLhxTRuO04n1amUefV0Z4dIXB702eX6FPxI6de99RV67OT6kqkY26Rurw8TWWrC0MM97rDU1IcCFqQLMxFAtqS82FBI","user_id":"3","lang_type":"1"}}

2018-11-28 07:31:32
demo.webmigrates.com/osnap/api/Registration/UserDetail
{"data":{"id":"3","other_id":"3","token":"CCtm7nX0pt6NKq7pijifNpLsTPn3nFLhxTRuO04n1amUefV0Z4dIXB702eX6FPxI6de99RV67OT6kqkY26Rurw8TWWrC0MM97rDU1IcCFqQLMxFAtqS82FBI","lang_type":"1"}}

2018-11-28 07:35:32
demo.webmigrates.com/osnap/api/Registration/BusinessMyEvent
{"data":{"id":"3","year":"2018","token":"CCtm7nX0pt6NKq7pijifNpLsTPn3nFLhxTRuO04n1amUefV0Z4dIXB702eX6FPxI6de99RV67OT6kqkY26Rurw8TWWrC0MM97rDU1IcCFqQLMxFAtqS82FBI","lang_type":"1"}}

2018-11-28 07:35:32
demo.webmigrates.com/osnap/api/Notification/CountBase
{"data":{"token":"CCtm7nX0pt6NKq7pijifNpLsTPn3nFLhxTRuO04n1amUefV0Z4dIXB702eX6FPxI6de99RV67OT6kqkY26Rurw8TWWrC0MM97rDU1IcCFqQLMxFAtqS82FBI","user_id":"3","lang_type":"1"}}

2018-11-28 07:35:33
demo.webmigrates.com/osnap/api/Registration/UserDetail
{"data":{"id":"3","other_id":"3","token":"CCtm7nX0pt6NKq7pijifNpLsTPn3nFLhxTRuO04n1amUefV0Z4dIXB702eX6FPxI6de99RV67OT6kqkY26Rurw8TWWrC0MM97rDU1IcCFqQLMxFAtqS82FBI","lang_type":"1"}}

2018-11-28 07:35:42
demo.webmigrates.com/osnap/api/Registration/UserDetail
{"data":{"id":"3","other_id":"3","token":"CCtm7nX0pt6NKq7pijifNpLsTPn3nFLhxTRuO04n1amUefV0Z4dIXB702eX6FPxI6de99RV67OT6kqkY26Rurw8TWWrC0MM97rDU1IcCFqQLMxFAtqS82FBI","lang_type":"1"}}

2018-11-28 07:35:44
demo.webmigrates.com/osnap/api/Notification/CountBase
{"data":{"token":"CCtm7nX0pt6NKq7pijifNpLsTPn3nFLhxTRuO04n1amUefV0Z4dIXB702eX6FPxI6de99RV67OT6kqkY26Rurw8TWWrC0MM97rDU1IcCFqQLMxFAtqS82FBI","user_id":"3","lang_type":"1"}}

2018-11-28 07:35:44
demo.webmigrates.com/osnap/api/Registration/UserDetail
{"data":{"id":"3","other_id":"3","token":"CCtm7nX0pt6NKq7pijifNpLsTPn3nFLhxTRuO04n1amUefV0Z4dIXB702eX6FPxI6de99RV67OT6kqkY26Rurw8TWWrC0MM97rDU1IcCFqQLMxFAtqS82FBI","lang_type":"1"}}

2018-11-28 07:35:54
demo.webmigrates.com/osnap/api/Registration/BusinessMyEvent
{"data":{"id":"3","year":"2018","token":"CCtm7nX0pt6NKq7pijifNpLsTPn3nFLhxTRuO04n1amUefV0Z4dIXB702eX6FPxI6de99RV67OT6kqkY26Rurw8TWWrC0MM97rDU1IcCFqQLMxFAtqS82FBI","lang_type":"1"}}

2018-11-28 07:35:54
demo.webmigrates.com/osnap/api/Notification/CountBase
{"data":{"token":"CCtm7nX0pt6NKq7pijifNpLsTPn3nFLhxTRuO04n1amUefV0Z4dIXB702eX6FPxI6de99RV67OT6kqkY26Rurw8TWWrC0MM97rDU1IcCFqQLMxFAtqS82FBI","user_id":"3","lang_type":"1"}}

2018-11-28 07:35:54
demo.webmigrates.com/osnap/api/Registration/UserDetail
{"data":{"id":"3","other_id":"3","token":"CCtm7nX0pt6NKq7pijifNpLsTPn3nFLhxTRuO04n1amUefV0Z4dIXB702eX6FPxI6de99RV67OT6kqkY26Rurw8TWWrC0MM97rDU1IcCFqQLMxFAtqS82FBI","lang_type":"1"}}

2018-11-28 07:46:40
demo.webmigrates.com/osnap/api/Registration/UserDetail
{"data":{"id":"3","other_id":"3","token":"CCtm7nX0pt6NKq7pijifNpLsTPn3nFLhxTRuO04n1amUefV0Z4dIXB702eX6FPxI6de99RV67OT6kqkY26Rurw8TWWrC0MM97rDU1IcCFqQLMxFAtqS82FBI","lang_type":"1"}}

2018-11-28 07:46:40
demo.webmigrates.com/osnap/api/Notification/CountBase
{"data":{"token":"CCtm7nX0pt6NKq7pijifNpLsTPn3nFLhxTRuO04n1amUefV0Z4dIXB702eX6FPxI6de99RV67OT6kqkY26Rurw8TWWrC0MM97rDU1IcCFqQLMxFAtqS82FBI","user_id":"3","lang_type":"1"}}

2018-11-28 07:46:40
demo.webmigrates.com/osnap/api/Registration/BusinessMyEvent
{"data":{"id":"3","year":"2018","token":"CCtm7nX0pt6NKq7pijifNpLsTPn3nFLhxTRuO04n1amUefV0Z4dIXB702eX6FPxI6de99RV67OT6kqkY26Rurw8TWWrC0MM97rDU1IcCFqQLMxFAtqS82FBI","lang_type":"1"}}

2018-11-28 07:47:15
demo.webmigrates.com/osnap/api/Registration/UserDetail
{"data":{"id":"3","other_id":"3","token":"CCtm7nX0pt6NKq7pijifNpLsTPn3nFLhxTRuO04n1amUefV0Z4dIXB702eX6FPxI6de99RV67OT6kqkY26Rurw8TWWrC0MM97rDU1IcCFqQLMxFAtqS82FBI","lang_type":"1"}}

2018-11-28 07:47:31
demo.webmigrates.com/osnap/api/Notification/CountBase
{"data":{"token":"CCtm7nX0pt6NKq7pijifNpLsTPn3nFLhxTRuO04n1amUefV0Z4dIXB702eX6FPxI6de99RV67OT6kqkY26Rurw8TWWrC0MM97rDU1IcCFqQLMxFAtqS82FBI","user_id":"3","lang_type":"1"}}

2018-11-28 07:47:31
demo.webmigrates.com/osnap/api/Registration/UserDetail
{"data":{"id":"3","other_id":"3","token":"CCtm7nX0pt6NKq7pijifNpLsTPn3nFLhxTRuO04n1amUefV0Z4dIXB702eX6FPxI6de99RV67OT6kqkY26Rurw8TWWrC0MM97rDU1IcCFqQLMxFAtqS82FBI","lang_type":"1"}}

2018-11-28 07:47:35
demo.webmigrates.com/osnap/api/Registration/UserDetail
{"data":{"id":"3","other_id":"3","token":"CCtm7nX0pt6NKq7pijifNpLsTPn3nFLhxTRuO04n1amUefV0Z4dIXB702eX6FPxI6de99RV67OT6kqkY26Rurw8TWWrC0MM97rDU1IcCFqQLMxFAtqS82FBI","lang_type":"1"}}

2018-11-28 07:49:26
demo.webmigrates.com/osnap/api/Registration/AddCard
{"data":{"cardtoken":"tok_1DbTPtH2N8KYROq9xfCPjQWp","id":"3","is_default":"1","token":"CCtm7nX0pt6NKq7pijifNpLsTPn3nFLhxTRuO04n1amUefV0Z4dIXB702eX6FPxI6de99RV67OT6kqkY26Rurw8TWWrC0MM97rDU1IcCFqQLMxFAtqS82FBI","lang_type":"1"}}

2018-11-28 07:49:29
demo.webmigrates.com/osnap/api/Registration/UserDetail
{"data":{"id":"3","other_id":"3","token":"CCtm7nX0pt6NKq7pijifNpLsTPn3nFLhxTRuO04n1amUefV0Z4dIXB702eX6FPxI6de99RV67OT6kqkY26Rurw8TWWrC0MM97rDU1IcCFqQLMxFAtqS82FBI","lang_type":"1"}}

2018-11-28 07:49:34
demo.webmigrates.com/osnap/api/Registration/SubscribeUser
{"data":{"card_id":"168","id":"3","token":"CCtm7nX0pt6NKq7pijifNpLsTPn3nFLhxTRuO04n1amUefV0Z4dIXB702eX6FPxI6de99RV67OT6kqkY26Rurw8TWWrC0MM97rDU1IcCFqQLMxFAtqS82FBI","lang_type":"1"}}

2018-11-28 07:54:34
demo.webmigrates.com/osnap/api/Notification/CountBase
{"data":{"token":"CCtm7nX0pt6NKq7pijifNpLsTPn3nFLhxTRuO04n1amUefV0Z4dIXB702eX6FPxI6de99RV67OT6kqkY26Rurw8TWWrC0MM97rDU1IcCFqQLMxFAtqS82FBI","user_id":"3","lang_type":"1"}}

2018-11-28 07:54:34
demo.webmigrates.com/osnap/api/Registration/BusinessMyEvent
{"data":{"id":"3","year":"2018","token":"CCtm7nX0pt6NKq7pijifNpLsTPn3nFLhxTRuO04n1amUefV0Z4dIXB702eX6FPxI6de99RV67OT6kqkY26Rurw8TWWrC0MM97rDU1IcCFqQLMxFAtqS82FBI","lang_type":"1"}}

2018-11-28 07:54:35
demo.webmigrates.com/osnap/api/Registration/UserDetail
{"data":{"id":"3","other_id":"3","token":"CCtm7nX0pt6NKq7pijifNpLsTPn3nFLhxTRuO04n1amUefV0Z4dIXB702eX6FPxI6de99RV67OT6kqkY26Rurw8TWWrC0MM97rDU1IcCFqQLMxFAtqS82FBI","lang_type":"1"}}

2018-11-28 07:55:23
demo.webmigrates.com/osnap/api/Registration/Logout
{"data":{"id":"3","token":"CCtm7nX0pt6NKq7pijifNpLsTPn3nFLhxTRuO04n1amUefV0Z4dIXB702eX6FPxI6de99RV67OT6kqkY26Rurw8TWWrC0MM97rDU1IcCFqQLMxFAtqS82FBI","lang_type":"1"}}

2018-11-28 07:56:25
demo.webmigrates.com/osnap/admin/User/admin


2018-11-28 07:56:26
demo.webmigrates.com/osnap/admin


2018-11-28 07:57:06
demo.webmigrates.com/osnap/admin/index/login_process


2018-11-28 07:57:07
demo.webmigrates.com/osnap/admin


2018-11-28 07:57:18
demo.webmigrates.com/osnap/admin/index/login_process


2018-11-28 07:57:18
demo.webmigrates.com/osnap/admin


2018-11-28 07:57:32
demo.webmigrates.com/osnap/admin/index/login_process


2018-11-28 07:57:32
demo.webmigrates.com/osnap/admin


2018-11-28 07:57:42
demo.webmigrates.com/osnap/admin/index/login_process


2018-11-28 07:57:42
demo.webmigrates.com/osnap/admin/dashboard


2018-11-28 07:57:47
demo.webmigrates.com/osnap/admin/User/business


2018-11-28 07:57:51
demo.webmigrates.com/osnap/images/yellow_title_bg.png


2018-11-28 07:58:06
demo.webmigrates.com/osnap/api/Registration/CheckLogin
{"data":{"username":"val2bus44","lang_type":"1","password":"vvvvvvvv","device_token":"b7d95ac45a44cc71a7fd91d0adeca405308ef5c5eb9930d6b7779672f8cb232c","device_type":"1"}}

2018-11-28 07:58:18
demo.webmigrates.com/osnap/api/Registration/BusinessMyEvent
{"data":{"id":"5","year":"2018","token":"PMK8qqBa6Gk5M7B0fe86o769qOhrQgouqruqL6JgMnliLiQ7GHr4XgyMLDLfQQgfXtJiuO5mYNjULqfi2sE4AA423KPpOAVR1OMb60IdjjeMm4ur9ZwnxV4F","lang_type":"1"}}

2018-11-28 07:58:18
demo.webmigrates.com/osnap/api/Notification/CountBase
{"data":{"token":"PMK8qqBa6Gk5M7B0fe86o769qOhrQgouqruqL6JgMnliLiQ7GHr4XgyMLDLfQQgfXtJiuO5mYNjULqfi2sE4AA423KPpOAVR1OMb60IdjjeMm4ur9ZwnxV4F","user_id":"5","lang_type":"1"}}

2018-11-28 07:58:18
demo.webmigrates.com/osnap/api/Registration/UserDetail
{"data":{"id":"5","other_id":"5","token":"PMK8qqBa6Gk5M7B0fe86o769qOhrQgouqruqL6JgMnliLiQ7GHr4XgyMLDLfQQgfXtJiuO5mYNjULqfi2sE4AA423KPpOAVR1OMb60IdjjeMm4ur9ZwnxV4F","lang_type":"1"}}

2018-11-28 07:58:20
demo.webmigrates.com/osnap/api/Registration/UserDetail
{"data":{"id":"5","other_id":"5","token":"PMK8qqBa6Gk5M7B0fe86o769qOhrQgouqruqL6JgMnliLiQ7GHr4XgyMLDLfQQgfXtJiuO5mYNjULqfi2sE4AA423KPpOAVR1OMb60IdjjeMm4ur9ZwnxV4F","lang_type":"1"}}

2018-11-28 07:58:34
demo.webmigrates.com/osnap/api/Registration/AddCard
{"data":{"cardtoken":"tok_1DbTYiH2N8KYROq9xtZCFW6W","id":"5","is_default":"1","token":"PMK8qqBa6Gk5M7B0fe86o769qOhrQgouqruqL6JgMnliLiQ7GHr4XgyMLDLfQQgfXtJiuO5mYNjULqfi2sE4AA423KPpOAVR1OMb60IdjjeMm4ur9ZwnxV4F","lang_type":"1"}}

2018-11-28 07:58:36
demo.webmigrates.com/osnap/api/Registration/UserDetail
{"data":{"id":"5","other_id":"5","token":"PMK8qqBa6Gk5M7B0fe86o769qOhrQgouqruqL6JgMnliLiQ7GHr4XgyMLDLfQQgfXtJiuO5mYNjULqfi2sE4AA423KPpOAVR1OMb60IdjjeMm4ur9ZwnxV4F","lang_type":"1"}}

2018-11-28 07:58:40
demo.webmigrates.com/osnap/api/Registration/SubscribeUser
{"data":{"card_id":"169","id":"5","token":"PMK8qqBa6Gk5M7B0fe86o769qOhrQgouqruqL6JgMnliLiQ7GHr4XgyMLDLfQQgfXtJiuO5mYNjULqfi2sE4AA423KPpOAVR1OMb60IdjjeMm4ur9ZwnxV4F","lang_type":"1"}}

2018-11-28 07:58:42
demo.webmigrates.com/osnap/api/Registration/UserDetail
{"data":{"id":"5","other_id":"5","token":"PMK8qqBa6Gk5M7B0fe86o769qOhrQgouqruqL6JgMnliLiQ7GHr4XgyMLDLfQQgfXtJiuO5mYNjULqfi2sE4AA423KPpOAVR1OMb60IdjjeMm4ur9ZwnxV4F","lang_type":"1"}}

2018-11-28 07:58:42
demo.webmigrates.com/osnap/api/Notification/CountBase
{"data":{"token":"PMK8qqBa6Gk5M7B0fe86o769qOhrQgouqruqL6JgMnliLiQ7GHr4XgyMLDLfQQgfXtJiuO5mYNjULqfi2sE4AA423KPpOAVR1OMb60IdjjeMm4ur9ZwnxV4F","user_id":"5","lang_type":"1"}}

2018-11-28 08:05:08
demo.webmigrates.com/osnap/api/Notification/CountBase
{"data":{"token":"PMK8qqBa6Gk5M7B0fe86o769qOhrQgouqruqL6JgMnliLiQ7GHr4XgyMLDLfQQgfXtJiuO5mYNjULqfi2sE4AA423KPpOAVR1OMb60IdjjeMm4ur9ZwnxV4F","user_id":"5","lang_type":"1"}}

2018-11-28 08:05:08
demo.webmigrates.com/osnap/api/Registration/BusinessMyEvent
{"data":{"id":"5","year":"2018","token":"PMK8qqBa6Gk5M7B0fe86o769qOhrQgouqruqL6JgMnliLiQ7GHr4XgyMLDLfQQgfXtJiuO5mYNjULqfi2sE4AA423KPpOAVR1OMb60IdjjeMm4ur9ZwnxV4F","lang_type":"1"}}

2018-11-28 08:05:08
demo.webmigrates.com/osnap/api/Registration/UserDetail
{"data":{"id":"5","other_id":"5","token":"PMK8qqBa6Gk5M7B0fe86o769qOhrQgouqruqL6JgMnliLiQ7GHr4XgyMLDLfQQgfXtJiuO5mYNjULqfi2sE4AA423KPpOAVR1OMb60IdjjeMm4ur9ZwnxV4F","lang_type":"1"}}

2018-11-28 08:38:31
demo.webmigrates.com/osnap/api/Notification/CountBase
{"data":{"token":"PMK8qqBa6Gk5M7B0fe86o769qOhrQgouqruqL6JgMnliLiQ7GHr4XgyMLDLfQQgfXtJiuO5mYNjULqfi2sE4AA423KPpOAVR1OMb60IdjjeMm4ur9ZwnxV4F","user_id":"5","lang_type":"1"}}

2018-11-28 08:38:31
demo.webmigrates.com/osnap/api/Registration/BusinessMyEvent
{"data":{"id":"5","year":"2018","token":"PMK8qqBa6Gk5M7B0fe86o769qOhrQgouqruqL6JgMnliLiQ7GHr4XgyMLDLfQQgfXtJiuO5mYNjULqfi2sE4AA423KPpOAVR1OMb60IdjjeMm4ur9ZwnxV4F","lang_type":"1"}}

2018-11-28 08:38:31
demo.webmigrates.com/osnap/api/Registration/UserDetail
{"data":{"id":"5","other_id":"5","token":"PMK8qqBa6Gk5M7B0fe86o769qOhrQgouqruqL6JgMnliLiQ7GHr4XgyMLDLfQQgfXtJiuO5mYNjULqfi2sE4AA423KPpOAVR1OMb60IdjjeMm4ur9ZwnxV4F","lang_type":"1"}}

2018-11-28 08:42:09
demo.webmigrates.com/osnap/api/Registration/BusinessMyEvent
{"data":{"id":"5","year":"2018","token":"PMK8qqBa6Gk5M7B0fe86o769qOhrQgouqruqL6JgMnliLiQ7GHr4XgyMLDLfQQgfXtJiuO5mYNjULqfi2sE4AA423KPpOAVR1OMb60IdjjeMm4ur9ZwnxV4F","lang_type":"1"}}

2018-11-28 08:42:09
demo.webmigrates.com/osnap/api/Notification/CountBase
{"data":{"token":"PMK8qqBa6Gk5M7B0fe86o769qOhrQgouqruqL6JgMnliLiQ7GHr4XgyMLDLfQQgfXtJiuO5mYNjULqfi2sE4AA423KPpOAVR1OMb60IdjjeMm4ur9ZwnxV4F","user_id":"5","lang_type":"1"}}

2018-11-28 08:42:09
demo.webmigrates.com/osnap/api/Registration/UserDetail
{"data":{"id":"5","other_id":"5","token":"PMK8qqBa6Gk5M7B0fe86o769qOhrQgouqruqL6JgMnliLiQ7GHr4XgyMLDLfQQgfXtJiuO5mYNjULqfi2sE4AA423KPpOAVR1OMb60IdjjeMm4ur9ZwnxV4F","lang_type":"1"}}

2018-11-28 08:42:16
demo.webmigrates.com/osnap/api/Registration/EditUser
{"data":{"id":"5","is_recurring":"0","token":"PMK8qqBa6Gk5M7B0fe86o769qOhrQgouqruqL6JgMnliLiQ7GHr4XgyMLDLfQQgfXtJiuO5mYNjULqfi2sE4AA423KPpOAVR1OMb60IdjjeMm4ur9ZwnxV4F","lang_type":"1"}}

2018-11-28 08:47:49
demo.webmigrates.com/osnap/api/Registration/UserDetail
{"data":{"id":"5","other_id":"5","token":"PMK8qqBa6Gk5M7B0fe86o769qOhrQgouqruqL6JgMnliLiQ7GHr4XgyMLDLfQQgfXtJiuO5mYNjULqfi2sE4AA423KPpOAVR1OMb60IdjjeMm4ur9ZwnxV4F","lang_type":"1"}}

2018-11-28 08:47:49
demo.webmigrates.com/osnap/api/Registration/BusinessMyEvent
{"data":{"id":"5","year":"2018","token":"PMK8qqBa6Gk5M7B0fe86o769qOhrQgouqruqL6JgMnliLiQ7GHr4XgyMLDLfQQgfXtJiuO5mYNjULqfi2sE4AA423KPpOAVR1OMb60IdjjeMm4ur9ZwnxV4F","lang_type":"1"}}

2018-11-28 08:47:49
demo.webmigrates.com/osnap/api/Notification/CountBase
{"data":{"token":"PMK8qqBa6Gk5M7B0fe86o769qOhrQgouqruqL6JgMnliLiQ7GHr4XgyMLDLfQQgfXtJiuO5mYNjULqfi2sE4AA423KPpOAVR1OMb60IdjjeMm4ur9ZwnxV4F","user_id":"5","lang_type":"1"}}

2018-11-28 08:49:50
demo.webmigrates.com/osnap/api/Registration/BusinessMyEvent
{"data":{"id":"5","year":"2018","token":"PMK8qqBa6Gk5M7B0fe86o769qOhrQgouqruqL6JgMnliLiQ7GHr4XgyMLDLfQQgfXtJiuO5mYNjULqfi2sE4AA423KPpOAVR1OMb60IdjjeMm4ur9ZwnxV4F","lang_type":"1"}}

2018-11-28 08:49:50
demo.webmigrates.com/osnap/api/Notification/CountBase
{"data":{"token":"PMK8qqBa6Gk5M7B0fe86o769qOhrQgouqruqL6JgMnliLiQ7GHr4XgyMLDLfQQgfXtJiuO5mYNjULqfi2sE4AA423KPpOAVR1OMb60IdjjeMm4ur9ZwnxV4F","user_id":"5","lang_type":"1"}}

2018-11-28 08:49:50
demo.webmigrates.com/osnap/api/Registration/UserDetail
{"data":{"id":"5","other_id":"5","token":"PMK8qqBa6Gk5M7B0fe86o769qOhrQgouqruqL6JgMnliLiQ7GHr4XgyMLDLfQQgfXtJiuO5mYNjULqfi2sE4AA423KPpOAVR1OMb60IdjjeMm4ur9ZwnxV4F","lang_type":"1"}}

2018-11-28 08:49:59
demo.webmigrates.com/osnap/api/Registration/EditUser
{"data":{"id":"5","is_recurring":"0","token":"PMK8qqBa6Gk5M7B0fe86o769qOhrQgouqruqL6JgMnliLiQ7GHr4XgyMLDLfQQgfXtJiuO5mYNjULqfi2sE4AA423KPpOAVR1OMb60IdjjeMm4ur9ZwnxV4F","lang_type":"1"}}

2018-11-28 08:50:10
demo.webmigrates.com/osnap/api/Registration/EditUser
{"data":{"id":"5","is_recurring":"1","token":"PMK8qqBa6Gk5M7B0fe86o769qOhrQgouqruqL6JgMnliLiQ7GHr4XgyMLDLfQQgfXtJiuO5mYNjULqfi2sE4AA423KPpOAVR1OMb60IdjjeMm4ur9ZwnxV4F","lang_type":"1"}}

2018-11-28 08:56:33
demo.webmigrates.com/osnap/api/Registration/BusinessMyEvent
{"data":{"id":"5","year":"2018","token":"PMK8qqBa6Gk5M7B0fe86o769qOhrQgouqruqL6JgMnliLiQ7GHr4XgyMLDLfQQgfXtJiuO5mYNjULqfi2sE4AA423KPpOAVR1OMb60IdjjeMm4ur9ZwnxV4F","lang_type":"1"}}

2018-11-28 08:56:33
demo.webmigrates.com/osnap/api/Notification/CountBase
{"data":{"token":"PMK8qqBa6Gk5M7B0fe86o769qOhrQgouqruqL6JgMnliLiQ7GHr4XgyMLDLfQQgfXtJiuO5mYNjULqfi2sE4AA423KPpOAVR1OMb60IdjjeMm4ur9ZwnxV4F","user_id":"5","lang_type":"1"}}

2018-11-28 08:56:33
demo.webmigrates.com/osnap/api/Registration/UserDetail
{"data":{"id":"5","other_id":"5","token":"PMK8qqBa6Gk5M7B0fe86o769qOhrQgouqruqL6JgMnliLiQ7GHr4XgyMLDLfQQgfXtJiuO5mYNjULqfi2sE4AA423KPpOAVR1OMb60IdjjeMm4ur9ZwnxV4F","lang_type":"1"}}

2018-11-28 08:57:44
demo.webmigrates.com/osnap/api/Registration/BusinessMyEvent
{"data":{"id":"5","year":"2018","token":"PMK8qqBa6Gk5M7B0fe86o769qOhrQgouqruqL6JgMnliLiQ7GHr4XgyMLDLfQQgfXtJiuO5mYNjULqfi2sE4AA423KPpOAVR1OMb60IdjjeMm4ur9ZwnxV4F","lang_type":"1"}}

2018-11-28 08:57:44
demo.webmigrates.com/osnap/api/Registration/UserDetail
{"data":{"id":"5","other_id":"5","token":"PMK8qqBa6Gk5M7B0fe86o769qOhrQgouqruqL6JgMnliLiQ7GHr4XgyMLDLfQQgfXtJiuO5mYNjULqfi2sE4AA423KPpOAVR1OMb60IdjjeMm4ur9ZwnxV4F","lang_type":"1"}}

2018-11-28 08:57:44
demo.webmigrates.com/osnap/api/Notification/CountBase
{"data":{"token":"PMK8qqBa6Gk5M7B0fe86o769qOhrQgouqruqL6JgMnliLiQ7GHr4XgyMLDLfQQgfXtJiuO5mYNjULqfi2sE4AA423KPpOAVR1OMb60IdjjeMm4ur9ZwnxV4F","user_id":"5","lang_type":"1"}}

2018-11-28 09:23:31
demo.webmigrates.com/osnap/api/Registration/UserDetail
{"data":{"id":"109","other_id":"109","token":"w3PUWSE4oSsSyVsWbjHbT1kbdmFwlxU0PB3Naeb57jb14DXsjNtds1qzSMsXEExKeZQPsARfiQQyF1ZdIziyMeAwLcMEVv7b8P6scCsMlHW0Gme3s2rchjBU","lang_type":"1"}}

2018-11-28 10:00:50
demo.webmigrates.com/osnap/api/Registration/UserDetail
{"data":{"id":"109","other_id":"109","token":"w3PUWSE4oSsSyVsWbjHbT1kbdmFwlxU0PB3Naeb57jb14DXsjNtds1qzSMsXEExKeZQPsARfiQQyF1ZdIziyMeAwLcMEVv7b8P6scCsMlHW0Gme3s2rchjBU","lang_type":"1"}}

2018-11-28 10:03:11
demo.webmigrates.com/osnap/api/Registration/AddCard
{"data":{"cardtoken":"tok_1DbVVKH2N8KYROq9nES3948g","id":"109","is_default":"1","token":"w3PUWSE4oSsSyVsWbjHbT1kbdmFwlxU0PB3Naeb57jb14DXsjNtds1qzSMsXEExKeZQPsARfiQQyF1ZdIziyMeAwLcMEVv7b8P6scCsMlHW0Gme3s2rchjBU","lang_type":"1"}}

2018-11-28 10:03:15
demo.webmigrates.com/osnap/api/Registration/UserDetail
{"data":{"id":"109","other_id":"109","token":"w3PUWSE4oSsSyVsWbjHbT1kbdmFwlxU0PB3Naeb57jb14DXsjNtds1qzSMsXEExKeZQPsARfiQQyF1ZdIziyMeAwLcMEVv7b8P6scCsMlHW0Gme3s2rchjBU","lang_type":"1"}}

2018-11-28 10:03:41
demo.webmigrates.com/osnap/api/Registration/SubscribeUser
{"data":{"card_id":"170","id":"109","token":"w3PUWSE4oSsSyVsWbjHbT1kbdmFwlxU0PB3Naeb57jb14DXsjNtds1qzSMsXEExKeZQPsARfiQQyF1ZdIziyMeAwLcMEVv7b8P6scCsMlHW0Gme3s2rchjBU","lang_type":"1"}}

2018-11-28 10:03:43
demo.webmigrates.com/osnap/api/Registration/BusinessMyEvent
{"data":{"id":"109","year":"2018","token":"w3PUWSE4oSsSyVsWbjHbT1kbdmFwlxU0PB3Naeb57jb14DXsjNtds1qzSMsXEExKeZQPsARfiQQyF1ZdIziyMeAwLcMEVv7b8P6scCsMlHW0Gme3s2rchjBU","lang_type":"1"}}

2018-11-28 10:03:43
demo.webmigrates.com/osnap/api/Notification/CountBase
{"data":{"token":"w3PUWSE4oSsSyVsWbjHbT1kbdmFwlxU0PB3Naeb57jb14DXsjNtds1qzSMsXEExKeZQPsARfiQQyF1ZdIziyMeAwLcMEVv7b8P6scCsMlHW0Gme3s2rchjBU","user_id":"109","lang_type":"1"}}

2018-11-28 10:03:43
demo.webmigrates.com/osnap/api/Registration/UserDetail
{"data":{"id":"109","other_id":"109","token":"w3PUWSE4oSsSyVsWbjHbT1kbdmFwlxU0PB3Naeb57jb14DXsjNtds1qzSMsXEExKeZQPsARfiQQyF1ZdIziyMeAwLcMEVv7b8P6scCsMlHW0Gme3s2rchjBU","lang_type":"1"}}

2018-11-28 10:03:57
demo.webmigrates.com/osnap/api/Registration/EditUser
{"data":{"id":"109","is_recurring":"0","token":"w3PUWSE4oSsSyVsWbjHbT1kbdmFwlxU0PB3Naeb57jb14DXsjNtds1qzSMsXEExKeZQPsARfiQQyF1ZdIziyMeAwLcMEVv7b8P6scCsMlHW0Gme3s2rchjBU","lang_type":"1"}}

2018-11-28 10:03:59
demo.webmigrates.com/osnap/api/Registration/EditUser
{"data":{"id":"109","is_recurring":"1","token":"w3PUWSE4oSsSyVsWbjHbT1kbdmFwlxU0PB3Naeb57jb14DXsjNtds1qzSMsXEExKeZQPsARfiQQyF1ZdIziyMeAwLcMEVv7b8P6scCsMlHW0Gme3s2rchjBU","lang_type":"1"}}

2018-11-28 15:51:51
demo.webmigrates.com/osnap/api/Registration/Logout
{"data":{"id":"109","token":"w3PUWSE4oSsSyVsWbjHbT1kbdmFwlxU0PB3Naeb57jb14DXsjNtds1qzSMsXEExKeZQPsARfiQQyF1ZdIziyMeAwLcMEVv7b8P6scCsMlHW0Gme3s2rchjBU","lang_type":"1"}}

2018-11-28 15:54:49
demo.webmigrates.com/osnap/api/Registration/UserRegistration
{"data":{"username":"bemp878","longtitude":"-97.038049","lang_type":"1","country_code":"+1","country":"USA","birth_date":"1999-11-28","latitude":"32.685569","city":"Grand Prairie","last_name":"smith","osnap_id":"bemp878","state":"TX","device_token":"fc17f6681cdd04b0ab5e38f05b6800cfc2b4b2f476ff322ca0eef8ca2d687c69","email":"ben.f.smith@outlook.com","user_type":"2","phone":"2145169884","password":"america1","device_type":"1","post_code":"75052","address":"3515 Ponderosa Dr, Grand Prairie, TX 75052, USA","first_name":"ben"}}

2018-11-28 15:55:13
demo.webmigrates.com/osnap/images/logo-white.png


2018-11-28 15:55:25
demo.webmigrates.com/osnap/api/Registration/VerifyUser
{"data":{"email":"ben.f.smith@outlook.com","username":"bemp878","device_type":"1","activation_code":"488444","device_token":"fc17f6681cdd04b0ab5e38f05b6800cfc2b4b2f476ff322ca0eef8ca2d687c69","lang_type":"1"}}

2018-11-28 15:55:37
demo.webmigrates.com/osnap/api/Registration/EditUser
{"data":{"id":"137","security_code":"0087","token":"tzAwqejmblyAcE1hpcTPjT5MWLSOTDIlDGYgVEaxUwYNvIn5S0jbPbLHbcKJxEfWkQLCHn23SkANwtzfY6yfbJ79r5kpfHAzzKdHVFvYw27ji4HPZ9AKrMd7","lang_type":"1"}}

2018-11-28 15:55:38
demo.webmigrates.com/osnap/api/General/GetBusinessCategory
{"data":{"id":"137","token":"tzAwqejmblyAcE1hpcTPjT5MWLSOTDIlDGYgVEaxUwYNvIn5S0jbPbLHbcKJxEfWkQLCHn23SkANwtzfY6yfbJ79r5kpfHAzzKdHVFvYw27ji4HPZ9AKrMd7","lang_type":"1"}}

2018-11-28 15:55:38
demo.webmigrates.com/osnap/api/General/GetBusinessTypes
{"data":{"id":"137","token":"tzAwqejmblyAcE1hpcTPjT5MWLSOTDIlDGYgVEaxUwYNvIn5S0jbPbLHbcKJxEfWkQLCHn23SkANwtzfY6yfbJ79r5kpfHAzzKdHVFvYw27ji4HPZ9AKrMd7","lang_type":"1"}}

2018-11-28 15:56:33
demo.webmigrates.com/osnap/api/Registration/AddUpdateBusinessDetails
{"data":{"id":"137","business_esta_year":"2017","business_type":"2","business_owner":"President","business_category":"1","business_osnap_id":"abcman","business_esta_month":"2","token":"tzAwqejmblyAcE1hpcTPjT5MWLSOTDIlDGYgVEaxUwYNvIn5S0jbPbLHbcKJxEfWkQLCHn23SkANwtzfY6yfbJ79r5kpfHAzzKdHVFvYw27ji4HPZ9AKrMd7","business_name":"abx man","exp_level":"1","business_notes":"Hi","lang_type":"1"}}

2018-11-28 15:56:43
demo.webmigrates.com/osnap/api/Registration/StripeSuccess?state=137&scope=read_write&code=ac_E3iSaJaQsM8QpwGmTKztmX7kNIOQWRa1


2018-11-28 15:57:14
demo.webmigrates.com/osnap/api/Registration/UserDetail
{"data":{"id":"137","other_id":"137","token":"tzAwqejmblyAcE1hpcTPjT5MWLSOTDIlDGYgVEaxUwYNvIn5S0jbPbLHbcKJxEfWkQLCHn23SkANwtzfY6yfbJ79r5kpfHAzzKdHVFvYw27ji4HPZ9AKrMd7","lang_type":"1"}}

2018-11-28 15:57:20
demo.webmigrates.com/osnap/api/Registration/SubscribeUser
{"data":{"is_free_trial":"1","id":"137","token":"tzAwqejmblyAcE1hpcTPjT5MWLSOTDIlDGYgVEaxUwYNvIn5S0jbPbLHbcKJxEfWkQLCHn23SkANwtzfY6yfbJ79r5kpfHAzzKdHVFvYw27ji4HPZ9AKrMd7","lang_type":"1"}}

2018-11-28 15:57:21
demo.webmigrates.com/osnap/api/Registration/EditUser
{"data":{"is_agree":"1","id":"137","token":"tzAwqejmblyAcE1hpcTPjT5MWLSOTDIlDGYgVEaxUwYNvIn5S0jbPbLHbcKJxEfWkQLCHn23SkANwtzfY6yfbJ79r5kpfHAzzKdHVFvYw27ji4HPZ9AKrMd7","lang_type":"1"}}

2018-11-28 15:57:22
demo.webmigrates.com/osnap/api/Notification/CountBase
{"data":{"token":"tzAwqejmblyAcE1hpcTPjT5MWLSOTDIlDGYgVEaxUwYNvIn5S0jbPbLHbcKJxEfWkQLCHn23SkANwtzfY6yfbJ79r5kpfHAzzKdHVFvYw27ji4HPZ9AKrMd7","user_id":"137","lang_type":"1"}}

2018-11-28 15:57:22
demo.webmigrates.com/osnap/api/Registration/BusinessMyEvent
{"data":{"id":"137","year":"2018","token":"tzAwqejmblyAcE1hpcTPjT5MWLSOTDIlDGYgVEaxUwYNvIn5S0jbPbLHbcKJxEfWkQLCHn23SkANwtzfY6yfbJ79r5kpfHAzzKdHVFvYw27ji4HPZ9AKrMd7","lang_type":"1"}}

2018-11-28 15:57:22
demo.webmigrates.com/osnap/api/Registration/UserDetail
{"data":{"id":"137","other_id":"137","token":"tzAwqejmblyAcE1hpcTPjT5MWLSOTDIlDGYgVEaxUwYNvIn5S0jbPbLHbcKJxEfWkQLCHn23SkANwtzfY6yfbJ79r5kpfHAzzKdHVFvYw27ji4HPZ9AKrMd7","lang_type":"1"}}

2018-11-28 15:57:30
demo.webmigrates.com/osnap/api/General/GetCategory
{"data":{"id":"137","token":"tzAwqejmblyAcE1hpcTPjT5MWLSOTDIlDGYgVEaxUwYNvIn5S0jbPbLHbcKJxEfWkQLCHn23SkANwtzfY6yfbJ79r5kpfHAzzKdHVFvYw27ji4HPZ9AKrMd7","lang_type":"1"}}

2018-11-28 15:57:35
demo.webmigrates.com/osnap/api/General/GetSubCategory
{"data":{"id":"137","category_id":"12","token":"tzAwqejmblyAcE1hpcTPjT5MWLSOTDIlDGYgVEaxUwYNvIn5S0jbPbLHbcKJxEfWkQLCHn23SkANwtzfY6yfbJ79r5kpfHAzzKdHVFvYw27ji4HPZ9AKrMd7","lang_type":"1"}}

2018-11-28 15:57:50
demo.webmigrates.com/osnap/api/Registration/AddUpdateSkill
{"data":{"skill":[{"subcategory_name":"drywall","price_type":"1","end_time":"8:00 PM","category_id":"12","price":"52","category_name":"Construction","service_name":"bub","start_time":"8:00 AM","service_photo":[],"description":"Bob","subcategory_id":"14"}],"id":"137","token":"tzAwqejmblyAcE1hpcTPjT5MWLSOTDIlDGYgVEaxUwYNvIn5S0jbPbLHbcKJxEfWkQLCHn23SkANwtzfY6yfbJ79r5kpfHAzzKdHVFvYw27ji4HPZ9AKrMd7","lang_type":"1"}}

2018-11-28 15:57:56
demo.webmigrates.com/osnap/api/Registration/UserDetail
{"data":{"id":"137","other_id":"137","token":"tzAwqejmblyAcE1hpcTPjT5MWLSOTDIlDGYgVEaxUwYNvIn5S0jbPbLHbcKJxEfWkQLCHn23SkANwtzfY6yfbJ79r5kpfHAzzKdHVFvYw27ji4HPZ9AKrMd7","lang_type":"1"}}

2018-11-28 15:57:56
demo.webmigrates.com/osnap/api/Notification/CountBase
{"data":{"token":"tzAwqejmblyAcE1hpcTPjT5MWLSOTDIlDGYgVEaxUwYNvIn5S0jbPbLHbcKJxEfWkQLCHn23SkANwtzfY6yfbJ79r5kpfHAzzKdHVFvYw27ji4HPZ9AKrMd7","user_id":"137","lang_type":"1"}}

2018-11-28 15:58:19
demo.webmigrates.com/osnap/api/Notification/CountBase
{"data":{"token":"tzAwqejmblyAcE1hpcTPjT5MWLSOTDIlDGYgVEaxUwYNvIn5S0jbPbLHbcKJxEfWkQLCHn23SkANwtzfY6yfbJ79r5kpfHAzzKdHVFvYw27ji4HPZ9AKrMd7","user_id":"137","lang_type":"1"}}

2018-11-28 15:58:19
demo.webmigrates.com/osnap/api/Registration/UserDetail
{"data":{"id":"137","other_id":"137","token":"tzAwqejmblyAcE1hpcTPjT5MWLSOTDIlDGYgVEaxUwYNvIn5S0jbPbLHbcKJxEfWkQLCHn23SkANwtzfY6yfbJ79r5kpfHAzzKdHVFvYw27ji4HPZ9AKrMd7","lang_type":"1"}}

2018-11-28 15:58:27
demo.webmigrates.com/osnap/api/Notification/CountBase
{"data":{"token":"tzAwqejmblyAcE1hpcTPjT5MWLSOTDIlDGYgVEaxUwYNvIn5S0jbPbLHbcKJxEfWkQLCHn23SkANwtzfY6yfbJ79r5kpfHAzzKdHVFvYw27ji4HPZ9AKrMd7","user_id":"137","lang_type":"1"}}

2018-11-28 15:58:27
demo.webmigrates.com/osnap/api/Registration/BusinessMyEvent
{"data":{"id":"137","year":"2018","token":"tzAwqejmblyAcE1hpcTPjT5MWLSOTDIlDGYgVEaxUwYNvIn5S0jbPbLHbcKJxEfWkQLCHn23SkANwtzfY6yfbJ79r5kpfHAzzKdHVFvYw27ji4HPZ9AKrMd7","lang_type":"1"}}

2018-11-28 15:58:27
demo.webmigrates.com/osnap/api/Registration/UserDetail
{"data":{"id":"137","other_id":"137","token":"tzAwqejmblyAcE1hpcTPjT5MWLSOTDIlDGYgVEaxUwYNvIn5S0jbPbLHbcKJxEfWkQLCHn23SkANwtzfY6yfbJ79r5kpfHAzzKdHVFvYw27ji4HPZ9AKrMd7","lang_type":"1"}}

2018-11-28 15:58:35
demo.webmigrates.com/osnap/api/Registration/UserDetail
{"data":{"id":"137","other_id":"137","token":"tzAwqejmblyAcE1hpcTPjT5MWLSOTDIlDGYgVEaxUwYNvIn5S0jbPbLHbcKJxEfWkQLCHn23SkANwtzfY6yfbJ79r5kpfHAzzKdHVFvYw27ji4HPZ9AKrMd7","lang_type":"1"}}

2018-11-28 15:58:50
demo.webmigrates.com/osnap/api/Notification/CountBase
{"data":{"token":"tzAwqejmblyAcE1hpcTPjT5MWLSOTDIlDGYgVEaxUwYNvIn5S0jbPbLHbcKJxEfWkQLCHn23SkANwtzfY6yfbJ79r5kpfHAzzKdHVFvYw27ji4HPZ9AKrMd7","user_id":"137","lang_type":"1"}}

2018-11-28 15:58:50
demo.webmigrates.com/osnap/api/Registration/UserDetail
{"data":{"id":"137","other_id":"137","token":"tzAwqejmblyAcE1hpcTPjT5MWLSOTDIlDGYgVEaxUwYNvIn5S0jbPbLHbcKJxEfWkQLCHn23SkANwtzfY6yfbJ79r5kpfHAzzKdHVFvYw27ji4HPZ9AKrMd7","lang_type":"1"}}

2018-11-28 15:58:50
demo.webmigrates.com/osnap/api/Registration/BusinessMyEvent
{"data":{"id":"137","year":"2018","token":"tzAwqejmblyAcE1hpcTPjT5MWLSOTDIlDGYgVEaxUwYNvIn5S0jbPbLHbcKJxEfWkQLCHn23SkANwtzfY6yfbJ79r5kpfHAzzKdHVFvYw27ji4HPZ9AKrMd7","lang_type":"1"}}

2018-11-28 16:00:47
demo.webmigrates.com/osnap/api/Notification/CountBase
{"data":{"token":"tzAwqejmblyAcE1hpcTPjT5MWLSOTDIlDGYgVEaxUwYNvIn5S0jbPbLHbcKJxEfWkQLCHn23SkANwtzfY6yfbJ79r5kpfHAzzKdHVFvYw27ji4HPZ9AKrMd7","user_id":"137","lang_type":"1"}}

2018-11-28 16:00:47
demo.webmigrates.com/osnap/api/Registration/UserDetail
{"data":{"id":"137","other_id":"137","token":"tzAwqejmblyAcE1hpcTPjT5MWLSOTDIlDGYgVEaxUwYNvIn5S0jbPbLHbcKJxEfWkQLCHn23SkANwtzfY6yfbJ79r5kpfHAzzKdHVFvYw27ji4HPZ9AKrMd7","lang_type":"1"}}

2018-11-28 16:00:55
demo.webmigrates.com/osnap/api/Registration/Logout
{"data":{"id":"137","token":"tzAwqejmblyAcE1hpcTPjT5MWLSOTDIlDGYgVEaxUwYNvIn5S0jbPbLHbcKJxEfWkQLCHn23SkANwtzfY6yfbJ79r5kpfHAzzKdHVFvYw27ji4HPZ9AKrMd7","lang_type":"1"}}

2018-11-28 16:00:58
demo.webmigrates.com/osnap/api/Registration/CheckLogin
{"data":{"username":"bemp874","lang_type":"1","password":"america1","device_token":"fc17f6681cdd04b0ab5e38f05b6800cfc2b4b2f476ff322ca0eef8ca2d687c69","device_type":"1"}}

2018-11-28 16:00:59
demo.webmigrates.com/osnap/api/Registration/BusinessMyEvent
{"data":{"id":"109","year":"2018","token":"5NlrYonTQva0iKca728lBQMq3KvU7oXZwAoAwUH5S35HOPTRtM6sP0n2lYFXoZPpwhGx4Eaqy0IhkDv1GbNoAkmwOrCpu7NsLTLCGNYUwsLtvSzkgVpqO2Dy","lang_type":"1"}}

2018-11-28 16:00:59
demo.webmigrates.com/osnap/api/Registration/UserDetail
{"data":{"id":"109","other_id":"109","token":"5NlrYonTQva0iKca728lBQMq3KvU7oXZwAoAwUH5S35HOPTRtM6sP0n2lYFXoZPpwhGx4Eaqy0IhkDv1GbNoAkmwOrCpu7NsLTLCGNYUwsLtvSzkgVpqO2Dy","lang_type":"1"}}

2018-11-28 16:00:59
demo.webmigrates.com/osnap/api/Notification/CountBase
{"data":{"token":"5NlrYonTQva0iKca728lBQMq3KvU7oXZwAoAwUH5S35HOPTRtM6sP0n2lYFXoZPpwhGx4Eaqy0IhkDv1GbNoAkmwOrCpu7NsLTLCGNYUwsLtvSzkgVpqO2Dy","user_id":"109","lang_type":"1"}}

2018-11-28 16:01:10
demo.webmigrates.com/osnap/api/Notification/CountBase
{"data":{"token":"5NlrYonTQva0iKca728lBQMq3KvU7oXZwAoAwUH5S35HOPTRtM6sP0n2lYFXoZPpwhGx4Eaqy0IhkDv1GbNoAkmwOrCpu7NsLTLCGNYUwsLtvSzkgVpqO2Dy","user_id":"109","lang_type":"1"}}

2018-11-28 16:01:10
demo.webmigrates.com/osnap/api/Registration/UserDetail
{"data":{"id":"109","other_id":"109","token":"5NlrYonTQva0iKca728lBQMq3KvU7oXZwAoAwUH5S35HOPTRtM6sP0n2lYFXoZPpwhGx4Eaqy0IhkDv1GbNoAkmwOrCpu7NsLTLCGNYUwsLtvSzkgVpqO2Dy","lang_type":"1"}}

2018-11-28 16:01:30
demo.webmigrates.com/osnap/api/Registration/UserDetail
{"data":{"id":"109","other_id":"109","token":"5NlrYonTQva0iKca728lBQMq3KvU7oXZwAoAwUH5S35HOPTRtM6sP0n2lYFXoZPpwhGx4Eaqy0IhkDv1GbNoAkmwOrCpu7NsLTLCGNYUwsLtvSzkgVpqO2Dy","lang_type":"1"}}

2018-11-28 16:01:30
demo.webmigrates.com/osnap/api/Notification/CountBase
{"data":{"token":"5NlrYonTQva0iKca728lBQMq3KvU7oXZwAoAwUH5S35HOPTRtM6sP0n2lYFXoZPpwhGx4Eaqy0IhkDv1GbNoAkmwOrCpu7NsLTLCGNYUwsLtvSzkgVpqO2Dy","user_id":"109","lang_type":"1"}}

2018-11-28 16:03:54
demo.webmigrates.com/osnap/api/Registration/UserDetail
{"data":{"id":"110","other_id":"110","token":"rewYqS8n75zZhlkHE1GYHxB4deUNLUnnba5RDFaO5ysYJSEHqhKngabdjpKcSuZP0urcgotxspiQL3Dwu2ZoRAgQmgZBywDkMvlDRly2Hs7gRsAoEDWRr6tf","lang_type":"1"}}

2018-11-28 16:04:00
demo.webmigrates.com/osnap/api/Registration/Logout
{"data":{"id":"110","token":"rewYqS8n75zZhlkHE1GYHxB4deUNLUnnba5RDFaO5ysYJSEHqhKngabdjpKcSuZP0urcgotxspiQL3Dwu2ZoRAgQmgZBywDkMvlDRly2Hs7gRsAoEDWRr6tf","lang_type":"1"}}

2018-11-28 16:04:03
demo.webmigrates.com/osnap/api/Registration/CheckLogin
{"data":{"username":"bemp875","lang_type":"1","password":"america1","device_token":"121212","device_type":"1"}}

2018-11-28 16:04:07
demo.webmigrates.com/osnap/api/Registration/Logout
{"data":{"id":"110","token":"PXAg9zynDHRphrB92MlnoG8Yuk2vacZ0SDkoidE2kS8CifgsfJJXOfQqgTqm4DRihnsk41u0jZcZwTWW52DIIAOHGADaLNGztkn4e4MfYaZucXRRIyKTDxlS","lang_type":"1"}}

2018-11-28 16:04:17
demo.webmigrates.com/osnap/api/Registration/CheckLogin
{"data":{"username":"bemp873","lang_type":"1","password":"america1","device_token":"121212","device_type":"1"}}

2018-11-28 16:04:21
demo.webmigrates.com/osnap/api/Registration/Logout
{"data":{"id":"42","token":"tiir6T3wQZcd3mtWX0vZAhmqFPfeIcL6EhK2oMUZIxn2ZLAuHJ4irf3wEjWD1vIjM312dSRU4vxaEELhuPMkalJJ2cmrnrccybMRH19FgIMiKyEoPhZw6GFV","lang_type":"1"}}

2018-11-28 16:04:27
demo.webmigrates.com/osnap/api/Registration/CheckLogin
{"data":{"username":"bemp872","lang_type":"1","password":"america1","device_token":"121212","device_type":"1"}}

2018-11-28 16:04:30
demo.webmigrates.com/osnap/api/Registration/Logout
{"data":{"id":"41","token":"9RoI5ULgoFHPKn2myFVVjG01TGZ5VHzmv0eexBCsS7HL9BPeyevwsAFgT7ohE6YVJ1dEE0lGG5Pd6H3eA9EVKFKTL9PD8dz7qnv8IeqH2VOzEZFpgGwZ7fvF","lang_type":"1"}}

2018-11-28 16:04:38
demo.webmigrates.com/osnap/api/Registration/CheckLogin
{"data":{"username":"bemp876","lang_type":"1","password":"america1","device_token":"121212","device_type":"1"}}

2018-11-28 16:04:40
demo.webmigrates.com/osnap/api/Registration/UserDetail
{"data":{"id":"117","other_id":"117","token":"LSVWxTmd8DuOGZfXST8lOpaflrOjFrPRUIAluBGHwEWKI1OJBgt7hk44TZEg5GbW25A5BMkwSrTDBQ2fCSF7G5rYueJ6d9EawPWS40GYluXi6RDGSeIHu87D","lang_type":"1"}}

2018-11-28 16:04:45
demo.webmigrates.com/osnap/api/Registration/Logout
{"data":{"id":"117","token":"LSVWxTmd8DuOGZfXST8lOpaflrOjFrPRUIAluBGHwEWKI1OJBgt7hk44TZEg5GbW25A5BMkwSrTDBQ2fCSF7G5rYueJ6d9EawPWS40GYluXi6RDGSeIHu87D","lang_type":"1"}}

2018-11-28 16:04:51
demo.webmigrates.com/osnap/api/Registration/CheckLogin
{"data":{"username":"bemp875","lang_type":"1","password":"america1","device_token":"121212","device_type":"1"}}

2018-11-28 16:04:58
demo.webmigrates.com/osnap/api/Registration/UserDetail
{"data":{"id":"110","other_id":"110","token":"37w7t0Cfm5FP008DaXuJwDoLY6MtUII4JKuRSpTPhQl1clcSSCHBrmrofHV05MxDa9qW7vSaZ0iJpt2oRNNa4MSRKSzBzSOlH590Vbw53uYCSpGZkgyzhlrJ","lang_type":"1"}}

2018-11-28 16:05:50
demo.webmigrates.com/osnap/api/Registration/UserDetail
{"data":{"id":"110","other_id":"110","token":"37w7t0Cfm5FP008DaXuJwDoLY6MtUII4JKuRSpTPhQl1clcSSCHBrmrofHV05MxDa9qW7vSaZ0iJpt2oRNNa4MSRKSzBzSOlH590Vbw53uYCSpGZkgyzhlrJ","lang_type":"1"}}

2018-11-28 16:06:22
demo.webmigrates.com/osnap/api/Registration/AddCard
{"data":{"cardtoken":"tok_1DbbAnH2N8KYROq9VqZdgj76","id":"110","is_default":"1","token":"37w7t0Cfm5FP008DaXuJwDoLY6MtUII4JKuRSpTPhQl1clcSSCHBrmrofHV05MxDa9qW7vSaZ0iJpt2oRNNa4MSRKSzBzSOlH590Vbw53uYCSpGZkgyzhlrJ","lang_type":"1"}}

2018-11-28 16:06:24
demo.webmigrates.com/osnap/api/Registration/UserDetail
{"data":{"id":"110","other_id":"110","token":"37w7t0Cfm5FP008DaXuJwDoLY6MtUII4JKuRSpTPhQl1clcSSCHBrmrofHV05MxDa9qW7vSaZ0iJpt2oRNNa4MSRKSzBzSOlH590Vbw53uYCSpGZkgyzhlrJ","lang_type":"1"}}

2018-11-28 16:06:28
demo.webmigrates.com/osnap/api/Registration/SubscribeUser
{"data":{"card_id":"171","id":"110","token":"37w7t0Cfm5FP008DaXuJwDoLY6MtUII4JKuRSpTPhQl1clcSSCHBrmrofHV05MxDa9qW7vSaZ0iJpt2oRNNa4MSRKSzBzSOlH590Vbw53uYCSpGZkgyzhlrJ","lang_type":"1"}}

2018-11-28 16:06:30
demo.webmigrates.com/osnap/api/Registration/ClientMyEvent
{"data":{"id":"110","year":"2018","token":"37w7t0Cfm5FP008DaXuJwDoLY6MtUII4JKuRSpTPhQl1clcSSCHBrmrofHV05MxDa9qW7vSaZ0iJpt2oRNNa4MSRKSzBzSOlH590Vbw53uYCSpGZkgyzhlrJ","lang_type":"1"}}

2018-11-28 16:06:30
demo.webmigrates.com/osnap/api/Notification/CountBase
{"data":{"token":"37w7t0Cfm5FP008DaXuJwDoLY6MtUII4JKuRSpTPhQl1clcSSCHBrmrofHV05MxDa9qW7vSaZ0iJpt2oRNNa4MSRKSzBzSOlH590Vbw53uYCSpGZkgyzhlrJ","user_id":"110","lang_type":"1"}}

2018-11-28 16:06:30
demo.webmigrates.com/osnap/api/Registration/UserDetail
{"data":{"id":"110","other_id":"110","token":"37w7t0Cfm5FP008DaXuJwDoLY6MtUII4JKuRSpTPhQl1clcSSCHBrmrofHV05MxDa9qW7vSaZ0iJpt2oRNNa4MSRKSzBzSOlH590Vbw53uYCSpGZkgyzhlrJ","lang_type":"1"}}

2018-11-28 16:06:36
demo.webmigrates.com/osnap/api/Notification/GetNotification
{"data":{"limit":10,"page":1,"user_id":"110","token":"37w7t0Cfm5FP008DaXuJwDoLY6MtUII4JKuRSpTPhQl1clcSSCHBrmrofHV05MxDa9qW7vSaZ0iJpt2oRNNa4MSRKSzBzSOlH590Vbw53uYCSpGZkgyzhlrJ","lang_type":"1"}}

2018-11-28 16:06:37
demo.webmigrates.com/osnap/api/Notification/ClearBase
{"data":{"token":"37w7t0Cfm5FP008DaXuJwDoLY6MtUII4JKuRSpTPhQl1clcSSCHBrmrofHV05MxDa9qW7vSaZ0iJpt2oRNNa4MSRKSzBzSOlH590Vbw53uYCSpGZkgyzhlrJ","user_id":"110","lang_type":"1"}}

2018-11-28 16:06:37
demo.webmigrates.com/osnap/api/Notification/GetNotification
{"data":{"limit":10,"page":2,"user_id":"110","token":"37w7t0Cfm5FP008DaXuJwDoLY6MtUII4JKuRSpTPhQl1clcSSCHBrmrofHV05MxDa9qW7vSaZ0iJpt2oRNNa4MSRKSzBzSOlH590Vbw53uYCSpGZkgyzhlrJ","lang_type":"1"}}

2018-11-28 16:06:44
demo.webmigrates.com/osnap/api/Registration/UserDetail
{"data":{"id":"110","other_id":"110","token":"37w7t0Cfm5FP008DaXuJwDoLY6MtUII4JKuRSpTPhQl1clcSSCHBrmrofHV05MxDa9qW7vSaZ0iJpt2oRNNa4MSRKSzBzSOlH590Vbw53uYCSpGZkgyzhlrJ","lang_type":"1"}}

2018-11-28 16:07:14
demo.webmigrates.com/osnap/api/Registration/ClientMyEvent
{"data":{"id":"110","year":"2018","token":"37w7t0Cfm5FP008DaXuJwDoLY6MtUII4JKuRSpTPhQl1clcSSCHBrmrofHV05MxDa9qW7vSaZ0iJpt2oRNNa4MSRKSzBzSOlH590Vbw53uYCSpGZkgyzhlrJ","lang_type":"1"}}

2018-11-28 17:45:57
demo.webmigrates.com/osnap/images/logo-white.png


2018-11-28 17:47:58
demo.webmigrates.com/osnap/images/logo-white.png


2018-11-28 21:25:12
demo.webmigrates.com/osnap/api/Notification/CountBase
{"data":{"token":"5NlrYonTQva0iKca728lBQMq3KvU7oXZwAoAwUH5S35HOPTRtM6sP0n2lYFXoZPpwhGx4Eaqy0IhkDv1GbNoAkmwOrCpu7NsLTLCGNYUwsLtvSzkgVpqO2Dy","user_id":"109","lang_type":"1"}}

2018-11-28 21:25:12
demo.webmigrates.com/osnap/api/Registration/UserDetail
{"data":{"id":"109","other_id":"109","token":"5NlrYonTQva0iKca728lBQMq3KvU7oXZwAoAwUH5S35HOPTRtM6sP0n2lYFXoZPpwhGx4Eaqy0IhkDv1GbNoAkmwOrCpu7NsLTLCGNYUwsLtvSzkgVpqO2Dy","lang_type":"1"}}

2018-11-28 23:03:38
demo.webmigrates.com/osnap/api/Notification/CountBase
{"data":{"token":"vzMqBrqTXlrWFMbEXUrOcFoY7KaOzRX2ffFmHarbLByfzkdsA9rGQhVZddEPzWf1WaH60SPKDcfHrs2cCiITOocO7NxiRgqjJcC5uyrlgEnCqycZ1tkJVeDw","user_id":"136","lang_type":"1"}}

2018-11-28 23:03:38
demo.webmigrates.com/osnap/api/Registration/UserDetail
{"data":{"id":"136","other_id":"136","token":"vzMqBrqTXlrWFMbEXUrOcFoY7KaOzRX2ffFmHarbLByfzkdsA9rGQhVZddEPzWf1WaH60SPKDcfHrs2cCiITOocO7NxiRgqjJcC5uyrlgEnCqycZ1tkJVeDw","lang_type":"1"}}

2018-11-28 23:03:38
demo.webmigrates.com/osnap/api/Registration/ClientMyEvent
{"data":{"id":"136","year":"2018","token":"vzMqBrqTXlrWFMbEXUrOcFoY7KaOzRX2ffFmHarbLByfzkdsA9rGQhVZddEPzWf1WaH60SPKDcfHrs2cCiITOocO7NxiRgqjJcC5uyrlgEnCqycZ1tkJVeDw","lang_type":"1"}}

2018-11-28 23:03:50
demo.webmigrates.com/osnap/api/Registration/UserDetail
{"data":{"id":"136","other_id":"136","token":"vzMqBrqTXlrWFMbEXUrOcFoY7KaOzRX2ffFmHarbLByfzkdsA9rGQhVZddEPzWf1WaH60SPKDcfHrs2cCiITOocO7NxiRgqjJcC5uyrlgEnCqycZ1tkJVeDw","lang_type":"1"}}

2018-11-28 23:19:46
demo.webmigrates.com/osnap/api/Registration/ClientMyEvent
{"data":{"id":"136","year":"2018","token":"vzMqBrqTXlrWFMbEXUrOcFoY7KaOzRX2ffFmHarbLByfzkdsA9rGQhVZddEPzWf1WaH60SPKDcfHrs2cCiITOocO7NxiRgqjJcC5uyrlgEnCqycZ1tkJVeDw","lang_type":"1"}}

2018-11-28 23:19:47
demo.webmigrates.com/osnap/api/Notification/CountBase
{"data":{"token":"vzMqBrqTXlrWFMbEXUrOcFoY7KaOzRX2ffFmHarbLByfzkdsA9rGQhVZddEPzWf1WaH60SPKDcfHrs2cCiITOocO7NxiRgqjJcC5uyrlgEnCqycZ1tkJVeDw","user_id":"136","lang_type":"1"}}

2018-11-28 23:19:47
demo.webmigrates.com/osnap/api/Registration/UserDetail
{"data":{"id":"136","other_id":"136","token":"vzMqBrqTXlrWFMbEXUrOcFoY7KaOzRX2ffFmHarbLByfzkdsA9rGQhVZddEPzWf1WaH60SPKDcfHrs2cCiITOocO7NxiRgqjJcC5uyrlgEnCqycZ1tkJVeDw","lang_type":"1"}}

2018-11-28 23:20:12
demo.webmigrates.com/osnap/api/Registration/UserDetail
{"data":{"id":"136","other_id":"136","token":"vzMqBrqTXlrWFMbEXUrOcFoY7KaOzRX2ffFmHarbLByfzkdsA9rGQhVZddEPzWf1WaH60SPKDcfHrs2cCiITOocO7NxiRgqjJcC5uyrlgEnCqycZ1tkJVeDw","lang_type":"1"}}

2018-11-28 23:20:21
demo.webmigrates.com/osnap/api/Registration/ClientMyEvent
{"data":{"id":"136","year":"2018","token":"vzMqBrqTXlrWFMbEXUrOcFoY7KaOzRX2ffFmHarbLByfzkdsA9rGQhVZddEPzWf1WaH60SPKDcfHrs2cCiITOocO7NxiRgqjJcC5uyrlgEnCqycZ1tkJVeDw","lang_type":"1"}}

2018-11-28 23:21:57
demo.webmigrates.com/osnap/api/Registration/UserDetail
{"data":{"id":"136","other_id":"136","token":"vzMqBrqTXlrWFMbEXUrOcFoY7KaOzRX2ffFmHarbLByfzkdsA9rGQhVZddEPzWf1WaH60SPKDcfHrs2cCiITOocO7NxiRgqjJcC5uyrlgEnCqycZ1tkJVeDw","lang_type":"1"}}

2018-11-28 23:24:34
demo.webmigrates.com/osnap/api/Registration/ClientMyEvent
{"data":{"id":"136","year":"2018","token":"vzMqBrqTXlrWFMbEXUrOcFoY7KaOzRX2ffFmHarbLByfzkdsA9rGQhVZddEPzWf1WaH60SPKDcfHrs2cCiITOocO7NxiRgqjJcC5uyrlgEnCqycZ1tkJVeDw","lang_type":"1"}}

2018-11-28 23:24:34
demo.webmigrates.com/osnap/api/Notification/CountBase
{"data":{"token":"vzMqBrqTXlrWFMbEXUrOcFoY7KaOzRX2ffFmHarbLByfzkdsA9rGQhVZddEPzWf1WaH60SPKDcfHrs2cCiITOocO7NxiRgqjJcC5uyrlgEnCqycZ1tkJVeDw","user_id":"136","lang_type":"1"}}

2018-11-28 23:24:34
demo.webmigrates.com/osnap/api/Registration/UserDetail
{"data":{"id":"136","other_id":"136","token":"vzMqBrqTXlrWFMbEXUrOcFoY7KaOzRX2ffFmHarbLByfzkdsA9rGQhVZddEPzWf1WaH60SPKDcfHrs2cCiITOocO7NxiRgqjJcC5uyrlgEnCqycZ1tkJVeDw","lang_type":"1"}}

2018-11-28 23:24:56
demo.webmigrates.com/osnap/api/Registration/UserDetail
{"data":{"id":"136","other_id":"136","token":"vzMqBrqTXlrWFMbEXUrOcFoY7KaOzRX2ffFmHarbLByfzkdsA9rGQhVZddEPzWf1WaH60SPKDcfHrs2cCiITOocO7NxiRgqjJcC5uyrlgEnCqycZ1tkJVeDw","lang_type":"1"}}

2018-11-28 23:25:32
demo.webmigrates.com/osnap/api/Registration/ClientMyEvent
{"data":{"id":"136","year":"2018","token":"vzMqBrqTXlrWFMbEXUrOcFoY7KaOzRX2ffFmHarbLByfzkdsA9rGQhVZddEPzWf1WaH60SPKDcfHrs2cCiITOocO7NxiRgqjJcC5uyrlgEnCqycZ1tkJVeDw","lang_type":"1"}}

2018-11-28 23:25:32
demo.webmigrates.com/osnap/api/Notification/CountBase
{"data":{"token":"vzMqBrqTXlrWFMbEXUrOcFoY7KaOzRX2ffFmHarbLByfzkdsA9rGQhVZddEPzWf1WaH60SPKDcfHrs2cCiITOocO7NxiRgqjJcC5uyrlgEnCqycZ1tkJVeDw","user_id":"136","lang_type":"1"}}

2018-11-28 23:25:32
demo.webmigrates.com/osnap/api/Registration/UserDetail
{"data":{"id":"136","other_id":"136","token":"vzMqBrqTXlrWFMbEXUrOcFoY7KaOzRX2ffFmHarbLByfzkdsA9rGQhVZddEPzWf1WaH60SPKDcfHrs2cCiITOocO7NxiRgqjJcC5uyrlgEnCqycZ1tkJVeDw","lang_type":"1"}}

2018-11-28 23:25:34
demo.webmigrates.com/osnap/api/Notification/GetNotification
{"data":{"limit":10,"page":1,"user_id":"136","token":"vzMqBrqTXlrWFMbEXUrOcFoY7KaOzRX2ffFmHarbLByfzkdsA9rGQhVZddEPzWf1WaH60SPKDcfHrs2cCiITOocO7NxiRgqjJcC5uyrlgEnCqycZ1tkJVeDw","lang_type":"1"}}

2018-11-28 23:25:36
demo.webmigrates.com/osnap/api/Notification/ClearBase
{"data":{"token":"vzMqBrqTXlrWFMbEXUrOcFoY7KaOzRX2ffFmHarbLByfzkdsA9rGQhVZddEPzWf1WaH60SPKDcfHrs2cCiITOocO7NxiRgqjJcC5uyrlgEnCqycZ1tkJVeDw","user_id":"136","lang_type":"1"}}

2018-11-28 23:25:38
demo.webmigrates.com/osnap/api/Registration/UserDetail
{"data":{"id":"136","other_id":"136","token":"vzMqBrqTXlrWFMbEXUrOcFoY7KaOzRX2ffFmHarbLByfzkdsA9rGQhVZddEPzWf1WaH60SPKDcfHrs2cCiITOocO7NxiRgqjJcC5uyrlgEnCqycZ1tkJVeDw","lang_type":"1"}}

2018-11-28 23:25:43
demo.webmigrates.com/osnap/api/Registration/Logout
{"data":{"id":"136","token":"vzMqBrqTXlrWFMbEXUrOcFoY7KaOzRX2ffFmHarbLByfzkdsA9rGQhVZddEPzWf1WaH60SPKDcfHrs2cCiITOocO7NxiRgqjJcC5uyrlgEnCqycZ1tkJVeDw","lang_type":"1"}}

2018-11-28 23:26:01
demo.webmigrates.com/osnap/api/Registration/CheckLogin
{"data":{"username":"val1cust44","lang_type":"1","password":"vvvvvvvv","device_token":"17d0fef2b0ade64d9381b5f6386ae38552e2b99a55dbc813d6203deaa503410e","device_type":"1"}}

2018-11-28 23:26:04
demo.webmigrates.com/osnap/api/Registration/ClientMyEvent
{"data":{"id":"11","year":"2018","token":"QW9NUz80oaNwmT3saNnxqFZEX5xHT6papMNA7C8Ap83QwlDpzTY4TN2QG0EFQxpGxuvvpm8EiBZuAamcEMyuhQGTMx1seh4nJMd5X8wMD2F2aDWe1Kuse85D","lang_type":"1"}}

2018-11-28 23:26:04
demo.webmigrates.com/osnap/api/Notification/CountBase
{"data":{"token":"QW9NUz80oaNwmT3saNnxqFZEX5xHT6papMNA7C8Ap83QwlDpzTY4TN2QG0EFQxpGxuvvpm8EiBZuAamcEMyuhQGTMx1seh4nJMd5X8wMD2F2aDWe1Kuse85D","user_id":"11","lang_type":"1"}}

2018-11-28 23:26:04
demo.webmigrates.com/osnap/api/Registration/UserDetail
{"data":{"id":"11","other_id":"11","token":"QW9NUz80oaNwmT3saNnxqFZEX5xHT6papMNA7C8Ap83QwlDpzTY4TN2QG0EFQxpGxuvvpm8EiBZuAamcEMyuhQGTMx1seh4nJMd5X8wMD2F2aDWe1Kuse85D","lang_type":"1"}}

2018-11-28 23:26:10
demo.webmigrates.com/osnap/api/Notification/GetNotification
{"data":{"limit":10,"page":1,"user_id":"11","token":"QW9NUz80oaNwmT3saNnxqFZEX5xHT6papMNA7C8Ap83QwlDpzTY4TN2QG0EFQxpGxuvvpm8EiBZuAamcEMyuhQGTMx1seh4nJMd5X8wMD2F2aDWe1Kuse85D","lang_type":"1"}}

2018-11-28 23:26:10
demo.webmigrates.com/osnap/api/Notification/ClearBase
{"data":{"token":"QW9NUz80oaNwmT3saNnxqFZEX5xHT6papMNA7C8Ap83QwlDpzTY4TN2QG0EFQxpGxuvvpm8EiBZuAamcEMyuhQGTMx1seh4nJMd5X8wMD2F2aDWe1Kuse85D","user_id":"11","lang_type":"1"}}

2018-11-28 23:26:14
demo.webmigrates.com/osnap/api/Registration/UserDetail
{"data":{"id":"11","other_id":"11","token":"QW9NUz80oaNwmT3saNnxqFZEX5xHT6papMNA7C8Ap83QwlDpzTY4TN2QG0EFQxpGxuvvpm8EiBZuAamcEMyuhQGTMx1seh4nJMd5X8wMD2F2aDWe1Kuse85D","lang_type":"1"}}

2018-11-28 23:26:24
demo.webmigrates.com/osnap/api/Registration/UserDetail
{"data":{"id":"11","other_id":"11","token":"QW9NUz80oaNwmT3saNnxqFZEX5xHT6papMNA7C8Ap83QwlDpzTY4TN2QG0EFQxpGxuvvpm8EiBZuAamcEMyuhQGTMx1seh4nJMd5X8wMD2F2aDWe1Kuse85D","lang_type":"1"}}

2018-11-28 23:26:27
demo.webmigrates.com/osnap/api/Registration/UserDetail
{"data":{"id":"11","other_id":"11","token":"QW9NUz80oaNwmT3saNnxqFZEX5xHT6papMNA7C8Ap83QwlDpzTY4TN2QG0EFQxpGxuvvpm8EiBZuAamcEMyuhQGTMx1seh4nJMd5X8wMD2F2aDWe1Kuse85D","lang_type":"1"}}

2018-11-28 23:28:09
demo.webmigrates.com/osnap/api/Registration/PromotionList
{"data":{"all_list":1,"id":"11","limit":10,"page":1,"token":"QW9NUz80oaNwmT3saNnxqFZEX5xHT6papMNA7C8Ap83QwlDpzTY4TN2QG0EFQxpGxuvvpm8EiBZuAamcEMyuhQGTMx1seh4nJMd5X8wMD2F2aDWe1Kuse85D","lang_type":"1"}}

2018-11-28 23:28:12
demo.webmigrates.com/osnap/api/Registration/SinglePromotion
{"data":{"Dlatitude":"21.236267","id":"11","promotion_id":"31","Dlongtitude":"72.872818","token":"QW9NUz80oaNwmT3saNnxqFZEX5xHT6papMNA7C8Ap83QwlDpzTY4TN2QG0EFQxpGxuvvpm8EiBZuAamcEMyuhQGTMx1seh4nJMd5X8wMD2F2aDWe1Kuse85D","lang_type":"1"}}

2018-11-28 23:28:16
demo.webmigrates.com/osnap/api/Registration/SinglePromotion
{"data":{"Dlatitude":"21.236267","id":"11","promotion_id":"30","Dlongtitude":"72.872818","token":"QW9NUz80oaNwmT3saNnxqFZEX5xHT6papMNA7C8Ap83QwlDpzTY4TN2QG0EFQxpGxuvvpm8EiBZuAamcEMyuhQGTMx1seh4nJMd5X8wMD2F2aDWe1Kuse85D","lang_type":"1"}}

2018-11-28 23:28:21
demo.webmigrates.com/osnap/api/Registration/UserDetail
{"data":{"id":"11","other_id":"11","token":"QW9NUz80oaNwmT3saNnxqFZEX5xHT6papMNA7C8Ap83QwlDpzTY4TN2QG0EFQxpGxuvvpm8EiBZuAamcEMyuhQGTMx1seh4nJMd5X8wMD2F2aDWe1Kuse85D","lang_type":"1"}}

2018-11-28 23:28:24
demo.webmigrates.com/osnap/api/Registration/PromotionList
{"data":{"all_list":1,"id":"11","limit":10,"page":1,"token":"QW9NUz80oaNwmT3saNnxqFZEX5xHT6papMNA7C8Ap83QwlDpzTY4TN2QG0EFQxpGxuvvpm8EiBZuAamcEMyuhQGTMx1seh4nJMd5X8wMD2F2aDWe1Kuse85D","lang_type":"1"}}

2018-11-28 23:28:26
demo.webmigrates.com/osnap/api/Registration/SinglePromotion
{"data":{"Dlatitude":"21.236267","id":"11","promotion_id":"31","Dlongtitude":"72.872818","token":"QW9NUz80oaNwmT3saNnxqFZEX5xHT6papMNA7C8Ap83QwlDpzTY4TN2QG0EFQxpGxuvvpm8EiBZuAamcEMyuhQGTMx1seh4nJMd5X8wMD2F2aDWe1Kuse85D","lang_type":"1"}}

2018-11-28 23:28:49
demo.webmigrates.com/osnap/api/Registration/SinglePromotion
{"data":{"Dlatitude":"21.236267","id":"11","promotion_id":"15","Dlongtitude":"72.872818","token":"QW9NUz80oaNwmT3saNnxqFZEX5xHT6papMNA7C8Ap83QwlDpzTY4TN2QG0EFQxpGxuvvpm8EiBZuAamcEMyuhQGTMx1seh4nJMd5X8wMD2F2aDWe1Kuse85D","lang_type":"1"}}

2018-11-28 23:29:00
demo.webmigrates.com/osnap/api/Registration/SinglePromotion
{"data":{"Dlatitude":"21.236267","id":"11","promotion_id":"29","Dlongtitude":"72.872818","token":"QW9NUz80oaNwmT3saNnxqFZEX5xHT6papMNA7C8Ap83QwlDpzTY4TN2QG0EFQxpGxuvvpm8EiBZuAamcEMyuhQGTMx1seh4nJMd5X8wMD2F2aDWe1Kuse85D","lang_type":"1"}}

2018-11-28 23:29:39
demo.webmigrates.com/osnap/api/Registration/SinglePromotion
{"data":{"Dlatitude":"21.236267","id":"11","promotion_id":"29","Dlongtitude":"72.872818","token":"QW9NUz80oaNwmT3saNnxqFZEX5xHT6papMNA7C8Ap83QwlDpzTY4TN2QG0EFQxpGxuvvpm8EiBZuAamcEMyuhQGTMx1seh4nJMd5X8wMD2F2aDWe1Kuse85D","lang_type":"1"}}

2018-11-28 23:29:44
demo.webmigrates.com/osnap/api/Registration/UserDetail
{"data":{"id":"11","other_id":"11","token":"QW9NUz80oaNwmT3saNnxqFZEX5xHT6papMNA7C8Ap83QwlDpzTY4TN2QG0EFQxpGxuvvpm8EiBZuAamcEMyuhQGTMx1seh4nJMd5X8wMD2F2aDWe1Kuse85D","lang_type":"1"}}

2018-11-28 23:30:03
demo.webmigrates.com/osnap/api/General/GetCategory
{"data":{"id":"11","token":"QW9NUz80oaNwmT3saNnxqFZEX5xHT6papMNA7C8Ap83QwlDpzTY4TN2QG0EFQxpGxuvvpm8EiBZuAamcEMyuhQGTMx1seh4nJMd5X8wMD2F2aDWe1Kuse85D","lang_type":"1"}}

2018-11-28 23:30:06
demo.webmigrates.com/osnap/api/Registration/UserDetail
{"data":{"id":"11","other_id":"11","token":"QW9NUz80oaNwmT3saNnxqFZEX5xHT6papMNA7C8Ap83QwlDpzTY4TN2QG0EFQxpGxuvvpm8EiBZuAamcEMyuhQGTMx1seh4nJMd5X8wMD2F2aDWe1Kuse85D","lang_type":"1"}}

2018-11-28 23:30:10
demo.webmigrates.com/osnap/api/Notification/GetNotification
{"data":{"limit":10,"page":1,"user_id":"11","token":"QW9NUz80oaNwmT3saNnxqFZEX5xHT6papMNA7C8Ap83QwlDpzTY4TN2QG0EFQxpGxuvvpm8EiBZuAamcEMyuhQGTMx1seh4nJMd5X8wMD2F2aDWe1Kuse85D","lang_type":"1"}}

2018-11-28 23:30:11
demo.webmigrates.com/osnap/api/Notification/ClearBase
{"data":{"token":"QW9NUz80oaNwmT3saNnxqFZEX5xHT6papMNA7C8Ap83QwlDpzTY4TN2QG0EFQxpGxuvvpm8EiBZuAamcEMyuhQGTMx1seh4nJMd5X8wMD2F2aDWe1Kuse85D","user_id":"11","lang_type":"1"}}

2018-11-28 23:30:12
demo.webmigrates.com/osnap/api/Registration/UserDetail
{"data":{"id":"11","other_id":"11","token":"QW9NUz80oaNwmT3saNnxqFZEX5xHT6papMNA7C8Ap83QwlDpzTY4TN2QG0EFQxpGxuvvpm8EiBZuAamcEMyuhQGTMx1seh4nJMd5X8wMD2F2aDWe1Kuse85D","lang_type":"1"}}

2018-11-28 23:31:00
demo.webmigrates.com/osnap/api/Registration/ClientMyEvent
{"data":{"id":"11","year":"2018","token":"QW9NUz80oaNwmT3saNnxqFZEX5xHT6papMNA7C8Ap83QwlDpzTY4TN2QG0EFQxpGxuvvpm8EiBZuAamcEMyuhQGTMx1seh4nJMd5X8wMD2F2aDWe1Kuse85D","lang_type":"1"}}

2018-11-28 23:31:00
demo.webmigrates.com/osnap/api/Notification/CountBase
{"data":{"token":"QW9NUz80oaNwmT3saNnxqFZEX5xHT6papMNA7C8Ap83QwlDpzTY4TN2QG0EFQxpGxuvvpm8EiBZuAamcEMyuhQGTMx1seh4nJMd5X8wMD2F2aDWe1Kuse85D","user_id":"11","lang_type":"1"}}

2018-11-28 23:31:00
demo.webmigrates.com/osnap/api/Registration/UserDetail
{"data":{"id":"11","other_id":"11","token":"QW9NUz80oaNwmT3saNnxqFZEX5xHT6papMNA7C8Ap83QwlDpzTY4TN2QG0EFQxpGxuvvpm8EiBZuAamcEMyuhQGTMx1seh4nJMd5X8wMD2F2aDWe1Kuse85D","lang_type":"1"}}

2018-11-28 23:31:19
demo.webmigrates.com/osnap/api/Registration/PromotionList
{"data":{"all_list":1,"id":"11","limit":10,"page":1,"token":"QW9NUz80oaNwmT3saNnxqFZEX5xHT6papMNA7C8Ap83QwlDpzTY4TN2QG0EFQxpGxuvvpm8EiBZuAamcEMyuhQGTMx1seh4nJMd5X8wMD2F2aDWe1Kuse85D","lang_type":"1"}}

2018-11-28 23:31:22
demo.webmigrates.com/osnap/api/Registration/SinglePromotion
{"data":{"Dlatitude":"21.236298","id":"11","promotion_id":"31","Dlongtitude":"72.872862","token":"QW9NUz80oaNwmT3saNnxqFZEX5xHT6papMNA7C8Ap83QwlDpzTY4TN2QG0EFQxpGxuvvpm8EiBZuAamcEMyuhQGTMx1seh4nJMd5X8wMD2F2aDWe1Kuse85D","lang_type":"1"}}

2018-11-28 23:32:35
demo.webmigrates.com/osnap/api/Registration/SinglePromotion
{"data":{"Dlatitude":"21.236061","id":"11","promotion_id":"30","Dlongtitude":"72.873044","token":"QW9NUz80oaNwmT3saNnxqFZEX5xHT6papMNA7C8Ap83QwlDpzTY4TN2QG0EFQxpGxuvvpm8EiBZuAamcEMyuhQGTMx1seh4nJMd5X8wMD2F2aDWe1Kuse85D","lang_type":"1"}}

2018-11-28 23:33:15
demo.webmigrates.com/osnap/api/Registration/SinglePromotion
{"data":{"Dlatitude":"21.236446","id":"11","promotion_id":"31","Dlongtitude":"72.873043","token":"QW9NUz80oaNwmT3saNnxqFZEX5xHT6papMNA7C8Ap83QwlDpzTY4TN2QG0EFQxpGxuvvpm8EiBZuAamcEMyuhQGTMx1seh4nJMd5X8wMD2F2aDWe1Kuse85D","lang_type":"1"}}

2018-11-28 23:35:48
demo.webmigrates.com/osnap/api/Registration/SinglePromotion
{"data":{"Dlatitude":"21.236446","id":"11","promotion_id":"31","Dlongtitude":"72.873043","token":"QW9NUz80oaNwmT3saNnxqFZEX5xHT6papMNA7C8Ap83QwlDpzTY4TN2QG0EFQxpGxuvvpm8EiBZuAamcEMyuhQGTMx1seh4nJMd5X8wMD2F2aDWe1Kuse85D","lang_type":"1"}}

2018-11-28 23:37:53
demo.webmigrates.com/osnap/api/Registration/SinglePromotion
{"data":{"Dlatitude":"21.236446","id":"11","promotion_id":"31","Dlongtitude":"72.873043","token":"QW9NUz80oaNwmT3saNnxqFZEX5xHT6papMNA7C8Ap83QwlDpzTY4TN2QG0EFQxpGxuvvpm8EiBZuAamcEMyuhQGTMx1seh4nJMd5X8wMD2F2aDWe1Kuse85D","lang_type":"1"}}

2018-11-28 23:40:41
demo.webmigrates.com/osnap/api/Registration/SinglePromotion
{"data":{"Dlatitude":"21.236446","id":"11","promotion_id":"31","Dlongtitude":"72.873043","token":"QW9NUz80oaNwmT3saNnxqFZEX5xHT6papMNA7C8Ap83QwlDpzTY4TN2QG0EFQxpGxuvvpm8EiBZuAamcEMyuhQGTMx1seh4nJMd5X8wMD2F2aDWe1Kuse85D","lang_type":"1"}}

2018-11-28 23:55:43
demo.webmigrates.com/osnap/api/Registration/SinglePromotion
{"data":{"Dlatitude":"21.236324","id":"11","promotion_id":"31","Dlongtitude":"72.872906","token":"QW9NUz80oaNwmT3saNnxqFZEX5xHT6papMNA7C8Ap83QwlDpzTY4TN2QG0EFQxpGxuvvpm8EiBZuAamcEMyuhQGTMx1seh4nJMd5X8wMD2F2aDWe1Kuse85D","lang_type":"1"}}

