2018-11-30 00:53:26
demo.webmigrates.com/osnap/api/Registration/UserDetail
{"data":{"id":"3","other_id":"3","token":"XdC3JS5RL0uui4yD0Fld3jZzvsBCt5YsuWXykc612b8Q3bIJBM6OHdquuptmiDa2azv9g3ikb9FkiLwvkcYummeIBJ7uMTHMqE4wHHX3DSGElIFfnHtli8Hv","lang_type":"1"}}

2018-11-30 00:53:26
demo.webmigrates.com/osnap/api/Registration/BusinessMyEvent
{"data":{"id":"3","year":"2018","token":"XdC3JS5RL0uui4yD0Fld3jZzvsBCt5YsuWXykc612b8Q3bIJBM6OHdquuptmiDa2azv9g3ikb9FkiLwvkcYummeIBJ7uMTHMqE4wHHX3DSGElIFfnHtli8Hv","lang_type":"1"}}

2018-11-30 00:53:26
demo.webmigrates.com/osnap/api/Notification/CountBase
{"data":{"token":"XdC3JS5RL0uui4yD0Fld3jZzvsBCt5YsuWXykc612b8Q3bIJBM6OHdquuptmiDa2azv9g3ikb9FkiLwvkcYummeIBJ7uMTHMqE4wHHX3DSGElIFfnHtli8Hv","user_id":"3","lang_type":"1"}}

2018-11-30 01:34:57
demo.webmigrates.com/osnap/api/Registration/ClientMyEvent
{"data":{"id":"11","year":"2018","token":"QW9NUz80oaNwmT3saNnxqFZEX5xHT6papMNA7C8Ap83QwlDpzTY4TN2QG0EFQxpGxuvvpm8EiBZuAamcEMyuhQGTMx1seh4nJMd5X8wMD2F2aDWe1Kuse85D","lang_type":"1"}}

2018-11-30 01:34:57
demo.webmigrates.com/osnap/api/Notification/CountBase
{"data":{"token":"QW9NUz80oaNwmT3saNnxqFZEX5xHT6papMNA7C8Ap83QwlDpzTY4TN2QG0EFQxpGxuvvpm8EiBZuAamcEMyuhQGTMx1seh4nJMd5X8wMD2F2aDWe1Kuse85D","user_id":"11","lang_type":"1"}}

2018-11-30 01:34:57
demo.webmigrates.com/osnap/api/Registration/UserDetail
{"data":{"id":"11","other_id":"11","token":"QW9NUz80oaNwmT3saNnxqFZEX5xHT6papMNA7C8Ap83QwlDpzTY4TN2QG0EFQxpGxuvvpm8EiBZuAamcEMyuhQGTMx1seh4nJMd5X8wMD2F2aDWe1Kuse85D","lang_type":"1"}}

2018-11-30 03:25:30
demo.webmigrates.com/osnap/api/Registration/ClientMyEvent
{"data":{"id":"11","year":"2018","token":"QW9NUz80oaNwmT3saNnxqFZEX5xHT6papMNA7C8Ap83QwlDpzTY4TN2QG0EFQxpGxuvvpm8EiBZuAamcEMyuhQGTMx1seh4nJMd5X8wMD2F2aDWe1Kuse85D","lang_type":"1"}}

2018-11-30 03:25:30
demo.webmigrates.com/osnap/api/Notification/CountBase
{"data":{"token":"QW9NUz80oaNwmT3saNnxqFZEX5xHT6papMNA7C8Ap83QwlDpzTY4TN2QG0EFQxpGxuvvpm8EiBZuAamcEMyuhQGTMx1seh4nJMd5X8wMD2F2aDWe1Kuse85D","user_id":"11","lang_type":"1"}}

2018-11-30 03:25:30
demo.webmigrates.com/osnap/api/Registration/UserDetail
{"data":{"id":"11","other_id":"11","token":"QW9NUz80oaNwmT3saNnxqFZEX5xHT6papMNA7C8Ap83QwlDpzTY4TN2QG0EFQxpGxuvvpm8EiBZuAamcEMyuhQGTMx1seh4nJMd5X8wMD2F2aDWe1Kuse85D","lang_type":"1"}}

2018-11-30 03:25:59
demo.webmigrates.com/osnap/api/Registration/BusinessMyEvent
{"data":{"id":"3","year":"2018","token":"XdC3JS5RL0uui4yD0Fld3jZzvsBCt5YsuWXykc612b8Q3bIJBM6OHdquuptmiDa2azv9g3ikb9FkiLwvkcYummeIBJ7uMTHMqE4wHHX3DSGElIFfnHtli8Hv","lang_type":"1"}}

2018-11-30 03:25:59
demo.webmigrates.com/osnap/api/Notification/CountBase
{"data":{"token":"XdC3JS5RL0uui4yD0Fld3jZzvsBCt5YsuWXykc612b8Q3bIJBM6OHdquuptmiDa2azv9g3ikb9FkiLwvkcYummeIBJ7uMTHMqE4wHHX3DSGElIFfnHtli8Hv","user_id":"3","lang_type":"1"}}

2018-11-30 03:25:59
demo.webmigrates.com/osnap/api/Registration/UserDetail
{"data":{"id":"3","other_id":"3","token":"XdC3JS5RL0uui4yD0Fld3jZzvsBCt5YsuWXykc612b8Q3bIJBM6OHdquuptmiDa2azv9g3ikb9FkiLwvkcYummeIBJ7uMTHMqE4wHHX3DSGElIFfnHtli8Hv","lang_type":"1"}}

2018-11-30 03:31:16
demo.webmigrates.com/osnap/api/Notification/CountBase
{"data":{"token":"QW9NUz80oaNwmT3saNnxqFZEX5xHT6papMNA7C8Ap83QwlDpzTY4TN2QG0EFQxpGxuvvpm8EiBZuAamcEMyuhQGTMx1seh4nJMd5X8wMD2F2aDWe1Kuse85D","user_id":"11","lang_type":"1"}}

2018-11-30 03:31:16
demo.webmigrates.com/osnap/api/Registration/ClientMyEvent
{"data":{"id":"11","year":"2018","token":"QW9NUz80oaNwmT3saNnxqFZEX5xHT6papMNA7C8Ap83QwlDpzTY4TN2QG0EFQxpGxuvvpm8EiBZuAamcEMyuhQGTMx1seh4nJMd5X8wMD2F2aDWe1Kuse85D","lang_type":"1"}}

2018-11-30 03:31:16
demo.webmigrates.com/osnap/api/Registration/UserDetail
{"data":{"id":"11","other_id":"11","token":"QW9NUz80oaNwmT3saNnxqFZEX5xHT6papMNA7C8Ap83QwlDpzTY4TN2QG0EFQxpGxuvvpm8EiBZuAamcEMyuhQGTMx1seh4nJMd5X8wMD2F2aDWe1Kuse85D","lang_type":"1"}}

2018-11-30 04:35:58
demo.webmigrates.com/osnap/api/Registration/ClientMyEvent
{"data":{"id":"11","year":"2018","token":"QW9NUz80oaNwmT3saNnxqFZEX5xHT6papMNA7C8Ap83QwlDpzTY4TN2QG0EFQxpGxuvvpm8EiBZuAamcEMyuhQGTMx1seh4nJMd5X8wMD2F2aDWe1Kuse85D","lang_type":"1"}}

2018-11-30 04:36:02
demo.webmigrates.com/osnap/api/Notification/CountBase
{"data":{"token":"XdC3JS5RL0uui4yD0Fld3jZzvsBCt5YsuWXykc612b8Q3bIJBM6OHdquuptmiDa2azv9g3ikb9FkiLwvkcYummeIBJ7uMTHMqE4wHHX3DSGElIFfnHtli8Hv","user_id":"3","lang_type":"1"}}

2018-11-30 04:36:03
demo.webmigrates.com/osnap/api/Registration/UserDetail
{"data":{"id":"3","other_id":"3","token":"XdC3JS5RL0uui4yD0Fld3jZzvsBCt5YsuWXykc612b8Q3bIJBM6OHdquuptmiDa2azv9g3ikb9FkiLwvkcYummeIBJ7uMTHMqE4wHHX3DSGElIFfnHtli8Hv","lang_type":"1"}}

