2018-11-13 01:01:24
demo.webmigrates.com/osnap/api/Registration/UserRegistration
{"data":{"username":"narinder","longtitude":"-75.698189","lang_type":"1","country_code":"+1","country":"Canada","birth_date":"2000-11-13","latitude":"45.417717","city":"Ottawa","last_name":"ruj","osnap_id":"nag78","state":"ON","device_token":"0ecad0e7430aed516d18cdc99df17b87806cffafd6e39968e30c64a5f80853b8","email":"nag78@yopmail.com","user_type":"2","phone":"5263256325","password":"12345678","device_type":"1","post_code":"K2P","address":"203 Bank St, Ottawa, ON K2P 1W7, Canada","first_name":"hhs"}}

2018-11-13 01:06:12
demo.webmigrates.com/osnap/api/Registration/VerifyUser
{"data":{"email":"nag78@yopmail.com","username":"narinder","device_type":"1","activation_code":"618032","device_token":"0ecad0e7430aed516d18cdc99df17b87806cffafd6e39968e30c64a5f80853b8","lang_type":"1"}}

2018-11-13 01:08:07
demo.webmigrates.com/osnap/api/Registration/EditUser
{"data":{"id":"121","security_code":"1234","token":"OjgXTxLpjrP5akmtbhqWuQ6yZxzRBTKn2YgWFLu1m2OAI6KnLCQog1z4t0kCfTB87ZcnxzIfwDFe8kAPXLEvrm5toWwigXnTKCLxOYp35y38Spe2V9lrVO2q","lang_type":"1"}}

2018-11-13 01:08:07
demo.webmigrates.com/osnap/api/General/GetBusinessTypes
{"data":{"id":"121","token":"OjgXTxLpjrP5akmtbhqWuQ6yZxzRBTKn2YgWFLu1m2OAI6KnLCQog1z4t0kCfTB87ZcnxzIfwDFe8kAPXLEvrm5toWwigXnTKCLxOYp35y38Spe2V9lrVO2q","lang_type":"1"}}

2018-11-13 01:08:07
demo.webmigrates.com/osnap/api/General/GetBusinessCategory
{"data":{"id":"121","token":"OjgXTxLpjrP5akmtbhqWuQ6yZxzRBTKn2YgWFLu1m2OAI6KnLCQog1z4t0kCfTB87ZcnxzIfwDFe8kAPXLEvrm5toWwigXnTKCLxOYp35y38Spe2V9lrVO2q","lang_type":"1"}}

2018-11-13 01:31:18
demo.webmigrates.com/osnap/api/Registration/AddUpdateBusinessDetails
{"data":{"id":"121","business_esta_year":"2017","business_type":"1","business_owner":"Vice President (VP)","business_category":"2","business_osnap_id":"nag78","business_esta_month":"3","token":"OjgXTxLpjrP5akmtbhqWuQ6yZxzRBTKn2YgWFLu1m2OAI6KnLCQog1z4t0kCfTB87ZcnxzIfwDFe8kAPXLEvrm5toWwigXnTKCLxOYp35y38Spe2V9lrVO2q","business_name":"rajan steel","exp_level":"1","business_notes":"Test data","lang_type":"1"}}

2018-11-13 01:32:30
demo.webmigrates.com/osnap/api/Registration/StripeSuccess?state=121&scope=read_write&code=ac_Dxs8yoZ1xvUOC48682y5Zh1VwnGytNh3


2018-11-13 01:32:43
demo.webmigrates.com/osnap/api/Registration/EditUser
{"data":{"is_agree":"1","id":"121","token":"OjgXTxLpjrP5akmtbhqWuQ6yZxzRBTKn2YgWFLu1m2OAI6KnLCQog1z4t0kCfTB87ZcnxzIfwDFe8kAPXLEvrm5toWwigXnTKCLxOYp35y38Spe2V9lrVO2q","lang_type":"1"}}

2018-11-13 01:32:44
demo.webmigrates.com/osnap/api/Notification/CountBase
{"data":{"token":"OjgXTxLpjrP5akmtbhqWuQ6yZxzRBTKn2YgWFLu1m2OAI6KnLCQog1z4t0kCfTB87ZcnxzIfwDFe8kAPXLEvrm5toWwigXnTKCLxOYp35y38Spe2V9lrVO2q","user_id":"121","lang_type":"1"}}

2018-11-13 01:32:44
demo.webmigrates.com/osnap/api/Registration/BusinessMyEvent
{"data":{"id":"121","year":"2018","token":"OjgXTxLpjrP5akmtbhqWuQ6yZxzRBTKn2YgWFLu1m2OAI6KnLCQog1z4t0kCfTB87ZcnxzIfwDFe8kAPXLEvrm5toWwigXnTKCLxOYp35y38Spe2V9lrVO2q","lang_type":"1"}}

2018-11-13 01:32:44
demo.webmigrates.com/osnap/api/Registration/UserDetail
{"data":{"id":"121","other_id":"121","token":"OjgXTxLpjrP5akmtbhqWuQ6yZxzRBTKn2YgWFLu1m2OAI6KnLCQog1z4t0kCfTB87ZcnxzIfwDFe8kAPXLEvrm5toWwigXnTKCLxOYp35y38Spe2V9lrVO2q","lang_type":"1"}}

2018-11-13 01:32:55
demo.webmigrates.com/osnap/api/General/GetCategory
{"data":{"id":"121","token":"OjgXTxLpjrP5akmtbhqWuQ6yZxzRBTKn2YgWFLu1m2OAI6KnLCQog1z4t0kCfTB87ZcnxzIfwDFe8kAPXLEvrm5toWwigXnTKCLxOYp35y38Spe2V9lrVO2q","lang_type":"1"}}

2018-11-13 01:46:23
demo.webmigrates.com/osnap/api/Registration/UserDetail
{"data":{"id":"121","other_id":"121","token":"OjgXTxLpjrP5akmtbhqWuQ6yZxzRBTKn2YgWFLu1m2OAI6KnLCQog1z4t0kCfTB87ZcnxzIfwDFe8kAPXLEvrm5toWwigXnTKCLxOYp35y38Spe2V9lrVO2q","lang_type":"1"}}

2018-11-13 01:46:23
demo.webmigrates.com/osnap/api/Notification/CountBase
{"data":{"token":"OjgXTxLpjrP5akmtbhqWuQ6yZxzRBTKn2YgWFLu1m2OAI6KnLCQog1z4t0kCfTB87ZcnxzIfwDFe8kAPXLEvrm5toWwigXnTKCLxOYp35y38Spe2V9lrVO2q","user_id":"121","lang_type":"1"}}

2018-11-13 01:46:29
demo.webmigrates.com/osnap/api/Registration/Logout
{"data":{"id":"121","token":"OjgXTxLpjrP5akmtbhqWuQ6yZxzRBTKn2YgWFLu1m2OAI6KnLCQog1z4t0kCfTB87ZcnxzIfwDFe8kAPXLEvrm5toWwigXnTKCLxOYp35y38Spe2V9lrVO2q","lang_type":"1"}}

2018-11-13 01:52:46
demo.webmigrates.com/osnap/api/Registration/UserRegistration
{"data":{"username":"rajit","longtitude":"18.135927","lang_type":"1","country_code":"+1","country":"Namibia","birth_date":"2000-09-13","latitude":"-26.587384","city":"Steen","last_name":"hehdh","osnap_id":"rajit8391","state":"Keetmanshoop","device_token":"0ecad0e7430aed516d18cdc99df17b87806cffafd6e39968e30c64a5f80853b8","email":"rajit8391@yopmail.com","user_type":"2","phone":"8566996609","password":"12345678","device_type":"1","post_code":"","address":"Steen, Keetmanshoop, Namibia","first_name":"hdjjd"}}

2018-11-13 01:53:50
demo.webmigrates.com/osnap/api/Registration/VerifyUser
{"data":{"email":"rajit8391@yopmail.com","username":"rajit","device_type":"1","activation_code":"395131","device_token":"0ecad0e7430aed516d18cdc99df17b87806cffafd6e39968e30c64a5f80853b8","lang_type":"1"}}

2018-11-13 01:53:59
demo.webmigrates.com/osnap/api/Registration/EditUser
{"data":{"id":"122","security_code":"1234","token":"mbxkKradiOv4P57sfN1oHIf87Fyo5LrSseh22KZO7FrEAQQHH5EqnAg92h67RyMtPRO60k8iiNmGIIeIbW0vKfa5UaQinbdjaLdurwKLAO4tee2Y6xlNJWmW","lang_type":"1"}}

2018-11-13 01:54:01
demo.webmigrates.com/osnap/api/General/GetBusinessCategory
{"data":{"id":"122","token":"mbxkKradiOv4P57sfN1oHIf87Fyo5LrSseh22KZO7FrEAQQHH5EqnAg92h67RyMtPRO60k8iiNmGIIeIbW0vKfa5UaQinbdjaLdurwKLAO4tee2Y6xlNJWmW","lang_type":"1"}}

2018-11-13 01:54:01
demo.webmigrates.com/osnap/api/General/GetBusinessTypes
{"data":{"id":"122","token":"mbxkKradiOv4P57sfN1oHIf87Fyo5LrSseh22KZO7FrEAQQHH5EqnAg92h67RyMtPRO60k8iiNmGIIeIbW0vKfa5UaQinbdjaLdurwKLAO4tee2Y6xlNJWmW","lang_type":"1"}}

2018-11-13 01:58:05
demo.webmigrates.com/osnap/api/Registration/AddUpdateBusinessDetails
{"data":{"id":"122","business_esta_year":"2017","business_type":"3","business_owner":"Vice President (VP)","business_category":"2","business_osnap_id":"rajit8391","business_esta_month":"3","token":"mbxkKradiOv4P57sfN1oHIf87Fyo5LrSseh22KZO7FrEAQQHH5EqnAg92h67RyMtPRO60k8iiNmGIIeIbW0vKfa5UaQinbdjaLdurwKLAO4tee2Y6xlNJWmW","business_name":"altec","exp_level":"1","business_notes":"Test data","lang_type":"1"}}

2018-11-13 01:58:24
demo.webmigrates.com/osnap/api/Registration/StripeSuccess?state=122&scope=read_write&code=ac_DxsYP6Ycg35yntsMs4VCyIo6s4A8uEPH


2018-11-13 01:59:25
demo.webmigrates.com/osnap/api/Registration/EditUser
{"data":{"is_agree":"1","id":"122","token":"mbxkKradiOv4P57sfN1oHIf87Fyo5LrSseh22KZO7FrEAQQHH5EqnAg92h67RyMtPRO60k8iiNmGIIeIbW0vKfa5UaQinbdjaLdurwKLAO4tee2Y6xlNJWmW","lang_type":"1"}}

2018-11-13 01:59:25
demo.webmigrates.com/osnap/api/Registration/UserDetail
{"data":{"id":"122","other_id":"122","token":"mbxkKradiOv4P57sfN1oHIf87Fyo5LrSseh22KZO7FrEAQQHH5EqnAg92h67RyMtPRO60k8iiNmGIIeIbW0vKfa5UaQinbdjaLdurwKLAO4tee2Y6xlNJWmW","lang_type":"1"}}

2018-11-13 01:59:25
demo.webmigrates.com/osnap/api/Notification/CountBase
{"data":{"token":"mbxkKradiOv4P57sfN1oHIf87Fyo5LrSseh22KZO7FrEAQQHH5EqnAg92h67RyMtPRO60k8iiNmGIIeIbW0vKfa5UaQinbdjaLdurwKLAO4tee2Y6xlNJWmW","user_id":"122","lang_type":"1"}}

2018-11-13 01:59:25
demo.webmigrates.com/osnap/api/Registration/BusinessMyEvent
{"data":{"id":"122","year":"2018","token":"mbxkKradiOv4P57sfN1oHIf87Fyo5LrSseh22KZO7FrEAQQHH5EqnAg92h67RyMtPRO60k8iiNmGIIeIbW0vKfa5UaQinbdjaLdurwKLAO4tee2Y6xlNJWmW","lang_type":"1"}}

2018-11-13 01:59:38
demo.webmigrates.com/osnap/api/General/GetCategory
{"data":{"id":"122","token":"mbxkKradiOv4P57sfN1oHIf87Fyo5LrSseh22KZO7FrEAQQHH5EqnAg92h67RyMtPRO60k8iiNmGIIeIbW0vKfa5UaQinbdjaLdurwKLAO4tee2Y6xlNJWmW","lang_type":"1"}}

2018-11-13 02:03:27
demo.webmigrates.com/osnap/api/General/GetSubCategory
{"data":{"id":"122","category_id":"12","token":"mbxkKradiOv4P57sfN1oHIf87Fyo5LrSseh22KZO7FrEAQQHH5EqnAg92h67RyMtPRO60k8iiNmGIIeIbW0vKfa5UaQinbdjaLdurwKLAO4tee2Y6xlNJWmW","lang_type":"1"}}

2018-11-13 02:05:17
demo.webmigrates.com/osnap/api/Registration/AddUpdateSkill
{"data":{"skill":[{"subcategory_name":"framing","price_type":"1","end_time":"8:00 PM","category_id":"12","price":"20","category_name":"Construction","service_name":"hdjdh","start_time":"8:00 AM","service_photo":[],"description":"Test dat","subcategory_id":"16"}],"id":"122","token":"mbxkKradiOv4P57sfN1oHIf87Fyo5LrSseh22KZO7FrEAQQHH5EqnAg92h67RyMtPRO60k8iiNmGIIeIbW0vKfa5UaQinbdjaLdurwKLAO4tee2Y6xlNJWmW","lang_type":"1"}}

2018-11-13 02:05:20
demo.webmigrates.com/osnap/api/Registration/UserDetail
{"data":{"id":"122","other_id":"122","token":"mbxkKradiOv4P57sfN1oHIf87Fyo5LrSseh22KZO7FrEAQQHH5EqnAg92h67RyMtPRO60k8iiNmGIIeIbW0vKfa5UaQinbdjaLdurwKLAO4tee2Y6xlNJWmW","lang_type":"1"}}

2018-11-13 02:05:20
demo.webmigrates.com/osnap/api/Notification/CountBase
{"data":{"token":"mbxkKradiOv4P57sfN1oHIf87Fyo5LrSseh22KZO7FrEAQQHH5EqnAg92h67RyMtPRO60k8iiNmGIIeIbW0vKfa5UaQinbdjaLdurwKLAO4tee2Y6xlNJWmW","user_id":"122","lang_type":"1"}}

2018-11-13 02:05:30
demo.webmigrates.com/osnap/api/Notification/CountBase
{"data":{"token":"mbxkKradiOv4P57sfN1oHIf87Fyo5LrSseh22KZO7FrEAQQHH5EqnAg92h67RyMtPRO60k8iiNmGIIeIbW0vKfa5UaQinbdjaLdurwKLAO4tee2Y6xlNJWmW","user_id":"122","lang_type":"1"}}

2018-11-13 02:05:30
demo.webmigrates.com/osnap/api/Registration/UserDetail
{"data":{"id":"122","other_id":"122","token":"mbxkKradiOv4P57sfN1oHIf87Fyo5LrSseh22KZO7FrEAQQHH5EqnAg92h67RyMtPRO60k8iiNmGIIeIbW0vKfa5UaQinbdjaLdurwKLAO4tee2Y6xlNJWmW","lang_type":"1"}}

2018-11-13 02:05:30
demo.webmigrates.com/osnap/api/Registration/BusinessMyEvent
{"data":{"id":"122","year":"2018","token":"mbxkKradiOv4P57sfN1oHIf87Fyo5LrSseh22KZO7FrEAQQHH5EqnAg92h67RyMtPRO60k8iiNmGIIeIbW0vKfa5UaQinbdjaLdurwKLAO4tee2Y6xlNJWmW","lang_type":"1"}}

