2018-12-03 07:53:03
demo.webmigrates.com/osnap/api/Registration/UserDetail
{"data":{"id":"109","other_id":"109","token":"Q4LDbADSXddziaIn7WD3wrS8NdZGgAc9S4qa40MoIx0SFBcNJSBbYH3756QanQpM5zEtNp2GBdkd5kfCl3msJ1Or1oIS0uWNz6PFplftYNNkGqR2Zeh0yPs5","lang_type":"1"}}

2018-12-03 07:53:03
demo.webmigrates.com/osnap/api/Registration/BusinessMyEvent
{"data":{"id":"109","year":"2018","token":"Q4LDbADSXddziaIn7WD3wrS8NdZGgAc9S4qa40MoIx0SFBcNJSBbYH3756QanQpM5zEtNp2GBdkd5kfCl3msJ1Or1oIS0uWNz6PFplftYNNkGqR2Zeh0yPs5","lang_type":"1"}}

2018-12-03 07:53:03
demo.webmigrates.com/osnap/api/Notification/CountBase
{"data":{"token":"Q4LDbADSXddziaIn7WD3wrS8NdZGgAc9S4qa40MoIx0SFBcNJSBbYH3756QanQpM5zEtNp2GBdkd5kfCl3msJ1Or1oIS0uWNz6PFplftYNNkGqR2Zeh0yPs5","user_id":"109","lang_type":"1"}}

2018-12-03 08:39:27
demo.webmigrates.com/osnap/api/Registration/CheckLogin
{"data":{"username":"michale.smith@sycklabs.com","lang_type":"1","password":"Kenliyah2","device_token":"a5a501a17977e2df4aff79e1da5cefa436e66122f987be4a6626e7748fcad08c","device_type":"1"}}

2018-12-03 08:39:40
demo.webmigrates.com/osnap/api/Registration/CheckLogin
{"data":{"username":"michael.smith@sycklabs.com","lang_type":"1","password":"Kenliyah2","device_token":"a5a501a17977e2df4aff79e1da5cefa436e66122f987be4a6626e7748fcad08c","device_type":"1"}}

2018-12-03 10:12:56
demo.webmigrates.com/osnap/api/Registration/Logout
{"data":{"id":"109","token":"Q4LDbADSXddziaIn7WD3wrS8NdZGgAc9S4qa40MoIx0SFBcNJSBbYH3756QanQpM5zEtNp2GBdkd5kfCl3msJ1Or1oIS0uWNz6PFplftYNNkGqR2Zeh0yPs5","lang_type":"1"}}

2018-12-03 10:13:10
demo.webmigrates.com/osnap/api/Registration/CheckLogin
{"data":{"username":"bemp874","lang_type":"1","password":"america1","device_token":"fc17f6681cdd04b0ab5e38f05b6800cfc2b4b2f476ff322ca0eef8ca2d687c69","device_type":"1"}}

2018-12-03 10:13:11
demo.webmigrates.com/osnap/api/Registration/UserDetail
{"data":{"id":"109","other_id":"109","token":"3AnUCuYBOpOAYVyv5KreOHg4DGsuLuWpLUUc6SmChO3E4a39iHyosBmV1kPItmbSi5dcI0PTjNGvmoFZssMRyfLwrQkz4i9Jrkuh2xgHaD8He6c2ohX7U06S","lang_type":"1"}}

2018-12-03 10:13:11
demo.webmigrates.com/osnap/api/Registration/BusinessMyEvent
{"data":{"id":"109","year":"2018","token":"3AnUCuYBOpOAYVyv5KreOHg4DGsuLuWpLUUc6SmChO3E4a39iHyosBmV1kPItmbSi5dcI0PTjNGvmoFZssMRyfLwrQkz4i9Jrkuh2xgHaD8He6c2ohX7U06S","lang_type":"1"}}

2018-12-03 10:13:11
demo.webmigrates.com/osnap/api/Notification/CountBase
{"data":{"token":"3AnUCuYBOpOAYVyv5KreOHg4DGsuLuWpLUUc6SmChO3E4a39iHyosBmV1kPItmbSi5dcI0PTjNGvmoFZssMRyfLwrQkz4i9Jrkuh2xgHaD8He6c2ohX7U06S","user_id":"109","lang_type":"1"}}

2018-12-03 10:20:08
demo.webmigrates.com/osnap/api/Registration/ClientMyEvent
{"data":{"id":"110","year":"2018","token":"LlG5OboU01dioLChgmIbubbFWaOCKKCXCbmZavzsWbz4Yaw3o4A9jKywj3dKNUhCMtWurCR9FLosseFZ5tFJmf6ncYD7CBilzsMy7NNAjloiuKHXViMF9e2M","lang_type":"1"}}

2018-12-03 10:20:08
demo.webmigrates.com/osnap/api/Registration/UserDetail
{"data":{"id":"110","other_id":"110","token":"LlG5OboU01dioLChgmIbubbFWaOCKKCXCbmZavzsWbz4Yaw3o4A9jKywj3dKNUhCMtWurCR9FLosseFZ5tFJmf6ncYD7CBilzsMy7NNAjloiuKHXViMF9e2M","lang_type":"1"}}

2018-12-03 10:20:08
demo.webmigrates.com/osnap/api/Notification/CountBase
{"data":{"token":"LlG5OboU01dioLChgmIbubbFWaOCKKCXCbmZavzsWbz4Yaw3o4A9jKywj3dKNUhCMtWurCR9FLosseFZ5tFJmf6ncYD7CBilzsMy7NNAjloiuKHXViMF9e2M","user_id":"110","lang_type":"1"}}

2018-12-03 10:20:39
demo.webmigrates.com/osnap/api/Registration/ClientMyEvent
{"data":{"id":"110","year":"2018","token":"LlG5OboU01dioLChgmIbubbFWaOCKKCXCbmZavzsWbz4Yaw3o4A9jKywj3dKNUhCMtWurCR9FLosseFZ5tFJmf6ncYD7CBilzsMy7NNAjloiuKHXViMF9e2M","lang_type":"1"}}

2018-12-03 10:21:02
demo.webmigrates.com/osnap/api/Notification/GetNotification
{"data":{"limit":10,"page":1,"user_id":"109","token":"3AnUCuYBOpOAYVyv5KreOHg4DGsuLuWpLUUc6SmChO3E4a39iHyosBmV1kPItmbSi5dcI0PTjNGvmoFZssMRyfLwrQkz4i9Jrkuh2xgHaD8He6c2ohX7U06S","lang_type":"1"}}

2018-12-03 10:21:03
demo.webmigrates.com/osnap/api/Notification/ClearBase
{"data":{"token":"3AnUCuYBOpOAYVyv5KreOHg4DGsuLuWpLUUc6SmChO3E4a39iHyosBmV1kPItmbSi5dcI0PTjNGvmoFZssMRyfLwrQkz4i9Jrkuh2xgHaD8He6c2ohX7U06S","user_id":"109","lang_type":"1"}}

2018-12-03 10:21:08
demo.webmigrates.com/osnap/api/Notification/CountBase
{"data":{"token":"3AnUCuYBOpOAYVyv5KreOHg4DGsuLuWpLUUc6SmChO3E4a39iHyosBmV1kPItmbSi5dcI0PTjNGvmoFZssMRyfLwrQkz4i9Jrkuh2xgHaD8He6c2ohX7U06S","user_id":"109","lang_type":"1"}}

2018-12-03 10:21:08
demo.webmigrates.com/osnap/api/Registration/UserDetail
{"data":{"id":"109","other_id":"109","token":"3AnUCuYBOpOAYVyv5KreOHg4DGsuLuWpLUUc6SmChO3E4a39iHyosBmV1kPItmbSi5dcI0PTjNGvmoFZssMRyfLwrQkz4i9Jrkuh2xgHaD8He6c2ohX7U06S","lang_type":"1"}}

2018-12-03 10:24:29
demo.webmigrates.com/osnap/api/Registration/ClientMyEvent
{"data":{"id":"110","year":"2018","token":"LlG5OboU01dioLChgmIbubbFWaOCKKCXCbmZavzsWbz4Yaw3o4A9jKywj3dKNUhCMtWurCR9FLosseFZ5tFJmf6ncYD7CBilzsMy7NNAjloiuKHXViMF9e2M","lang_type":"1"}}

2018-12-03 10:24:35
demo.webmigrates.com/osnap/api/Registration/UserDetail
{"data":{"id":"110","other_id":"110","token":"LlG5OboU01dioLChgmIbubbFWaOCKKCXCbmZavzsWbz4Yaw3o4A9jKywj3dKNUhCMtWurCR9FLosseFZ5tFJmf6ncYD7CBilzsMy7NNAjloiuKHXViMF9e2M","lang_type":"1"}}

2018-12-03 10:24:44
demo.webmigrates.com/osnap/api/Registration/Logout
{"data":{"id":"110","token":"LlG5OboU01dioLChgmIbubbFWaOCKKCXCbmZavzsWbz4Yaw3o4A9jKywj3dKNUhCMtWurCR9FLosseFZ5tFJmf6ncYD7CBilzsMy7NNAjloiuKHXViMF9e2M","lang_type":"1"}}

2018-12-03 10:24:52
demo.webmigrates.com/osnap/api/Registration/CheckLogin
{"data":{"username":"bemp890","lang_type":"1","password":"america1","device_token":"121212","device_type":"1"}}

2018-12-03 10:25:00
demo.webmigrates.com/osnap/api/Registration/CheckLogin
{"data":{"username":"bemp90","lang_type":"1","password":"america1","device_token":"121212","device_type":"1"}}

2018-12-03 10:25:00
demo.webmigrates.com/osnap/api/Notification/CountBase
{"data":{"token":"zhx18RMj7oZRVhKeEzqD5LkmOhVIPwkpx8T34mFqKjGzBlgt6KxdE0UTy16zs9NOtE53jSQivL4n8WJENIJApMTCcEzsg28qN2XZ4iE4V8DpYkZ86njDMewR","user_id":"138","lang_type":"1"}}

2018-12-03 10:25:00
demo.webmigrates.com/osnap/api/Registration/ClientMyEvent
{"data":{"id":"138","year":"2018","token":"zhx18RMj7oZRVhKeEzqD5LkmOhVIPwkpx8T34mFqKjGzBlgt6KxdE0UTy16zs9NOtE53jSQivL4n8WJENIJApMTCcEzsg28qN2XZ4iE4V8DpYkZ86njDMewR","lang_type":"1"}}

2018-12-03 10:25:00
demo.webmigrates.com/osnap/api/Registration/UserDetail
{"data":{"id":"138","other_id":"138","token":"zhx18RMj7oZRVhKeEzqD5LkmOhVIPwkpx8T34mFqKjGzBlgt6KxdE0UTy16zs9NOtE53jSQivL4n8WJENIJApMTCcEzsg28qN2XZ4iE4V8DpYkZ86njDMewR","lang_type":"1"}}

2018-12-03 10:25:07
demo.webmigrates.com/osnap/api/Registration/SearchUser
{"data":{"id":"138","Dlongtitude":"-97.072532","keyword":"","limit":10,"token":"zhx18RMj7oZRVhKeEzqD5LkmOhVIPwkpx8T34mFqKjGzBlgt6KxdE0UTy16zs9NOtE53jSQivL4n8WJENIJApMTCcEzsg28qN2XZ4iE4V8DpYkZ86njDMewR","lang_type":"1","Dlatitude":"32.761776","page":1}}

2018-12-03 10:25:08
demo.webmigrates.com/osnap/api/Registration/SearchUser
{"data":{"id":"138","Dlongtitude":"-97.072532","keyword":"","limit":10,"token":"zhx18RMj7oZRVhKeEzqD5LkmOhVIPwkpx8T34mFqKjGzBlgt6KxdE0UTy16zs9NOtE53jSQivL4n8WJENIJApMTCcEzsg28qN2XZ4iE4V8DpYkZ86njDMewR","lang_type":"1","Dlatitude":"32.761776","page":2}}

2018-12-03 10:25:18
demo.webmigrates.com/osnap/api/Registration/SearchUser
{"data":{"id":"138","Dlongtitude":"-97.072583","keyword":"bemp875","limit":10,"token":"zhx18RMj7oZRVhKeEzqD5LkmOhVIPwkpx8T34mFqKjGzBlgt6KxdE0UTy16zs9NOtE53jSQivL4n8WJENIJApMTCcEzsg28qN2XZ4iE4V8DpYkZ86njDMewR","lang_type":"1","Dlatitude":"32.761933","page":2}}

2018-12-03 10:25:25
demo.webmigrates.com/osnap/api/Registration/SearchUser
{"data":{"id":"138","Dlongtitude":"-97.072526","keyword":"bemp874","limit":10,"token":"zhx18RMj7oZRVhKeEzqD5LkmOhVIPwkpx8T34mFqKjGzBlgt6KxdE0UTy16zs9NOtE53jSQivL4n8WJENIJApMTCcEzsg28qN2XZ4iE4V8DpYkZ86njDMewR","lang_type":"1","Dlatitude":"32.761831","page":2}}

2018-12-03 10:25:31
demo.webmigrates.com/osnap/api/Registration/SearchUser
{"data":{"id":"138","Dlongtitude":"-97.072509","keyword":"big time","limit":10,"token":"zhx18RMj7oZRVhKeEzqD5LkmOhVIPwkpx8T34mFqKjGzBlgt6KxdE0UTy16zs9NOtE53jSQivL4n8WJENIJApMTCcEzsg28qN2XZ4iE4V8DpYkZ86njDMewR","lang_type":"1","Dlatitude":"32.761817","page":2}}

2018-12-03 10:28:12
demo.webmigrates.com/osnap/api/Notification/CountBase
{"data":{"token":"3AnUCuYBOpOAYVyv5KreOHg4DGsuLuWpLUUc6SmChO3E4a39iHyosBmV1kPItmbSi5dcI0PTjNGvmoFZssMRyfLwrQkz4i9Jrkuh2xgHaD8He6c2ohX7U06S","user_id":"109","lang_type":"1"}}

2018-12-03 10:28:12
demo.webmigrates.com/osnap/api/Registration/UserDetail
{"data":{"id":"109","other_id":"109","token":"3AnUCuYBOpOAYVyv5KreOHg4DGsuLuWpLUUc6SmChO3E4a39iHyosBmV1kPItmbSi5dcI0PTjNGvmoFZssMRyfLwrQkz4i9Jrkuh2xgHaD8He6c2ohX7U06S","lang_type":"1"}}

2018-12-03 10:28:15
demo.webmigrates.com/osnap/api/Notification/CountBase
{"data":{"token":"3AnUCuYBOpOAYVyv5KreOHg4DGsuLuWpLUUc6SmChO3E4a39iHyosBmV1kPItmbSi5dcI0PTjNGvmoFZssMRyfLwrQkz4i9Jrkuh2xgHaD8He6c2ohX7U06S","user_id":"109","lang_type":"1"}}

2018-12-03 10:28:15
demo.webmigrates.com/osnap/api/Registration/UserDetail
{"data":{"id":"109","other_id":"109","token":"3AnUCuYBOpOAYVyv5KreOHg4DGsuLuWpLUUc6SmChO3E4a39iHyosBmV1kPItmbSi5dcI0PTjNGvmoFZssMRyfLwrQkz4i9Jrkuh2xgHaD8He6c2ohX7U06S","lang_type":"1"}}

2018-12-03 10:28:16
demo.webmigrates.com/osnap/api/Registration/SearchJob
{"data":{"keyword":"","id":"109","token":"3AnUCuYBOpOAYVyv5KreOHg4DGsuLuWpLUUc6SmChO3E4a39iHyosBmV1kPItmbSi5dcI0PTjNGvmoFZssMRyfLwrQkz4i9Jrkuh2xgHaD8He6c2ohX7U06S","lang_type":"1"}}

2018-12-03 10:28:23
demo.webmigrates.com/osnap/api/Registration/SearchJob
{"data":{"keyword":"bemp90","id":"109","token":"3AnUCuYBOpOAYVyv5KreOHg4DGsuLuWpLUUc6SmChO3E4a39iHyosBmV1kPItmbSi5dcI0PTjNGvmoFZssMRyfLwrQkz4i9Jrkuh2xgHaD8He6c2ohX7U06S","lang_type":"1"}}

2018-12-03 10:28:26
demo.webmigrates.com/osnap/api/Registration/UserDetail
{"data":{"id":"109","other_id":"109","token":"3AnUCuYBOpOAYVyv5KreOHg4DGsuLuWpLUUc6SmChO3E4a39iHyosBmV1kPItmbSi5dcI0PTjNGvmoFZssMRyfLwrQkz4i9Jrkuh2xgHaD8He6c2ohX7U06S","lang_type":"1"}}

2018-12-03 10:28:26
demo.webmigrates.com/osnap/api/Notification/CountBase
{"data":{"token":"3AnUCuYBOpOAYVyv5KreOHg4DGsuLuWpLUUc6SmChO3E4a39iHyosBmV1kPItmbSi5dcI0PTjNGvmoFZssMRyfLwrQkz4i9Jrkuh2xgHaD8He6c2ohX7U06S","user_id":"109","lang_type":"1"}}

2018-12-03 10:28:30
demo.webmigrates.com/osnap/api/Registration/UserDetail
{"data":{"id":"109","other_id":"109","token":"3AnUCuYBOpOAYVyv5KreOHg4DGsuLuWpLUUc6SmChO3E4a39iHyosBmV1kPItmbSi5dcI0PTjNGvmoFZssMRyfLwrQkz4i9Jrkuh2xgHaD8He6c2ohX7U06S","lang_type":"1"}}

2018-12-03 10:28:30
demo.webmigrates.com/osnap/api/Notification/CountBase
{"data":{"token":"3AnUCuYBOpOAYVyv5KreOHg4DGsuLuWpLUUc6SmChO3E4a39iHyosBmV1kPItmbSi5dcI0PTjNGvmoFZssMRyfLwrQkz4i9Jrkuh2xgHaD8He6c2ohX7U06S","user_id":"109","lang_type":"1"}}

2018-12-03 10:28:38
demo.webmigrates.com/osnap/api/Registration/ClientMyEvent
{"data":{"id":"138","year":"2018","token":"zhx18RMj7oZRVhKeEzqD5LkmOhVIPwkpx8T34mFqKjGzBlgt6KxdE0UTy16zs9NOtE53jSQivL4n8WJENIJApMTCcEzsg28qN2XZ4iE4V8DpYkZ86njDMewR","lang_type":"1"}}

2018-12-03 10:28:40
demo.webmigrates.com/osnap/api/Registration/UserDetail
{"data":{"id":"138","other_id":"138","token":"zhx18RMj7oZRVhKeEzqD5LkmOhVIPwkpx8T34mFqKjGzBlgt6KxdE0UTy16zs9NOtE53jSQivL4n8WJENIJApMTCcEzsg28qN2XZ4iE4V8DpYkZ86njDMewR","lang_type":"1"}}

2018-12-03 10:28:43
demo.webmigrates.com/osnap/api/General/GetCategory
{"data":{"id":"138","token":"zhx18RMj7oZRVhKeEzqD5LkmOhVIPwkpx8T34mFqKjGzBlgt6KxdE0UTy16zs9NOtE53jSQivL4n8WJENIJApMTCcEzsg28qN2XZ4iE4V8DpYkZ86njDMewR","lang_type":"1"}}

2018-12-03 10:28:49
demo.webmigrates.com/osnap/api/General/GetSubCategory
{"data":{"id":"138","category_id":"8","token":"zhx18RMj7oZRVhKeEzqD5LkmOhVIPwkpx8T34mFqKjGzBlgt6KxdE0UTy16zs9NOtE53jSQivL4n8WJENIJApMTCcEzsg28qN2XZ4iE4V8DpYkZ86njDMewR","lang_type":"1"}}

2018-12-03 10:29:07
demo.webmigrates.com/osnap/api/Registration/AddPost
{"data":{"id":"138","category_id":"8","work_type":"3","job_title":"bshd","commitment":"2","pay_by":"2","token":"zhx18RMj7oZRVhKeEzqD5LkmOhVIPwkpx8T34mFqKjGzBlgt6KxdE0UTy16zs9NOtE53jSQivL4n8WJENIJApMTCcEzsg28qN2XZ4iE4V8DpYkZ86njDMewR","subcategory_id":"10","exp_level":"1","lang_type":"1","job_description":"Bandbox","rate":"545","how_long":"2","attachments":[]}}

2018-12-03 10:29:09
demo.webmigrates.com/osnap/api/Registration/UserDetail
{"data":{"id":"138","other_id":"138","token":"zhx18RMj7oZRVhKeEzqD5LkmOhVIPwkpx8T34mFqKjGzBlgt6KxdE0UTy16zs9NOtE53jSQivL4n8WJENIJApMTCcEzsg28qN2XZ4iE4V8DpYkZ86njDMewR","lang_type":"1"}}

2018-12-03 10:29:10
demo.webmigrates.com/osnap/api/Notification/CountBase
{"data":{"token":"3AnUCuYBOpOAYVyv5KreOHg4DGsuLuWpLUUc6SmChO3E4a39iHyosBmV1kPItmbSi5dcI0PTjNGvmoFZssMRyfLwrQkz4i9Jrkuh2xgHaD8He6c2ohX7U06S","user_id":"109","lang_type":"1"}}

2018-12-03 10:29:10
demo.webmigrates.com/osnap/api/Notification/CountBase
{"data":{"token":"3AnUCuYBOpOAYVyv5KreOHg4DGsuLuWpLUUc6SmChO3E4a39iHyosBmV1kPItmbSi5dcI0PTjNGvmoFZssMRyfLwrQkz4i9Jrkuh2xgHaD8He6c2ohX7U06S","user_id":"109","lang_type":"1"}}

2018-12-03 10:29:12
demo.webmigrates.com/osnap/api/Registration/SinglePostDetail
{"data":{"id":"109","post_id":"95","token":"3AnUCuYBOpOAYVyv5KreOHg4DGsuLuWpLUUc6SmChO3E4a39iHyosBmV1kPItmbSi5dcI0PTjNGvmoFZssMRyfLwrQkz4i9Jrkuh2xgHaD8He6c2ohX7U06S","lang_type":"1"}}

2018-12-03 10:29:27
demo.webmigrates.com/osnap/api/Registration/PlaceBid
{"data":{"pay_by":"2","rate":"545","id":"109","post_id":"95","how_long":"2","skill":[{"id":"196","subcategory_name":"tree cutting","description":"Hello","service_name":"monster truck","category_id":"8","start_time":"8:00 AM","price":"19","price_type":"1","category_name":"Garden Care","subcategory_id":"9","end_time":"8:00 PM","service_photo":[]}],"attachments":[],"token":"3AnUCuYBOpOAYVyv5KreOHg4DGsuLuWpLUUc6SmChO3E4a39iHyosBmV1kPItmbSi5dcI0PTjNGvmoFZssMRyfLwrQkz4i9Jrkuh2xgHaD8He6c2ohX7U06S","lang_type":"1","description":"Band"}}

2018-12-03 10:29:29
demo.webmigrates.com/osnap/api/Registration/UserDetail
{"data":{"id":"109","other_id":"109","token":"3AnUCuYBOpOAYVyv5KreOHg4DGsuLuWpLUUc6SmChO3E4a39iHyosBmV1kPItmbSi5dcI0PTjNGvmoFZssMRyfLwrQkz4i9Jrkuh2xgHaD8He6c2ohX7U06S","lang_type":"1"}}

2018-12-03 10:29:29
demo.webmigrates.com/osnap/api/Notification/CountBase
{"data":{"token":"3AnUCuYBOpOAYVyv5KreOHg4DGsuLuWpLUUc6SmChO3E4a39iHyosBmV1kPItmbSi5dcI0PTjNGvmoFZssMRyfLwrQkz4i9Jrkuh2xgHaD8He6c2ohX7U06S","user_id":"109","lang_type":"1"}}

2018-12-03 10:29:32
demo.webmigrates.com/osnap/api/Registration/MyBidPost
{"data":{"limit":10,"id":"109","page":1,"token":"3AnUCuYBOpOAYVyv5KreOHg4DGsuLuWpLUUc6SmChO3E4a39iHyosBmV1kPItmbSi5dcI0PTjNGvmoFZssMRyfLwrQkz4i9Jrkuh2xgHaD8He6c2ohX7U06S","lang_type":"1"}}

2018-12-03 10:29:32
demo.webmigrates.com/osnap/api/Registration/MyBidPost
{"data":{"limit":10,"id":"109","page":2,"token":"3AnUCuYBOpOAYVyv5KreOHg4DGsuLuWpLUUc6SmChO3E4a39iHyosBmV1kPItmbSi5dcI0PTjNGvmoFZssMRyfLwrQkz4i9Jrkuh2xgHaD8He6c2ohX7U06S","lang_type":"1"}}

2018-12-03 10:29:34
demo.webmigrates.com/osnap/api/Registration/SingleMyBidPost
{"data":{"id":"109","post_id":"95","token":"3AnUCuYBOpOAYVyv5KreOHg4DGsuLuWpLUUc6SmChO3E4a39iHyosBmV1kPItmbSi5dcI0PTjNGvmoFZssMRyfLwrQkz4i9Jrkuh2xgHaD8He6c2ohX7U06S","lang_type":"1"}}

2018-12-03 10:29:41
demo.webmigrates.com/osnap/api/Registration/MyBidPostRunningAll
{"data":{"limit":10,"id":"109","page":1,"token":"3AnUCuYBOpOAYVyv5KreOHg4DGsuLuWpLUUc6SmChO3E4a39iHyosBmV1kPItmbSi5dcI0PTjNGvmoFZssMRyfLwrQkz4i9Jrkuh2xgHaD8He6c2ohX7U06S","lang_type":"1"}}

2018-12-03 10:29:42
demo.webmigrates.com/osnap/api/Registration/MyBidPostRunningAll
{"data":{"limit":10,"id":"109","page":2,"token":"3AnUCuYBOpOAYVyv5KreOHg4DGsuLuWpLUUc6SmChO3E4a39iHyosBmV1kPItmbSi5dcI0PTjNGvmoFZssMRyfLwrQkz4i9Jrkuh2xgHaD8He6c2ohX7U06S","lang_type":"1"}}

2018-12-03 10:29:43
demo.webmigrates.com/osnap/api/Registration/EventDetail
{"data":{"id":"109","pb_id":"95","token":"3AnUCuYBOpOAYVyv5KreOHg4DGsuLuWpLUUc6SmChO3E4a39iHyosBmV1kPItmbSi5dcI0PTjNGvmoFZssMRyfLwrQkz4i9Jrkuh2xgHaD8He6c2ohX7U06S","lang_type":"1"}}

2018-12-03 10:29:44
demo.webmigrates.com/osnap/api/Registration/UserDetail
{"data":{"Dlatitude":"32.761978","id":"109","other_id":"41","Dlongtitude":"-97.072321","token":"3AnUCuYBOpOAYVyv5KreOHg4DGsuLuWpLUUc6SmChO3E4a39iHyosBmV1kPItmbSi5dcI0PTjNGvmoFZssMRyfLwrQkz4i9Jrkuh2xgHaD8He6c2ohX7U06S","lang_type":"1"}}

2018-12-03 10:30:18
demo.webmigrates.com/osnap/api/Registration/ClientMyEvent
{"data":{"id":"138","year":"2018","token":"zhx18RMj7oZRVhKeEzqD5LkmOhVIPwkpx8T34mFqKjGzBlgt6KxdE0UTy16zs9NOtE53jSQivL4n8WJENIJApMTCcEzsg28qN2XZ4iE4V8DpYkZ86njDMewR","lang_type":"1"}}

2018-12-03 10:30:21
demo.webmigrates.com/osnap/api/General/GetCategory
{"data":{"id":"138","token":"zhx18RMj7oZRVhKeEzqD5LkmOhVIPwkpx8T34mFqKjGzBlgt6KxdE0UTy16zs9NOtE53jSQivL4n8WJENIJApMTCcEzsg28qN2XZ4iE4V8DpYkZ86njDMewR","lang_type":"1"}}

2018-12-03 10:30:22
demo.webmigrates.com/osnap/api/Registration/UserDetail
{"data":{"id":"138","other_id":"138","token":"zhx18RMj7oZRVhKeEzqD5LkmOhVIPwkpx8T34mFqKjGzBlgt6KxdE0UTy16zs9NOtE53jSQivL4n8WJENIJApMTCcEzsg28qN2XZ4iE4V8DpYkZ86njDMewR","lang_type":"1"}}

2018-12-03 10:30:23
demo.webmigrates.com/osnap/api/Registration/MyPost
{"data":{"limit":10,"id":"138","page":1,"token":"zhx18RMj7oZRVhKeEzqD5LkmOhVIPwkpx8T34mFqKjGzBlgt6KxdE0UTy16zs9NOtE53jSQivL4n8WJENIJApMTCcEzsg28qN2XZ4iE4V8DpYkZ86njDMewR","lang_type":"1"}}

2018-12-03 10:30:24
demo.webmigrates.com/osnap/api/Registration/MyPost
{"data":{"limit":10,"id":"138","page":2,"token":"zhx18RMj7oZRVhKeEzqD5LkmOhVIPwkpx8T34mFqKjGzBlgt6KxdE0UTy16zs9NOtE53jSQivL4n8WJENIJApMTCcEzsg28qN2XZ4iE4V8DpYkZ86njDMewR","lang_type":"1"}}

2018-12-03 10:30:25
demo.webmigrates.com/osnap/api/Registration/SingleClientPost
{"data":{"Dlatitude":"32.761698","id":"138","post_id":"95","Dlongtitude":"-97.072651","token":"zhx18RMj7oZRVhKeEzqD5LkmOhVIPwkpx8T34mFqKjGzBlgt6KxdE0UTy16zs9NOtE53jSQivL4n8WJENIJApMTCcEzsg28qN2XZ4iE4V8DpYkZ86njDMewR","lang_type":"1"}}

2018-12-03 10:30:46
demo.webmigrates.com/osnap/api/Registration/Booking
{"data":{"description":"Band","id":"138","signature":"154385464546905.png","selected_skill":[],"latitude":"32.6856","longtitude":"-97.038","notes":"","pay_by":"2","address":"3515 Ponderosa Dr, Grand Prairie, TX 75052, USA","token":"zhx18RMj7oZRVhKeEzqD5LkmOhVIPwkpx8T34mFqKjGzBlgt6KxdE0UTy16zs9NOtE53jSQivL4n8WJENIJApMTCcEzsg28qN2XZ4iE4V8DpYkZ86njDMewR","attachments":[],"pb_id":"106","preferred_datetime":"2018-12-03 10:30:38","rate":"545","client_attachments":[],"is_agree":"1","lang_type":"1"}}

2018-12-03 10:30:50
demo.webmigrates.com/osnap/api/Registration/UserDetail
{"data":{"id":"138","other_id":"138","token":"zhx18RMj7oZRVhKeEzqD5LkmOhVIPwkpx8T34mFqKjGzBlgt6KxdE0UTy16zs9NOtE53jSQivL4n8WJENIJApMTCcEzsg28qN2XZ4iE4V8DpYkZ86njDMewR","lang_type":"1"}}

2018-12-03 10:30:54
demo.webmigrates.com/osnap/api/Notification/CountBase
{"data":{"token":"3AnUCuYBOpOAYVyv5KreOHg4DGsuLuWpLUUc6SmChO3E4a39iHyosBmV1kPItmbSi5dcI0PTjNGvmoFZssMRyfLwrQkz4i9Jrkuh2xgHaD8He6c2ohX7U06S","user_id":"109","lang_type":"1"}}

2018-12-03 10:30:54
demo.webmigrates.com/osnap/api/Registration/UserDetail
{"data":{"id":"109","other_id":"109","token":"3AnUCuYBOpOAYVyv5KreOHg4DGsuLuWpLUUc6SmChO3E4a39iHyosBmV1kPItmbSi5dcI0PTjNGvmoFZssMRyfLwrQkz4i9Jrkuh2xgHaD8He6c2ohX7U06S","lang_type":"1"}}

2018-12-03 10:30:55
demo.webmigrates.com/osnap/api/Registration/MyBidPost
{"data":{"limit":10,"id":"109","page":1,"token":"3AnUCuYBOpOAYVyv5KreOHg4DGsuLuWpLUUc6SmChO3E4a39iHyosBmV1kPItmbSi5dcI0PTjNGvmoFZssMRyfLwrQkz4i9Jrkuh2xgHaD8He6c2ohX7U06S","lang_type":"1"}}

2018-12-03 10:30:57
demo.webmigrates.com/osnap/api/Registration/MyBidPostRunningAll
{"data":{"limit":10,"id":"109","page":1,"token":"3AnUCuYBOpOAYVyv5KreOHg4DGsuLuWpLUUc6SmChO3E4a39iHyosBmV1kPItmbSi5dcI0PTjNGvmoFZssMRyfLwrQkz4i9Jrkuh2xgHaD8He6c2ohX7U06S","lang_type":"1"}}

2018-12-03 10:30:57
demo.webmigrates.com/osnap/api/Registration/MyBidPostRunningAll
{"data":{"limit":10,"id":"109","page":2,"token":"3AnUCuYBOpOAYVyv5KreOHg4DGsuLuWpLUUc6SmChO3E4a39iHyosBmV1kPItmbSi5dcI0PTjNGvmoFZssMRyfLwrQkz4i9Jrkuh2xgHaD8He6c2ohX7U06S","lang_type":"1"}}

2018-12-03 10:31:00
demo.webmigrates.com/osnap/api/Registration/UserDetail
{"data":{"id":"109","other_id":"109","token":"3AnUCuYBOpOAYVyv5KreOHg4DGsuLuWpLUUc6SmChO3E4a39iHyosBmV1kPItmbSi5dcI0PTjNGvmoFZssMRyfLwrQkz4i9Jrkuh2xgHaD8He6c2ohX7U06S","lang_type":"1"}}

2018-12-03 10:31:00
demo.webmigrates.com/osnap/api/Notification/CountBase
{"data":{"token":"3AnUCuYBOpOAYVyv5KreOHg4DGsuLuWpLUUc6SmChO3E4a39iHyosBmV1kPItmbSi5dcI0PTjNGvmoFZssMRyfLwrQkz4i9Jrkuh2xgHaD8He6c2ohX7U06S","user_id":"109","lang_type":"1"}}

2018-12-03 10:31:02
demo.webmigrates.com/osnap/api/Registration/MyOffers
{"data":{"Dlatitude":"32.761942","id":"109","Dlongtitude":"-97.072286","token":"3AnUCuYBOpOAYVyv5KreOHg4DGsuLuWpLUUc6SmChO3E4a39iHyosBmV1kPItmbSi5dcI0PTjNGvmoFZssMRyfLwrQkz4i9Jrkuh2xgHaD8He6c2ohX7U06S","lang_type":"1"}}

2018-12-03 10:31:10
demo.webmigrates.com/osnap/api/Registration/OfferResponse
{"data":{"status":2,"is_agree":"1","id":"109","offer_id":"100","signature":"154385466948145.png","token":"3AnUCuYBOpOAYVyv5KreOHg4DGsuLuWpLUUc6SmChO3E4a39iHyosBmV1kPItmbSi5dcI0PTjNGvmoFZssMRyfLwrQkz4i9Jrkuh2xgHaD8He6c2ohX7U06S","lang_type":"1"}}

2018-12-03 10:31:11
demo.webmigrates.com/osnap/api/Registration/UserDetail
{"data":{"id":"109","other_id":"109","token":"3AnUCuYBOpOAYVyv5KreOHg4DGsuLuWpLUUc6SmChO3E4a39iHyosBmV1kPItmbSi5dcI0PTjNGvmoFZssMRyfLwrQkz4i9Jrkuh2xgHaD8He6c2ohX7U06S","lang_type":"1"}}

2018-12-03 10:31:11
demo.webmigrates.com/osnap/api/Notification/CountBase
{"data":{"token":"3AnUCuYBOpOAYVyv5KreOHg4DGsuLuWpLUUc6SmChO3E4a39iHyosBmV1kPItmbSi5dcI0PTjNGvmoFZssMRyfLwrQkz4i9Jrkuh2xgHaD8He6c2ohX7U06S","user_id":"109","lang_type":"1"}}

2018-12-03 10:31:13
demo.webmigrates.com/osnap/api/Registration/MyBidPost
{"data":{"limit":10,"id":"109","page":1,"token":"3AnUCuYBOpOAYVyv5KreOHg4DGsuLuWpLUUc6SmChO3E4a39iHyosBmV1kPItmbSi5dcI0PTjNGvmoFZssMRyfLwrQkz4i9Jrkuh2xgHaD8He6c2ohX7U06S","lang_type":"1"}}

2018-12-03 10:31:14
demo.webmigrates.com/osnap/api/Registration/MyBidPostRunningAll
{"data":{"limit":10,"id":"109","page":1,"token":"3AnUCuYBOpOAYVyv5KreOHg4DGsuLuWpLUUc6SmChO3E4a39iHyosBmV1kPItmbSi5dcI0PTjNGvmoFZssMRyfLwrQkz4i9Jrkuh2xgHaD8He6c2ohX7U06S","lang_type":"1"}}

2018-12-03 10:31:15
demo.webmigrates.com/osnap/api/Registration/MyBidPostRunningAll
{"data":{"limit":10,"id":"109","page":2,"token":"3AnUCuYBOpOAYVyv5KreOHg4DGsuLuWpLUUc6SmChO3E4a39iHyosBmV1kPItmbSi5dcI0PTjNGvmoFZssMRyfLwrQkz4i9Jrkuh2xgHaD8He6c2ohX7U06S","lang_type":"1"}}

2018-12-03 10:31:18
demo.webmigrates.com/osnap/api/Registration/UserDetail
{"data":{"id":"109","other_id":"109","token":"3AnUCuYBOpOAYVyv5KreOHg4DGsuLuWpLUUc6SmChO3E4a39iHyosBmV1kPItmbSi5dcI0PTjNGvmoFZssMRyfLwrQkz4i9Jrkuh2xgHaD8He6c2ohX7U06S","lang_type":"1"}}

2018-12-03 10:31:18
demo.webmigrates.com/osnap/api/Notification/CountBase
{"data":{"token":"3AnUCuYBOpOAYVyv5KreOHg4DGsuLuWpLUUc6SmChO3E4a39iHyosBmV1kPItmbSi5dcI0PTjNGvmoFZssMRyfLwrQkz4i9Jrkuh2xgHaD8He6c2ohX7U06S","user_id":"109","lang_type":"1"}}

2018-12-03 10:31:19
demo.webmigrates.com/osnap/api/Registration/MyOffers
{"data":{"Dlatitude":"32.761889","id":"109","Dlongtitude":"-97.072459","token":"3AnUCuYBOpOAYVyv5KreOHg4DGsuLuWpLUUc6SmChO3E4a39iHyosBmV1kPItmbSi5dcI0PTjNGvmoFZssMRyfLwrQkz4i9Jrkuh2xgHaD8He6c2ohX7U06S","lang_type":"1"}}

2018-12-03 10:31:27
demo.webmigrates.com/osnap/api/Registration/OfferResponse
{"data":{"status":2,"is_agree":"1","id":"109","offer_id":"106","signature":"15438546874585.png","token":"3AnUCuYBOpOAYVyv5KreOHg4DGsuLuWpLUUc6SmChO3E4a39iHyosBmV1kPItmbSi5dcI0PTjNGvmoFZssMRyfLwrQkz4i9Jrkuh2xgHaD8He6c2ohX7U06S","lang_type":"1"}}

2018-12-03 10:31:31
demo.webmigrates.com/osnap/api/Notification/CountBase
{"data":{"token":"3AnUCuYBOpOAYVyv5KreOHg4DGsuLuWpLUUc6SmChO3E4a39iHyosBmV1kPItmbSi5dcI0PTjNGvmoFZssMRyfLwrQkz4i9Jrkuh2xgHaD8He6c2ohX7U06S","user_id":"109","lang_type":"1"}}

2018-12-03 10:31:31
demo.webmigrates.com/osnap/api/Registration/UserDetail
{"data":{"id":"109","other_id":"109","token":"3AnUCuYBOpOAYVyv5KreOHg4DGsuLuWpLUUc6SmChO3E4a39iHyosBmV1kPItmbSi5dcI0PTjNGvmoFZssMRyfLwrQkz4i9Jrkuh2xgHaD8He6c2ohX7U06S","lang_type":"1"}}

2018-12-03 10:31:33
demo.webmigrates.com/osnap/api/Registration/MyBidPost
{"data":{"limit":10,"id":"109","page":1,"token":"3AnUCuYBOpOAYVyv5KreOHg4DGsuLuWpLUUc6SmChO3E4a39iHyosBmV1kPItmbSi5dcI0PTjNGvmoFZssMRyfLwrQkz4i9Jrkuh2xgHaD8He6c2ohX7U06S","lang_type":"1"}}

2018-12-03 10:31:34
demo.webmigrates.com/osnap/api/Registration/MyBidPostRunningAll
{"data":{"limit":10,"id":"109","page":1,"token":"3AnUCuYBOpOAYVyv5KreOHg4DGsuLuWpLUUc6SmChO3E4a39iHyosBmV1kPItmbSi5dcI0PTjNGvmoFZssMRyfLwrQkz4i9Jrkuh2xgHaD8He6c2ohX7U06S","lang_type":"1"}}

2018-12-03 10:31:35
demo.webmigrates.com/osnap/api/Registration/MyBidPostRunningAll
{"data":{"limit":10,"id":"109","page":2,"token":"3AnUCuYBOpOAYVyv5KreOHg4DGsuLuWpLUUc6SmChO3E4a39iHyosBmV1kPItmbSi5dcI0PTjNGvmoFZssMRyfLwrQkz4i9Jrkuh2xgHaD8He6c2ohX7U06S","lang_type":"1"}}

2018-12-03 10:31:36
demo.webmigrates.com/osnap/api/Registration/EventDetail
{"data":{"id":"109","pb_id":"106","token":"3AnUCuYBOpOAYVyv5KreOHg4DGsuLuWpLUUc6SmChO3E4a39iHyosBmV1kPItmbSi5dcI0PTjNGvmoFZssMRyfLwrQkz4i9Jrkuh2xgHaD8He6c2ohX7U06S","lang_type":"1"}}

2018-12-03 10:31:37
demo.webmigrates.com/osnap/api/Registration/UserDetail
{"data":{"Dlatitude":"32.761976","id":"109","other_id":"138","Dlongtitude":"-97.072420","token":"3AnUCuYBOpOAYVyv5KreOHg4DGsuLuWpLUUc6SmChO3E4a39iHyosBmV1kPItmbSi5dcI0PTjNGvmoFZssMRyfLwrQkz4i9Jrkuh2xgHaD8He6c2ohX7U06S","lang_type":"1"}}

2018-12-03 10:32:01
demo.webmigrates.com/osnap/api/Notification/CountBase
{"data":{"token":"3AnUCuYBOpOAYVyv5KreOHg4DGsuLuWpLUUc6SmChO3E4a39iHyosBmV1kPItmbSi5dcI0PTjNGvmoFZssMRyfLwrQkz4i9Jrkuh2xgHaD8He6c2ohX7U06S","user_id":"109","lang_type":"1"}}

2018-12-03 10:32:01
demo.webmigrates.com/osnap/api/Registration/UserDetail
{"data":{"id":"109","other_id":"109","token":"3AnUCuYBOpOAYVyv5KreOHg4DGsuLuWpLUUc6SmChO3E4a39iHyosBmV1kPItmbSi5dcI0PTjNGvmoFZssMRyfLwrQkz4i9Jrkuh2xgHaD8He6c2ohX7U06S","lang_type":"1"}}

2018-12-03 10:32:10
demo.webmigrates.com/osnap/api/Registration/ClientMyEvent
{"data":{"id":"138","year":"2018","token":"zhx18RMj7oZRVhKeEzqD5LkmOhVIPwkpx8T34mFqKjGzBlgt6KxdE0UTy16zs9NOtE53jSQivL4n8WJENIJApMTCcEzsg28qN2XZ4iE4V8DpYkZ86njDMewR","lang_type":"1"}}

2018-12-03 10:32:15
demo.webmigrates.com/osnap/api/Registration/UserDetail
{"data":{"id":"138","other_id":"138","token":"zhx18RMj7oZRVhKeEzqD5LkmOhVIPwkpx8T34mFqKjGzBlgt6KxdE0UTy16zs9NOtE53jSQivL4n8WJENIJApMTCcEzsg28qN2XZ4iE4V8DpYkZ86njDMewR","lang_type":"1"}}

2018-12-03 10:56:04
demo.webmigrates.com/osnap/api/Registration/ClientMyEvent
{"data":{"id":"138","year":"2018","token":"zhx18RMj7oZRVhKeEzqD5LkmOhVIPwkpx8T34mFqKjGzBlgt6KxdE0UTy16zs9NOtE53jSQivL4n8WJENIJApMTCcEzsg28qN2XZ4iE4V8DpYkZ86njDMewR","lang_type":"1"}}

2018-12-03 11:10:35
demo.webmigrates.com/osnap/api/Notification/GetNotification
{"data":{"limit":10,"page":1,"user_id":"109","token":"3AnUCuYBOpOAYVyv5KreOHg4DGsuLuWpLUUc6SmChO3E4a39iHyosBmV1kPItmbSi5dcI0PTjNGvmoFZssMRyfLwrQkz4i9Jrkuh2xgHaD8He6c2ohX7U06S","lang_type":"1"}}

2018-12-03 11:10:36
demo.webmigrates.com/osnap/api/Notification/ClearBase
{"data":{"token":"3AnUCuYBOpOAYVyv5KreOHg4DGsuLuWpLUUc6SmChO3E4a39iHyosBmV1kPItmbSi5dcI0PTjNGvmoFZssMRyfLwrQkz4i9Jrkuh2xgHaD8He6c2ohX7U06S","user_id":"109","lang_type":"1"}}

2018-12-03 11:10:38
demo.webmigrates.com/osnap/api/Registration/EventDetail
{"data":{"id":"109","pb_id":"106","token":"3AnUCuYBOpOAYVyv5KreOHg4DGsuLuWpLUUc6SmChO3E4a39iHyosBmV1kPItmbSi5dcI0PTjNGvmoFZssMRyfLwrQkz4i9Jrkuh2xgHaD8He6c2ohX7U06S","lang_type":"1"}}

2018-12-03 11:10:40
demo.webmigrates.com/osnap/api/Registration/EventDetail
{"data":{"id":"109","pb_id":"106","token":"3AnUCuYBOpOAYVyv5KreOHg4DGsuLuWpLUUc6SmChO3E4a39iHyosBmV1kPItmbSi5dcI0PTjNGvmoFZssMRyfLwrQkz4i9Jrkuh2xgHaD8He6c2ohX7U06S","lang_type":"1"}}

2018-12-03 14:16:27
demo.webmigrates.com/osnap/api/Registration/BusinessMyEvent
{"data":{"id":"109","year":"2018","token":"3AnUCuYBOpOAYVyv5KreOHg4DGsuLuWpLUUc6SmChO3E4a39iHyosBmV1kPItmbSi5dcI0PTjNGvmoFZssMRyfLwrQkz4i9Jrkuh2xgHaD8He6c2ohX7U06S","lang_type":"1"}}

2018-12-03 14:16:27
demo.webmigrates.com/osnap/api/Registration/UserDetail
{"data":{"id":"109","other_id":"109","token":"3AnUCuYBOpOAYVyv5KreOHg4DGsuLuWpLUUc6SmChO3E4a39iHyosBmV1kPItmbSi5dcI0PTjNGvmoFZssMRyfLwrQkz4i9Jrkuh2xgHaD8He6c2ohX7U06S","lang_type":"1"}}

2018-12-03 14:16:27
demo.webmigrates.com/osnap/api/Notification/CountBase
{"data":{"token":"3AnUCuYBOpOAYVyv5KreOHg4DGsuLuWpLUUc6SmChO3E4a39iHyosBmV1kPItmbSi5dcI0PTjNGvmoFZssMRyfLwrQkz4i9Jrkuh2xgHaD8He6c2ohX7U06S","user_id":"109","lang_type":"1"}}

2018-12-03 14:30:31
demo.webmigrates.com/osnap/api/Registration/BusinessMyEvent
{"data":{"year":"2018","id":"109","month":"12","token":"3AnUCuYBOpOAYVyv5KreOHg4DGsuLuWpLUUc6SmChO3E4a39iHyosBmV1kPItmbSi5dcI0PTjNGvmoFZssMRyfLwrQkz4i9Jrkuh2xgHaD8He6c2ohX7U06S","lang_type":"1"}}

2018-12-03 14:30:34
demo.webmigrates.com/osnap/api/Registration/EventDetail
{"data":{"id":"109","pb_id":"106","token":"3AnUCuYBOpOAYVyv5KreOHg4DGsuLuWpLUUc6SmChO3E4a39iHyosBmV1kPItmbSi5dcI0PTjNGvmoFZssMRyfLwrQkz4i9Jrkuh2xgHaD8He6c2ohX7U06S","lang_type":"1"}}

2018-12-03 14:30:35
demo.webmigrates.com/osnap/api/Registration/UserDetail
{"data":{"Dlatitude":"32.761784","id":"109","other_id":"138","Dlongtitude":"-97.072574","token":"3AnUCuYBOpOAYVyv5KreOHg4DGsuLuWpLUUc6SmChO3E4a39iHyosBmV1kPItmbSi5dcI0PTjNGvmoFZssMRyfLwrQkz4i9Jrkuh2xgHaD8He6c2ohX7U06S","lang_type":"1"}}

2018-12-03 14:30:43
demo.webmigrates.com/osnap/api/Notification/CountBase
{"data":{"token":"3AnUCuYBOpOAYVyv5KreOHg4DGsuLuWpLUUc6SmChO3E4a39iHyosBmV1kPItmbSi5dcI0PTjNGvmoFZssMRyfLwrQkz4i9Jrkuh2xgHaD8He6c2ohX7U06S","user_id":"109","lang_type":"1"}}

2018-12-03 14:30:43
demo.webmigrates.com/osnap/api/Registration/UserDetail
{"data":{"id":"109","other_id":"109","token":"3AnUCuYBOpOAYVyv5KreOHg4DGsuLuWpLUUc6SmChO3E4a39iHyosBmV1kPItmbSi5dcI0PTjNGvmoFZssMRyfLwrQkz4i9Jrkuh2xgHaD8He6c2ohX7U06S","lang_type":"1"}}

2018-12-03 14:31:11
demo.webmigrates.com/osnap/api/Registration/ExploreRequests
{"data":{"limit":10,"id":"109","other_id":"109","page":1,"token":"3AnUCuYBOpOAYVyv5KreOHg4DGsuLuWpLUUc6SmChO3E4a39iHyosBmV1kPItmbSi5dcI0PTjNGvmoFZssMRyfLwrQkz4i9Jrkuh2xgHaD8He6c2ohX7U06S","lang_type":"1"}}

2018-12-03 14:31:15
demo.webmigrates.com/osnap/api/Registration/ExploreRequests
{"data":{"limit":10,"id":"109","other_id":"109","page":2,"token":"3AnUCuYBOpOAYVyv5KreOHg4DGsuLuWpLUUc6SmChO3E4a39iHyosBmV1kPItmbSi5dcI0PTjNGvmoFZssMRyfLwrQkz4i9Jrkuh2xgHaD8He6c2ohX7U06S","lang_type":"1"}}

2018-12-03 14:31:21
demo.webmigrates.com/osnap/api/Notification/CountBase
{"data":{"token":"3AnUCuYBOpOAYVyv5KreOHg4DGsuLuWpLUUc6SmChO3E4a39iHyosBmV1kPItmbSi5dcI0PTjNGvmoFZssMRyfLwrQkz4i9Jrkuh2xgHaD8He6c2ohX7U06S","user_id":"109","lang_type":"1"}}

2018-12-03 14:31:21
demo.webmigrates.com/osnap/api/Registration/UserDetail
{"data":{"id":"109","other_id":"109","token":"3AnUCuYBOpOAYVyv5KreOHg4DGsuLuWpLUUc6SmChO3E4a39iHyosBmV1kPItmbSi5dcI0PTjNGvmoFZssMRyfLwrQkz4i9Jrkuh2xgHaD8He6c2ohX7U06S","lang_type":"1"}}

2018-12-03 14:31:33
demo.webmigrates.com/osnap/api/Registration/UserDetail
{"data":{"id":"109","other_id":"109","token":"3AnUCuYBOpOAYVyv5KreOHg4DGsuLuWpLUUc6SmChO3E4a39iHyosBmV1kPItmbSi5dcI0PTjNGvmoFZssMRyfLwrQkz4i9Jrkuh2xgHaD8He6c2ohX7U06S","lang_type":"1"}}

2018-12-03 14:31:33
demo.webmigrates.com/osnap/api/Notification/CountBase
{"data":{"token":"3AnUCuYBOpOAYVyv5KreOHg4DGsuLuWpLUUc6SmChO3E4a39iHyosBmV1kPItmbSi5dcI0PTjNGvmoFZssMRyfLwrQkz4i9Jrkuh2xgHaD8He6c2ohX7U06S","user_id":"109","lang_type":"1"}}

2018-12-03 22:10:49
demo.webmigrates.com/osnap/api/Registration/UserDetail
{"data":{"id":"140","lang_type":"1","other_id":"140","token":"zwtMn08XTCkE2txcZfIuBCQBIfbXOyVezcUaVCLlN5628vtizvcjcXo2NmJMzKSlf1hUVFCtuIRw45ivjWozpb7F8ioYHhzZXEoioqoVV1nQj4JWV8xixS5r"}}

2018-12-03 22:47:42
demo.webmigrates.com/osnap/api/Registration/ClientMyEvent
{"data":{"id":"11","year":"2018","token":"QW9NUz80oaNwmT3saNnxqFZEX5xHT6papMNA7C8Ap83QwlDpzTY4TN2QG0EFQxpGxuvvpm8EiBZuAamcEMyuhQGTMx1seh4nJMd5X8wMD2F2aDWe1Kuse85D","lang_type":"1"}}

2018-12-03 22:48:59
demo.webmigrates.com/osnap/api/Registration/UserRegistration
{"data":{"image":"154389893970337.png","city":"Sahibzada Ajit Singh Nagar","state":"Punjab","country_code":"+1","phone":"8699555661","password":"12345678","device_type":"1","email":"business1@yopmail.com","latitude":"30.667766","longtitude":"76.786229","device_token":"1e7f344126ac1336348dee623a384d14bd96fb83c182ff547b358eff01643552","first_name":"business","username":"business1","address":"New Civil Air Terminal, Mohali District, Sahibzada Ajit Singh Nagar, Punjab 140306, India","country":"India","birth_date":"1985-10-16","last_name":"one","osnap_id":"business1","lang_type":"1","user_type":"2","post_code":"140306"}}

2018-12-03 22:49:20
demo.webmigrates.com/osnap/api/Registration/VerifyUser
{"data":{"device_token":"1e7f344126ac1336348dee623a384d14bd96fb83c182ff547b358eff01643552","lang_type":"1","username":"business1","email":"business1@yopmail.com","device_type":"1","activation_code":"746785"}}

2018-12-03 22:49:25
demo.webmigrates.com/osnap/api/Registration/EditUser
{"data":{"security_code":"1234","id":"141","lang_type":"1","token":"S8S7cdcvLEXMZ72an8fgnLgJGgWKeQdgsJD7mFqjvQHDCiGnA1zbmalMxM8xoMhIk3KQWOuCUM2qUYaVxDMS2SSMtqLLKK0mc2iW5S3J3juuaO726nZGN5pL"}}

2018-12-03 22:49:26
demo.webmigrates.com/osnap/api/General/GetBusinessTypes
{"data":{"lang_type":"1","id":"141","token":"S8S7cdcvLEXMZ72an8fgnLgJGgWKeQdgsJD7mFqjvQHDCiGnA1zbmalMxM8xoMhIk3KQWOuCUM2qUYaVxDMS2SSMtqLLKK0mc2iW5S3J3juuaO726nZGN5pL"}}

2018-12-03 22:49:26
demo.webmigrates.com/osnap/api/General/GetBusinessCategory
{"data":{"lang_type":"1","id":"141","token":"S8S7cdcvLEXMZ72an8fgnLgJGgWKeQdgsJD7mFqjvQHDCiGnA1zbmalMxM8xoMhIk3KQWOuCUM2qUYaVxDMS2SSMtqLLKK0mc2iW5S3J3juuaO726nZGN5pL"}}

2018-12-03 22:51:08
demo.webmigrates.com/osnap/api/Registration/AddUpdateBusinessDetails
{"data":{"id":"141","lang_type":"1","business_osnap_id":"business1","business_type":"4","business_notes":"Lore sum ipsum","business_owner":"Owner","business_category":"1","business_image":"154389905445518.png","business_name":"Ripen construction","business_esta_year":"2016","token":"S8S7cdcvLEXMZ72an8fgnLgJGgWKeQdgsJD7mFqjvQHDCiGnA1zbmalMxM8xoMhIk3KQWOuCUM2qUYaVxDMS2SSMtqLLKK0mc2iW5S3J3juuaO726nZGN5pL","business_esta_month":"5","exp_level":"1"}}

2018-12-03 22:52:11
demo.webmigrates.com/osnap/api/Registration/StripeSuccess?state=141&scope=read_write&code=ac_E5hHLPOGNFbuSiOWkXbaTxIjZcZazsWu


2018-12-03 22:53:52
demo.webmigrates.com/osnap/api/Registration/UserDetail
{"data":{"id":"141","lang_type":"1","other_id":"141","token":"S8S7cdcvLEXMZ72an8fgnLgJGgWKeQdgsJD7mFqjvQHDCiGnA1zbmalMxM8xoMhIk3KQWOuCUM2qUYaVxDMS2SSMtqLLKK0mc2iW5S3J3juuaO726nZGN5pL"}}

2018-12-03 22:54:19
demo.webmigrates.com/osnap/api/Registration/AddCard
{"data":{"id":"141","lang_type":"1","cardtoken":"tok_1DdVvLH2N8KYROq9WIDKrdin","is_default":"1","token":"S8S7cdcvLEXMZ72an8fgnLgJGgWKeQdgsJD7mFqjvQHDCiGnA1zbmalMxM8xoMhIk3KQWOuCUM2qUYaVxDMS2SSMtqLLKK0mc2iW5S3J3juuaO726nZGN5pL"}}

2018-12-03 22:54:24
demo.webmigrates.com/osnap/api/Registration/UserDetail
{"data":{"id":"141","lang_type":"1","other_id":"141","token":"S8S7cdcvLEXMZ72an8fgnLgJGgWKeQdgsJD7mFqjvQHDCiGnA1zbmalMxM8xoMhIk3KQWOuCUM2qUYaVxDMS2SSMtqLLKK0mc2iW5S3J3juuaO726nZGN5pL"}}

2018-12-03 22:54:51
demo.webmigrates.com/osnap/api/Registration/SubscribeUser
{"data":{"id":"141","lang_type":"1","card_id":"173","token":"S8S7cdcvLEXMZ72an8fgnLgJGgWKeQdgsJD7mFqjvQHDCiGnA1zbmalMxM8xoMhIk3KQWOuCUM2qUYaVxDMS2SSMtqLLKK0mc2iW5S3J3juuaO726nZGN5pL"}}

2018-12-03 22:54:54
demo.webmigrates.com/osnap/api/Notification/CountBase
{"data":{"lang_type":"1","token":"S8S7cdcvLEXMZ72an8fgnLgJGgWKeQdgsJD7mFqjvQHDCiGnA1zbmalMxM8xoMhIk3KQWOuCUM2qUYaVxDMS2SSMtqLLKK0mc2iW5S3J3juuaO726nZGN5pL","user_id":"141"}}

2018-12-03 22:54:54
demo.webmigrates.com/osnap/api/Registration/BusinessMyEvent
{"data":{"id":"141","lang_type":"1","year":"2018","token":"S8S7cdcvLEXMZ72an8fgnLgJGgWKeQdgsJD7mFqjvQHDCiGnA1zbmalMxM8xoMhIk3KQWOuCUM2qUYaVxDMS2SSMtqLLKK0mc2iW5S3J3juuaO726nZGN5pL"}}

2018-12-03 22:54:54
demo.webmigrates.com/osnap/api/Registration/UserDetail
{"data":{"id":"141","lang_type":"1","other_id":"141","token":"S8S7cdcvLEXMZ72an8fgnLgJGgWKeQdgsJD7mFqjvQHDCiGnA1zbmalMxM8xoMhIk3KQWOuCUM2qUYaVxDMS2SSMtqLLKK0mc2iW5S3J3juuaO726nZGN5pL"}}

2018-12-03 22:55:08
demo.webmigrates.com/osnap/api/Registration/EditUser
{"data":{"id":"141","lang_type":"1","is_recurring":"0","token":"S8S7cdcvLEXMZ72an8fgnLgJGgWKeQdgsJD7mFqjvQHDCiGnA1zbmalMxM8xoMhIk3KQWOuCUM2qUYaVxDMS2SSMtqLLKK0mc2iW5S3J3juuaO726nZGN5pL"}}

2018-12-03 22:55:11
demo.webmigrates.com/osnap/api/Registration/EditUser
{"data":{"id":"141","lang_type":"1","is_recurring":"1","token":"S8S7cdcvLEXMZ72an8fgnLgJGgWKeQdgsJD7mFqjvQHDCiGnA1zbmalMxM8xoMhIk3KQWOuCUM2qUYaVxDMS2SSMtqLLKK0mc2iW5S3J3juuaO726nZGN5pL"}}

2018-12-03 22:55:31
demo.webmigrates.com/osnap/api/Notification/CountBase
{"data":{"lang_type":"1","token":"S8S7cdcvLEXMZ72an8fgnLgJGgWKeQdgsJD7mFqjvQHDCiGnA1zbmalMxM8xoMhIk3KQWOuCUM2qUYaVxDMS2SSMtqLLKK0mc2iW5S3J3juuaO726nZGN5pL","user_id":"141"}}

2018-12-03 22:55:31
demo.webmigrates.com/osnap/api/Registration/BusinessMyEvent
{"data":{"id":"141","lang_type":"1","year":"2018","token":"S8S7cdcvLEXMZ72an8fgnLgJGgWKeQdgsJD7mFqjvQHDCiGnA1zbmalMxM8xoMhIk3KQWOuCUM2qUYaVxDMS2SSMtqLLKK0mc2iW5S3J3juuaO726nZGN5pL"}}

2018-12-03 22:55:31
demo.webmigrates.com/osnap/api/Registration/UserDetail
{"data":{"id":"141","lang_type":"1","other_id":"141","token":"S8S7cdcvLEXMZ72an8fgnLgJGgWKeQdgsJD7mFqjvQHDCiGnA1zbmalMxM8xoMhIk3KQWOuCUM2qUYaVxDMS2SSMtqLLKK0mc2iW5S3J3juuaO726nZGN5pL"}}

2018-12-03 22:55:37
demo.webmigrates.com/osnap/api/General/GetCategory
{"data":{"lang_type":"1","id":"141","token":"S8S7cdcvLEXMZ72an8fgnLgJGgWKeQdgsJD7mFqjvQHDCiGnA1zbmalMxM8xoMhIk3KQWOuCUM2qUYaVxDMS2SSMtqLLKK0mc2iW5S3J3juuaO726nZGN5pL"}}

2018-12-03 22:58:19
demo.webmigrates.com/osnap/api/Notification/CountBase
{"data":{"lang_type":"1","token":"S8S7cdcvLEXMZ72an8fgnLgJGgWKeQdgsJD7mFqjvQHDCiGnA1zbmalMxM8xoMhIk3KQWOuCUM2qUYaVxDMS2SSMtqLLKK0mc2iW5S3J3juuaO726nZGN5pL","user_id":"141"}}

2018-12-03 22:58:19
demo.webmigrates.com/osnap/api/Registration/UserDetail
{"data":{"id":"141","lang_type":"1","other_id":"141","token":"S8S7cdcvLEXMZ72an8fgnLgJGgWKeQdgsJD7mFqjvQHDCiGnA1zbmalMxM8xoMhIk3KQWOuCUM2qUYaVxDMS2SSMtqLLKK0mc2iW5S3J3juuaO726nZGN5pL"}}

2018-12-03 22:58:21
demo.webmigrates.com/osnap/api/Notification/GetNotification
{"data":{"lang_type":"1","user_id":"141","page":1,"limit":10,"token":"S8S7cdcvLEXMZ72an8fgnLgJGgWKeQdgsJD7mFqjvQHDCiGnA1zbmalMxM8xoMhIk3KQWOuCUM2qUYaVxDMS2SSMtqLLKK0mc2iW5S3J3juuaO726nZGN5pL"}}

2018-12-03 22:58:22
demo.webmigrates.com/osnap/api/Notification/ClearBase
{"data":{"lang_type":"1","token":"S8S7cdcvLEXMZ72an8fgnLgJGgWKeQdgsJD7mFqjvQHDCiGnA1zbmalMxM8xoMhIk3KQWOuCUM2qUYaVxDMS2SSMtqLLKK0mc2iW5S3J3juuaO726nZGN5pL","user_id":"141"}}

2018-12-03 22:58:26
demo.webmigrates.com/osnap/api/Notification/ClearNotification
{"data":{"lang_type":"1","token":"S8S7cdcvLEXMZ72an8fgnLgJGgWKeQdgsJD7mFqjvQHDCiGnA1zbmalMxM8xoMhIk3KQWOuCUM2qUYaVxDMS2SSMtqLLKK0mc2iW5S3J3juuaO726nZGN5pL","user_id":"141"}}

2018-12-03 22:58:27
demo.webmigrates.com/osnap/api/Notification/CountBase
{"data":{"lang_type":"1","token":"S8S7cdcvLEXMZ72an8fgnLgJGgWKeQdgsJD7mFqjvQHDCiGnA1zbmalMxM8xoMhIk3KQWOuCUM2qUYaVxDMS2SSMtqLLKK0mc2iW5S3J3juuaO726nZGN5pL","user_id":"141"}}

2018-12-03 22:58:27
demo.webmigrates.com/osnap/api/Registration/UserDetail
{"data":{"id":"141","lang_type":"1","other_id":"141","token":"S8S7cdcvLEXMZ72an8fgnLgJGgWKeQdgsJD7mFqjvQHDCiGnA1zbmalMxM8xoMhIk3KQWOuCUM2qUYaVxDMS2SSMtqLLKK0mc2iW5S3J3juuaO726nZGN5pL"}}

2018-12-03 22:58:51
demo.webmigrates.com/osnap/api/Registration/BusinessMyEvent
{"data":{"month":"12","id":"141","lang_type":"1","year":"2018","token":"S8S7cdcvLEXMZ72an8fgnLgJGgWKeQdgsJD7mFqjvQHDCiGnA1zbmalMxM8xoMhIk3KQWOuCUM2qUYaVxDMS2SSMtqLLKK0mc2iW5S3J3juuaO726nZGN5pL"}}

2018-12-03 22:58:53
demo.webmigrates.com/osnap/api/Registration/UserDetail
{"data":{"id":"141","lang_type":"1","other_id":"141","token":"S8S7cdcvLEXMZ72an8fgnLgJGgWKeQdgsJD7mFqjvQHDCiGnA1zbmalMxM8xoMhIk3KQWOuCUM2qUYaVxDMS2SSMtqLLKK0mc2iW5S3J3juuaO726nZGN5pL"}}

2018-12-03 22:58:53
demo.webmigrates.com/osnap/api/Notification/CountBase
{"data":{"lang_type":"1","token":"S8S7cdcvLEXMZ72an8fgnLgJGgWKeQdgsJD7mFqjvQHDCiGnA1zbmalMxM8xoMhIk3KQWOuCUM2qUYaVxDMS2SSMtqLLKK0mc2iW5S3J3juuaO726nZGN5pL","user_id":"141"}}

2018-12-03 22:59:00
demo.webmigrates.com/osnap/api/Registration/BusinessMyEvent
{"data":{"id":"141","lang_type":"1","year":"2018","token":"S8S7cdcvLEXMZ72an8fgnLgJGgWKeQdgsJD7mFqjvQHDCiGnA1zbmalMxM8xoMhIk3KQWOuCUM2qUYaVxDMS2SSMtqLLKK0mc2iW5S3J3juuaO726nZGN5pL"}}

2018-12-03 22:59:00
demo.webmigrates.com/osnap/api/Notification/CountBase
{"data":{"lang_type":"1","token":"S8S7cdcvLEXMZ72an8fgnLgJGgWKeQdgsJD7mFqjvQHDCiGnA1zbmalMxM8xoMhIk3KQWOuCUM2qUYaVxDMS2SSMtqLLKK0mc2iW5S3J3juuaO726nZGN5pL","user_id":"141"}}

2018-12-03 22:59:00
demo.webmigrates.com/osnap/api/Registration/UserDetail
{"data":{"id":"141","lang_type":"1","other_id":"141","token":"S8S7cdcvLEXMZ72an8fgnLgJGgWKeQdgsJD7mFqjvQHDCiGnA1zbmalMxM8xoMhIk3KQWOuCUM2qUYaVxDMS2SSMtqLLKK0mc2iW5S3J3juuaO726nZGN5pL"}}

2018-12-03 22:59:03
demo.webmigrates.com/osnap/api/Registration/BusinessMyEvent
{"data":{"month":"12","id":"141","lang_type":"1","year":"2018","token":"S8S7cdcvLEXMZ72an8fgnLgJGgWKeQdgsJD7mFqjvQHDCiGnA1zbmalMxM8xoMhIk3KQWOuCUM2qUYaVxDMS2SSMtqLLKK0mc2iW5S3J3juuaO726nZGN5pL"}}

2018-12-03 23:00:09
demo.webmigrates.com/osnap/api/General/GetBusinessTypes
{"data":{"lang_type":"1","id":"141","token":"S8S7cdcvLEXMZ72an8fgnLgJGgWKeQdgsJD7mFqjvQHDCiGnA1zbmalMxM8xoMhIk3KQWOuCUM2qUYaVxDMS2SSMtqLLKK0mc2iW5S3J3juuaO726nZGN5pL"}}

2018-12-03 23:00:09
demo.webmigrates.com/osnap/api/General/GetBusinessCategory
{"data":{"lang_type":"1","id":"141","token":"S8S7cdcvLEXMZ72an8fgnLgJGgWKeQdgsJD7mFqjvQHDCiGnA1zbmalMxM8xoMhIk3KQWOuCUM2qUYaVxDMS2SSMtqLLKK0mc2iW5S3J3juuaO726nZGN5pL"}}

2018-12-03 23:00:14
demo.webmigrates.com/osnap/api/Registration/AddUpdateBusinessDetails
{"data":{"id":"141","lang_type":"1","business_osnap_id":"business1","business_type":"4","business_notes":"Lore sum ipsum","business_owner":"Owner","business_category":"1","business_esta_year":"2016","business_name":"Ripen construction","token":"S8S7cdcvLEXMZ72an8fgnLgJGgWKeQdgsJD7mFqjvQHDCiGnA1zbmalMxM8xoMhIk3KQWOuCUM2qUYaVxDMS2SSMtqLLKK0mc2iW5S3J3juuaO726nZGN5pL","business_esta_month":"5","exp_level":"0"}}

2018-12-03 23:00:21
demo.webmigrates.com/osnap/api/Registration/EditUser
{"data":{"first_name":"business","phone":"8699555661","id":"141","last_name":"one","token":"S8S7cdcvLEXMZ72an8fgnLgJGgWKeQdgsJD7mFqjvQHDCiGnA1zbmalMxM8xoMhIk3KQWOuCUM2qUYaVxDMS2SSMtqLLKK0mc2iW5S3J3juuaO726nZGN5pL","country_code":"+1","birth_date":"1985-10-16","lang_type":"1"}}

2018-12-03 23:00:27
demo.webmigrates.com/osnap/api/Registration/BusinessMyEvent
{"data":{"id":"141","lang_type":"1","year":"2018","token":"S8S7cdcvLEXMZ72an8fgnLgJGgWKeQdgsJD7mFqjvQHDCiGnA1zbmalMxM8xoMhIk3KQWOuCUM2qUYaVxDMS2SSMtqLLKK0mc2iW5S3J3juuaO726nZGN5pL"}}

2018-12-03 23:00:27
demo.webmigrates.com/osnap/api/Notification/CountBase
{"data":{"lang_type":"1","token":"S8S7cdcvLEXMZ72an8fgnLgJGgWKeQdgsJD7mFqjvQHDCiGnA1zbmalMxM8xoMhIk3KQWOuCUM2qUYaVxDMS2SSMtqLLKK0mc2iW5S3J3juuaO726nZGN5pL","user_id":"141"}}

2018-12-03 23:00:28
demo.webmigrates.com/osnap/api/Registration/UserDetail
{"data":{"id":"141","lang_type":"1","other_id":"141","token":"S8S7cdcvLEXMZ72an8fgnLgJGgWKeQdgsJD7mFqjvQHDCiGnA1zbmalMxM8xoMhIk3KQWOuCUM2qUYaVxDMS2SSMtqLLKK0mc2iW5S3J3juuaO726nZGN5pL"}}

2018-12-03 23:01:17
demo.webmigrates.com/osnap/api/Notification/CountBase
{"data":{"token":"QW9NUz80oaNwmT3saNnxqFZEX5xHT6papMNA7C8Ap83QwlDpzTY4TN2QG0EFQxpGxuvvpm8EiBZuAamcEMyuhQGTMx1seh4nJMd5X8wMD2F2aDWe1Kuse85D","user_id":"11","lang_type":"1"}}

2018-12-03 23:01:17
demo.webmigrates.com/osnap/api/Registration/ClientMyEvent
{"data":{"id":"11","year":"2018","token":"QW9NUz80oaNwmT3saNnxqFZEX5xHT6papMNA7C8Ap83QwlDpzTY4TN2QG0EFQxpGxuvvpm8EiBZuAamcEMyuhQGTMx1seh4nJMd5X8wMD2F2aDWe1Kuse85D","lang_type":"1"}}

2018-12-03 23:01:17
demo.webmigrates.com/osnap/api/Registration/UserDetail
{"data":{"id":"11","other_id":"11","token":"QW9NUz80oaNwmT3saNnxqFZEX5xHT6papMNA7C8Ap83QwlDpzTY4TN2QG0EFQxpGxuvvpm8EiBZuAamcEMyuhQGTMx1seh4nJMd5X8wMD2F2aDWe1Kuse85D","lang_type":"1"}}

2018-12-03 23:01:24
demo.webmigrates.com/osnap/api/Registration/Logout
{"data":{"id":"11","token":"QW9NUz80oaNwmT3saNnxqFZEX5xHT6papMNA7C8Ap83QwlDpzTY4TN2QG0EFQxpGxuvvpm8EiBZuAamcEMyuhQGTMx1seh4nJMd5X8wMD2F2aDWe1Kuse85D","lang_type":"1"}}

2018-12-03 23:03:42
demo.webmigrates.com/osnap/api/Registration/UserRegistration
{"data":{"username":"valcust40","longtitude":"72.840489","lang_type":"1","country_code":"+1","country":"India","birth_date":"1974-07-19","image":"154389982238036.png","latitude":"21.204459","city":"Surat","last_name":"custNeq","osnap_id":"valcust40","state":"Gujarat","device_token":"17d0fef2b0ade64d9381b5f6386ae38552e2b99a55dbc813d6203deaa503410e","email":"valcustnew@yopmail.com","user_type":"1","phone":"9988552233","password":"vvvvvvvv","device_type":"1","post_code":"395101","address":"Railway Station Area, Varachha, Surat, Gujarat 395101, India","first_name":"val"}}

2018-12-03 23:05:48
demo.webmigrates.com/osnap/api/Registration/VerifyUser
{"data":{"email":"valcustnew@yopmail.com","username":"valcust40","device_type":"1","activation_code":"563480","device_token":"17d0fef2b0ade64d9381b5f6386ae38552e2b99a55dbc813d6203deaa503410e","lang_type":"1"}}

2018-12-03 23:06:11
demo.webmigrates.com/osnap/api/Registration/EditUser
{"data":{"id":"142","security_code":"4444","token":"dpLJ7ooqU2H7w3p5i86BpPpAsruntmHbk3x6b8XgSwyIrGHD68ATbj3PRE2vmxSf6stlq7hnoZwnPNzo1QAEdkb66nMne5bONSYc3cRFE6aFvQowompee3Qg","lang_type":"1"}}

2018-12-03 23:38:18
demo.webmigrates.com/osnap/api/General/GetCategory
{"data":{"lang_type":"1","id":"141","token":"S8S7cdcvLEXMZ72an8fgnLgJGgWKeQdgsJD7mFqjvQHDCiGnA1zbmalMxM8xoMhIk3KQWOuCUM2qUYaVxDMS2SSMtqLLKK0mc2iW5S3J3juuaO726nZGN5pL"}}

2018-12-03 23:38:30
demo.webmigrates.com/osnap/api/General/GetSubCategory
{"data":{"id":"141","lang_type":"1","category_id":"12","token":"S8S7cdcvLEXMZ72an8fgnLgJGgWKeQdgsJD7mFqjvQHDCiGnA1zbmalMxM8xoMhIk3KQWOuCUM2qUYaVxDMS2SSMtqLLKK0mc2iW5S3J3juuaO726nZGN5pL"}}

2018-12-03 23:40:30
demo.webmigrates.com/osnap/api/Registration/AddUpdateSkill
{"data":{"id":"141","lang_type":"1","skill":[{"description":"Lorresum ipsum ","subcategory_name":"Roofing","subcategory_id":"13","service_name":"constructing houses","price_type":"1","category_id":"12","service_photo":[],"category_name":"Construction","end_time":"06:00 PM","start_time":"8:00 AM","price":"50"}],"token":"S8S7cdcvLEXMZ72an8fgnLgJGgWKeQdgsJD7mFqjvQHDCiGnA1zbmalMxM8xoMhIk3KQWOuCUM2qUYaVxDMS2SSMtqLLKK0mc2iW5S3J3juuaO726nZGN5pL"}}

2018-12-03 23:44:31
demo.webmigrates.com/osnap/api/Registration/UserDetail
{"data":{"id":"141","lang_type":"1","other_id":"141","token":"S8S7cdcvLEXMZ72an8fgnLgJGgWKeQdgsJD7mFqjvQHDCiGnA1zbmalMxM8xoMhIk3KQWOuCUM2qUYaVxDMS2SSMtqLLKK0mc2iW5S3J3juuaO726nZGN5pL"}}

2018-12-03 23:44:44
demo.webmigrates.com/osnap/api/Registration/SubscribeUser
{"data":{"id":"141","lang_type":"1","card_id":"173","token":"S8S7cdcvLEXMZ72an8fgnLgJGgWKeQdgsJD7mFqjvQHDCiGnA1zbmalMxM8xoMhIk3KQWOuCUM2qUYaVxDMS2SSMtqLLKK0mc2iW5S3J3juuaO726nZGN5pL"}}

2018-12-03 23:44:46
demo.webmigrates.com/osnap/api/Registration/BusinessMyEvent
{"data":{"id":"141","lang_type":"1","year":"2018","token":"S8S7cdcvLEXMZ72an8fgnLgJGgWKeQdgsJD7mFqjvQHDCiGnA1zbmalMxM8xoMhIk3KQWOuCUM2qUYaVxDMS2SSMtqLLKK0mc2iW5S3J3juuaO726nZGN5pL"}}

2018-12-03 23:44:46
demo.webmigrates.com/osnap/api/Notification/CountBase
{"data":{"lang_type":"1","token":"S8S7cdcvLEXMZ72an8fgnLgJGgWKeQdgsJD7mFqjvQHDCiGnA1zbmalMxM8xoMhIk3KQWOuCUM2qUYaVxDMS2SSMtqLLKK0mc2iW5S3J3juuaO726nZGN5pL","user_id":"141"}}

2018-12-03 23:44:46
demo.webmigrates.com/osnap/api/Registration/UserDetail
{"data":{"id":"141","lang_type":"1","other_id":"141","token":"S8S7cdcvLEXMZ72an8fgnLgJGgWKeQdgsJD7mFqjvQHDCiGnA1zbmalMxM8xoMhIk3KQWOuCUM2qUYaVxDMS2SSMtqLLKK0mc2iW5S3J3juuaO726nZGN5pL"}}

2018-12-03 23:45:08
demo.webmigrates.com/osnap/api/Notification/CountBase
{"data":{"lang_type":"1","token":"S8S7cdcvLEXMZ72an8fgnLgJGgWKeQdgsJD7mFqjvQHDCiGnA1zbmalMxM8xoMhIk3KQWOuCUM2qUYaVxDMS2SSMtqLLKK0mc2iW5S3J3juuaO726nZGN5pL","user_id":"141"}}

2018-12-03 23:45:08
demo.webmigrates.com/osnap/api/Registration/BusinessMyEvent
{"data":{"id":"141","lang_type":"1","year":"2018","token":"S8S7cdcvLEXMZ72an8fgnLgJGgWKeQdgsJD7mFqjvQHDCiGnA1zbmalMxM8xoMhIk3KQWOuCUM2qUYaVxDMS2SSMtqLLKK0mc2iW5S3J3juuaO726nZGN5pL"}}

2018-12-03 23:45:08
demo.webmigrates.com/osnap/api/Registration/UserDetail
{"data":{"id":"141","lang_type":"1","other_id":"141","token":"S8S7cdcvLEXMZ72an8fgnLgJGgWKeQdgsJD7mFqjvQHDCiGnA1zbmalMxM8xoMhIk3KQWOuCUM2qUYaVxDMS2SSMtqLLKK0mc2iW5S3J3juuaO726nZGN5pL"}}

2018-12-03 23:45:14
demo.webmigrates.com/osnap/api/Registration/BusinessMyEvent
{"data":{"id":"141","lang_type":"1","year":"2018","token":"S8S7cdcvLEXMZ72an8fgnLgJGgWKeQdgsJD7mFqjvQHDCiGnA1zbmalMxM8xoMhIk3KQWOuCUM2qUYaVxDMS2SSMtqLLKK0mc2iW5S3J3juuaO726nZGN5pL"}}

2018-12-03 23:45:14
demo.webmigrates.com/osnap/api/Notification/CountBase
{"data":{"lang_type":"1","token":"S8S7cdcvLEXMZ72an8fgnLgJGgWKeQdgsJD7mFqjvQHDCiGnA1zbmalMxM8xoMhIk3KQWOuCUM2qUYaVxDMS2SSMtqLLKK0mc2iW5S3J3juuaO726nZGN5pL","user_id":"141"}}

2018-12-03 23:45:14
demo.webmigrates.com/osnap/api/Registration/UserDetail
{"data":{"id":"141","lang_type":"1","other_id":"141","token":"S8S7cdcvLEXMZ72an8fgnLgJGgWKeQdgsJD7mFqjvQHDCiGnA1zbmalMxM8xoMhIk3KQWOuCUM2qUYaVxDMS2SSMtqLLKK0mc2iW5S3J3juuaO726nZGN5pL"}}

2018-12-03 23:45:32
demo.webmigrates.com/osnap/api/General/GetCategory
{"data":{"lang_type":"1","id":"141","token":"S8S7cdcvLEXMZ72an8fgnLgJGgWKeQdgsJD7mFqjvQHDCiGnA1zbmalMxM8xoMhIk3KQWOuCUM2qUYaVxDMS2SSMtqLLKK0mc2iW5S3J3juuaO726nZGN5pL"}}

2018-12-03 23:45:49
demo.webmigrates.com/osnap/api/General/GetSubCategory
{"data":{"id":"141","lang_type":"1","category_id":"12","token":"S8S7cdcvLEXMZ72an8fgnLgJGgWKeQdgsJD7mFqjvQHDCiGnA1zbmalMxM8xoMhIk3KQWOuCUM2qUYaVxDMS2SSMtqLLKK0mc2iW5S3J3juuaO726nZGN5pL"}}

2018-12-03 23:46:42
demo.webmigrates.com/osnap/api/Registration/AddUpdateSkill
{"data":{"id":"141","lang_type":"1","skill":[{"id":"210","end_time":"06:00 PM","service_name":"constructing houses","service_photo":[],"start_time":"8:00 AM","category_id":"12","subcategory_id":"13","description":"Lorresum ipsum ","subcategory_name":"Roofing","category_name":"Construction","price":"50","price_type":"1"},{"description":"Lore sum ipsum","subcategory_name":"drywall","subcategory_id":"14","service_name":"constructing homes","price_type":"1","category_id":"12","service_photo":[],"category_name":"Construction","end_time":"06:00 PM","start_time":"8:00 AM","price":"100"}],"token":"S8S7cdcvLEXMZ72an8fgnLgJGgWKeQdgsJD7mFqjvQHDCiGnA1zbmalMxM8xoMhIk3KQWOuCUM2qUYaVxDMS2SSMtqLLKK0mc2iW5S3J3juuaO726nZGN5pL"}}

2018-12-03 23:46:45
demo.webmigrates.com/osnap/api/General/GetCategory
{"data":{"lang_type":"1","id":"141","token":"S8S7cdcvLEXMZ72an8fgnLgJGgWKeQdgsJD7mFqjvQHDCiGnA1zbmalMxM8xoMhIk3KQWOuCUM2qUYaVxDMS2SSMtqLLKK0mc2iW5S3J3juuaO726nZGN5pL"}}

2018-12-03 23:46:45
demo.webmigrates.com/osnap/api/General/GetSubCategory
{"data":{"id":"141","lang_type":"1","category_id":"12","token":"S8S7cdcvLEXMZ72an8fgnLgJGgWKeQdgsJD7mFqjvQHDCiGnA1zbmalMxM8xoMhIk3KQWOuCUM2qUYaVxDMS2SSMtqLLKK0mc2iW5S3J3juuaO726nZGN5pL"}}

2018-12-03 23:46:46
demo.webmigrates.com/osnap/api/Registration/AddUpdateSkill
{"data":{"id":"141","lang_type":"1","skill":[{"id":"211","end_time":"06:00 PM","service_name":"constructing houses","service_photo":[],"start_time":"8:00 AM","category_id":"12","subcategory_id":"13","description":"Lorresum ipsum ","subcategory_name":"Roofing","category_name":"Construction","price":"50","price_type":"1"},{"description":"Lore sum ipsum","subcategory_name":"drywall","subcategory_id":"14","service_name":"constructing homes","price_type":"1","category_id":"12","id":"212","category_name":"Construction","end_time":"06:00 PM","start_time":"8:00 AM","price":"100"}],"token":"S8S7cdcvLEXMZ72an8fgnLgJGgWKeQdgsJD7mFqjvQHDCiGnA1zbmalMxM8xoMhIk3KQWOuCUM2qUYaVxDMS2SSMtqLLKK0mc2iW5S3J3juuaO726nZGN5pL"}}

2018-12-03 23:46:48
demo.webmigrates.com/osnap/api/General/GetCategory
{"data":{"lang_type":"1","id":"141","token":"S8S7cdcvLEXMZ72an8fgnLgJGgWKeQdgsJD7mFqjvQHDCiGnA1zbmalMxM8xoMhIk3KQWOuCUM2qUYaVxDMS2SSMtqLLKK0mc2iW5S3J3juuaO726nZGN5pL"}}

2018-12-03 23:46:53
demo.webmigrates.com/osnap/api/General/GetCategory
{"data":{"lang_type":"1","id":"141","token":"S8S7cdcvLEXMZ72an8fgnLgJGgWKeQdgsJD7mFqjvQHDCiGnA1zbmalMxM8xoMhIk3KQWOuCUM2qUYaVxDMS2SSMtqLLKK0mc2iW5S3J3juuaO726nZGN5pL"}}

2018-12-03 23:46:53
demo.webmigrates.com/osnap/api/General/GetSubCategory
{"data":{"id":"141","lang_type":"1","category_id":"12","token":"S8S7cdcvLEXMZ72an8fgnLgJGgWKeQdgsJD7mFqjvQHDCiGnA1zbmalMxM8xoMhIk3KQWOuCUM2qUYaVxDMS2SSMtqLLKK0mc2iW5S3J3juuaO726nZGN5pL"}}

2018-12-03 23:50:06
demo.webmigrates.com/osnap/api/Registration/BusinessMyEvent
{"data":{"id":"141","lang_type":"1","year":"2018","token":"S8S7cdcvLEXMZ72an8fgnLgJGgWKeQdgsJD7mFqjvQHDCiGnA1zbmalMxM8xoMhIk3KQWOuCUM2qUYaVxDMS2SSMtqLLKK0mc2iW5S3J3juuaO726nZGN5pL"}}

2018-12-03 23:50:06
demo.webmigrates.com/osnap/api/Notification/CountBase
{"data":{"lang_type":"1","token":"S8S7cdcvLEXMZ72an8fgnLgJGgWKeQdgsJD7mFqjvQHDCiGnA1zbmalMxM8xoMhIk3KQWOuCUM2qUYaVxDMS2SSMtqLLKK0mc2iW5S3J3juuaO726nZGN5pL","user_id":"141"}}

2018-12-03 23:50:06
demo.webmigrates.com/osnap/api/Registration/UserDetail
{"data":{"id":"141","lang_type":"1","other_id":"141","token":"S8S7cdcvLEXMZ72an8fgnLgJGgWKeQdgsJD7mFqjvQHDCiGnA1zbmalMxM8xoMhIk3KQWOuCUM2qUYaVxDMS2SSMtqLLKK0mc2iW5S3J3juuaO726nZGN5pL"}}

2018-12-03 23:50:09
demo.webmigrates.com/osnap/api/Registration/MyOffers
{"data":{"id":"141","lang_type":"1","Dlongtitude":"76.709918","Dlatitude":"30.713541","token":"S8S7cdcvLEXMZ72an8fgnLgJGgWKeQdgsJD7mFqjvQHDCiGnA1zbmalMxM8xoMhIk3KQWOuCUM2qUYaVxDMS2SSMtqLLKK0mc2iW5S3J3juuaO726nZGN5pL"}}

2018-12-03 23:50:11
demo.webmigrates.com/osnap/api/Notification/CountBase
{"data":{"lang_type":"1","token":"S8S7cdcvLEXMZ72an8fgnLgJGgWKeQdgsJD7mFqjvQHDCiGnA1zbmalMxM8xoMhIk3KQWOuCUM2qUYaVxDMS2SSMtqLLKK0mc2iW5S3J3juuaO726nZGN5pL","user_id":"141"}}

2018-12-03 23:50:11
demo.webmigrates.com/osnap/api/Registration/UserDetail
{"data":{"id":"141","lang_type":"1","other_id":"141","token":"S8S7cdcvLEXMZ72an8fgnLgJGgWKeQdgsJD7mFqjvQHDCiGnA1zbmalMxM8xoMhIk3KQWOuCUM2qUYaVxDMS2SSMtqLLKK0mc2iW5S3J3juuaO726nZGN5pL"}}

2018-12-03 23:50:13
demo.webmigrates.com/osnap/api/Registration/ExploreRequests
{"data":{"id":"141","lang_type":"1","other_id":"141","page":1,"limit":10,"token":"S8S7cdcvLEXMZ72an8fgnLgJGgWKeQdgsJD7mFqjvQHDCiGnA1zbmalMxM8xoMhIk3KQWOuCUM2qUYaVxDMS2SSMtqLLKK0mc2iW5S3J3juuaO726nZGN5pL"}}

2018-12-03 23:50:23
demo.webmigrates.com/osnap/api/Registration/ExploreRequests
{"data":{"id":"141","lang_type":"1","other_id":"141","page":2,"limit":10,"token":"S8S7cdcvLEXMZ72an8fgnLgJGgWKeQdgsJD7mFqjvQHDCiGnA1zbmalMxM8xoMhIk3KQWOuCUM2qUYaVxDMS2SSMtqLLKK0mc2iW5S3J3juuaO726nZGN5pL"}}

2018-12-03 23:50:40
demo.webmigrates.com/osnap/api/Notification/CountBase
{"data":{"lang_type":"1","token":"S8S7cdcvLEXMZ72an8fgnLgJGgWKeQdgsJD7mFqjvQHDCiGnA1zbmalMxM8xoMhIk3KQWOuCUM2qUYaVxDMS2SSMtqLLKK0mc2iW5S3J3juuaO726nZGN5pL","user_id":"141"}}

2018-12-03 23:50:40
demo.webmigrates.com/osnap/api/Registration/UserDetail
{"data":{"id":"141","lang_type":"1","other_id":"141","token":"S8S7cdcvLEXMZ72an8fgnLgJGgWKeQdgsJD7mFqjvQHDCiGnA1zbmalMxM8xoMhIk3KQWOuCUM2qUYaVxDMS2SSMtqLLKK0mc2iW5S3J3juuaO726nZGN5pL"}}

2018-12-03 23:50:46
demo.webmigrates.com/osnap/api/Notification/CountBase
{"data":{"lang_type":"1","token":"S8S7cdcvLEXMZ72an8fgnLgJGgWKeQdgsJD7mFqjvQHDCiGnA1zbmalMxM8xoMhIk3KQWOuCUM2qUYaVxDMS2SSMtqLLKK0mc2iW5S3J3juuaO726nZGN5pL","user_id":"141"}}

2018-12-03 23:50:46
demo.webmigrates.com/osnap/api/Registration/UserDetail
{"data":{"id":"141","lang_type":"1","other_id":"141","token":"S8S7cdcvLEXMZ72an8fgnLgJGgWKeQdgsJD7mFqjvQHDCiGnA1zbmalMxM8xoMhIk3KQWOuCUM2qUYaVxDMS2SSMtqLLKK0mc2iW5S3J3juuaO726nZGN5pL"}}

2018-12-03 23:50:57
demo.webmigrates.com/osnap/api/General/GetEducation
{"data":{"lang_type":"1","id":"141","token":"S8S7cdcvLEXMZ72an8fgnLgJGgWKeQdgsJD7mFqjvQHDCiGnA1zbmalMxM8xoMhIk3KQWOuCUM2qUYaVxDMS2SSMtqLLKK0mc2iW5S3J3juuaO726nZGN5pL"}}

2018-12-03 23:53:14
demo.webmigrates.com/osnap/api/Registration/AddUpdateExperience
{"data":{"experience":[{"professional_experience":"5+ Years","education_id":"3","is_current":"1","to_year":"2018","to_month":"12","child2":"0","child2value":"","child1":"0","from_year":"2011","company_name":"alter construction ","from_month_text":"Apr","from_month":"4","child1value":"","to_month_text":"Dec"},{"professional_experience":"5+ Years","education_id":"3","is_current":"1","to_year":"2018","to_month":"12","child2":"0","child2value":"","child1":"0","from_year":"2018","company_name":"Kapoor construction ","from_month_text":"Sep","from_month":"9","child1value":"","to_month_text":"Dec"}],"id":"141","lang_type":"1","token":"S8S7cdcvLEXMZ72an8fgnLgJGgWKeQdgsJD7mFqjvQHDCiGnA1zbmalMxM8xoMhIk3KQWOuCUM2qUYaVxDMS2SSMtqLLKK0mc2iW5S3J3juuaO726nZGN5pL"}}

2018-12-03 23:55:17
demo.webmigrates.com/osnap/api/Registration/AddUpdateLicenses
{"data":{"id":"141","lang_type":"1","licenses":[{"name":"certified in walling","month":"4","year":"2016","month_name":"Apr"}],"token":"S8S7cdcvLEXMZ72an8fgnLgJGgWKeQdgsJD7mFqjvQHDCiGnA1zbmalMxM8xoMhIk3KQWOuCUM2qUYaVxDMS2SSMtqLLKK0mc2iW5S3J3juuaO726nZGN5pL"}}

2018-12-03 23:56:07
demo.webmigrates.com/osnap/api/Notification/CountBase
{"data":{"lang_type":"1","token":"S8S7cdcvLEXMZ72an8fgnLgJGgWKeQdgsJD7mFqjvQHDCiGnA1zbmalMxM8xoMhIk3KQWOuCUM2qUYaVxDMS2SSMtqLLKK0mc2iW5S3J3juuaO726nZGN5pL","user_id":"141"}}

2018-12-03 23:56:07
demo.webmigrates.com/osnap/api/Registration/UserDetail
{"data":{"id":"141","lang_type":"1","other_id":"141","token":"S8S7cdcvLEXMZ72an8fgnLgJGgWKeQdgsJD7mFqjvQHDCiGnA1zbmalMxM8xoMhIk3KQWOuCUM2qUYaVxDMS2SSMtqLLKK0mc2iW5S3J3juuaO726nZGN5pL"}}

2018-12-03 23:57:26
demo.webmigrates.com/osnap/api/Registration/BusinessMyEvent
{"data":{"id":"141","lang_type":"1","year":"2018","token":"S8S7cdcvLEXMZ72an8fgnLgJGgWKeQdgsJD7mFqjvQHDCiGnA1zbmalMxM8xoMhIk3KQWOuCUM2qUYaVxDMS2SSMtqLLKK0mc2iW5S3J3juuaO726nZGN5pL"}}

2018-12-03 23:57:26
demo.webmigrates.com/osnap/api/Notification/CountBase
{"data":{"lang_type":"1","token":"S8S7cdcvLEXMZ72an8fgnLgJGgWKeQdgsJD7mFqjvQHDCiGnA1zbmalMxM8xoMhIk3KQWOuCUM2qUYaVxDMS2SSMtqLLKK0mc2iW5S3J3juuaO726nZGN5pL","user_id":"141"}}

2018-12-03 23:57:26
demo.webmigrates.com/osnap/api/Registration/UserDetail
{"data":{"id":"141","lang_type":"1","other_id":"141","token":"S8S7cdcvLEXMZ72an8fgnLgJGgWKeQdgsJD7mFqjvQHDCiGnA1zbmalMxM8xoMhIk3KQWOuCUM2qUYaVxDMS2SSMtqLLKK0mc2iW5S3J3juuaO726nZGN5pL"}}

2018-12-03 23:57:35
demo.webmigrates.com/osnap/api/Registration/BusinessMyEvent
{"data":{"month":"12","id":"141","lang_type":"1","year":"2018","token":"S8S7cdcvLEXMZ72an8fgnLgJGgWKeQdgsJD7mFqjvQHDCiGnA1zbmalMxM8xoMhIk3KQWOuCUM2qUYaVxDMS2SSMtqLLKK0mc2iW5S3J3juuaO726nZGN5pL"}}

2018-12-03 23:58:15
demo.webmigrates.com/osnap/api/Notification/CountBase
{"data":{"lang_type":"1","token":"S8S7cdcvLEXMZ72an8fgnLgJGgWKeQdgsJD7mFqjvQHDCiGnA1zbmalMxM8xoMhIk3KQWOuCUM2qUYaVxDMS2SSMtqLLKK0mc2iW5S3J3juuaO726nZGN5pL","user_id":"141"}}

2018-12-03 23:58:15
demo.webmigrates.com/osnap/api/Registration/BusinessMyEvent
{"data":{"id":"141","lang_type":"1","year":"2018","token":"S8S7cdcvLEXMZ72an8fgnLgJGgWKeQdgsJD7mFqjvQHDCiGnA1zbmalMxM8xoMhIk3KQWOuCUM2qUYaVxDMS2SSMtqLLKK0mc2iW5S3J3juuaO726nZGN5pL"}}

2018-12-03 23:58:15
demo.webmigrates.com/osnap/api/Registration/UserDetail
{"data":{"id":"141","lang_type":"1","other_id":"141","token":"S8S7cdcvLEXMZ72an8fgnLgJGgWKeQdgsJD7mFqjvQHDCiGnA1zbmalMxM8xoMhIk3KQWOuCUM2qUYaVxDMS2SSMtqLLKK0mc2iW5S3J3juuaO726nZGN5pL"}}

2018-12-03 23:58:24
demo.webmigrates.com/osnap/api/Registration/BusinessMyEvent
{"data":{"id":"141","lang_type":"1","year":"2018","token":"S8S7cdcvLEXMZ72an8fgnLgJGgWKeQdgsJD7mFqjvQHDCiGnA1zbmalMxM8xoMhIk3KQWOuCUM2qUYaVxDMS2SSMtqLLKK0mc2iW5S3J3juuaO726nZGN5pL"}}

2018-12-03 23:58:24
demo.webmigrates.com/osnap/api/Notification/CountBase
{"data":{"lang_type":"1","token":"S8S7cdcvLEXMZ72an8fgnLgJGgWKeQdgsJD7mFqjvQHDCiGnA1zbmalMxM8xoMhIk3KQWOuCUM2qUYaVxDMS2SSMtqLLKK0mc2iW5S3J3juuaO726nZGN5pL","user_id":"141"}}

2018-12-03 23:58:24
demo.webmigrates.com/osnap/api/Registration/UserDetail
{"data":{"id":"141","lang_type":"1","other_id":"141","token":"S8S7cdcvLEXMZ72an8fgnLgJGgWKeQdgsJD7mFqjvQHDCiGnA1zbmalMxM8xoMhIk3KQWOuCUM2qUYaVxDMS2SSMtqLLKK0mc2iW5S3J3juuaO726nZGN5pL"}}

2018-12-03 23:58:56
demo.webmigrates.com/osnap/api/Registration/BusinessMyEvent
{"data":{"id":"141","lang_type":"1","year":"2018","token":"S8S7cdcvLEXMZ72an8fgnLgJGgWKeQdgsJD7mFqjvQHDCiGnA1zbmalMxM8xoMhIk3KQWOuCUM2qUYaVxDMS2SSMtqLLKK0mc2iW5S3J3juuaO726nZGN5pL"}}

2018-12-03 23:58:56
demo.webmigrates.com/osnap/api/Registration/UserDetail
{"data":{"id":"141","lang_type":"1","other_id":"141","token":"S8S7cdcvLEXMZ72an8fgnLgJGgWKeQdgsJD7mFqjvQHDCiGnA1zbmalMxM8xoMhIk3KQWOuCUM2qUYaVxDMS2SSMtqLLKK0mc2iW5S3J3juuaO726nZGN5pL"}}

2018-12-03 23:58:56
demo.webmigrates.com/osnap/api/Notification/CountBase
{"data":{"lang_type":"1","token":"S8S7cdcvLEXMZ72an8fgnLgJGgWKeQdgsJD7mFqjvQHDCiGnA1zbmalMxM8xoMhIk3KQWOuCUM2qUYaVxDMS2SSMtqLLKK0mc2iW5S3J3juuaO726nZGN5pL","user_id":"141"}}

2018-12-03 23:59:05
demo.webmigrates.com/osnap/api/Notification/CountBase
{"data":{"lang_type":"1","token":"S8S7cdcvLEXMZ72an8fgnLgJGgWKeQdgsJD7mFqjvQHDCiGnA1zbmalMxM8xoMhIk3KQWOuCUM2qUYaVxDMS2SSMtqLLKK0mc2iW5S3J3juuaO726nZGN5pL","user_id":"141"}}

2018-12-03 23:59:05
demo.webmigrates.com/osnap/api/Registration/BusinessMyEvent
{"data":{"id":"141","lang_type":"1","year":"2018","token":"S8S7cdcvLEXMZ72an8fgnLgJGgWKeQdgsJD7mFqjvQHDCiGnA1zbmalMxM8xoMhIk3KQWOuCUM2qUYaVxDMS2SSMtqLLKK0mc2iW5S3J3juuaO726nZGN5pL"}}

2018-12-03 23:59:05
demo.webmigrates.com/osnap/api/Registration/UserDetail
{"data":{"id":"141","lang_type":"1","other_id":"141","token":"S8S7cdcvLEXMZ72an8fgnLgJGgWKeQdgsJD7mFqjvQHDCiGnA1zbmalMxM8xoMhIk3KQWOuCUM2qUYaVxDMS2SSMtqLLKK0mc2iW5S3J3juuaO726nZGN5pL"}}

2018-12-03 23:59:13
demo.webmigrates.com/osnap/api/Registration/BusinessMyEvent
{"data":{"id":"141","lang_type":"1","year":"2018","token":"S8S7cdcvLEXMZ72an8fgnLgJGgWKeQdgsJD7mFqjvQHDCiGnA1zbmalMxM8xoMhIk3KQWOuCUM2qUYaVxDMS2SSMtqLLKK0mc2iW5S3J3juuaO726nZGN5pL"}}

2018-12-03 23:59:13
demo.webmigrates.com/osnap/api/Notification/CountBase
{"data":{"lang_type":"1","token":"S8S7cdcvLEXMZ72an8fgnLgJGgWKeQdgsJD7mFqjvQHDCiGnA1zbmalMxM8xoMhIk3KQWOuCUM2qUYaVxDMS2SSMtqLLKK0mc2iW5S3J3juuaO726nZGN5pL","user_id":"141"}}

2018-12-03 23:59:13
demo.webmigrates.com/osnap/api/Registration/UserDetail
{"data":{"id":"141","lang_type":"1","other_id":"141","token":"S8S7cdcvLEXMZ72an8fgnLgJGgWKeQdgsJD7mFqjvQHDCiGnA1zbmalMxM8xoMhIk3KQWOuCUM2qUYaVxDMS2SSMtqLLKK0mc2iW5S3J3juuaO726nZGN5pL"}}

