2018-11-29 00:00:09
demo.webmigrates.com/osnap/api/Notification/CountBase
{"data":{"token":"QW9NUz80oaNwmT3saNnxqFZEX5xHT6papMNA7C8Ap83QwlDpzTY4TN2QG0EFQxpGxuvvpm8EiBZuAamcEMyuhQGTMx1seh4nJMd5X8wMD2F2aDWe1Kuse85D","user_id":"11","lang_type":"1"}}

2018-11-29 00:00:09
demo.webmigrates.com/osnap/api/Registration/ClientMyEvent
{"data":{"id":"11","year":"2018","token":"QW9NUz80oaNwmT3saNnxqFZEX5xHT6papMNA7C8Ap83QwlDpzTY4TN2QG0EFQxpGxuvvpm8EiBZuAamcEMyuhQGTMx1seh4nJMd5X8wMD2F2aDWe1Kuse85D","lang_type":"1"}}

2018-11-29 00:00:09
demo.webmigrates.com/osnap/api/Registration/UserDetail
{"data":{"id":"11","other_id":"11","token":"QW9NUz80oaNwmT3saNnxqFZEX5xHT6papMNA7C8Ap83QwlDpzTY4TN2QG0EFQxpGxuvvpm8EiBZuAamcEMyuhQGTMx1seh4nJMd5X8wMD2F2aDWe1Kuse85D","lang_type":"1"}}

2018-11-29 00:00:55
demo.webmigrates.com/osnap/api/Registration/PromotionList
{"data":{"all_list":1,"id":"11","limit":10,"page":1,"token":"QW9NUz80oaNwmT3saNnxqFZEX5xHT6papMNA7C8Ap83QwlDpzTY4TN2QG0EFQxpGxuvvpm8EiBZuAamcEMyuhQGTMx1seh4nJMd5X8wMD2F2aDWe1Kuse85D","lang_type":"1"}}

2018-11-29 00:05:18
demo.webmigrates.com/osnap/api/Registration/ClientMyEvent
{"data":{"id":"11","year":"2018","token":"QW9NUz80oaNwmT3saNnxqFZEX5xHT6papMNA7C8Ap83QwlDpzTY4TN2QG0EFQxpGxuvvpm8EiBZuAamcEMyuhQGTMx1seh4nJMd5X8wMD2F2aDWe1Kuse85D","lang_type":"1"}}

2018-11-29 00:05:18
demo.webmigrates.com/osnap/api/Notification/CountBase
{"data":{"token":"QW9NUz80oaNwmT3saNnxqFZEX5xHT6papMNA7C8Ap83QwlDpzTY4TN2QG0EFQxpGxuvvpm8EiBZuAamcEMyuhQGTMx1seh4nJMd5X8wMD2F2aDWe1Kuse85D","user_id":"11","lang_type":"1"}}

2018-11-29 00:05:18
demo.webmigrates.com/osnap/api/Registration/UserDetail
{"data":{"id":"11","other_id":"11","token":"QW9NUz80oaNwmT3saNnxqFZEX5xHT6papMNA7C8Ap83QwlDpzTY4TN2QG0EFQxpGxuvvpm8EiBZuAamcEMyuhQGTMx1seh4nJMd5X8wMD2F2aDWe1Kuse85D","lang_type":"1"}}

2018-11-29 00:06:41
demo.webmigrates.com/osnap/api/Notification/CountBase
{"data":{"token":"PMK8qqBa6Gk5M7B0fe86o769qOhrQgouqruqL6JgMnliLiQ7GHr4XgyMLDLfQQgfXtJiuO5mYNjULqfi2sE4AA423KPpOAVR1OMb60IdjjeMm4ur9ZwnxV4F","user_id":"5","lang_type":"1"}}

2018-11-29 00:06:41
demo.webmigrates.com/osnap/api/Registration/BusinessMyEvent
{"data":{"id":"5","year":"2018","token":"PMK8qqBa6Gk5M7B0fe86o769qOhrQgouqruqL6JgMnliLiQ7GHr4XgyMLDLfQQgfXtJiuO5mYNjULqfi2sE4AA423KPpOAVR1OMb60IdjjeMm4ur9ZwnxV4F","lang_type":"1"}}

2018-11-29 00:06:41
demo.webmigrates.com/osnap/api/Registration/UserDetail
{"data":{"id":"5","other_id":"5","token":"PMK8qqBa6Gk5M7B0fe86o769qOhrQgouqruqL6JgMnliLiQ7GHr4XgyMLDLfQQgfXtJiuO5mYNjULqfi2sE4AA423KPpOAVR1OMb60IdjjeMm4ur9ZwnxV4F","lang_type":"1"}}

2018-11-29 00:06:56
demo.webmigrates.com/osnap/api/Registration/UserDetail
{"data":{"id":"11","other_id":"11","token":"QW9NUz80oaNwmT3saNnxqFZEX5xHT6papMNA7C8Ap83QwlDpzTY4TN2QG0EFQxpGxuvvpm8EiBZuAamcEMyuhQGTMx1seh4nJMd5X8wMD2F2aDWe1Kuse85D","lang_type":"1"}}

2018-11-29 00:07:01
demo.webmigrates.com/osnap/api/Registration/UserDetail
{"data":{"id":"11","other_id":"11","token":"QW9NUz80oaNwmT3saNnxqFZEX5xHT6papMNA7C8Ap83QwlDpzTY4TN2QG0EFQxpGxuvvpm8EiBZuAamcEMyuhQGTMx1seh4nJMd5X8wMD2F2aDWe1Kuse85D","lang_type":"1"}}

2018-11-29 00:07:02
demo.webmigrates.com/osnap/api/Registration/UserDetail
{"data":{"id":"5","other_id":"5","token":"PMK8qqBa6Gk5M7B0fe86o769qOhrQgouqruqL6JgMnliLiQ7GHr4XgyMLDLfQQgfXtJiuO5mYNjULqfi2sE4AA423KPpOAVR1OMb60IdjjeMm4ur9ZwnxV4F","lang_type":"1"}}

2018-11-29 00:07:02
demo.webmigrates.com/osnap/api/Notification/CountBase
{"data":{"token":"PMK8qqBa6Gk5M7B0fe86o769qOhrQgouqruqL6JgMnliLiQ7GHr4XgyMLDLfQQgfXtJiuO5mYNjULqfi2sE4AA423KPpOAVR1OMb60IdjjeMm4ur9ZwnxV4F","user_id":"5","lang_type":"1"}}

2018-11-29 00:07:06
demo.webmigrates.com/osnap/api/Registration/Logout
{"data":{"id":"5","token":"PMK8qqBa6Gk5M7B0fe86o769qOhrQgouqruqL6JgMnliLiQ7GHr4XgyMLDLfQQgfXtJiuO5mYNjULqfi2sE4AA423KPpOAVR1OMb60IdjjeMm4ur9ZwnxV4F","lang_type":"1"}}

2018-11-29 00:07:15
demo.webmigrates.com/osnap/api/Registration/CheckLogin
{"data":{"username":"valbus44","lang_type":"1","password":"vvvvvv","device_token":"b7d95ac45a44cc71a7fd91d0adeca405308ef5c5eb9930d6b7779672f8cb232c","device_type":"1"}}

2018-11-29 00:07:16
demo.webmigrates.com/osnap/api/Notification/CountBase
{"data":{"token":"XdC3JS5RL0uui4yD0Fld3jZzvsBCt5YsuWXykc612b8Q3bIJBM6OHdquuptmiDa2azv9g3ikb9FkiLwvkcYummeIBJ7uMTHMqE4wHHX3DSGElIFfnHtli8Hv","user_id":"3","lang_type":"1"}}

2018-11-29 00:07:16
demo.webmigrates.com/osnap/api/Registration/BusinessMyEvent
{"data":{"id":"3","year":"2018","token":"XdC3JS5RL0uui4yD0Fld3jZzvsBCt5YsuWXykc612b8Q3bIJBM6OHdquuptmiDa2azv9g3ikb9FkiLwvkcYummeIBJ7uMTHMqE4wHHX3DSGElIFfnHtli8Hv","lang_type":"1"}}

2018-11-29 00:07:16
demo.webmigrates.com/osnap/api/Registration/UserDetail
{"data":{"id":"3","other_id":"3","token":"XdC3JS5RL0uui4yD0Fld3jZzvsBCt5YsuWXykc612b8Q3bIJBM6OHdquuptmiDa2azv9g3ikb9FkiLwvkcYummeIBJ7uMTHMqE4wHHX3DSGElIFfnHtli8Hv","lang_type":"1"}}

2018-11-29 00:07:37
demo.webmigrates.com/osnap/api/Registration/UserDetail
{"data":{"id":"11","other_id":"11","token":"QW9NUz80oaNwmT3saNnxqFZEX5xHT6papMNA7C8Ap83QwlDpzTY4TN2QG0EFQxpGxuvvpm8EiBZuAamcEMyuhQGTMx1seh4nJMd5X8wMD2F2aDWe1Kuse85D","lang_type":"1"}}

2018-11-29 00:15:03
demo.webmigrates.com/osnap/api/Registration/ClientMyEvent
{"data":{"id":"11","year":"2018","token":"QW9NUz80oaNwmT3saNnxqFZEX5xHT6papMNA7C8Ap83QwlDpzTY4TN2QG0EFQxpGxuvvpm8EiBZuAamcEMyuhQGTMx1seh4nJMd5X8wMD2F2aDWe1Kuse85D","lang_type":"1"}}

2018-11-29 00:15:03
demo.webmigrates.com/osnap/api/Notification/CountBase
{"data":{"token":"QW9NUz80oaNwmT3saNnxqFZEX5xHT6papMNA7C8Ap83QwlDpzTY4TN2QG0EFQxpGxuvvpm8EiBZuAamcEMyuhQGTMx1seh4nJMd5X8wMD2F2aDWe1Kuse85D","user_id":"11","lang_type":"1"}}

2018-11-29 00:15:04
demo.webmigrates.com/osnap/api/Registration/UserDetail
{"data":{"id":"11","other_id":"11","token":"QW9NUz80oaNwmT3saNnxqFZEX5xHT6papMNA7C8Ap83QwlDpzTY4TN2QG0EFQxpGxuvvpm8EiBZuAamcEMyuhQGTMx1seh4nJMd5X8wMD2F2aDWe1Kuse85D","lang_type":"1"}}

2018-11-29 00:15:31
demo.webmigrates.com/osnap/api/Notification/GetNotification
{"data":{"limit":10,"page":1,"user_id":"11","token":"QW9NUz80oaNwmT3saNnxqFZEX5xHT6papMNA7C8Ap83QwlDpzTY4TN2QG0EFQxpGxuvvpm8EiBZuAamcEMyuhQGTMx1seh4nJMd5X8wMD2F2aDWe1Kuse85D","lang_type":"1"}}

2018-11-29 00:15:31
demo.webmigrates.com/osnap/api/Notification/ClearBase
{"data":{"token":"QW9NUz80oaNwmT3saNnxqFZEX5xHT6papMNA7C8Ap83QwlDpzTY4TN2QG0EFQxpGxuvvpm8EiBZuAamcEMyuhQGTMx1seh4nJMd5X8wMD2F2aDWe1Kuse85D","user_id":"11","lang_type":"1"}}

2018-11-29 00:15:33
demo.webmigrates.com/osnap/api/Registration/UserDetail
{"data":{"id":"11","other_id":"11","token":"QW9NUz80oaNwmT3saNnxqFZEX5xHT6papMNA7C8Ap83QwlDpzTY4TN2QG0EFQxpGxuvvpm8EiBZuAamcEMyuhQGTMx1seh4nJMd5X8wMD2F2aDWe1Kuse85D","lang_type":"1"}}

2018-11-29 00:17:44
demo.webmigrates.com/osnap/api/Notification/CountBase
{"data":{"token":"QW9NUz80oaNwmT3saNnxqFZEX5xHT6papMNA7C8Ap83QwlDpzTY4TN2QG0EFQxpGxuvvpm8EiBZuAamcEMyuhQGTMx1seh4nJMd5X8wMD2F2aDWe1Kuse85D","user_id":"11","lang_type":"1"}}

2018-11-29 00:17:44
demo.webmigrates.com/osnap/api/Registration/UserDetail
{"data":{"id":"11","other_id":"11","token":"QW9NUz80oaNwmT3saNnxqFZEX5xHT6papMNA7C8Ap83QwlDpzTY4TN2QG0EFQxpGxuvvpm8EiBZuAamcEMyuhQGTMx1seh4nJMd5X8wMD2F2aDWe1Kuse85D","lang_type":"1"}}

2018-11-29 00:17:44
demo.webmigrates.com/osnap/api/Registration/ClientMyEvent
{"data":{"id":"11","year":"2018","token":"QW9NUz80oaNwmT3saNnxqFZEX5xHT6papMNA7C8Ap83QwlDpzTY4TN2QG0EFQxpGxuvvpm8EiBZuAamcEMyuhQGTMx1seh4nJMd5X8wMD2F2aDWe1Kuse85D","lang_type":"1"}}

2018-11-29 00:17:53
demo.webmigrates.com/osnap/api/Registration/UserDetail
{"data":{"id":"11","other_id":"11","token":"QW9NUz80oaNwmT3saNnxqFZEX5xHT6papMNA7C8Ap83QwlDpzTY4TN2QG0EFQxpGxuvvpm8EiBZuAamcEMyuhQGTMx1seh4nJMd5X8wMD2F2aDWe1Kuse85D","lang_type":"1"}}

2018-11-29 00:24:17
demo.webmigrates.com/osnap/api/Notification/CountBase
{"data":{"token":"QW9NUz80oaNwmT3saNnxqFZEX5xHT6papMNA7C8Ap83QwlDpzTY4TN2QG0EFQxpGxuvvpm8EiBZuAamcEMyuhQGTMx1seh4nJMd5X8wMD2F2aDWe1Kuse85D","user_id":"11","lang_type":"1"}}

2018-11-29 00:24:17
demo.webmigrates.com/osnap/api/Registration/ClientMyEvent
{"data":{"id":"11","year":"2018","token":"QW9NUz80oaNwmT3saNnxqFZEX5xHT6papMNA7C8Ap83QwlDpzTY4TN2QG0EFQxpGxuvvpm8EiBZuAamcEMyuhQGTMx1seh4nJMd5X8wMD2F2aDWe1Kuse85D","lang_type":"1"}}

2018-11-29 00:24:17
demo.webmigrates.com/osnap/api/Registration/UserDetail
{"data":{"id":"11","other_id":"11","token":"QW9NUz80oaNwmT3saNnxqFZEX5xHT6papMNA7C8Ap83QwlDpzTY4TN2QG0EFQxpGxuvvpm8EiBZuAamcEMyuhQGTMx1seh4nJMd5X8wMD2F2aDWe1Kuse85D","lang_type":"1"}}

2018-11-29 00:24:33
demo.webmigrates.com/osnap/api/Notification/CountBase
{"data":{"token":"QW9NUz80oaNwmT3saNnxqFZEX5xHT6papMNA7C8Ap83QwlDpzTY4TN2QG0EFQxpGxuvvpm8EiBZuAamcEMyuhQGTMx1seh4nJMd5X8wMD2F2aDWe1Kuse85D","user_id":"11","lang_type":"1"}}

2018-11-29 00:32:20
demo.webmigrates.com/osnap/api/Notification/GetNotification
{"data":{"limit":10,"page":1,"user_id":"109","token":"5NlrYonTQva0iKca728lBQMq3KvU7oXZwAoAwUH5S35HOPTRtM6sP0n2lYFXoZPpwhGx4Eaqy0IhkDv1GbNoAkmwOrCpu7NsLTLCGNYUwsLtvSzkgVpqO2Dy","lang_type":"1"}}

2018-11-29 00:32:21
demo.webmigrates.com/osnap/api/Notification/ClearBase
{"data":{"token":"5NlrYonTQva0iKca728lBQMq3KvU7oXZwAoAwUH5S35HOPTRtM6sP0n2lYFXoZPpwhGx4Eaqy0IhkDv1GbNoAkmwOrCpu7NsLTLCGNYUwsLtvSzkgVpqO2Dy","user_id":"109","lang_type":"1"}}

2018-11-29 00:32:26
demo.webmigrates.com/osnap/api/Notification/CountBase
{"data":{"token":"5NlrYonTQva0iKca728lBQMq3KvU7oXZwAoAwUH5S35HOPTRtM6sP0n2lYFXoZPpwhGx4Eaqy0IhkDv1GbNoAkmwOrCpu7NsLTLCGNYUwsLtvSzkgVpqO2Dy","user_id":"109","lang_type":"1"}}

2018-11-29 00:32:26
demo.webmigrates.com/osnap/api/Registration/UserDetail
{"data":{"id":"109","other_id":"109","token":"5NlrYonTQva0iKca728lBQMq3KvU7oXZwAoAwUH5S35HOPTRtM6sP0n2lYFXoZPpwhGx4Eaqy0IhkDv1GbNoAkmwOrCpu7NsLTLCGNYUwsLtvSzkgVpqO2Dy","lang_type":"1"}}

2018-11-29 00:36:50
demo.webmigrates.com/osnap/api/Registration/ClientMyEvent
{"data":{"id":"11","year":"2018","token":"QW9NUz80oaNwmT3saNnxqFZEX5xHT6papMNA7C8Ap83QwlDpzTY4TN2QG0EFQxpGxuvvpm8EiBZuAamcEMyuhQGTMx1seh4nJMd5X8wMD2F2aDWe1Kuse85D","lang_type":"1"}}

2018-11-29 00:43:47
demo.webmigrates.com/osnap/api/Notification/GetNotification
{"data":{"limit":10,"page":1,"user_id":"109","token":"5NlrYonTQva0iKca728lBQMq3KvU7oXZwAoAwUH5S35HOPTRtM6sP0n2lYFXoZPpwhGx4Eaqy0IhkDv1GbNoAkmwOrCpu7NsLTLCGNYUwsLtvSzkgVpqO2Dy","lang_type":"1"}}

2018-11-29 00:43:48
demo.webmigrates.com/osnap/api/Notification/ClearBase
{"data":{"token":"5NlrYonTQva0iKca728lBQMq3KvU7oXZwAoAwUH5S35HOPTRtM6sP0n2lYFXoZPpwhGx4Eaqy0IhkDv1GbNoAkmwOrCpu7NsLTLCGNYUwsLtvSzkgVpqO2Dy","user_id":"109","lang_type":"1"}}

2018-11-29 00:43:51
demo.webmigrates.com/osnap/api/Notification/CountBase
{"data":{"token":"5NlrYonTQva0iKca728lBQMq3KvU7oXZwAoAwUH5S35HOPTRtM6sP0n2lYFXoZPpwhGx4Eaqy0IhkDv1GbNoAkmwOrCpu7NsLTLCGNYUwsLtvSzkgVpqO2Dy","user_id":"109","lang_type":"1"}}

2018-11-29 00:43:51
demo.webmigrates.com/osnap/api/Registration/UserDetail
{"data":{"id":"109","other_id":"109","token":"5NlrYonTQva0iKca728lBQMq3KvU7oXZwAoAwUH5S35HOPTRtM6sP0n2lYFXoZPpwhGx4Eaqy0IhkDv1GbNoAkmwOrCpu7NsLTLCGNYUwsLtvSzkgVpqO2Dy","lang_type":"1"}}

2018-11-29 00:43:55
demo.webmigrates.com/osnap/api/Notification/CountBase
{"data":{"token":"5NlrYonTQva0iKca728lBQMq3KvU7oXZwAoAwUH5S35HOPTRtM6sP0n2lYFXoZPpwhGx4Eaqy0IhkDv1GbNoAkmwOrCpu7NsLTLCGNYUwsLtvSzkgVpqO2Dy","user_id":"109","lang_type":"1"}}

2018-11-29 00:43:55
demo.webmigrates.com/osnap/api/Registration/UserDetail
{"data":{"id":"109","other_id":"109","token":"5NlrYonTQva0iKca728lBQMq3KvU7oXZwAoAwUH5S35HOPTRtM6sP0n2lYFXoZPpwhGx4Eaqy0IhkDv1GbNoAkmwOrCpu7NsLTLCGNYUwsLtvSzkgVpqO2Dy","lang_type":"1"}}

2018-11-29 00:44:03
demo.webmigrates.com/osnap/api/Registration/PromotionList
{"data":{"all_list":0,"id":"109","limit":10,"page":1,"token":"5NlrYonTQva0iKca728lBQMq3KvU7oXZwAoAwUH5S35HOPTRtM6sP0n2lYFXoZPpwhGx4Eaqy0IhkDv1GbNoAkmwOrCpu7NsLTLCGNYUwsLtvSzkgVpqO2Dy","lang_type":"1"}}

2018-11-29 00:44:06
demo.webmigrates.com/osnap/api/Notification/CountBase
{"data":{"token":"5NlrYonTQva0iKca728lBQMq3KvU7oXZwAoAwUH5S35HOPTRtM6sP0n2lYFXoZPpwhGx4Eaqy0IhkDv1GbNoAkmwOrCpu7NsLTLCGNYUwsLtvSzkgVpqO2Dy","user_id":"109","lang_type":"1"}}

2018-11-29 00:44:06
demo.webmigrates.com/osnap/api/Registration/UserDetail
{"data":{"id":"109","other_id":"109","token":"5NlrYonTQva0iKca728lBQMq3KvU7oXZwAoAwUH5S35HOPTRtM6sP0n2lYFXoZPpwhGx4Eaqy0IhkDv1GbNoAkmwOrCpu7NsLTLCGNYUwsLtvSzkgVpqO2Dy","lang_type":"1"}}

2018-11-29 01:02:13
demo.webmigrates.com/osnap/api/Registration/ClientMyEvent
{"data":{"id":"11","year":"2018","token":"QW9NUz80oaNwmT3saNnxqFZEX5xHT6papMNA7C8Ap83QwlDpzTY4TN2QG0EFQxpGxuvvpm8EiBZuAamcEMyuhQGTMx1seh4nJMd5X8wMD2F2aDWe1Kuse85D","lang_type":"1"}}

2018-11-29 01:02:13
demo.webmigrates.com/osnap/api/Notification/CountBase
{"data":{"token":"QW9NUz80oaNwmT3saNnxqFZEX5xHT6papMNA7C8Ap83QwlDpzTY4TN2QG0EFQxpGxuvvpm8EiBZuAamcEMyuhQGTMx1seh4nJMd5X8wMD2F2aDWe1Kuse85D","user_id":"11","lang_type":"1"}}

2018-11-29 01:02:14
demo.webmigrates.com/osnap/api/Registration/UserDetail
{"data":{"id":"11","other_id":"11","token":"QW9NUz80oaNwmT3saNnxqFZEX5xHT6papMNA7C8Ap83QwlDpzTY4TN2QG0EFQxpGxuvvpm8EiBZuAamcEMyuhQGTMx1seh4nJMd5X8wMD2F2aDWe1Kuse85D","lang_type":"1"}}

2018-11-29 01:03:02
demo.webmigrates.com/osnap/api/Registration/ClientMyEvent
{"data":{"id":"11","year":"2018","token":"QW9NUz80oaNwmT3saNnxqFZEX5xHT6papMNA7C8Ap83QwlDpzTY4TN2QG0EFQxpGxuvvpm8EiBZuAamcEMyuhQGTMx1seh4nJMd5X8wMD2F2aDWe1Kuse85D","lang_type":"1"}}

2018-11-29 01:06:41
demo.webmigrates.com/osnap/api/Registration/ClientMyEvent
{"data":{"id":"11","year":"2018","token":"QW9NUz80oaNwmT3saNnxqFZEX5xHT6papMNA7C8Ap83QwlDpzTY4TN2QG0EFQxpGxuvvpm8EiBZuAamcEMyuhQGTMx1seh4nJMd5X8wMD2F2aDWe1Kuse85D","lang_type":"1"}}

2018-11-29 01:06:41
demo.webmigrates.com/osnap/api/Registration/UserDetail
{"data":{"id":"11","other_id":"11","token":"QW9NUz80oaNwmT3saNnxqFZEX5xHT6papMNA7C8Ap83QwlDpzTY4TN2QG0EFQxpGxuvvpm8EiBZuAamcEMyuhQGTMx1seh4nJMd5X8wMD2F2aDWe1Kuse85D","lang_type":"1"}}

2018-11-29 01:06:41
demo.webmigrates.com/osnap/api/Notification/CountBase
{"data":{"token":"QW9NUz80oaNwmT3saNnxqFZEX5xHT6papMNA7C8Ap83QwlDpzTY4TN2QG0EFQxpGxuvvpm8EiBZuAamcEMyuhQGTMx1seh4nJMd5X8wMD2F2aDWe1Kuse85D","user_id":"11","lang_type":"1"}}

2018-11-29 01:08:50
demo.webmigrates.com/osnap/api/Notification/CountBase
{"data":{"token":"5NlrYonTQva0iKca728lBQMq3KvU7oXZwAoAwUH5S35HOPTRtM6sP0n2lYFXoZPpwhGx4Eaqy0IhkDv1GbNoAkmwOrCpu7NsLTLCGNYUwsLtvSzkgVpqO2Dy","user_id":"109","lang_type":"1"}}

2018-11-29 01:08:50
demo.webmigrates.com/osnap/api/Registration/UserDetail
{"data":{"id":"109","other_id":"109","token":"5NlrYonTQva0iKca728lBQMq3KvU7oXZwAoAwUH5S35HOPTRtM6sP0n2lYFXoZPpwhGx4Eaqy0IhkDv1GbNoAkmwOrCpu7NsLTLCGNYUwsLtvSzkgVpqO2Dy","lang_type":"1"}}

2018-11-29 01:08:58
demo.webmigrates.com/osnap/api/Registration/ClientMyEvent
{"data":{"id":"110","year":"2018","token":"37w7t0Cfm5FP008DaXuJwDoLY6MtUII4JKuRSpTPhQl1clcSSCHBrmrofHV05MxDa9qW7vSaZ0iJpt2oRNNa4MSRKSzBzSOlH590Vbw53uYCSpGZkgyzhlrJ","lang_type":"1"}}

2018-11-29 01:09:10
demo.webmigrates.com/osnap/api/Registration/UserDetail
{"data":{"id":"110","other_id":"110","token":"37w7t0Cfm5FP008DaXuJwDoLY6MtUII4JKuRSpTPhQl1clcSSCHBrmrofHV05MxDa9qW7vSaZ0iJpt2oRNNa4MSRKSzBzSOlH590Vbw53uYCSpGZkgyzhlrJ","lang_type":"1"}}

2018-11-29 01:09:12
demo.webmigrates.com/osnap/api/Notification/GetNotification
{"data":{"limit":10,"page":1,"user_id":"110","token":"37w7t0Cfm5FP008DaXuJwDoLY6MtUII4JKuRSpTPhQl1clcSSCHBrmrofHV05MxDa9qW7vSaZ0iJpt2oRNNa4MSRKSzBzSOlH590Vbw53uYCSpGZkgyzhlrJ","lang_type":"1"}}

2018-11-29 01:09:13
demo.webmigrates.com/osnap/api/Notification/ClearBase
{"data":{"token":"37w7t0Cfm5FP008DaXuJwDoLY6MtUII4JKuRSpTPhQl1clcSSCHBrmrofHV05MxDa9qW7vSaZ0iJpt2oRNNa4MSRKSzBzSOlH590Vbw53uYCSpGZkgyzhlrJ","user_id":"110","lang_type":"1"}}

2018-11-29 01:09:13
demo.webmigrates.com/osnap/api/Notification/GetNotification
{"data":{"limit":10,"page":2,"user_id":"110","token":"37w7t0Cfm5FP008DaXuJwDoLY6MtUII4JKuRSpTPhQl1clcSSCHBrmrofHV05MxDa9qW7vSaZ0iJpt2oRNNa4MSRKSzBzSOlH590Vbw53uYCSpGZkgyzhlrJ","lang_type":"1"}}

2018-11-29 01:09:18
demo.webmigrates.com/osnap/api/Registration/UserDetail
{"data":{"id":"110","other_id":"110","token":"37w7t0Cfm5FP008DaXuJwDoLY6MtUII4JKuRSpTPhQl1clcSSCHBrmrofHV05MxDa9qW7vSaZ0iJpt2oRNNa4MSRKSzBzSOlH590Vbw53uYCSpGZkgyzhlrJ","lang_type":"1"}}

2018-11-29 01:14:56
demo.webmigrates.com/osnap/api/Registration/ClientMyEvent
{"data":{"id":"110","year":"2018","token":"37w7t0Cfm5FP008DaXuJwDoLY6MtUII4JKuRSpTPhQl1clcSSCHBrmrofHV05MxDa9qW7vSaZ0iJpt2oRNNa4MSRKSzBzSOlH590Vbw53uYCSpGZkgyzhlrJ","lang_type":"1"}}

2018-11-29 01:16:57
demo.webmigrates.com/osnap/api/Registration/ClientMyEvent
{"data":{"id":"11","year":"2018","token":"QW9NUz80oaNwmT3saNnxqFZEX5xHT6papMNA7C8Ap83QwlDpzTY4TN2QG0EFQxpGxuvvpm8EiBZuAamcEMyuhQGTMx1seh4nJMd5X8wMD2F2aDWe1Kuse85D","lang_type":"1"}}

2018-11-29 01:16:57
demo.webmigrates.com/osnap/api/Notification/CountBase
{"data":{"token":"QW9NUz80oaNwmT3saNnxqFZEX5xHT6papMNA7C8Ap83QwlDpzTY4TN2QG0EFQxpGxuvvpm8EiBZuAamcEMyuhQGTMx1seh4nJMd5X8wMD2F2aDWe1Kuse85D","user_id":"11","lang_type":"1"}}

2018-11-29 01:16:57
demo.webmigrates.com/osnap/api/Registration/UserDetail
{"data":{"id":"11","other_id":"11","token":"QW9NUz80oaNwmT3saNnxqFZEX5xHT6papMNA7C8Ap83QwlDpzTY4TN2QG0EFQxpGxuvvpm8EiBZuAamcEMyuhQGTMx1seh4nJMd5X8wMD2F2aDWe1Kuse85D","lang_type":"1"}}

2018-11-29 01:17:09
demo.webmigrates.com/osnap/api/Registration/ClientMyEvent
{"data":{"id":"11","year":"2018","token":"QW9NUz80oaNwmT3saNnxqFZEX5xHT6papMNA7C8Ap83QwlDpzTY4TN2QG0EFQxpGxuvvpm8EiBZuAamcEMyuhQGTMx1seh4nJMd5X8wMD2F2aDWe1Kuse85D","lang_type":"1"}}

2018-11-29 01:20:03
demo.webmigrates.com/osnap/api/Registration/ClientMyEvent
{"data":{"id":"11","year":"2018","token":"QW9NUz80oaNwmT3saNnxqFZEX5xHT6papMNA7C8Ap83QwlDpzTY4TN2QG0EFQxpGxuvvpm8EiBZuAamcEMyuhQGTMx1seh4nJMd5X8wMD2F2aDWe1Kuse85D","lang_type":"1"}}

2018-11-29 01:20:03
demo.webmigrates.com/osnap/api/Notification/CountBase
{"data":{"token":"QW9NUz80oaNwmT3saNnxqFZEX5xHT6papMNA7C8Ap83QwlDpzTY4TN2QG0EFQxpGxuvvpm8EiBZuAamcEMyuhQGTMx1seh4nJMd5X8wMD2F2aDWe1Kuse85D","user_id":"11","lang_type":"1"}}

2018-11-29 01:20:04
demo.webmigrates.com/osnap/api/Registration/UserDetail
{"data":{"id":"11","other_id":"11","token":"QW9NUz80oaNwmT3saNnxqFZEX5xHT6papMNA7C8Ap83QwlDpzTY4TN2QG0EFQxpGxuvvpm8EiBZuAamcEMyuhQGTMx1seh4nJMd5X8wMD2F2aDWe1Kuse85D","lang_type":"1"}}

2018-11-29 01:22:54
demo.webmigrates.com/osnap/api/Notification/CountBase
{"data":{"token":"QW9NUz80oaNwmT3saNnxqFZEX5xHT6papMNA7C8Ap83QwlDpzTY4TN2QG0EFQxpGxuvvpm8EiBZuAamcEMyuhQGTMx1seh4nJMd5X8wMD2F2aDWe1Kuse85D","user_id":"11","lang_type":"1"}}

2018-11-29 01:22:54
demo.webmigrates.com/osnap/api/Registration/ClientMyEvent
{"data":{"id":"11","year":"2018","token":"QW9NUz80oaNwmT3saNnxqFZEX5xHT6papMNA7C8Ap83QwlDpzTY4TN2QG0EFQxpGxuvvpm8EiBZuAamcEMyuhQGTMx1seh4nJMd5X8wMD2F2aDWe1Kuse85D","lang_type":"1"}}

2018-11-29 01:22:54
demo.webmigrates.com/osnap/api/Registration/UserDetail
{"data":{"id":"11","other_id":"11","token":"QW9NUz80oaNwmT3saNnxqFZEX5xHT6papMNA7C8Ap83QwlDpzTY4TN2QG0EFQxpGxuvvpm8EiBZuAamcEMyuhQGTMx1seh4nJMd5X8wMD2F2aDWe1Kuse85D","lang_type":"1"}}

2018-11-29 03:08:58
demo.webmigrates.com/osnap/api/Registration/UserDetail
{"data":{"id":"11","other_id":"11","token":"QW9NUz80oaNwmT3saNnxqFZEX5xHT6papMNA7C8Ap83QwlDpzTY4TN2QG0EFQxpGxuvvpm8EiBZuAamcEMyuhQGTMx1seh4nJMd5X8wMD2F2aDWe1Kuse85D","lang_type":"1"}}

2018-11-29 03:08:58
demo.webmigrates.com/osnap/api/Notification/CountBase
{"data":{"token":"QW9NUz80oaNwmT3saNnxqFZEX5xHT6papMNA7C8Ap83QwlDpzTY4TN2QG0EFQxpGxuvvpm8EiBZuAamcEMyuhQGTMx1seh4nJMd5X8wMD2F2aDWe1Kuse85D","user_id":"11","lang_type":"1"}}

2018-11-29 03:08:58
demo.webmigrates.com/osnap/api/Registration/ClientMyEvent
{"data":{"id":"11","year":"2018","token":"QW9NUz80oaNwmT3saNnxqFZEX5xHT6papMNA7C8Ap83QwlDpzTY4TN2QG0EFQxpGxuvvpm8EiBZuAamcEMyuhQGTMx1seh4nJMd5X8wMD2F2aDWe1Kuse85D","lang_type":"1"}}

2018-11-29 03:09:31
demo.webmigrates.com/osnap/api/Notification/CountBase
{"data":{"token":"XdC3JS5RL0uui4yD0Fld3jZzvsBCt5YsuWXykc612b8Q3bIJBM6OHdquuptmiDa2azv9g3ikb9FkiLwvkcYummeIBJ7uMTHMqE4wHHX3DSGElIFfnHtli8Hv","user_id":"3","lang_type":"1"}}

2018-11-29 03:09:31
demo.webmigrates.com/osnap/api/Registration/BusinessMyEvent
{"data":{"id":"3","year":"2018","token":"XdC3JS5RL0uui4yD0Fld3jZzvsBCt5YsuWXykc612b8Q3bIJBM6OHdquuptmiDa2azv9g3ikb9FkiLwvkcYummeIBJ7uMTHMqE4wHHX3DSGElIFfnHtli8Hv","lang_type":"1"}}

2018-11-29 03:09:31
demo.webmigrates.com/osnap/api/Registration/UserDetail
{"data":{"id":"3","other_id":"3","token":"XdC3JS5RL0uui4yD0Fld3jZzvsBCt5YsuWXykc612b8Q3bIJBM6OHdquuptmiDa2azv9g3ikb9FkiLwvkcYummeIBJ7uMTHMqE4wHHX3DSGElIFfnHtli8Hv","lang_type":"1"}}

2018-11-29 07:13:16
demo.webmigrates.com/osnap/api/Notification/CountBase
{"data":{"token":"5NlrYonTQva0iKca728lBQMq3KvU7oXZwAoAwUH5S35HOPTRtM6sP0n2lYFXoZPpwhGx4Eaqy0IhkDv1GbNoAkmwOrCpu7NsLTLCGNYUwsLtvSzkgVpqO2Dy","user_id":"109","lang_type":"1"}}

2018-11-29 07:13:16
demo.webmigrates.com/osnap/api/Registration/UserDetail
{"data":{"id":"109","other_id":"109","token":"5NlrYonTQva0iKca728lBQMq3KvU7oXZwAoAwUH5S35HOPTRtM6sP0n2lYFXoZPpwhGx4Eaqy0IhkDv1GbNoAkmwOrCpu7NsLTLCGNYUwsLtvSzkgVpqO2Dy","lang_type":"1"}}

2018-11-29 07:13:16
demo.webmigrates.com/osnap/api/Registration/BusinessMyEvent
{"data":{"id":"109","year":"2018","token":"5NlrYonTQva0iKca728lBQMq3KvU7oXZwAoAwUH5S35HOPTRtM6sP0n2lYFXoZPpwhGx4Eaqy0IhkDv1GbNoAkmwOrCpu7NsLTLCGNYUwsLtvSzkgVpqO2Dy","lang_type":"1"}}

2018-11-29 07:25:57
demo.webmigrates.com/osnap/api/Notification/CountBase
{"data":{"token":"5NlrYonTQva0iKca728lBQMq3KvU7oXZwAoAwUH5S35HOPTRtM6sP0n2lYFXoZPpwhGx4Eaqy0IhkDv1GbNoAkmwOrCpu7NsLTLCGNYUwsLtvSzkgVpqO2Dy","user_id":"109","lang_type":"1"}}

2018-11-29 07:25:57
demo.webmigrates.com/osnap/api/Registration/UserDetail
{"data":{"id":"109","other_id":"109","token":"5NlrYonTQva0iKca728lBQMq3KvU7oXZwAoAwUH5S35HOPTRtM6sP0n2lYFXoZPpwhGx4Eaqy0IhkDv1GbNoAkmwOrCpu7NsLTLCGNYUwsLtvSzkgVpqO2Dy","lang_type":"1"}}

2018-11-29 12:47:42
demo.webmigrates.com/osnap/api/Registration/ClientMyEvent
{"data":{"id":"110","year":"2018","token":"37w7t0Cfm5FP008DaXuJwDoLY6MtUII4JKuRSpTPhQl1clcSSCHBrmrofHV05MxDa9qW7vSaZ0iJpt2oRNNa4MSRKSzBzSOlH590Vbw53uYCSpGZkgyzhlrJ","lang_type":"1"}}

2018-11-29 12:48:04
demo.webmigrates.com/osnap/api/Registration/UserDetail
{"data":{"id":"110","other_id":"110","token":"37w7t0Cfm5FP008DaXuJwDoLY6MtUII4JKuRSpTPhQl1clcSSCHBrmrofHV05MxDa9qW7vSaZ0iJpt2oRNNa4MSRKSzBzSOlH590Vbw53uYCSpGZkgyzhlrJ","lang_type":"1"}}

2018-11-29 12:49:49
demo.webmigrates.com/osnap/api/Notification/CountBase
{"data":{"token":"5NlrYonTQva0iKca728lBQMq3KvU7oXZwAoAwUH5S35HOPTRtM6sP0n2lYFXoZPpwhGx4Eaqy0IhkDv1GbNoAkmwOrCpu7NsLTLCGNYUwsLtvSzkgVpqO2Dy","user_id":"109","lang_type":"1"}}

2018-11-29 12:49:49
demo.webmigrates.com/osnap/api/Registration/UserDetail
{"data":{"id":"109","other_id":"109","token":"5NlrYonTQva0iKca728lBQMq3KvU7oXZwAoAwUH5S35HOPTRtM6sP0n2lYFXoZPpwhGx4Eaqy0IhkDv1GbNoAkmwOrCpu7NsLTLCGNYUwsLtvSzkgVpqO2Dy","lang_type":"1"}}

2018-11-29 12:49:54
demo.webmigrates.com/osnap/api/Registration/Logout
{"data":{"id":"109","token":"5NlrYonTQva0iKca728lBQMq3KvU7oXZwAoAwUH5S35HOPTRtM6sP0n2lYFXoZPpwhGx4Eaqy0IhkDv1GbNoAkmwOrCpu7NsLTLCGNYUwsLtvSzkgVpqO2Dy","lang_type":"1"}}

2018-11-29 12:49:57
demo.webmigrates.com/osnap/api/Registration/ClientMyEvent
{"data":{"id":"110","year":"2018","token":"37w7t0Cfm5FP008DaXuJwDoLY6MtUII4JKuRSpTPhQl1clcSSCHBrmrofHV05MxDa9qW7vSaZ0iJpt2oRNNa4MSRKSzBzSOlH590Vbw53uYCSpGZkgyzhlrJ","lang_type":"1"}}

2018-11-29 12:50:01
demo.webmigrates.com/osnap/api/Registration/Logout
{"data":{"id":"110","token":"37w7t0Cfm5FP008DaXuJwDoLY6MtUII4JKuRSpTPhQl1clcSSCHBrmrofHV05MxDa9qW7vSaZ0iJpt2oRNNa4MSRKSzBzSOlH590Vbw53uYCSpGZkgyzhlrJ","lang_type":"1"}}

2018-11-29 12:50:05
demo.webmigrates.com/osnap/api/Registration/CheckLogin
{"data":{"username":"bemp875","lang_type":"1","password":"america1","device_token":"121212","device_type":"1"}}

2018-11-29 12:50:06
demo.webmigrates.com/osnap/api/Notification/CountBase
{"data":{"token":"LlG5OboU01dioLChgmIbubbFWaOCKKCXCbmZavzsWbz4Yaw3o4A9jKywj3dKNUhCMtWurCR9FLosseFZ5tFJmf6ncYD7CBilzsMy7NNAjloiuKHXViMF9e2M","user_id":"110","lang_type":"1"}}

2018-11-29 12:50:06
demo.webmigrates.com/osnap/api/Registration/ClientMyEvent
{"data":{"id":"110","year":"2018","token":"LlG5OboU01dioLChgmIbubbFWaOCKKCXCbmZavzsWbz4Yaw3o4A9jKywj3dKNUhCMtWurCR9FLosseFZ5tFJmf6ncYD7CBilzsMy7NNAjloiuKHXViMF9e2M","lang_type":"1"}}

2018-11-29 12:50:06
demo.webmigrates.com/osnap/api/Registration/UserDetail
{"data":{"id":"110","other_id":"110","token":"LlG5OboU01dioLChgmIbubbFWaOCKKCXCbmZavzsWbz4Yaw3o4A9jKywj3dKNUhCMtWurCR9FLosseFZ5tFJmf6ncYD7CBilzsMy7NNAjloiuKHXViMF9e2M","lang_type":"1"}}

2018-11-29 12:50:06
demo.webmigrates.com/osnap/api/Registration/CheckLogin
{"data":{"username":"bemp874","lang_type":"1","password":"america1","device_token":"fc17f6681cdd04b0ab5e38f05b6800cfc2b4b2f476ff322ca0eef8ca2d687c69","device_type":"1"}}

2018-11-29 12:50:07
demo.webmigrates.com/osnap/api/Registration/BusinessMyEvent
{"data":{"id":"109","year":"2018","token":"tNXEhiccBGVQMJYuh3vpPR6abLkBjsrsjOtJXnNwEZMNsBly0PpfkrV460Dm8vFhde766P6UfobAnkO62QCPLhyzfD5Ddlfk3FAVjkUK7JwvnMEcwbRisoqV","lang_type":"1"}}

2018-11-29 12:50:07
demo.webmigrates.com/osnap/api/Registration/UserDetail
{"data":{"id":"109","other_id":"109","token":"tNXEhiccBGVQMJYuh3vpPR6abLkBjsrsjOtJXnNwEZMNsBly0PpfkrV460Dm8vFhde766P6UfobAnkO62QCPLhyzfD5Ddlfk3FAVjkUK7JwvnMEcwbRisoqV","lang_type":"1"}}

2018-11-29 12:50:07
demo.webmigrates.com/osnap/api/Notification/CountBase
{"data":{"token":"tNXEhiccBGVQMJYuh3vpPR6abLkBjsrsjOtJXnNwEZMNsBly0PpfkrV460Dm8vFhde766P6UfobAnkO62QCPLhyzfD5Ddlfk3FAVjkUK7JwvnMEcwbRisoqV","user_id":"109","lang_type":"1"}}

2018-11-29 12:50:28
demo.webmigrates.com/osnap/api/Registration/ClientMyEvent
{"data":{"id":"110","year":"2018","token":"LlG5OboU01dioLChgmIbubbFWaOCKKCXCbmZavzsWbz4Yaw3o4A9jKywj3dKNUhCMtWurCR9FLosseFZ5tFJmf6ncYD7CBilzsMy7NNAjloiuKHXViMF9e2M","lang_type":"1"}}

2018-11-29 12:51:18
demo.webmigrates.com/osnap/api/Notification/CountBase
{"data":{"token":"tNXEhiccBGVQMJYuh3vpPR6abLkBjsrsjOtJXnNwEZMNsBly0PpfkrV460Dm8vFhde766P6UfobAnkO62QCPLhyzfD5Ddlfk3FAVjkUK7JwvnMEcwbRisoqV","user_id":"109","lang_type":"1"}}

2018-11-29 12:51:18
demo.webmigrates.com/osnap/api/Registration/UserDetail
{"data":{"id":"109","other_id":"109","token":"tNXEhiccBGVQMJYuh3vpPR6abLkBjsrsjOtJXnNwEZMNsBly0PpfkrV460Dm8vFhde766P6UfobAnkO62QCPLhyzfD5Ddlfk3FAVjkUK7JwvnMEcwbRisoqV","lang_type":"1"}}

2018-11-29 12:51:32
demo.webmigrates.com/osnap/api/Registration/ExploreRequests
{"data":{"limit":10,"id":"109","other_id":"109","page":1,"token":"tNXEhiccBGVQMJYuh3vpPR6abLkBjsrsjOtJXnNwEZMNsBly0PpfkrV460Dm8vFhde766P6UfobAnkO62QCPLhyzfD5Ddlfk3FAVjkUK7JwvnMEcwbRisoqV","lang_type":"1"}}

2018-11-29 12:51:33
demo.webmigrates.com/osnap/api/Notification/CountBase
{"data":{"token":"tNXEhiccBGVQMJYuh3vpPR6abLkBjsrsjOtJXnNwEZMNsBly0PpfkrV460Dm8vFhde766P6UfobAnkO62QCPLhyzfD5Ddlfk3FAVjkUK7JwvnMEcwbRisoqV","user_id":"109","lang_type":"1"}}

2018-11-29 12:51:33
demo.webmigrates.com/osnap/api/Registration/UserDetail
{"data":{"id":"109","other_id":"109","token":"tNXEhiccBGVQMJYuh3vpPR6abLkBjsrsjOtJXnNwEZMNsBly0PpfkrV460Dm8vFhde766P6UfobAnkO62QCPLhyzfD5Ddlfk3FAVjkUK7JwvnMEcwbRisoqV","lang_type":"1"}}

2018-11-29 12:51:51
demo.webmigrates.com/osnap/api/Registration/BusinessMyEvent
{"data":{"id":"109","year":"2018","token":"tNXEhiccBGVQMJYuh3vpPR6abLkBjsrsjOtJXnNwEZMNsBly0PpfkrV460Dm8vFhde766P6UfobAnkO62QCPLhyzfD5Ddlfk3FAVjkUK7JwvnMEcwbRisoqV","lang_type":"1"}}

2018-11-29 12:51:51
demo.webmigrates.com/osnap/api/Notification/CountBase
{"data":{"token":"tNXEhiccBGVQMJYuh3vpPR6abLkBjsrsjOtJXnNwEZMNsBly0PpfkrV460Dm8vFhde766P6UfobAnkO62QCPLhyzfD5Ddlfk3FAVjkUK7JwvnMEcwbRisoqV","user_id":"109","lang_type":"1"}}

2018-11-29 12:51:51
demo.webmigrates.com/osnap/api/Registration/UserDetail
{"data":{"id":"109","other_id":"109","token":"tNXEhiccBGVQMJYuh3vpPR6abLkBjsrsjOtJXnNwEZMNsBly0PpfkrV460Dm8vFhde766P6UfobAnkO62QCPLhyzfD5Ddlfk3FAVjkUK7JwvnMEcwbRisoqV","lang_type":"1"}}

2018-11-29 12:52:01
demo.webmigrates.com/osnap/api/Registration/Logout
{"data":{"id":"109","token":"tNXEhiccBGVQMJYuh3vpPR6abLkBjsrsjOtJXnNwEZMNsBly0PpfkrV460Dm8vFhde766P6UfobAnkO62QCPLhyzfD5Ddlfk3FAVjkUK7JwvnMEcwbRisoqV","lang_type":"1"}}

2018-11-29 12:53:07
demo.webmigrates.com/osnap/api/Registration/UserRegistration
{"data":{"username":"bemp90","longtitude":"-97.038049","lang_type":"1","country_code":"+1","country":"USA","birth_date":"1999-11-29","latitude":"32.685569","city":"Grand Prairie","last_name":"smith","osnap_id":"bemp90","state":"TX","device_token":"fc17f6681cdd04b0ab5e38f05b6800cfc2b4b2f476ff322ca0eef8ca2d687c69","email":"ben.f.smith@outlook.com","user_type":"1","phone":"2145169884","password":"america1","device_type":"1","post_code":"75052","address":"3515 Ponderosa Dr, Grand Prairie, TX 75052, USA","first_name":"ben"}}

2018-11-29 12:53:13
demo.webmigrates.com/osnap/api/Registration/ClientMyEvent
{"data":{"id":"110","year":"2018","token":"LlG5OboU01dioLChgmIbubbFWaOCKKCXCbmZavzsWbz4Yaw3o4A9jKywj3dKNUhCMtWurCR9FLosseFZ5tFJmf6ncYD7CBilzsMy7NNAjloiuKHXViMF9e2M","lang_type":"1"}}

2018-11-29 12:53:32
demo.webmigrates.com/osnap/images/logo-white.png


2018-11-29 12:53:33
demo.webmigrates.com/osnap/images/logo-white.png


2018-11-29 12:53:39
demo.webmigrates.com/osnap/api/Registration/VerifyUser
{"data":{"email":"ben.f.smith@outlook.com","username":"bemp90","device_type":"1","activation_code":"674872","device_token":"fc17f6681cdd04b0ab5e38f05b6800cfc2b4b2f476ff322ca0eef8ca2d687c69","lang_type":"1"}}

2018-11-29 12:53:43
demo.webmigrates.com/osnap/api/Registration/EditUser
{"data":{"id":"138","security_code":"0087","token":"114GgjNSEb9co7d38Dc5bkLIJrX5w04BREPDQRQ2HP2yUpEeWRKjbiGascW7NhNOZ9Y4S7g8AgVrFOoLzx176CtpgQNxJhuyb3G3WPjmJ6hPtMskXPnvhu6U","lang_type":"1"}}

2018-11-29 22:45:25
demo.webmigrates.com/osnap/api/Notification/CountBase
{"data":{"lang_type":"1","token":"BBSkO0oEHeZLD6I7tMglwMqJvgEZ8KwEXVgawJdKPqRJRzAy6hsd3EUDG4HEbJYH94OJpk3f89cZec0xId8fyVcBRzkz7xwplgqhiJ9bPhiNPtrjiaO7cxlD","user_id":"134"}}

2018-11-29 22:45:25
demo.webmigrates.com/osnap/api/Registration/UserDetail
{"data":{"id":"134","lang_type":"1","other_id":"134","token":"BBSkO0oEHeZLD6I7tMglwMqJvgEZ8KwEXVgawJdKPqRJRzAy6hsd3EUDG4HEbJYH94OJpk3f89cZec0xId8fyVcBRzkz7xwplgqhiJ9bPhiNPtrjiaO7cxlD"}}

2018-11-29 22:45:25
demo.webmigrates.com/osnap/api/Registration/ClientMyEvent
{"data":{"id":"134","lang_type":"1","year":"2018","token":"BBSkO0oEHeZLD6I7tMglwMqJvgEZ8KwEXVgawJdKPqRJRzAy6hsd3EUDG4HEbJYH94OJpk3f89cZec0xId8fyVcBRzkz7xwplgqhiJ9bPhiNPtrjiaO7cxlD"}}

2018-11-29 22:45:43
demo.webmigrates.com/osnap/api/Registration/CheckLogin
{"data":{"password":"12345678","username":"customeruser1","device_type":"1","lang_type":"1","device_token":"5b2733aa96633fb78549c66b154fd5ae9585b4965f9c608498d4e48984d4fc92"}}

2018-11-29 22:45:43
demo.webmigrates.com/osnap/api/Notification/CountBase
{"data":{"lang_type":"1","token":"tw0StSpASXrQJEsdO4ukN1FJIRtVH5ooAaoI7k4YaVb9hUf68KJyHUTXXfW1yCthQ4lZbXbKbYRxl6jISr5pzkfT5wfjKSJO9tgmmdXjRStHsG9qvKMStCaP","user_id":"134"}}

2018-11-29 22:45:43
demo.webmigrates.com/osnap/api/Registration/UserDetail
{"data":{"id":"134","lang_type":"1","other_id":"134","token":"tw0StSpASXrQJEsdO4ukN1FJIRtVH5ooAaoI7k4YaVb9hUf68KJyHUTXXfW1yCthQ4lZbXbKbYRxl6jISr5pzkfT5wfjKSJO9tgmmdXjRStHsG9qvKMStCaP"}}

2018-11-29 22:45:43
demo.webmigrates.com/osnap/api/Registration/ClientMyEvent
{"data":{"id":"134","lang_type":"1","year":"2018","token":"tw0StSpASXrQJEsdO4ukN1FJIRtVH5ooAaoI7k4YaVb9hUf68KJyHUTXXfW1yCthQ4lZbXbKbYRxl6jISr5pzkfT5wfjKSJO9tgmmdXjRStHsG9qvKMStCaP"}}

2018-11-29 22:45:45
demo.webmigrates.com/osnap/api/Registration/MyPost
{"data":{"id":"134","lang_type":"1","page":1,"limit":10,"token":"tw0StSpASXrQJEsdO4ukN1FJIRtVH5ooAaoI7k4YaVb9hUf68KJyHUTXXfW1yCthQ4lZbXbKbYRxl6jISr5pzkfT5wfjKSJO9tgmmdXjRStHsG9qvKMStCaP"}}

2018-11-29 22:45:46
demo.webmigrates.com/osnap/api/Registration/MyPost
{"data":{"id":"134","lang_type":"1","page":2,"limit":10,"token":"tw0StSpASXrQJEsdO4ukN1FJIRtVH5ooAaoI7k4YaVb9hUf68KJyHUTXXfW1yCthQ4lZbXbKbYRxl6jISr5pzkfT5wfjKSJO9tgmmdXjRStHsG9qvKMStCaP"}}

2018-11-29 22:45:47
demo.webmigrates.com/osnap/api/Registration/SingleClientPost
{"data":{"id":"134","lang_type":"1","post_id":"94","Dlatitude":"30.713525","Dlongtitude":"76.709907","token":"tw0StSpASXrQJEsdO4ukN1FJIRtVH5ooAaoI7k4YaVb9hUf68KJyHUTXXfW1yCthQ4lZbXbKbYRxl6jISr5pzkfT5wfjKSJO9tgmmdXjRStHsG9qvKMStCaP"}}

2018-11-29 22:46:14
demo.webmigrates.com/osnap/api/Registration/SingleClientPost
{"data":{"id":"134","lang_type":"1","post_id":"93","Dlatitude":"30.713525","Dlongtitude":"76.709907","token":"tw0StSpASXrQJEsdO4ukN1FJIRtVH5ooAaoI7k4YaVb9hUf68KJyHUTXXfW1yCthQ4lZbXbKbYRxl6jISr5pzkfT5wfjKSJO9tgmmdXjRStHsG9qvKMStCaP"}}

2018-11-29 22:46:33
demo.webmigrates.com/osnap/api/Registration/UserDetail
{"data":{"id":"134","lang_type":"1","other_id":"134","token":"tw0StSpASXrQJEsdO4ukN1FJIRtVH5ooAaoI7k4YaVb9hUf68KJyHUTXXfW1yCthQ4lZbXbKbYRxl6jISr5pzkfT5wfjKSJO9tgmmdXjRStHsG9qvKMStCaP"}}

2018-11-29 22:49:31
demo.webmigrates.com/osnap/api/Registration/Logout
{"data":{"id":"134","token":"tw0StSpASXrQJEsdO4ukN1FJIRtVH5ooAaoI7k4YaVb9hUf68KJyHUTXXfW1yCthQ4lZbXbKbYRxl6jISr5pzkfT5wfjKSJO9tgmmdXjRStHsG9qvKMStCaP","lang_type":"1"}}

2018-11-29 22:57:04
demo.webmigrates.com/osnap/api/Registration/UserRegistration
{"data":{"image":"154355382389934.png","city":"Chandigarh","state":"160102","country_code":"+1","phone":"8699764566","password":"12345678","device_type":"1","email":"customeruser2@yopmail.com","latitude":"30.702393","longtitude":"76.821472","device_token":"5b2733aa96633fb78549c66b154fd5ae9585b4965f9c608498d4e48984d4fc92","first_name":"customer","username":"custuser2","address":"Daria, Chandigarh, 160102, India","country":"India","birth_date":"1993-10-15","last_name":"user","osnap_id":"custuser2","lang_type":"1","user_type":"1","post_code":""}}

2018-11-29 22:59:15
demo.webmigrates.com/osnap/api/Registration/VerifyUser
{"data":{"device_token":"5b2733aa96633fb78549c66b154fd5ae9585b4965f9c608498d4e48984d4fc92","lang_type":"1","username":"custuser2","email":"customeruser2@yopmail.com","device_type":"1","activation_code":"394451"}}

2018-11-29 22:59:22
demo.webmigrates.com/osnap/api/Registration/EditUser
{"data":{"security_code":"1234","id":"139","lang_type":"1","token":"ikRYnpB08CnbJGAZun1IN9ntvO8dzz5rbDpDUtgKUWIFm7VVEapBGV3ExBdrUj0BzwvE3IYx59GN7nrfvzf7b3P8WXySXboEbHSahGNloOMK5mmVsuwaWQo3"}}

2018-11-29 22:59:26
demo.webmigrates.com/osnap/api/Registration/EditUser
{"data":{"is_agree":"1","id":"139","lang_type":"1","token":"ikRYnpB08CnbJGAZun1IN9ntvO8dzz5rbDpDUtgKUWIFm7VVEapBGV3ExBdrUj0BzwvE3IYx59GN7nrfvzf7b3P8WXySXboEbHSahGNloOMK5mmVsuwaWQo3"}}

2018-11-29 22:59:26
demo.webmigrates.com/osnap/api/Notification/CountBase
{"data":{"lang_type":"1","token":"ikRYnpB08CnbJGAZun1IN9ntvO8dzz5rbDpDUtgKUWIFm7VVEapBGV3ExBdrUj0BzwvE3IYx59GN7nrfvzf7b3P8WXySXboEbHSahGNloOMK5mmVsuwaWQo3","user_id":"139"}}

2018-11-29 22:59:26
demo.webmigrates.com/osnap/api/Registration/UserDetail
{"data":{"id":"139","lang_type":"1","other_id":"139","token":"ikRYnpB08CnbJGAZun1IN9ntvO8dzz5rbDpDUtgKUWIFm7VVEapBGV3ExBdrUj0BzwvE3IYx59GN7nrfvzf7b3P8WXySXboEbHSahGNloOMK5mmVsuwaWQo3"}}

2018-11-29 22:59:26
demo.webmigrates.com/osnap/api/Registration/ClientMyEvent
{"data":{"id":"139","lang_type":"1","year":"2018","token":"ikRYnpB08CnbJGAZun1IN9ntvO8dzz5rbDpDUtgKUWIFm7VVEapBGV3ExBdrUj0BzwvE3IYx59GN7nrfvzf7b3P8WXySXboEbHSahGNloOMK5mmVsuwaWQo3"}}

2018-11-29 22:59:56
demo.webmigrates.com/osnap/api/Registration/Logout
{"data":{"id":"139","token":"ikRYnpB08CnbJGAZun1IN9ntvO8dzz5rbDpDUtgKUWIFm7VVEapBGV3ExBdrUj0BzwvE3IYx59GN7nrfvzf7b3P8WXySXboEbHSahGNloOMK5mmVsuwaWQo3","lang_type":"1"}}

2018-11-29 23:07:10
demo.webmigrates.com/osnap/api/Registration/UserRegistration
{"data":{"image":"154355442977915.png","city":"Chandigarh","state":"160047","country_code":"+1","phone":"6868757766","password":"12345678","device_type":"1","email":"businessuser2@yopmail.com","latitude":"30.716343","longtitude":"76.744387","device_token":"5b2733aa96633fb78549c66b154fd5ae9585b4965f9c608498d4e48984d4fc92","first_name":"business","username":"busiuser2","address":"ISBT Rd, Sector 43 B, Chandigarh, 160047, India","country":"India","birth_date":"1987-09-15","last_name":"user","osnap_id":"busiuser2","lang_type":"1","user_type":"2","post_code":""}}

2018-11-29 23:07:35
demo.webmigrates.com/osnap/api/Registration/VerifyUser
{"data":{"device_token":"5b2733aa96633fb78549c66b154fd5ae9585b4965f9c608498d4e48984d4fc92","lang_type":"1","username":"busiuser2","email":"businessuser2@yopmail.com","device_type":"1","activation_code":"128333"}}

2018-11-29 23:07:50
demo.webmigrates.com/osnap/api/Registration/EditUser
{"data":{"security_code":"1234","id":"140","lang_type":"1","token":"zwtMn08XTCkE2txcZfIuBCQBIfbXOyVezcUaVCLlN5628vtizvcjcXo2NmJMzKSlf1hUVFCtuIRw45ivjWozpb7F8ioYHhzZXEoioqoVV1nQj4JWV8xixS5r"}}

2018-11-29 23:07:51
demo.webmigrates.com/osnap/api/General/GetBusinessTypes
{"data":{"lang_type":"1","id":"140","token":"zwtMn08XTCkE2txcZfIuBCQBIfbXOyVezcUaVCLlN5628vtizvcjcXo2NmJMzKSlf1hUVFCtuIRw45ivjWozpb7F8ioYHhzZXEoioqoVV1nQj4JWV8xixS5r"}}

2018-11-29 23:07:51
demo.webmigrates.com/osnap/api/General/GetBusinessCategory
{"data":{"lang_type":"1","id":"140","token":"zwtMn08XTCkE2txcZfIuBCQBIfbXOyVezcUaVCLlN5628vtizvcjcXo2NmJMzKSlf1hUVFCtuIRw45ivjWozpb7F8ioYHhzZXEoioqoVV1nQj4JWV8xixS5r"}}

2018-11-29 23:10:50
demo.webmigrates.com/osnap/api/Registration/AddUpdateBusinessDetails
{"data":{"id":"140","lang_type":"1","business_osnap_id":"busiuser2","business_type":"4","business_notes":"Test data","business_owner":"President","business_category":"1","business_image":"154355464992116.png","business_name":"sun construction","business_esta_year":"2016","token":"zwtMn08XTCkE2txcZfIuBCQBIfbXOyVezcUaVCLlN5628vtizvcjcXo2NmJMzKSlf1hUVFCtuIRw45ivjWozpb7F8ioYHhzZXEoioqoVV1nQj4JWV8xixS5r","business_esta_month":"3","exp_level":"2"}}

2018-11-29 23:11:24
demo.webmigrates.com/osnap/api/Registration/StripeSuccess?state=140&scope=read_write&code=ac_E4ChpK3w8puCrptWPqfxB14mWLBy1j4z


2018-11-29 23:11:33
demo.webmigrates.com/osnap/api/Registration/EditUser
{"data":{"is_agree":"1","id":"140","lang_type":"1","token":"zwtMn08XTCkE2txcZfIuBCQBIfbXOyVezcUaVCLlN5628vtizvcjcXo2NmJMzKSlf1hUVFCtuIRw45ivjWozpb7F8ioYHhzZXEoioqoVV1nQj4JWV8xixS5r"}}

2018-11-29 23:11:34
demo.webmigrates.com/osnap/api/Notification/CountBase
{"data":{"lang_type":"1","token":"zwtMn08XTCkE2txcZfIuBCQBIfbXOyVezcUaVCLlN5628vtizvcjcXo2NmJMzKSlf1hUVFCtuIRw45ivjWozpb7F8ioYHhzZXEoioqoVV1nQj4JWV8xixS5r","user_id":"140"}}

2018-11-29 23:11:34
demo.webmigrates.com/osnap/api/Registration/BusinessMyEvent
{"data":{"id":"140","lang_type":"1","year":"2018","token":"zwtMn08XTCkE2txcZfIuBCQBIfbXOyVezcUaVCLlN5628vtizvcjcXo2NmJMzKSlf1hUVFCtuIRw45ivjWozpb7F8ioYHhzZXEoioqoVV1nQj4JWV8xixS5r"}}

2018-11-29 23:11:34
demo.webmigrates.com/osnap/api/Registration/UserDetail
{"data":{"id":"140","lang_type":"1","other_id":"140","token":"zwtMn08XTCkE2txcZfIuBCQBIfbXOyVezcUaVCLlN5628vtizvcjcXo2NmJMzKSlf1hUVFCtuIRw45ivjWozpb7F8ioYHhzZXEoioqoVV1nQj4JWV8xixS5r"}}

