2018-11-05 00:09:51
demo.webmigrates.com/osnap/api/Registration/EditUser
{"data":{"is_agree":"1","id":"117","token":"gJrAcVM8z21p6uoouP8ab3lAQUnYjQbkSzGAORtFOigJUud8cLRzHgKd99m54sGUQIZWm58uG15JEzxWnbx2VP3v6jwiT8a5X2gDzILzfZKsD9WKfGOIEoGi","lang_type":"1"}}

2018-11-05 00:09:52
demo.webmigrates.com/osnap/api/Registration/BusinessMyEvent
{"data":{"id":"117","year":"2018","token":"gJrAcVM8z21p6uoouP8ab3lAQUnYjQbkSzGAORtFOigJUud8cLRzHgKd99m54sGUQIZWm58uG15JEzxWnbx2VP3v6jwiT8a5X2gDzILzfZKsD9WKfGOIEoGi","lang_type":"1"}}

2018-11-05 00:09:52
demo.webmigrates.com/osnap/api/Notification/CountBase
{"data":{"token":"gJrAcVM8z21p6uoouP8ab3lAQUnYjQbkSzGAORtFOigJUud8cLRzHgKd99m54sGUQIZWm58uG15JEzxWnbx2VP3v6jwiT8a5X2gDzILzfZKsD9WKfGOIEoGi","user_id":"117","lang_type":"1"}}

2018-11-05 00:09:53
demo.webmigrates.com/osnap/api/Registration/UserDetail
{"data":{"id":"117","other_id":"117","token":"gJrAcVM8z21p6uoouP8ab3lAQUnYjQbkSzGAORtFOigJUud8cLRzHgKd99m54sGUQIZWm58uG15JEzxWnbx2VP3v6jwiT8a5X2gDzILzfZKsD9WKfGOIEoGi","lang_type":"1"}}

2018-11-05 00:10:09
demo.webmigrates.com/osnap/api/General/GetCategory
{"data":{"id":"117","token":"gJrAcVM8z21p6uoouP8ab3lAQUnYjQbkSzGAORtFOigJUud8cLRzHgKd99m54sGUQIZWm58uG15JEzxWnbx2VP3v6jwiT8a5X2gDzILzfZKsD9WKfGOIEoGi","lang_type":"1"}}

2018-11-05 00:10:18
demo.webmigrates.com/osnap/api/Notification/CountBase
{"data":{"token":"gJrAcVM8z21p6uoouP8ab3lAQUnYjQbkSzGAORtFOigJUud8cLRzHgKd99m54sGUQIZWm58uG15JEzxWnbx2VP3v6jwiT8a5X2gDzILzfZKsD9WKfGOIEoGi","user_id":"117","lang_type":"1"}}

2018-11-05 00:10:18
demo.webmigrates.com/osnap/api/Registration/UserDetail
{"data":{"id":"117","other_id":"117","token":"gJrAcVM8z21p6uoouP8ab3lAQUnYjQbkSzGAORtFOigJUud8cLRzHgKd99m54sGUQIZWm58uG15JEzxWnbx2VP3v6jwiT8a5X2gDzILzfZKsD9WKfGOIEoGi","lang_type":"1"}}

2018-11-05 00:10:22
demo.webmigrates.com/osnap/api/General/GetCategory
{"data":{"id":"117","token":"gJrAcVM8z21p6uoouP8ab3lAQUnYjQbkSzGAORtFOigJUud8cLRzHgKd99m54sGUQIZWm58uG15JEzxWnbx2VP3v6jwiT8a5X2gDzILzfZKsD9WKfGOIEoGi","lang_type":"1"}}

2018-11-05 00:10:27
demo.webmigrates.com/osnap/api/Registration/UserDetail
{"data":{"id":"117","other_id":"117","token":"gJrAcVM8z21p6uoouP8ab3lAQUnYjQbkSzGAORtFOigJUud8cLRzHgKd99m54sGUQIZWm58uG15JEzxWnbx2VP3v6jwiT8a5X2gDzILzfZKsD9WKfGOIEoGi","lang_type":"1"}}

2018-11-05 00:10:27
demo.webmigrates.com/osnap/api/Notification/CountBase
{"data":{"token":"gJrAcVM8z21p6uoouP8ab3lAQUnYjQbkSzGAORtFOigJUud8cLRzHgKd99m54sGUQIZWm58uG15JEzxWnbx2VP3v6jwiT8a5X2gDzILzfZKsD9WKfGOIEoGi","user_id":"117","lang_type":"1"}}

2018-11-05 00:10:31
demo.webmigrates.com/osnap/api/General/GetCategory
{"data":{"id":"117","token":"gJrAcVM8z21p6uoouP8ab3lAQUnYjQbkSzGAORtFOigJUud8cLRzHgKd99m54sGUQIZWm58uG15JEzxWnbx2VP3v6jwiT8a5X2gDzILzfZKsD9WKfGOIEoGi","lang_type":"1"}}

2018-11-05 00:10:32
demo.webmigrates.com/osnap/api/Notification/CountBase
{"data":{"token":"gJrAcVM8z21p6uoouP8ab3lAQUnYjQbkSzGAORtFOigJUud8cLRzHgKd99m54sGUQIZWm58uG15JEzxWnbx2VP3v6jwiT8a5X2gDzILzfZKsD9WKfGOIEoGi","user_id":"117","lang_type":"1"}}

2018-11-05 00:10:33
demo.webmigrates.com/osnap/api/Registration/UserDetail
{"data":{"id":"117","other_id":"117","token":"gJrAcVM8z21p6uoouP8ab3lAQUnYjQbkSzGAORtFOigJUud8cLRzHgKd99m54sGUQIZWm58uG15JEzxWnbx2VP3v6jwiT8a5X2gDzILzfZKsD9WKfGOIEoGi","lang_type":"1"}}

2018-11-05 00:10:37
demo.webmigrates.com/osnap/api/Registration/PromotionList
{"data":{"all_list":0,"id":"117","limit":10,"page":1,"token":"gJrAcVM8z21p6uoouP8ab3lAQUnYjQbkSzGAORtFOigJUud8cLRzHgKd99m54sGUQIZWm58uG15JEzxWnbx2VP3v6jwiT8a5X2gDzILzfZKsD9WKfGOIEoGi","lang_type":"1"}}

2018-11-05 00:10:39
demo.webmigrates.com/osnap/api/General/GetCategory
{"data":{"id":"117","token":"gJrAcVM8z21p6uoouP8ab3lAQUnYjQbkSzGAORtFOigJUud8cLRzHgKd99m54sGUQIZWm58uG15JEzxWnbx2VP3v6jwiT8a5X2gDzILzfZKsD9WKfGOIEoGi","lang_type":"1"}}

2018-11-05 00:10:42
demo.webmigrates.com/osnap/api/Registration/UserDetail
{"data":{"id":"117","other_id":"117","token":"gJrAcVM8z21p6uoouP8ab3lAQUnYjQbkSzGAORtFOigJUud8cLRzHgKd99m54sGUQIZWm58uG15JEzxWnbx2VP3v6jwiT8a5X2gDzILzfZKsD9WKfGOIEoGi","lang_type":"1"}}

2018-11-05 00:10:42
demo.webmigrates.com/osnap/api/Notification/CountBase
{"data":{"token":"gJrAcVM8z21p6uoouP8ab3lAQUnYjQbkSzGAORtFOigJUud8cLRzHgKd99m54sGUQIZWm58uG15JEzxWnbx2VP3v6jwiT8a5X2gDzILzfZKsD9WKfGOIEoGi","user_id":"117","lang_type":"1"}}

2018-11-05 00:20:16
demo.webmigrates.com/osnap/api/Registration/ExploreRequests
{"data":{"limit":10,"id":"117","other_id":"117","page":1,"token":"gJrAcVM8z21p6uoouP8ab3lAQUnYjQbkSzGAORtFOigJUud8cLRzHgKd99m54sGUQIZWm58uG15JEzxWnbx2VP3v6jwiT8a5X2gDzILzfZKsD9WKfGOIEoGi","lang_type":"1"}}

2018-11-05 00:20:26
demo.webmigrates.com/osnap/api/Registration/UserDetail
{"data":{"id":"117","other_id":"117","token":"gJrAcVM8z21p6uoouP8ab3lAQUnYjQbkSzGAORtFOigJUud8cLRzHgKd99m54sGUQIZWm58uG15JEzxWnbx2VP3v6jwiT8a5X2gDzILzfZKsD9WKfGOIEoGi","lang_type":"1"}}

2018-11-05 00:20:26
demo.webmigrates.com/osnap/api/Notification/CountBase
{"data":{"token":"gJrAcVM8z21p6uoouP8ab3lAQUnYjQbkSzGAORtFOigJUud8cLRzHgKd99m54sGUQIZWm58uG15JEzxWnbx2VP3v6jwiT8a5X2gDzILzfZKsD9WKfGOIEoGi","user_id":"117","lang_type":"1"}}

2018-11-05 00:20:32
demo.webmigrates.com/osnap/upload/image/(null)


2018-11-05 00:20:44
demo.webmigrates.com/osnap/api/Registration/UserDetail
{"data":{"id":"117","other_id":"117","token":"gJrAcVM8z21p6uoouP8ab3lAQUnYjQbkSzGAORtFOigJUud8cLRzHgKd99m54sGUQIZWm58uG15JEzxWnbx2VP3v6jwiT8a5X2gDzILzfZKsD9WKfGOIEoGi","lang_type":"1"}}

2018-11-05 00:20:44
demo.webmigrates.com/osnap/api/Notification/CountBase
{"data":{"token":"gJrAcVM8z21p6uoouP8ab3lAQUnYjQbkSzGAORtFOigJUud8cLRzHgKd99m54sGUQIZWm58uG15JEzxWnbx2VP3v6jwiT8a5X2gDzILzfZKsD9WKfGOIEoGi","user_id":"117","lang_type":"1"}}

2018-11-05 00:20:44
demo.webmigrates.com/osnap/api/Registration/BusinessMyEvent
{"data":{"id":"117","year":"2018","token":"gJrAcVM8z21p6uoouP8ab3lAQUnYjQbkSzGAORtFOigJUud8cLRzHgKd99m54sGUQIZWm58uG15JEzxWnbx2VP3v6jwiT8a5X2gDzILzfZKsD9WKfGOIEoGi","lang_type":"1"}}

2018-11-05 00:20:46
demo.webmigrates.com/osnap/api/Registration/ExploreRequests
{"data":{"limit":10,"id":"117","other_id":"117","page":1,"token":"gJrAcVM8z21p6uoouP8ab3lAQUnYjQbkSzGAORtFOigJUud8cLRzHgKd99m54sGUQIZWm58uG15JEzxWnbx2VP3v6jwiT8a5X2gDzILzfZKsD9WKfGOIEoGi","lang_type":"1"}}

2018-11-05 00:20:48
demo.webmigrates.com/osnap/api/Registration/UserDetail
{"data":{"id":"117","other_id":"117","token":"gJrAcVM8z21p6uoouP8ab3lAQUnYjQbkSzGAORtFOigJUud8cLRzHgKd99m54sGUQIZWm58uG15JEzxWnbx2VP3v6jwiT8a5X2gDzILzfZKsD9WKfGOIEoGi","lang_type":"1"}}

2018-11-05 00:20:48
demo.webmigrates.com/osnap/api/Notification/CountBase
{"data":{"token":"gJrAcVM8z21p6uoouP8ab3lAQUnYjQbkSzGAORtFOigJUud8cLRzHgKd99m54sGUQIZWm58uG15JEzxWnbx2VP3v6jwiT8a5X2gDzILzfZKsD9WKfGOIEoGi","user_id":"117","lang_type":"1"}}

2018-11-05 00:20:50
demo.webmigrates.com/osnap/api/General/GetCategory
{"data":{"id":"117","token":"gJrAcVM8z21p6uoouP8ab3lAQUnYjQbkSzGAORtFOigJUud8cLRzHgKd99m54sGUQIZWm58uG15JEzxWnbx2VP3v6jwiT8a5X2gDzILzfZKsD9WKfGOIEoGi","lang_type":"1"}}

2018-11-05 00:20:54
demo.webmigrates.com/osnap/api/General/GetSubCategory
{"data":{"id":"117","category_id":"12","token":"gJrAcVM8z21p6uoouP8ab3lAQUnYjQbkSzGAORtFOigJUud8cLRzHgKd99m54sGUQIZWm58uG15JEzxWnbx2VP3v6jwiT8a5X2gDzILzfZKsD9WKfGOIEoGi","lang_type":"1"}}

2018-11-05 00:21:05
demo.webmigrates.com/osnap/api/Registration/AddUpdateSkill
{"data":{"skill":[{"subcategory_name":"drywall","price_type":"1","end_time":"8:00 PM","category_id":"12","price":"25","category_name":"Construction","service_name":"hi","start_time":"8:00 AM","service_photo":[],"description":"Bob","subcategory_id":"14"}],"id":"117","token":"gJrAcVM8z21p6uoouP8ab3lAQUnYjQbkSzGAORtFOigJUud8cLRzHgKd99m54sGUQIZWm58uG15JEzxWnbx2VP3v6jwiT8a5X2gDzILzfZKsD9WKfGOIEoGi","lang_type":"1"}}

2018-11-05 00:21:16
demo.webmigrates.com/osnap/api/Registration/UserDetail
{"data":{"id":"117","other_id":"117","token":"gJrAcVM8z21p6uoouP8ab3lAQUnYjQbkSzGAORtFOigJUud8cLRzHgKd99m54sGUQIZWm58uG15JEzxWnbx2VP3v6jwiT8a5X2gDzILzfZKsD9WKfGOIEoGi","lang_type":"1"}}

2018-11-05 00:21:16
demo.webmigrates.com/osnap/api/Notification/CountBase
{"data":{"token":"gJrAcVM8z21p6uoouP8ab3lAQUnYjQbkSzGAORtFOigJUud8cLRzHgKd99m54sGUQIZWm58uG15JEzxWnbx2VP3v6jwiT8a5X2gDzILzfZKsD9WKfGOIEoGi","user_id":"117","lang_type":"1"}}

2018-11-05 00:21:18
demo.webmigrates.com/osnap/api/Registration/ExploreRequests
{"data":{"limit":10,"id":"117","other_id":"117","page":1,"token":"gJrAcVM8z21p6uoouP8ab3lAQUnYjQbkSzGAORtFOigJUud8cLRzHgKd99m54sGUQIZWm58uG15JEzxWnbx2VP3v6jwiT8a5X2gDzILzfZKsD9WKfGOIEoGi","lang_type":"1"}}

2018-11-05 00:21:27
demo.webmigrates.com/osnap/api/Registration/ExploreRequests
{"data":{"limit":10,"id":"117","other_id":"117","page":2,"token":"gJrAcVM8z21p6uoouP8ab3lAQUnYjQbkSzGAORtFOigJUud8cLRzHgKd99m54sGUQIZWm58uG15JEzxWnbx2VP3v6jwiT8a5X2gDzILzfZKsD9WKfGOIEoGi","lang_type":"1"}}

2018-11-05 00:21:32
demo.webmigrates.com/osnap/api/Registration/ExploreRequests
{"data":{"limit":10,"id":"117","other_id":"117","page":3,"token":"gJrAcVM8z21p6uoouP8ab3lAQUnYjQbkSzGAORtFOigJUud8cLRzHgKd99m54sGUQIZWm58uG15JEzxWnbx2VP3v6jwiT8a5X2gDzILzfZKsD9WKfGOIEoGi","lang_type":"1"}}

2018-11-05 00:21:36
demo.webmigrates.com/osnap/api/Registration/ExploreRequests
{"data":{"limit":10,"id":"117","other_id":"117","page":4,"token":"gJrAcVM8z21p6uoouP8ab3lAQUnYjQbkSzGAORtFOigJUud8cLRzHgKd99m54sGUQIZWm58uG15JEzxWnbx2VP3v6jwiT8a5X2gDzILzfZKsD9WKfGOIEoGi","lang_type":"1"}}

2018-11-05 00:21:56
demo.webmigrates.com/osnap/api/Registration/UserDetail
{"data":{"id":"117","other_id":"117","token":"gJrAcVM8z21p6uoouP8ab3lAQUnYjQbkSzGAORtFOigJUud8cLRzHgKd99m54sGUQIZWm58uG15JEzxWnbx2VP3v6jwiT8a5X2gDzILzfZKsD9WKfGOIEoGi","lang_type":"1"}}

2018-11-05 00:21:57
demo.webmigrates.com/osnap/api/Notification/CountBase
{"data":{"token":"gJrAcVM8z21p6uoouP8ab3lAQUnYjQbkSzGAORtFOigJUud8cLRzHgKd99m54sGUQIZWm58uG15JEzxWnbx2VP3v6jwiT8a5X2gDzILzfZKsD9WKfGOIEoGi","user_id":"117","lang_type":"1"}}

2018-11-05 00:27:19
demo.webmigrates.com/osnap/api/Registration/BusinessMyEvent
{"data":{"year":"2018","id":"117","month":"11","token":"gJrAcVM8z21p6uoouP8ab3lAQUnYjQbkSzGAORtFOigJUud8cLRzHgKd99m54sGUQIZWm58uG15JEzxWnbx2VP3v6jwiT8a5X2gDzILzfZKsD9WKfGOIEoGi","lang_type":"1"}}

2018-11-05 00:27:21
demo.webmigrates.com/osnap/api/Notification/CountBase
{"data":{"token":"gJrAcVM8z21p6uoouP8ab3lAQUnYjQbkSzGAORtFOigJUud8cLRzHgKd99m54sGUQIZWm58uG15JEzxWnbx2VP3v6jwiT8a5X2gDzILzfZKsD9WKfGOIEoGi","user_id":"117","lang_type":"1"}}

2018-11-05 00:27:21
demo.webmigrates.com/osnap/api/Registration/UserDetail
{"data":{"id":"117","other_id":"117","token":"gJrAcVM8z21p6uoouP8ab3lAQUnYjQbkSzGAORtFOigJUud8cLRzHgKd99m54sGUQIZWm58uG15JEzxWnbx2VP3v6jwiT8a5X2gDzILzfZKsD9WKfGOIEoGi","lang_type":"1"}}

2018-11-05 00:30:34
demo.webmigrates.com/osnap/api/Registration/MyOffers
{"data":{"Dlatitude":"32.685623","id":"117","Dlongtitude":"-97.038113","token":"gJrAcVM8z21p6uoouP8ab3lAQUnYjQbkSzGAORtFOigJUud8cLRzHgKd99m54sGUQIZWm58uG15JEzxWnbx2VP3v6jwiT8a5X2gDzILzfZKsD9WKfGOIEoGi","lang_type":"1"}}

2018-11-05 00:30:37
demo.webmigrates.com/osnap/api/Notification/CountBase
{"data":{"token":"gJrAcVM8z21p6uoouP8ab3lAQUnYjQbkSzGAORtFOigJUud8cLRzHgKd99m54sGUQIZWm58uG15JEzxWnbx2VP3v6jwiT8a5X2gDzILzfZKsD9WKfGOIEoGi","user_id":"117","lang_type":"1"}}

2018-11-05 00:30:37
demo.webmigrates.com/osnap/api/Registration/UserDetail
{"data":{"id":"117","other_id":"117","token":"gJrAcVM8z21p6uoouP8ab3lAQUnYjQbkSzGAORtFOigJUud8cLRzHgKd99m54sGUQIZWm58uG15JEzxWnbx2VP3v6jwiT8a5X2gDzILzfZKsD9WKfGOIEoGi","lang_type":"1"}}

2018-11-05 00:30:42
demo.webmigrates.com/osnap/api/Registration/UserDetail
{"data":{"id":"117","other_id":"117","token":"gJrAcVM8z21p6uoouP8ab3lAQUnYjQbkSzGAORtFOigJUud8cLRzHgKd99m54sGUQIZWm58uG15JEzxWnbx2VP3v6jwiT8a5X2gDzILzfZKsD9WKfGOIEoGi","lang_type":"1"}}

2018-11-05 00:30:42
demo.webmigrates.com/osnap/api/Notification/CountBase
{"data":{"token":"gJrAcVM8z21p6uoouP8ab3lAQUnYjQbkSzGAORtFOigJUud8cLRzHgKd99m54sGUQIZWm58uG15JEzxWnbx2VP3v6jwiT8a5X2gDzILzfZKsD9WKfGOIEoGi","user_id":"117","lang_type":"1"}}

2018-11-05 00:30:47
demo.webmigrates.com/osnap/api/Registration/LikedPost
{"data":{"limit":10,"id":"117","page":1,"token":"gJrAcVM8z21p6uoouP8ab3lAQUnYjQbkSzGAORtFOigJUud8cLRzHgKd99m54sGUQIZWm58uG15JEzxWnbx2VP3v6jwiT8a5X2gDzILzfZKsD9WKfGOIEoGi","lang_type":"1"}}

2018-11-05 00:30:49
demo.webmigrates.com/osnap/api/Registration/UserDetail
{"data":{"id":"117","other_id":"117","token":"gJrAcVM8z21p6uoouP8ab3lAQUnYjQbkSzGAORtFOigJUud8cLRzHgKd99m54sGUQIZWm58uG15JEzxWnbx2VP3v6jwiT8a5X2gDzILzfZKsD9WKfGOIEoGi","lang_type":"1"}}

2018-11-05 00:30:49
demo.webmigrates.com/osnap/api/Notification/CountBase
{"data":{"token":"gJrAcVM8z21p6uoouP8ab3lAQUnYjQbkSzGAORtFOigJUud8cLRzHgKd99m54sGUQIZWm58uG15JEzxWnbx2VP3v6jwiT8a5X2gDzILzfZKsD9WKfGOIEoGi","user_id":"117","lang_type":"1"}}

2018-11-05 01:43:47
demo.webmigrates.com/osnap/api/Registration/BusinessMyEvent
{"data":{"id":"114","year":"2018","token":"cCusPOoP3qo3lAhmOYt9GnG0dCoYA9nwdvnBW4T16RgUKNNnxDzM2RhcLzk4Jy7TzFcMloQWx9A5ldbebvWmWSRfRPNT21SkMnHEASvaJuym3r2bFdaBOxlh","lang_type":"1"}}

2018-11-05 01:43:47
demo.webmigrates.com/osnap/api/Notification/CountBase
{"data":{"token":"cCusPOoP3qo3lAhmOYt9GnG0dCoYA9nwdvnBW4T16RgUKNNnxDzM2RhcLzk4Jy7TzFcMloQWx9A5ldbebvWmWSRfRPNT21SkMnHEASvaJuym3r2bFdaBOxlh","user_id":"114","lang_type":"1"}}

2018-11-05 01:43:47
demo.webmigrates.com/osnap/api/Registration/UserDetail
{"data":{"id":"114","other_id":"114","token":"cCusPOoP3qo3lAhmOYt9GnG0dCoYA9nwdvnBW4T16RgUKNNnxDzM2RhcLzk4Jy7TzFcMloQWx9A5ldbebvWmWSRfRPNT21SkMnHEASvaJuym3r2bFdaBOxlh","lang_type":"1"}}

2018-11-05 02:13:02
demo.webmigrates.com/osnap/api/Registration/UserRegistration
{"data":{"username":"customer12345","longtitude":"-87.721404","lang_type":"1","country_code":"+1","country":"USA","birth_date":"2000-09-05","latitude":"41.937793","city":"Chicago","last_name":"bdjjdj","osnap_id":"customer12345","state":"IL","device_token":"0ecad0e7430aed516d18cdc99df17b87806cffafd6e39968e30c64a5f80853b8","email":"customer8391@yopmail.com","user_type":"1","phone":"846484546484","password":"12345678","device_type":"1","post_code":"60618","address":"3123 N Milwaukee Ave, Chicago, IL 60618, USA","first_name":"hsns"}}

2018-11-05 02:13:22
demo.webmigrates.com/osnap/api/Registration/VerifyUser
{"data":{"email":"customer8391@yopmail.com","username":"customer12345","device_type":"1","activation_code":"160784","device_token":"0ecad0e7430aed516d18cdc99df17b87806cffafd6e39968e30c64a5f80853b8","lang_type":"1"}}

2018-11-05 02:13:47
demo.webmigrates.com/osnap/api/Registration/VerifyUser
{"data":{"email":"customer8391@yopmail.com","username":"customer12345","device_type":"1","activation_code":"160784","device_token":"0ecad0e7430aed516d18cdc99df17b87806cffafd6e39968e30c64a5f80853b8","lang_type":"1"}}

2018-11-05 02:13:59
demo.webmigrates.com/osnap/api/Registration/EditUser
{"data":{"id":"119","security_code":"1234","token":"fIR12JjtWT0MsUnevMxdh9XXweByhtFhx1XilN4c0JbhoIrGLc2D6MV6TLVMRRmmP3xLkMpdRv00AlTvn8NGenygq5AdgiPaYyKZCmZ3CgfKZq77GrXlIdNS","lang_type":"1"}}

2018-11-05 02:14:06
demo.webmigrates.com/osnap/api/Registration/EditUser
{"data":{"is_agree":"1","id":"119","token":"fIR12JjtWT0MsUnevMxdh9XXweByhtFhx1XilN4c0JbhoIrGLc2D6MV6TLVMRRmmP3xLkMpdRv00AlTvn8NGenygq5AdgiPaYyKZCmZ3CgfKZq77GrXlIdNS","lang_type":"1"}}

2018-11-05 02:14:07
demo.webmigrates.com/osnap/api/Notification/CountBase
{"data":{"token":"fIR12JjtWT0MsUnevMxdh9XXweByhtFhx1XilN4c0JbhoIrGLc2D6MV6TLVMRRmmP3xLkMpdRv00AlTvn8NGenygq5AdgiPaYyKZCmZ3CgfKZq77GrXlIdNS","user_id":"119","lang_type":"1"}}

2018-11-05 02:14:07
demo.webmigrates.com/osnap/api/Registration/ClientMyEvent
{"data":{"id":"119","year":"2018","token":"fIR12JjtWT0MsUnevMxdh9XXweByhtFhx1XilN4c0JbhoIrGLc2D6MV6TLVMRRmmP3xLkMpdRv00AlTvn8NGenygq5AdgiPaYyKZCmZ3CgfKZq77GrXlIdNS","lang_type":"1"}}

2018-11-05 02:14:08
demo.webmigrates.com/osnap/api/Registration/UserDetail
{"data":{"id":"119","other_id":"119","token":"fIR12JjtWT0MsUnevMxdh9XXweByhtFhx1XilN4c0JbhoIrGLc2D6MV6TLVMRRmmP3xLkMpdRv00AlTvn8NGenygq5AdgiPaYyKZCmZ3CgfKZq77GrXlIdNS","lang_type":"1"}}

2018-11-05 22:23:31
demo.webmigrates.com/osnap/api/Registration/BusinessMyEvent
{"data":{"id":"117","year":"2018","token":"gJrAcVM8z21p6uoouP8ab3lAQUnYjQbkSzGAORtFOigJUud8cLRzHgKd99m54sGUQIZWm58uG15JEzxWnbx2VP3v6jwiT8a5X2gDzILzfZKsD9WKfGOIEoGi","lang_type":"1"}}

2018-11-05 22:23:31
demo.webmigrates.com/osnap/api/Notification/CountBase
{"data":{"token":"gJrAcVM8z21p6uoouP8ab3lAQUnYjQbkSzGAORtFOigJUud8cLRzHgKd99m54sGUQIZWm58uG15JEzxWnbx2VP3v6jwiT8a5X2gDzILzfZKsD9WKfGOIEoGi","user_id":"117","lang_type":"1"}}

2018-11-05 22:23:31
demo.webmigrates.com/osnap/api/Registration/UserDetail
{"data":{"id":"117","other_id":"117","token":"gJrAcVM8z21p6uoouP8ab3lAQUnYjQbkSzGAORtFOigJUud8cLRzHgKd99m54sGUQIZWm58uG15JEzxWnbx2VP3v6jwiT8a5X2gDzILzfZKsD9WKfGOIEoGi","lang_type":"1"}}

2018-11-05 22:23:37
demo.webmigrates.com/osnap/upload/image/(null)


2018-11-05 22:23:39
demo.webmigrates.com/osnap/api/Registration/Logout
{"data":{"id":"117","token":"gJrAcVM8z21p6uoouP8ab3lAQUnYjQbkSzGAORtFOigJUud8cLRzHgKd99m54sGUQIZWm58uG15JEzxWnbx2VP3v6jwiT8a5X2gDzILzfZKsD9WKfGOIEoGi","lang_type":"1"}}

2018-11-05 22:37:50
demo.webmigrates.com/osnap/api/Notification/CountBase
{"data":{"token":"prwFtlpc6QxCFkljBV1Ew0zAR4ZLqISIWYhb6KqsUTaRuf70jXwzDUQx5ixlGChFgwUvkaResgXFFyrRolzhgGZeGlWqGJ7yhr6QiuFIR2RpyQ8wwwFkB3ID","user_id":"109","lang_type":"1"}}

2018-11-05 22:37:50
demo.webmigrates.com/osnap/api/Registration/BusinessMyEvent
{"data":{"id":"109","year":"2018","token":"prwFtlpc6QxCFkljBV1Ew0zAR4ZLqISIWYhb6KqsUTaRuf70jXwzDUQx5ixlGChFgwUvkaResgXFFyrRolzhgGZeGlWqGJ7yhr6QiuFIR2RpyQ8wwwFkB3ID","lang_type":"1"}}

2018-11-05 22:37:50
demo.webmigrates.com/osnap/api/Registration/UserDetail
{"data":{"id":"109","other_id":"109","token":"prwFtlpc6QxCFkljBV1Ew0zAR4ZLqISIWYhb6KqsUTaRuf70jXwzDUQx5ixlGChFgwUvkaResgXFFyrRolzhgGZeGlWqGJ7yhr6QiuFIR2RpyQ8wwwFkB3ID","lang_type":"1"}}

2018-11-05 22:37:56
demo.webmigrates.com/osnap/api/Registration/Logout
{"data":{"id":"109","token":"prwFtlpc6QxCFkljBV1Ew0zAR4ZLqISIWYhb6KqsUTaRuf70jXwzDUQx5ixlGChFgwUvkaResgXFFyrRolzhgGZeGlWqGJ7yhr6QiuFIR2RpyQ8wwwFkB3ID","lang_type":"1"}}

