2018-11-03 00:00:13
demo.webmigrates.com/osnap/api/Registration/UserRegistration
{"data":{"username":"business2019","longtitude":"76.752380","lang_type":"1","country_code":"+1","country":"India","birth_date":"1997-09-03","image":"154122121378840.png","latitude":"30.767821","city":"Chandigarh","last_name":"account","osnap_id":"business2019","state":"160014","device_token":"edf113b21078bcad5d0911d5d9207676ec44361b797796b237b272e27d21de81","email":"business2019@yopmail.com","user_type":"2","phone":"8655995533","password":"12345678","device_type":"1","post_code":"","address":"Dhanas Main Rd, HBC, Dhanas, Chandigarh, 160014, India","first_name":"business"}}

2018-11-03 00:00:41
demo.webmigrates.com/osnap/api/Registration/VerifyUser
{"data":{"email":"business2019@yopmail.com","username":"business2019","device_type":"1","activation_code":"928189","device_token":"edf113b21078bcad5d0911d5d9207676ec44361b797796b237b272e27d21de81","lang_type":"1"}}

2018-11-03 00:01:30
demo.webmigrates.com/osnap/api/Registration/EditUser
{"data":{"id":"114","security_code":"1234","token":"inaRw7x7576ujnakww5Xos7R7VXvFau92QZlpKRXO4F2dvC0RSdinM1vLjMPWfHgt2Z5U0ycuSVFqCkQIZTTRwdDLd5liNVLHkPB77QjwB71i5GMNYhXVMP4","lang_type":"1"}}

2018-11-03 00:01:31
demo.webmigrates.com/osnap/api/General/GetBusinessCategory
{"data":{"id":"114","token":"inaRw7x7576ujnakww5Xos7R7VXvFau92QZlpKRXO4F2dvC0RSdinM1vLjMPWfHgt2Z5U0ycuSVFqCkQIZTTRwdDLd5liNVLHkPB77QjwB71i5GMNYhXVMP4","lang_type":"1"}}

2018-11-03 00:01:31
demo.webmigrates.com/osnap/api/General/GetBusinessTypes
{"data":{"id":"114","token":"inaRw7x7576ujnakww5Xos7R7VXvFau92QZlpKRXO4F2dvC0RSdinM1vLjMPWfHgt2Z5U0ycuSVFqCkQIZTTRwdDLd5liNVLHkPB77QjwB71i5GMNYhXVMP4","lang_type":"1"}}

2018-11-03 00:02:44
demo.webmigrates.com/osnap/api/Registration/AddUpdateBusinessDetails
{"data":{"id":"114","business_type":"3","business_esta_year":"2016","business_owner":"President","business_category":"1","business_osnap_id":"business2019","business_esta_month":"3","business_image":"1541221362593.png","token":"inaRw7x7576ujnakww5Xos7R7VXvFau92QZlpKRXO4F2dvC0RSdinM1vLjMPWfHgt2Z5U0ycuSVFqCkQIZTTRwdDLd5liNVLHkPB77QjwB71i5GMNYhXVMP4","business_name":"altec corporation","exp_level":"1","business_notes":"We provide all construction work facilities","lang_type":"1"}}

2018-11-03 00:03:10
demo.webmigrates.com/osnap/api/Registration/StripeSuccess?state=114&scope=read_write&code=ac_Du5Sy6LL3K9efp0yS1ogyUKHyW2O9tTS


2018-11-03 00:03:17
demo.webmigrates.com/osnap/api/Registration/EditUser
{"data":{"is_agree":"1","id":"114","token":"inaRw7x7576ujnakww5Xos7R7VXvFau92QZlpKRXO4F2dvC0RSdinM1vLjMPWfHgt2Z5U0ycuSVFqCkQIZTTRwdDLd5liNVLHkPB77QjwB71i5GMNYhXVMP4","lang_type":"1"}}

2018-11-03 00:03:17
demo.webmigrates.com/osnap/api/Registration/UserDetail
{"data":{"id":"114","other_id":"114","token":"inaRw7x7576ujnakww5Xos7R7VXvFau92QZlpKRXO4F2dvC0RSdinM1vLjMPWfHgt2Z5U0ycuSVFqCkQIZTTRwdDLd5liNVLHkPB77QjwB71i5GMNYhXVMP4","lang_type":"1"}}

2018-11-03 00:03:17
demo.webmigrates.com/osnap/api/Registration/BusinessMyEvent
{"data":{"id":"114","year":"2018","token":"inaRw7x7576ujnakww5Xos7R7VXvFau92QZlpKRXO4F2dvC0RSdinM1vLjMPWfHgt2Z5U0ycuSVFqCkQIZTTRwdDLd5liNVLHkPB77QjwB71i5GMNYhXVMP4","lang_type":"1"}}

2018-11-03 00:03:17
demo.webmigrates.com/osnap/api/Notification/CountBase
{"data":{"token":"inaRw7x7576ujnakww5Xos7R7VXvFau92QZlpKRXO4F2dvC0RSdinM1vLjMPWfHgt2Z5U0ycuSVFqCkQIZTTRwdDLd5liNVLHkPB77QjwB71i5GMNYhXVMP4","user_id":"114","lang_type":"1"}}

2018-11-03 00:04:13
demo.webmigrates.com/osnap/api/Registration/CheckLogin
{"data":{"username":"business2019","lang_type":"1","password":"12345678","device_token":"0ecad0e7430aed516d18cdc99df17b87806cffafd6e39968e30c64a5f80853b8","device_type":"1"}}

2018-11-03 00:04:14
demo.webmigrates.com/osnap/api/Notification/CountBase
{"data":{"token":"cCusPOoP3qo3lAhmOYt9GnG0dCoYA9nwdvnBW4T16RgUKNNnxDzM2RhcLzk4Jy7TzFcMloQWx9A5ldbebvWmWSRfRPNT21SkMnHEASvaJuym3r2bFdaBOxlh","user_id":"114","lang_type":"1"}}

2018-11-03 00:04:14
demo.webmigrates.com/osnap/api/Registration/UserDetail
{"data":{"id":"114","other_id":"114","token":"cCusPOoP3qo3lAhmOYt9GnG0dCoYA9nwdvnBW4T16RgUKNNnxDzM2RhcLzk4Jy7TzFcMloQWx9A5ldbebvWmWSRfRPNT21SkMnHEASvaJuym3r2bFdaBOxlh","lang_type":"1"}}

2018-11-03 00:04:14
demo.webmigrates.com/osnap/api/Registration/BusinessMyEvent
{"data":{"id":"114","year":"2018","token":"cCusPOoP3qo3lAhmOYt9GnG0dCoYA9nwdvnBW4T16RgUKNNnxDzM2RhcLzk4Jy7TzFcMloQWx9A5ldbebvWmWSRfRPNT21SkMnHEASvaJuym3r2bFdaBOxlh","lang_type":"1"}}

2018-11-03 00:07:34
demo.webmigrates.com/osnap/api/Registration/UserDetail
{"data":{"id":"3","other_id":"3","token":"3rMcwjMAFnOLMApTSNsqLEk5MxIz2yPK8VtaoLcn5Z4Kynqi917a3T86iTcx4P6M4J1bab6gqqcZMofpvSkn8Aqk2iInoFvrbuLpPaFOvP3srfc1iz9CNeTw","lang_type":"1"}}

2018-11-03 00:07:34
demo.webmigrates.com/osnap/api/Notification/CountBase
{"data":{"token":"3rMcwjMAFnOLMApTSNsqLEk5MxIz2yPK8VtaoLcn5Z4Kynqi917a3T86iTcx4P6M4J1bab6gqqcZMofpvSkn8Aqk2iInoFvrbuLpPaFOvP3srfc1iz9CNeTw","user_id":"3","lang_type":"1"}}

2018-11-03 00:07:34
demo.webmigrates.com/osnap/api/Registration/BusinessMyEvent
{"data":{"id":"3","year":"2018","token":"3rMcwjMAFnOLMApTSNsqLEk5MxIz2yPK8VtaoLcn5Z4Kynqi917a3T86iTcx4P6M4J1bab6gqqcZMofpvSkn8Aqk2iInoFvrbuLpPaFOvP3srfc1iz9CNeTw","lang_type":"1"}}

2018-11-03 00:07:50
demo.webmigrates.com/osnap/api/Registration/ClientMyEvent
{"data":{"id":"11","year":"2018","token":"K49qF1RIYkftvD0m3MecZDYALK783AbT3YHTOoEISMobcRjIG5JgmAxesDofS6rhLROzwJDmtZIrkHZIlx2LweVaG0C2cl2HzWeQSqZwkC7PxleLj8SOlG0b","lang_type":"1"}}

2018-11-03 00:07:50
demo.webmigrates.com/osnap/api/Notification/CountBase
{"data":{"token":"K49qF1RIYkftvD0m3MecZDYALK783AbT3YHTOoEISMobcRjIG5JgmAxesDofS6rhLROzwJDmtZIrkHZIlx2LweVaG0C2cl2HzWeQSqZwkC7PxleLj8SOlG0b","user_id":"11","lang_type":"1"}}

2018-11-03 00:07:50
demo.webmigrates.com/osnap/api/Registration/UserDetail
{"data":{"id":"11","other_id":"11","token":"K49qF1RIYkftvD0m3MecZDYALK783AbT3YHTOoEISMobcRjIG5JgmAxesDofS6rhLROzwJDmtZIrkHZIlx2LweVaG0C2cl2HzWeQSqZwkC7PxleLj8SOlG0b","lang_type":"1"}}

2018-11-03 00:11:08
demo.webmigrates.com/osnap/api/General/GetCategory
{"data":{"id":"114","token":"inaRw7x7576ujnakww5Xos7R7VXvFau92QZlpKRXO4F2dvC0RSdinM1vLjMPWfHgt2Z5U0ycuSVFqCkQIZTTRwdDLd5liNVLHkPB77QjwB71i5GMNYhXVMP4","lang_type":"1"}}

2018-11-03 00:11:25
demo.webmigrates.com/osnap/api/Registration/CheckLogin
{"data":{"username":"business2019","lang_type":"1","password":"12345678","device_token":"edf113b21078bcad5d0911d5d9207676ec44361b797796b237b272e27d21de81","device_type":"1"}}

2018-11-03 00:11:26
demo.webmigrates.com/osnap/api/Registration/BusinessMyEvent
{"data":{"id":"114","year":"2018","token":"Ai05WFm5uVSt2EuM2770uH7Pir477Vn1uk60SAA8C5QdPgeQzOjaY00udkSxXCRx1htklo2tFn6ghWh18HGoW1g46Svpde9edI6LmVSFnvCGO3gGadB9vNx3","lang_type":"1"}}

2018-11-03 00:11:26
demo.webmigrates.com/osnap/api/Notification/CountBase
{"data":{"token":"Ai05WFm5uVSt2EuM2770uH7Pir477Vn1uk60SAA8C5QdPgeQzOjaY00udkSxXCRx1htklo2tFn6ghWh18HGoW1g46Svpde9edI6LmVSFnvCGO3gGadB9vNx3","user_id":"114","lang_type":"1"}}

2018-11-03 00:11:26
demo.webmigrates.com/osnap/api/Registration/UserDetail
{"data":{"id":"114","other_id":"114","token":"Ai05WFm5uVSt2EuM2770uH7Pir477Vn1uk60SAA8C5QdPgeQzOjaY00udkSxXCRx1htklo2tFn6ghWh18HGoW1g46Svpde9edI6LmVSFnvCGO3gGadB9vNx3","lang_type":"1"}}

2018-11-03 00:11:29
demo.webmigrates.com/osnap/api/General/GetCategory
{"data":{"id":"114","token":"Ai05WFm5uVSt2EuM2770uH7Pir477Vn1uk60SAA8C5QdPgeQzOjaY00udkSxXCRx1htklo2tFn6ghWh18HGoW1g46Svpde9edI6LmVSFnvCGO3gGadB9vNx3","lang_type":"1"}}

2018-11-03 00:11:32
demo.webmigrates.com/osnap/api/Registration/UserDetail
{"data":{"id":"114","other_id":"114","token":"Ai05WFm5uVSt2EuM2770uH7Pir477Vn1uk60SAA8C5QdPgeQzOjaY00udkSxXCRx1htklo2tFn6ghWh18HGoW1g46Svpde9edI6LmVSFnvCGO3gGadB9vNx3","lang_type":"1"}}

2018-11-03 00:11:32
demo.webmigrates.com/osnap/api/Notification/CountBase
{"data":{"token":"Ai05WFm5uVSt2EuM2770uH7Pir477Vn1uk60SAA8C5QdPgeQzOjaY00udkSxXCRx1htklo2tFn6ghWh18HGoW1g46Svpde9edI6LmVSFnvCGO3gGadB9vNx3","user_id":"114","lang_type":"1"}}

2018-11-03 00:11:42
demo.webmigrates.com/osnap/api/Notification/GetNotification
{"data":{"limit":10,"page":1,"user_id":"114","token":"Ai05WFm5uVSt2EuM2770uH7Pir477Vn1uk60SAA8C5QdPgeQzOjaY00udkSxXCRx1htklo2tFn6ghWh18HGoW1g46Svpde9edI6LmVSFnvCGO3gGadB9vNx3","lang_type":"1"}}

2018-11-03 00:11:43
demo.webmigrates.com/osnap/api/Notification/ClearBase
{"data":{"token":"Ai05WFm5uVSt2EuM2770uH7Pir477Vn1uk60SAA8C5QdPgeQzOjaY00udkSxXCRx1htklo2tFn6ghWh18HGoW1g46Svpde9edI6LmVSFnvCGO3gGadB9vNx3","user_id":"114","lang_type":"1"}}

2018-11-03 00:11:43
demo.webmigrates.com/osnap/api/Notification/CountBase
{"data":{"token":"Ai05WFm5uVSt2EuM2770uH7Pir477Vn1uk60SAA8C5QdPgeQzOjaY00udkSxXCRx1htklo2tFn6ghWh18HGoW1g46Svpde9edI6LmVSFnvCGO3gGadB9vNx3","user_id":"114","lang_type":"1"}}

2018-11-03 00:11:43
demo.webmigrates.com/osnap/api/Registration/UserDetail
{"data":{"id":"114","other_id":"114","token":"Ai05WFm5uVSt2EuM2770uH7Pir477Vn1uk60SAA8C5QdPgeQzOjaY00udkSxXCRx1htklo2tFn6ghWh18HGoW1g46Svpde9edI6LmVSFnvCGO3gGadB9vNx3","lang_type":"1"}}

2018-11-03 00:11:44
demo.webmigrates.com/osnap/api/General/GetCategory
{"data":{"id":"114","token":"Ai05WFm5uVSt2EuM2770uH7Pir477Vn1uk60SAA8C5QdPgeQzOjaY00udkSxXCRx1htklo2tFn6ghWh18HGoW1g46Svpde9edI6LmVSFnvCGO3gGadB9vNx3","lang_type":"1"}}

2018-11-03 00:11:45
demo.webmigrates.com/osnap/api/Notification/CountBase
{"data":{"token":"Ai05WFm5uVSt2EuM2770uH7Pir477Vn1uk60SAA8C5QdPgeQzOjaY00udkSxXCRx1htklo2tFn6ghWh18HGoW1g46Svpde9edI6LmVSFnvCGO3gGadB9vNx3","user_id":"114","lang_type":"1"}}

2018-11-03 00:11:45
demo.webmigrates.com/osnap/api/Registration/UserDetail
{"data":{"id":"114","other_id":"114","token":"Ai05WFm5uVSt2EuM2770uH7Pir477Vn1uk60SAA8C5QdPgeQzOjaY00udkSxXCRx1htklo2tFn6ghWh18HGoW1g46Svpde9edI6LmVSFnvCGO3gGadB9vNx3","lang_type":"1"}}

2018-11-03 00:11:49
demo.webmigrates.com/osnap/api/General/GetCategory
{"data":{"id":"114","token":"Ai05WFm5uVSt2EuM2770uH7Pir477Vn1uk60SAA8C5QdPgeQzOjaY00udkSxXCRx1htklo2tFn6ghWh18HGoW1g46Svpde9edI6LmVSFnvCGO3gGadB9vNx3","lang_type":"1"}}

2018-11-03 00:11:50
demo.webmigrates.com/osnap/api/Registration/UserDetail
{"data":{"id":"114","other_id":"114","token":"Ai05WFm5uVSt2EuM2770uH7Pir477Vn1uk60SAA8C5QdPgeQzOjaY00udkSxXCRx1htklo2tFn6ghWh18HGoW1g46Svpde9edI6LmVSFnvCGO3gGadB9vNx3","lang_type":"1"}}

2018-11-03 00:11:50
demo.webmigrates.com/osnap/api/Notification/CountBase
{"data":{"token":"Ai05WFm5uVSt2EuM2770uH7Pir477Vn1uk60SAA8C5QdPgeQzOjaY00udkSxXCRx1htklo2tFn6ghWh18HGoW1g46Svpde9edI6LmVSFnvCGO3gGadB9vNx3","user_id":"114","lang_type":"1"}}

2018-11-03 00:11:56
demo.webmigrates.com/osnap/api/Registration/MyOffers
{"data":{"Dlatitude":"30.713470","id":"114","Dlongtitude":"76.709738","token":"Ai05WFm5uVSt2EuM2770uH7Pir477Vn1uk60SAA8C5QdPgeQzOjaY00udkSxXCRx1htklo2tFn6ghWh18HGoW1g46Svpde9edI6LmVSFnvCGO3gGadB9vNx3","lang_type":"1"}}

2018-11-03 00:11:57
demo.webmigrates.com/osnap/api/Registration/UserDetail
{"data":{"id":"114","other_id":"114","token":"Ai05WFm5uVSt2EuM2770uH7Pir477Vn1uk60SAA8C5QdPgeQzOjaY00udkSxXCRx1htklo2tFn6ghWh18HGoW1g46Svpde9edI6LmVSFnvCGO3gGadB9vNx3","lang_type":"1"}}

2018-11-03 00:11:57
demo.webmigrates.com/osnap/api/Notification/CountBase
{"data":{"token":"Ai05WFm5uVSt2EuM2770uH7Pir477Vn1uk60SAA8C5QdPgeQzOjaY00udkSxXCRx1htklo2tFn6ghWh18HGoW1g46Svpde9edI6LmVSFnvCGO3gGadB9vNx3","user_id":"114","lang_type":"1"}}

2018-11-03 00:11:59
demo.webmigrates.com/osnap/api/Registration/UserDetail
{"data":{"id":"114","other_id":"114","token":"Ai05WFm5uVSt2EuM2770uH7Pir477Vn1uk60SAA8C5QdPgeQzOjaY00udkSxXCRx1htklo2tFn6ghWh18HGoW1g46Svpde9edI6LmVSFnvCGO3gGadB9vNx3","lang_type":"1"}}

2018-11-03 00:11:59
demo.webmigrates.com/osnap/api/Notification/CountBase
{"data":{"token":"Ai05WFm5uVSt2EuM2770uH7Pir477Vn1uk60SAA8C5QdPgeQzOjaY00udkSxXCRx1htklo2tFn6ghWh18HGoW1g46Svpde9edI6LmVSFnvCGO3gGadB9vNx3","user_id":"114","lang_type":"1"}}

2018-11-03 00:12:05
demo.webmigrates.com/osnap/api/Registration/UserDetail
{"data":{"id":"114","other_id":"114","token":"Ai05WFm5uVSt2EuM2770uH7Pir477Vn1uk60SAA8C5QdPgeQzOjaY00udkSxXCRx1htklo2tFn6ghWh18HGoW1g46Svpde9edI6LmVSFnvCGO3gGadB9vNx3","lang_type":"1"}}

2018-11-03 00:12:05
demo.webmigrates.com/osnap/api/Notification/CountBase
{"data":{"token":"Ai05WFm5uVSt2EuM2770uH7Pir477Vn1uk60SAA8C5QdPgeQzOjaY00udkSxXCRx1htklo2tFn6ghWh18HGoW1g46Svpde9edI6LmVSFnvCGO3gGadB9vNx3","user_id":"114","lang_type":"1"}}

2018-11-03 00:12:07
demo.webmigrates.com/osnap/api/Notification/CountBase
{"data":{"token":"Ai05WFm5uVSt2EuM2770uH7Pir477Vn1uk60SAA8C5QdPgeQzOjaY00udkSxXCRx1htklo2tFn6ghWh18HGoW1g46Svpde9edI6LmVSFnvCGO3gGadB9vNx3","user_id":"114","lang_type":"1"}}

2018-11-03 00:12:07
demo.webmigrates.com/osnap/api/Registration/UserDetail
{"data":{"id":"114","other_id":"114","token":"Ai05WFm5uVSt2EuM2770uH7Pir477Vn1uk60SAA8C5QdPgeQzOjaY00udkSxXCRx1htklo2tFn6ghWh18HGoW1g46Svpde9edI6LmVSFnvCGO3gGadB9vNx3","lang_type":"1"}}

2018-11-03 00:12:09
demo.webmigrates.com/osnap/api/Registration/MyBidPost
{"data":{"limit":10,"id":"114","page":1,"token":"Ai05WFm5uVSt2EuM2770uH7Pir477Vn1uk60SAA8C5QdPgeQzOjaY00udkSxXCRx1htklo2tFn6ghWh18HGoW1g46Svpde9edI6LmVSFnvCGO3gGadB9vNx3","lang_type":"1"}}

2018-11-03 00:12:12
demo.webmigrates.com/osnap/api/Registration/UserDetail
{"data":{"id":"114","other_id":"114","token":"Ai05WFm5uVSt2EuM2770uH7Pir477Vn1uk60SAA8C5QdPgeQzOjaY00udkSxXCRx1htklo2tFn6ghWh18HGoW1g46Svpde9edI6LmVSFnvCGO3gGadB9vNx3","lang_type":"1"}}

2018-11-03 00:12:12
demo.webmigrates.com/osnap/api/Notification/CountBase
{"data":{"token":"Ai05WFm5uVSt2EuM2770uH7Pir477Vn1uk60SAA8C5QdPgeQzOjaY00udkSxXCRx1htklo2tFn6ghWh18HGoW1g46Svpde9edI6LmVSFnvCGO3gGadB9vNx3","user_id":"114","lang_type":"1"}}

2018-11-03 00:12:13
demo.webmigrates.com/osnap/api/Registration/ExploreRequests
{"data":{"limit":10,"id":"114","other_id":"114","page":1,"token":"Ai05WFm5uVSt2EuM2770uH7Pir477Vn1uk60SAA8C5QdPgeQzOjaY00udkSxXCRx1htklo2tFn6ghWh18HGoW1g46Svpde9edI6LmVSFnvCGO3gGadB9vNx3","lang_type":"1"}}

2018-11-03 00:12:15
demo.webmigrates.com/osnap/api/Registration/UserDetail
{"data":{"id":"114","other_id":"114","token":"Ai05WFm5uVSt2EuM2770uH7Pir477Vn1uk60SAA8C5QdPgeQzOjaY00udkSxXCRx1htklo2tFn6ghWh18HGoW1g46Svpde9edI6LmVSFnvCGO3gGadB9vNx3","lang_type":"1"}}

2018-11-03 00:12:15
demo.webmigrates.com/osnap/api/Notification/CountBase
{"data":{"token":"Ai05WFm5uVSt2EuM2770uH7Pir477Vn1uk60SAA8C5QdPgeQzOjaY00udkSxXCRx1htklo2tFn6ghWh18HGoW1g46Svpde9edI6LmVSFnvCGO3gGadB9vNx3","user_id":"114","lang_type":"1"}}

2018-11-03 00:13:07
demo.webmigrates.com/osnap/api/General/GetCategory
{"data":{"id":"114","token":"Ai05WFm5uVSt2EuM2770uH7Pir477Vn1uk60SAA8C5QdPgeQzOjaY00udkSxXCRx1htklo2tFn6ghWh18HGoW1g46Svpde9edI6LmVSFnvCGO3gGadB9vNx3","lang_type":"1"}}

2018-11-03 00:13:21
demo.webmigrates.com/osnap/api/General/GetSubCategory
{"data":{"id":"114","category_id":"12","token":"Ai05WFm5uVSt2EuM2770uH7Pir477Vn1uk60SAA8C5QdPgeQzOjaY00udkSxXCRx1htklo2tFn6ghWh18HGoW1g46Svpde9edI6LmVSFnvCGO3gGadB9vNx3","lang_type":"1"}}

2018-11-03 00:14:38
demo.webmigrates.com/osnap/api/Registration/AddUpdateSkill
{"data":{"skill":[{"subcategory_name":"painting","price_type":"1","end_time":"8:00 PM","category_id":"12","price":"50","category_name":"Construction","service_name":"painting homes","start_time":"8:00 AM","service_photo":["154122207481544.png","154122207435855.png"],"description":"Provide all home painting facilities ","subcategory_id":"18"}],"id":"114","token":"Ai05WFm5uVSt2EuM2770uH7Pir477Vn1uk60SAA8C5QdPgeQzOjaY00udkSxXCRx1htklo2tFn6ghWh18HGoW1g46Svpde9edI6LmVSFnvCGO3gGadB9vNx3","lang_type":"1"}}

2018-11-03 00:14:40
demo.webmigrates.com/osnap/api/Registration/UserDetail
{"data":{"id":"114","other_id":"114","token":"Ai05WFm5uVSt2EuM2770uH7Pir477Vn1uk60SAA8C5QdPgeQzOjaY00udkSxXCRx1htklo2tFn6ghWh18HGoW1g46Svpde9edI6LmVSFnvCGO3gGadB9vNx3","lang_type":"1"}}

2018-11-03 00:14:40
demo.webmigrates.com/osnap/api/Notification/CountBase
{"data":{"token":"Ai05WFm5uVSt2EuM2770uH7Pir477Vn1uk60SAA8C5QdPgeQzOjaY00udkSxXCRx1htklo2tFn6ghWh18HGoW1g46Svpde9edI6LmVSFnvCGO3gGadB9vNx3","user_id":"114","lang_type":"1"}}

2018-11-03 00:14:49
demo.webmigrates.com/osnap/api/General/GetEducation
{"data":{"id":"114","token":"Ai05WFm5uVSt2EuM2770uH7Pir477Vn1uk60SAA8C5QdPgeQzOjaY00udkSxXCRx1htklo2tFn6ghWh18HGoW1g46Svpde9edI6LmVSFnvCGO3gGadB9vNx3","lang_type":"1"}}

2018-11-03 00:14:51
demo.webmigrates.com/osnap/api/Registration/ClientMyEvent
{"data":{"id":"11","year":"2018","token":"K49qF1RIYkftvD0m3MecZDYALK783AbT3YHTOoEISMobcRjIG5JgmAxesDofS6rhLROzwJDmtZIrkHZIlx2LweVaG0C2cl2HzWeQSqZwkC7PxleLj8SOlG0b","lang_type":"1"}}

2018-11-03 00:15:28
demo.webmigrates.com/osnap/api/Registration/AddUpdateExperience
{"data":{"experience":[{"to_month_text":"Nov","from_month_text":"Mar","child1":"1","to_month":"11","child2value":"mca","professional_experience":"1 - 5 Years","from_month":"3","child1value":"st joseph","to_year":"2018","company_name":"Rajan corporate ","from_year":"2016","is_current":"1","education_id":"7","child2":"2"}],"id":"114","token":"Ai05WFm5uVSt2EuM2770uH7Pir477Vn1uk60SAA8C5QdPgeQzOjaY00udkSxXCRx1htklo2tFn6ghWh18HGoW1g46Svpde9edI6LmVSFnvCGO3gGadB9vNx3","lang_type":"1"}}

2018-11-03 00:15:34
demo.webmigrates.com/osnap/api/General/GetCategory
{"data":{"id":"114","token":"Ai05WFm5uVSt2EuM2770uH7Pir477Vn1uk60SAA8C5QdPgeQzOjaY00udkSxXCRx1htklo2tFn6ghWh18HGoW1g46Svpde9edI6LmVSFnvCGO3gGadB9vNx3","lang_type":"1"}}

2018-11-03 00:15:34
demo.webmigrates.com/osnap/api/General/GetSubCategory
{"data":{"id":"114","category_id":"12","token":"Ai05WFm5uVSt2EuM2770uH7Pir477Vn1uk60SAA8C5QdPgeQzOjaY00udkSxXCRx1htklo2tFn6ghWh18HGoW1g46Svpde9edI6LmVSFnvCGO3gGadB9vNx3","lang_type":"1"}}

2018-11-03 00:15:39
demo.webmigrates.com/osnap/api/Registration/AddUpdateSkill
{"data":{"skill":[{"subcategory_name":"painting","description":"Provide all home painting facilities ","id":"198","category_id":"12","service_name":"painting homes","start_time":"8:00 AM","price":"50","price_type":"1","category_name":"Construction","service_photo":["154122207481544.png","154122207435855.png"],"end_time":"8:00 PM","subcategory_id":"18"}],"id":"114","token":"Ai05WFm5uVSt2EuM2770uH7Pir477Vn1uk60SAA8C5QdPgeQzOjaY00udkSxXCRx1htklo2tFn6ghWh18HGoW1g46Svpde9edI6LmVSFnvCGO3gGadB9vNx3","lang_type":"1"}}

2018-11-03 00:16:08
demo.webmigrates.com/osnap/api/Registration/AddUpdateLicenses
{"data":{"licenses":[{"year":"2017","name":"bachleor in home decoration","month":"10","month_name":"Oct"}],"id":"114","token":"Ai05WFm5uVSt2EuM2770uH7Pir477Vn1uk60SAA8C5QdPgeQzOjaY00udkSxXCRx1htklo2tFn6ghWh18HGoW1g46Svpde9edI6LmVSFnvCGO3gGadB9vNx3","lang_type":"1"}}

2018-11-03 00:16:12
demo.webmigrates.com/osnap/api/Registration/BusinessMyEvent
{"data":{"id":"114","year":"2018","token":"Ai05WFm5uVSt2EuM2770uH7Pir477Vn1uk60SAA8C5QdPgeQzOjaY00udkSxXCRx1htklo2tFn6ghWh18HGoW1g46Svpde9edI6LmVSFnvCGO3gGadB9vNx3","lang_type":"1"}}

2018-11-03 00:16:12
demo.webmigrates.com/osnap/api/Registration/UserDetail
{"data":{"id":"114","other_id":"114","token":"Ai05WFm5uVSt2EuM2770uH7Pir477Vn1uk60SAA8C5QdPgeQzOjaY00udkSxXCRx1htklo2tFn6ghWh18HGoW1g46Svpde9edI6LmVSFnvCGO3gGadB9vNx3","lang_type":"1"}}

2018-11-03 00:16:12
demo.webmigrates.com/osnap/api/Notification/CountBase
{"data":{"token":"Ai05WFm5uVSt2EuM2770uH7Pir477Vn1uk60SAA8C5QdPgeQzOjaY00udkSxXCRx1htklo2tFn6ghWh18HGoW1g46Svpde9edI6LmVSFnvCGO3gGadB9vNx3","user_id":"114","lang_type":"1"}}

2018-11-03 00:16:21
demo.webmigrates.com/osnap/api/Registration/Logout
{"data":{"id":"114","token":"Ai05WFm5uVSt2EuM2770uH7Pir477Vn1uk60SAA8C5QdPgeQzOjaY00udkSxXCRx1htklo2tFn6ghWh18HGoW1g46Svpde9edI6LmVSFnvCGO3gGadB9vNx3","lang_type":"1"}}

2018-11-03 00:18:59
demo.webmigrates.com/osnap/api/Registration/CheckLogin
{"data":{"username":"customer2019","lang_type":"1","password":"12345678","device_token":"edf113b21078bcad5d0911d5d9207676ec44361b797796b237b272e27d21de81","device_type":"1"}}

2018-11-03 00:19:10
demo.webmigrates.com/osnap/api/Registration/CheckLogin
{"data":{"username":"customer2019","lang_type":"1","password":"12345678","device_token":"edf113b21078bcad5d0911d5d9207676ec44361b797796b237b272e27d21de81","device_type":"1"}}

2018-11-03 00:19:21
demo.webmigrates.com/osnap/api/Registration/CheckLogin
{"data":{"username":"customer2019","lang_type":"1","password":"12345678","device_token":"edf113b21078bcad5d0911d5d9207676ec44361b797796b237b272e27d21de81","device_type":"1"}}

2018-11-03 00:20:14
demo.webmigrates.com/osnap/api/Registration/CheckLogin
{"data":{"username":"customer2019","lang_type":"1","password":"12345678","device_token":"edf113b21078bcad5d0911d5d9207676ec44361b797796b237b272e27d21de81","device_type":"1"}}

2018-11-03 00:20:31
demo.webmigrates.com/osnap/api/Registration/ForgotPassword
{"data":{"lang_type":"1","email_or_username":"customer2019"}}

2018-11-03 00:21:01
demo.webmigrates.com/osnap/api/Registration/RecoverAccount
{"data":{"email_or_phone":"customer2019@yopmail.com","lang_type":"1"}}

2018-11-03 00:21:06
demo.webmigrates.com/osnap/api/Registration/RACheck4DigitPin
{"data":{"user_id":"113","lang_type":"1","security_code":"1234"}}

2018-11-03 00:21:15
demo.webmigrates.com/osnap/api/Registration/RACheckDob
{"data":{"user_id":"113","birth_date":"2000-11-01","lang_type":"1"}}

2018-11-03 00:21:28
demo.webmigrates.com/osnap/api/Registration/CheckLogin
{"data":{"username":"customer2019","lang_type":"1","password":"12345678","device_token":"edf113b21078bcad5d0911d5d9207676ec44361b797796b237b272e27d21de81","device_type":"1"}}

2018-11-03 00:21:49
demo.webmigrates.com/osnap/api/Registration/CheckLogin
{"data":{"username":"customer2019","lang_type":"1","password":"12345678","device_token":"edf113b21078bcad5d0911d5d9207676ec44361b797796b237b272e27d21de81","device_type":"1"}}

2018-11-03 00:22:00
demo.webmigrates.com/osnap/api/Registration/CheckLogin
{"data":{"username":"customer2019","lang_type":"1","password":"12345678","device_token":"edf113b21078bcad5d0911d5d9207676ec44361b797796b237b272e27d21de81","device_type":"1"}}

2018-11-03 00:22:55
demo.webmigrates.com/osnap/api/Registration/CheckLogin
{"data":{"username":"customer2019","lang_type":"1","password":"1234567","device_token":"edf113b21078bcad5d0911d5d9207676ec44361b797796b237b272e27d21de81","device_type":"1"}}

2018-11-03 00:23:04
demo.webmigrates.com/osnap/api/Registration/CheckLogin
{"data":{"username":"customer2019","lang_type":"1","password":"12345678","device_token":"edf113b21078bcad5d0911d5d9207676ec44361b797796b237b272e27d21de81","device_type":"1"}}

2018-11-03 00:25:22
demo.webmigrates.com/osnap/api/Registration/UserRegistration
{"data":{"username":"customer2019","longtitude":"76.745413","lang_type":"1","country_code":"+1","country":"India","birth_date":"1991-09-10","image":"154122272223559.png","latitude":"30.760223","city":"Chandigarh","last_name":"account","osnap_id":"customer2019","state":"160014","device_token":"edf113b21078bcad5d0911d5d9207676ec44361b797796b237b272e27d21de81","email":"customer2019@yopmail.com","user_type":"1","phone":"86996660958","password":"12345678","device_type":"1","post_code":"","address":"HBC, Dhanas, Chandigarh, 160014, India","first_name":"customer"}}

2018-11-03 00:25:40
demo.webmigrates.com/osnap/api/Registration/UserRegistration
{"data":{"username":"customer2020","longtitude":"76.745413","lang_type":"1","country_code":"+1","country":"India","birth_date":"1991-09-10","image":"154122274033914.png","latitude":"30.760223","city":"Chandigarh","last_name":"account","osnap_id":"customer2020","state":"160014","device_token":"edf113b21078bcad5d0911d5d9207676ec44361b797796b237b272e27d21de81","email":"customer2019@yopmail.com","user_type":"1","phone":"86996660958","password":"12345678","device_type":"1","post_code":"","address":"HBC, Dhanas, Chandigarh, 160014, India","first_name":"customer"}}

2018-11-03 00:25:55
demo.webmigrates.com/osnap/api/Registration/VerifyUser
{"data":{"email":"customer2019@yopmail.com","username":"customer2020","device_type":"1","activation_code":"681061","device_token":"edf113b21078bcad5d0911d5d9207676ec44361b797796b237b272e27d21de81","lang_type":"1"}}

2018-11-03 00:26:00
demo.webmigrates.com/osnap/api/Registration/EditUser
{"data":{"id":"115","security_code":"1234","token":"rnYkToJhua3r50krDCbUQh76afgbjk1ftNszLszmyyogWxyQ8Sr3gcZo0lW9CtenWb5j3TUnR4UY4aoCViXtJyOP5Ta0nbNTSHcxUEmIVOkJGdOGZ5v5wq0R","lang_type":"1"}}

2018-11-03 00:26:02
demo.webmigrates.com/osnap/api/Registration/EditUser
{"data":{"is_agree":"1","id":"115","token":"rnYkToJhua3r50krDCbUQh76afgbjk1ftNszLszmyyogWxyQ8Sr3gcZo0lW9CtenWb5j3TUnR4UY4aoCViXtJyOP5Ta0nbNTSHcxUEmIVOkJGdOGZ5v5wq0R","lang_type":"1"}}

2018-11-03 00:26:03
demo.webmigrates.com/osnap/api/Notification/CountBase
{"data":{"token":"rnYkToJhua3r50krDCbUQh76afgbjk1ftNszLszmyyogWxyQ8Sr3gcZo0lW9CtenWb5j3TUnR4UY4aoCViXtJyOP5Ta0nbNTSHcxUEmIVOkJGdOGZ5v5wq0R","user_id":"115","lang_type":"1"}}

2018-11-03 00:26:03
demo.webmigrates.com/osnap/api/Registration/UserDetail
{"data":{"id":"115","other_id":"115","token":"rnYkToJhua3r50krDCbUQh76afgbjk1ftNszLszmyyogWxyQ8Sr3gcZo0lW9CtenWb5j3TUnR4UY4aoCViXtJyOP5Ta0nbNTSHcxUEmIVOkJGdOGZ5v5wq0R","lang_type":"1"}}

2018-11-03 00:26:03
demo.webmigrates.com/osnap/api/Registration/ClientMyEvent
{"data":{"id":"115","year":"2018","token":"rnYkToJhua3r50krDCbUQh76afgbjk1ftNszLszmyyogWxyQ8Sr3gcZo0lW9CtenWb5j3TUnR4UY4aoCViXtJyOP5Ta0nbNTSHcxUEmIVOkJGdOGZ5v5wq0R","lang_type":"1"}}

2018-11-03 00:26:08
demo.webmigrates.com/osnap/api/General/GetCategory
{"data":{"id":"115","token":"rnYkToJhua3r50krDCbUQh76afgbjk1ftNszLszmyyogWxyQ8Sr3gcZo0lW9CtenWb5j3TUnR4UY4aoCViXtJyOP5Ta0nbNTSHcxUEmIVOkJGdOGZ5v5wq0R","lang_type":"1"}}

2018-11-03 00:26:23
demo.webmigrates.com/osnap/api/General/GetSubCategory
{"data":{"id":"115","category_id":"12","token":"rnYkToJhua3r50krDCbUQh76afgbjk1ftNszLszmyyogWxyQ8Sr3gcZo0lW9CtenWb5j3TUnR4UY4aoCViXtJyOP5Ta0nbNTSHcxUEmIVOkJGdOGZ5v5wq0R","lang_type":"1"}}

2018-11-03 00:28:06
demo.webmigrates.com/osnap/api/Registration/CheckLogin
{"data":{"username":"valbus44","lang_type":"1","password":"vvvvvv","device_token":"f2ffdc1a796471374926583a35ec39e8d4a1c45967b57a1642070ca6e4946912","device_type":"1"}}

2018-11-03 00:28:06
demo.webmigrates.com/osnap/api/Registration/BusinessMyEvent
{"data":{"id":"3","year":"2018","token":"DRtFuepDQbBJTsykoxIrye5IjeKQSHtezMlUTI0v43G4CLa8eVsKrPaaJBpmVMFISM39AOu1w0CexrisrcgPcjDi4Cp5h0hh9d3ESCjT1Y0FLjkfs1PDO1Mi","lang_type":"1"}}

2018-11-03 00:28:06
demo.webmigrates.com/osnap/api/Notification/CountBase
{"data":{"token":"DRtFuepDQbBJTsykoxIrye5IjeKQSHtezMlUTI0v43G4CLa8eVsKrPaaJBpmVMFISM39AOu1w0CexrisrcgPcjDi4Cp5h0hh9d3ESCjT1Y0FLjkfs1PDO1Mi","user_id":"3","lang_type":"1"}}

2018-11-03 00:28:06
demo.webmigrates.com/osnap/api/Registration/UserDetail
{"data":{"id":"3","other_id":"3","token":"DRtFuepDQbBJTsykoxIrye5IjeKQSHtezMlUTI0v43G4CLa8eVsKrPaaJBpmVMFISM39AOu1w0CexrisrcgPcjDi4Cp5h0hh9d3ESCjT1Y0FLjkfs1PDO1Mi","lang_type":"1"}}

2018-11-03 00:28:11
demo.webmigrates.com/osnap/api/Registration/BusinessMyEvent
{"data":{"year":"2018","id":"3","month":"11","token":"DRtFuepDQbBJTsykoxIrye5IjeKQSHtezMlUTI0v43G4CLa8eVsKrPaaJBpmVMFISM39AOu1w0CexrisrcgPcjDi4Cp5h0hh9d3ESCjT1Y0FLjkfs1PDO1Mi","lang_type":"1"}}

2018-11-03 00:28:27
demo.webmigrates.com/osnap/api/Registration/AddPost
{"data":{"id":"115","category_id":"12","work_type":"1","job_title":"need a painter","commitment":"3","pay_by":"1","token":"rnYkToJhua3r50krDCbUQh76afgbjk1ftNszLszmyyogWxyQ8Sr3gcZo0lW9CtenWb5j3TUnR4UY4aoCViXtJyOP5Ta0nbNTSHcxUEmIVOkJGdOGZ5v5wq0R","subcategory_id":"18","exp_level":"2","lang_type":"1","job_description":"House painting ","rate":"50","how_long":"5","attachments":["154122287412393.png","154122287460999.png"]}}

2018-11-03 00:28:29
demo.webmigrates.com/osnap/api/Registration/UserDetail
{"data":{"id":"115","other_id":"115","token":"rnYkToJhua3r50krDCbUQh76afgbjk1ftNszLszmyyogWxyQ8Sr3gcZo0lW9CtenWb5j3TUnR4UY4aoCViXtJyOP5Ta0nbNTSHcxUEmIVOkJGdOGZ5v5wq0R","lang_type":"1"}}

2018-11-03 00:28:32
demo.webmigrates.com/osnap/api/Registration/MyPost
{"data":{"limit":10,"id":"115","page":1,"token":"rnYkToJhua3r50krDCbUQh76afgbjk1ftNszLszmyyogWxyQ8Sr3gcZo0lW9CtenWb5j3TUnR4UY4aoCViXtJyOP5Ta0nbNTSHcxUEmIVOkJGdOGZ5v5wq0R","lang_type":"1"}}

2018-11-03 00:28:32
demo.webmigrates.com/osnap/api/Registration/MyPost
{"data":{"limit":10,"id":"115","page":2,"token":"rnYkToJhua3r50krDCbUQh76afgbjk1ftNszLszmyyogWxyQ8Sr3gcZo0lW9CtenWb5j3TUnR4UY4aoCViXtJyOP5Ta0nbNTSHcxUEmIVOkJGdOGZ5v5wq0R","lang_type":"1"}}

2018-11-03 00:28:35
demo.webmigrates.com/osnap/api/Registration/UserDetail
{"data":{"id":"115","other_id":"115","token":"rnYkToJhua3r50krDCbUQh76afgbjk1ftNszLszmyyogWxyQ8Sr3gcZo0lW9CtenWb5j3TUnR4UY4aoCViXtJyOP5Ta0nbNTSHcxUEmIVOkJGdOGZ5v5wq0R","lang_type":"1"}}

2018-11-03 00:28:38
demo.webmigrates.com/osnap/api/Registration/Logout
{"data":{"id":"115","token":"rnYkToJhua3r50krDCbUQh76afgbjk1ftNszLszmyyogWxyQ8Sr3gcZo0lW9CtenWb5j3TUnR4UY4aoCViXtJyOP5Ta0nbNTSHcxUEmIVOkJGdOGZ5v5wq0R","lang_type":"1"}}

2018-11-03 00:28:52
demo.webmigrates.com/osnap/api/Registration/CheckLogin
{"data":{"username":"business2019","lang_type":"1","password":"12345678","device_token":"edf113b21078bcad5d0911d5d9207676ec44361b797796b237b272e27d21de81","device_type":"1"}}

2018-11-03 00:28:53
demo.webmigrates.com/osnap/api/Notification/CountBase
{"data":{"token":"bc3Lh1gUlgZkIqRuYhKnpznXXYzVK473tDIpEuTpYQsnoZF6PgUTQowkVE1A8ihYQGXO8lMfp2xr0A3sYeBbb8pPiMOVTUy8OOH5IEBA7wYnbdEA7pv90u2A","user_id":"114","lang_type":"1"}}

2018-11-03 00:28:53
demo.webmigrates.com/osnap/api/Registration/BusinessMyEvent
{"data":{"id":"114","year":"2018","token":"bc3Lh1gUlgZkIqRuYhKnpznXXYzVK473tDIpEuTpYQsnoZF6PgUTQowkVE1A8ihYQGXO8lMfp2xr0A3sYeBbb8pPiMOVTUy8OOH5IEBA7wYnbdEA7pv90u2A","lang_type":"1"}}

2018-11-03 00:28:53
demo.webmigrates.com/osnap/api/Registration/UserDetail
{"data":{"id":"114","other_id":"114","token":"bc3Lh1gUlgZkIqRuYhKnpznXXYzVK473tDIpEuTpYQsnoZF6PgUTQowkVE1A8ihYQGXO8lMfp2xr0A3sYeBbb8pPiMOVTUy8OOH5IEBA7wYnbdEA7pv90u2A","lang_type":"1"}}

2018-11-03 00:28:55
demo.webmigrates.com/osnap/api/Notification/GetNotification
{"data":{"limit":10,"page":1,"user_id":"114","token":"bc3Lh1gUlgZkIqRuYhKnpznXXYzVK473tDIpEuTpYQsnoZF6PgUTQowkVE1A8ihYQGXO8lMfp2xr0A3sYeBbb8pPiMOVTUy8OOH5IEBA7wYnbdEA7pv90u2A","lang_type":"1"}}

2018-11-03 00:28:55
demo.webmigrates.com/osnap/api/Notification/GetNotification
{"data":{"limit":10,"page":2,"user_id":"114","token":"bc3Lh1gUlgZkIqRuYhKnpznXXYzVK473tDIpEuTpYQsnoZF6PgUTQowkVE1A8ihYQGXO8lMfp2xr0A3sYeBbb8pPiMOVTUy8OOH5IEBA7wYnbdEA7pv90u2A","lang_type":"1"}}

2018-11-03 00:28:55
demo.webmigrates.com/osnap/api/Notification/ClearBase
{"data":{"token":"bc3Lh1gUlgZkIqRuYhKnpznXXYzVK473tDIpEuTpYQsnoZF6PgUTQowkVE1A8ihYQGXO8lMfp2xr0A3sYeBbb8pPiMOVTUy8OOH5IEBA7wYnbdEA7pv90u2A","user_id":"114","lang_type":"1"}}

2018-11-03 00:28:56
demo.webmigrates.com/osnap/api/Registration/SinglePostDetail
{"data":{"id":"114","post_id":"86","token":"bc3Lh1gUlgZkIqRuYhKnpznXXYzVK473tDIpEuTpYQsnoZF6PgUTQowkVE1A8ihYQGXO8lMfp2xr0A3sYeBbb8pPiMOVTUy8OOH5IEBA7wYnbdEA7pv90u2A","lang_type":"1"}}

2018-11-03 00:30:15
demo.webmigrates.com/osnap/api/Registration/PlaceBid
{"data":{"pay_by":"1","rate":"50","id":"114","post_id":"86","how_long":"5","skill":[],"attachments":["154122301284001.png","154122301256080.png"],"token":"bc3Lh1gUlgZkIqRuYhKnpznXXYzVK473tDIpEuTpYQsnoZF6PgUTQowkVE1A8ihYQGXO8lMfp2xr0A3sYeBbb8pPiMOVTUy8OOH5IEBA7wYnbdEA7pv90u2A","lang_type":"1","description":"Test data"}}

2018-11-03 00:30:15
demo.webmigrates.com/osnap/api/Notification/CountBase
{"data":{"token":"bc3Lh1gUlgZkIqRuYhKnpznXXYzVK473tDIpEuTpYQsnoZF6PgUTQowkVE1A8ihYQGXO8lMfp2xr0A3sYeBbb8pPiMOVTUy8OOH5IEBA7wYnbdEA7pv90u2A","user_id":"114","lang_type":"1"}}

2018-11-03 00:30:15
demo.webmigrates.com/osnap/api/Registration/UserDetail
{"data":{"id":"114","other_id":"114","token":"bc3Lh1gUlgZkIqRuYhKnpznXXYzVK473tDIpEuTpYQsnoZF6PgUTQowkVE1A8ihYQGXO8lMfp2xr0A3sYeBbb8pPiMOVTUy8OOH5IEBA7wYnbdEA7pv90u2A","lang_type":"1"}}

2018-11-03 00:30:18
demo.webmigrates.com/osnap/api/Notification/GetNotification
{"data":{"limit":10,"page":1,"user_id":"114","token":"bc3Lh1gUlgZkIqRuYhKnpznXXYzVK473tDIpEuTpYQsnoZF6PgUTQowkVE1A8ihYQGXO8lMfp2xr0A3sYeBbb8pPiMOVTUy8OOH5IEBA7wYnbdEA7pv90u2A","lang_type":"1"}}

2018-11-03 00:30:18
demo.webmigrates.com/osnap/api/Notification/ClearBase
{"data":{"token":"bc3Lh1gUlgZkIqRuYhKnpznXXYzVK473tDIpEuTpYQsnoZF6PgUTQowkVE1A8ihYQGXO8lMfp2xr0A3sYeBbb8pPiMOVTUy8OOH5IEBA7wYnbdEA7pv90u2A","user_id":"114","lang_type":"1"}}

2018-11-03 00:30:18
demo.webmigrates.com/osnap/api/Notification/GetNotification
{"data":{"limit":10,"page":2,"user_id":"114","token":"bc3Lh1gUlgZkIqRuYhKnpznXXYzVK473tDIpEuTpYQsnoZF6PgUTQowkVE1A8ihYQGXO8lMfp2xr0A3sYeBbb8pPiMOVTUy8OOH5IEBA7wYnbdEA7pv90u2A","lang_type":"1"}}

2018-11-03 00:30:20
demo.webmigrates.com/osnap/api/Registration/SinglePostDetail
{"data":{"id":"114","post_id":"86","token":"bc3Lh1gUlgZkIqRuYhKnpznXXYzVK473tDIpEuTpYQsnoZF6PgUTQowkVE1A8ihYQGXO8lMfp2xr0A3sYeBbb8pPiMOVTUy8OOH5IEBA7wYnbdEA7pv90u2A","lang_type":"1"}}

2018-11-03 00:30:29
demo.webmigrates.com/osnap/api/Registration/ClientMyEvent
{"data":{"id":"11","year":"2018","token":"K49qF1RIYkftvD0m3MecZDYALK783AbT3YHTOoEISMobcRjIG5JgmAxesDofS6rhLROzwJDmtZIrkHZIlx2LweVaG0C2cl2HzWeQSqZwkC7PxleLj8SOlG0b","lang_type":"1"}}

2018-11-03 00:31:10
demo.webmigrates.com/osnap/api/Notification/CountBase
{"data":{"token":"bc3Lh1gUlgZkIqRuYhKnpznXXYzVK473tDIpEuTpYQsnoZF6PgUTQowkVE1A8ihYQGXO8lMfp2xr0A3sYeBbb8pPiMOVTUy8OOH5IEBA7wYnbdEA7pv90u2A","user_id":"114","lang_type":"1"}}

2018-11-03 00:31:10
demo.webmigrates.com/osnap/api/Registration/UserDetail
{"data":{"id":"114","other_id":"114","token":"bc3Lh1gUlgZkIqRuYhKnpznXXYzVK473tDIpEuTpYQsnoZF6PgUTQowkVE1A8ihYQGXO8lMfp2xr0A3sYeBbb8pPiMOVTUy8OOH5IEBA7wYnbdEA7pv90u2A","lang_type":"1"}}

2018-11-03 00:31:14
demo.webmigrates.com/osnap/api/Registration/Logout
{"data":{"id":"114","token":"bc3Lh1gUlgZkIqRuYhKnpznXXYzVK473tDIpEuTpYQsnoZF6PgUTQowkVE1A8ihYQGXO8lMfp2xr0A3sYeBbb8pPiMOVTUy8OOH5IEBA7wYnbdEA7pv90u2A","lang_type":"1"}}

2018-11-03 00:31:26
demo.webmigrates.com/osnap/api/Registration/CheckLogin
{"data":{"username":"customer2020","lang_type":"1","password":"12345678","device_token":"edf113b21078bcad5d0911d5d9207676ec44361b797796b237b272e27d21de81","device_type":"1"}}

2018-11-03 00:31:27
demo.webmigrates.com/osnap/api/Registration/ClientMyEvent
{"data":{"id":"115","year":"2018","token":"NBNOPynHjAgz7Tn3OYf6MNhaCjlN7B7ujuV0cBiHdXxf6j5XqdGrPL9RFCxh4fXfSmQg6TDzhCCtelzGVinYg5OVilcohCz1V1PRRuJk0CA6mFg3PoxkRinM","lang_type":"1"}}

2018-11-03 00:31:27
demo.webmigrates.com/osnap/api/Registration/UserDetail
{"data":{"id":"115","other_id":"115","token":"NBNOPynHjAgz7Tn3OYf6MNhaCjlN7B7ujuV0cBiHdXxf6j5XqdGrPL9RFCxh4fXfSmQg6TDzhCCtelzGVinYg5OVilcohCz1V1PRRuJk0CA6mFg3PoxkRinM","lang_type":"1"}}

2018-11-03 00:31:27
demo.webmigrates.com/osnap/api/Notification/CountBase
{"data":{"token":"NBNOPynHjAgz7Tn3OYf6MNhaCjlN7B7ujuV0cBiHdXxf6j5XqdGrPL9RFCxh4fXfSmQg6TDzhCCtelzGVinYg5OVilcohCz1V1PRRuJk0CA6mFg3PoxkRinM","user_id":"115","lang_type":"1"}}

2018-11-03 00:31:28
demo.webmigrates.com/osnap/api/Notification/GetNotification
{"data":{"limit":10,"page":1,"user_id":"115","token":"NBNOPynHjAgz7Tn3OYf6MNhaCjlN7B7ujuV0cBiHdXxf6j5XqdGrPL9RFCxh4fXfSmQg6TDzhCCtelzGVinYg5OVilcohCz1V1PRRuJk0CA6mFg3PoxkRinM","lang_type":"1"}}

2018-11-03 00:31:29
demo.webmigrates.com/osnap/api/Notification/ClearBase
{"data":{"token":"NBNOPynHjAgz7Tn3OYf6MNhaCjlN7B7ujuV0cBiHdXxf6j5XqdGrPL9RFCxh4fXfSmQg6TDzhCCtelzGVinYg5OVilcohCz1V1PRRuJk0CA6mFg3PoxkRinM","user_id":"115","lang_type":"1"}}

2018-11-03 00:31:29
demo.webmigrates.com/osnap/api/Notification/GetNotification
{"data":{"limit":10,"page":2,"user_id":"115","token":"NBNOPynHjAgz7Tn3OYf6MNhaCjlN7B7ujuV0cBiHdXxf6j5XqdGrPL9RFCxh4fXfSmQg6TDzhCCtelzGVinYg5OVilcohCz1V1PRRuJk0CA6mFg3PoxkRinM","lang_type":"1"}}

2018-11-03 00:31:30
demo.webmigrates.com/osnap/api/Registration/EventDetail
{"data":{"id":"115","pb_id":"99","token":"NBNOPynHjAgz7Tn3OYf6MNhaCjlN7B7ujuV0cBiHdXxf6j5XqdGrPL9RFCxh4fXfSmQg6TDzhCCtelzGVinYg5OVilcohCz1V1PRRuJk0CA6mFg3PoxkRinM","lang_type":"1"}}

2018-11-03 00:31:30
demo.webmigrates.com/osnap/api/Registration/SingleClientPost
{"data":{"Dlatitude":"30.713461","id":"115","post_id":"86","Dlongtitude":"76.709770","token":"NBNOPynHjAgz7Tn3OYf6MNhaCjlN7B7ujuV0cBiHdXxf6j5XqdGrPL9RFCxh4fXfSmQg6TDzhCCtelzGVinYg5OVilcohCz1V1PRRuJk0CA6mFg3PoxkRinM","lang_type":"1"}}

2018-11-03 00:32:12
demo.webmigrates.com/osnap/api/Registration/Booking
{"data":{"description":"Test data","id":"115","signature":"154122313252122.png","selected_skill":[],"latitude":"30.7602","longtitude":"76.7454","notes":"","pay_by":"1","address":"HBC, Dhanas, Chandigarh, 160014, India","token":"NBNOPynHjAgz7Tn3OYf6MNhaCjlN7B7ujuV0cBiHdXxf6j5XqdGrPL9RFCxh4fXfSmQg6TDzhCCtelzGVinYg5OVilcohCz1V1PRRuJk0CA6mFg3PoxkRinM","attachments":["154122301284001.png","154122301256080.png"],"pb_id":"99","preferred_datetime":"2018-11-04 13:00:20","rate":"50","client_attachments":[],"is_agree":"1","lang_type":"1"}}

2018-11-03 00:32:14
demo.webmigrates.com/osnap/api/Registration/UserDetail
{"data":{"id":"115","other_id":"115","token":"NBNOPynHjAgz7Tn3OYf6MNhaCjlN7B7ujuV0cBiHdXxf6j5XqdGrPL9RFCxh4fXfSmQg6TDzhCCtelzGVinYg5OVilcohCz1V1PRRuJk0CA6mFg3PoxkRinM","lang_type":"1"}}

2018-11-03 00:32:16
demo.webmigrates.com/osnap/api/Notification/GetNotification
{"data":{"limit":10,"page":1,"user_id":"115","token":"NBNOPynHjAgz7Tn3OYf6MNhaCjlN7B7ujuV0cBiHdXxf6j5XqdGrPL9RFCxh4fXfSmQg6TDzhCCtelzGVinYg5OVilcohCz1V1PRRuJk0CA6mFg3PoxkRinM","lang_type":"1"}}

2018-11-03 00:32:16
demo.webmigrates.com/osnap/api/Notification/GetNotification
{"data":{"limit":10,"page":2,"user_id":"115","token":"NBNOPynHjAgz7Tn3OYf6MNhaCjlN7B7ujuV0cBiHdXxf6j5XqdGrPL9RFCxh4fXfSmQg6TDzhCCtelzGVinYg5OVilcohCz1V1PRRuJk0CA6mFg3PoxkRinM","lang_type":"1"}}

2018-11-03 00:32:16
demo.webmigrates.com/osnap/api/Notification/ClearBase
{"data":{"token":"NBNOPynHjAgz7Tn3OYf6MNhaCjlN7B7ujuV0cBiHdXxf6j5XqdGrPL9RFCxh4fXfSmQg6TDzhCCtelzGVinYg5OVilcohCz1V1PRRuJk0CA6mFg3PoxkRinM","user_id":"115","lang_type":"1"}}

2018-11-03 00:32:17
demo.webmigrates.com/osnap/api/Registration/EventDetail
{"data":{"id":"115","pb_id":"99","token":"NBNOPynHjAgz7Tn3OYf6MNhaCjlN7B7ujuV0cBiHdXxf6j5XqdGrPL9RFCxh4fXfSmQg6TDzhCCtelzGVinYg5OVilcohCz1V1PRRuJk0CA6mFg3PoxkRinM","lang_type":"1"}}

2018-11-03 00:32:18
demo.webmigrates.com/osnap/api/Registration/SingleClientPost
{"data":{"Dlatitude":"30.713461","id":"115","post_id":"86","Dlongtitude":"76.709770","token":"NBNOPynHjAgz7Tn3OYf6MNhaCjlN7B7ujuV0cBiHdXxf6j5XqdGrPL9RFCxh4fXfSmQg6TDzhCCtelzGVinYg5OVilcohCz1V1PRRuJk0CA6mFg3PoxkRinM","lang_type":"1"}}

2018-11-03 00:32:21
demo.webmigrates.com/osnap/api/Registration/UserDetail
{"data":{"id":"115","other_id":"115","token":"NBNOPynHjAgz7Tn3OYf6MNhaCjlN7B7ujuV0cBiHdXxf6j5XqdGrPL9RFCxh4fXfSmQg6TDzhCCtelzGVinYg5OVilcohCz1V1PRRuJk0CA6mFg3PoxkRinM","lang_type":"1"}}

2018-11-03 00:32:27
demo.webmigrates.com/osnap/api/Registration/Logout
{"data":{"id":"115","token":"NBNOPynHjAgz7Tn3OYf6MNhaCjlN7B7ujuV0cBiHdXxf6j5XqdGrPL9RFCxh4fXfSmQg6TDzhCCtelzGVinYg5OVilcohCz1V1PRRuJk0CA6mFg3PoxkRinM","lang_type":"1"}}

2018-11-03 00:32:39
demo.webmigrates.com/osnap/api/Registration/BusinessMyEvent
{"data":{"id":"3","year":"2018","token":"DRtFuepDQbBJTsykoxIrye5IjeKQSHtezMlUTI0v43G4CLa8eVsKrPaaJBpmVMFISM39AOu1w0CexrisrcgPcjDi4Cp5h0hh9d3ESCjT1Y0FLjkfs1PDO1Mi","lang_type":"1"}}

2018-11-03 00:32:39
demo.webmigrates.com/osnap/api/Notification/CountBase
{"data":{"token":"DRtFuepDQbBJTsykoxIrye5IjeKQSHtezMlUTI0v43G4CLa8eVsKrPaaJBpmVMFISM39AOu1w0CexrisrcgPcjDi4Cp5h0hh9d3ESCjT1Y0FLjkfs1PDO1Mi","user_id":"3","lang_type":"1"}}

2018-11-03 00:32:39
demo.webmigrates.com/osnap/api/Registration/UserDetail
{"data":{"id":"3","other_id":"3","token":"DRtFuepDQbBJTsykoxIrye5IjeKQSHtezMlUTI0v43G4CLa8eVsKrPaaJBpmVMFISM39AOu1w0CexrisrcgPcjDi4Cp5h0hh9d3ESCjT1Y0FLjkfs1PDO1Mi","lang_type":"1"}}

2018-11-03 00:32:43
demo.webmigrates.com/osnap/api/Registration/CheckLogin
{"data":{"username":"business2019","lang_type":"1","password":"12345678","device_token":"edf113b21078bcad5d0911d5d9207676ec44361b797796b237b272e27d21de81","device_type":"1"}}

2018-11-03 00:32:43
demo.webmigrates.com/osnap/api/Registration/UserDetail
{"data":{"id":"114","other_id":"114","token":"Ite5R6CdXl8uP3xDJufaI53Nk6btbU7uoiFOU7qcFGOeIijjis0xXHmVvWXKoaP4Zu9Qdp0smcMiSM3gjgAC0iibbtz0l4veB7dbGp5SIhJs1SfgEqNOk2ka","lang_type":"1"}}

2018-11-03 00:32:43
demo.webmigrates.com/osnap/api/Registration/BusinessMyEvent
{"data":{"id":"114","year":"2018","token":"Ite5R6CdXl8uP3xDJufaI53Nk6btbU7uoiFOU7qcFGOeIijjis0xXHmVvWXKoaP4Zu9Qdp0smcMiSM3gjgAC0iibbtz0l4veB7dbGp5SIhJs1SfgEqNOk2ka","lang_type":"1"}}

2018-11-03 00:32:43
demo.webmigrates.com/osnap/api/Notification/CountBase
{"data":{"token":"Ite5R6CdXl8uP3xDJufaI53Nk6btbU7uoiFOU7qcFGOeIijjis0xXHmVvWXKoaP4Zu9Qdp0smcMiSM3gjgAC0iibbtz0l4veB7dbGp5SIhJs1SfgEqNOk2ka","user_id":"114","lang_type":"1"}}

2018-11-03 00:32:45
demo.webmigrates.com/osnap/api/Notification/GetNotification
{"data":{"limit":10,"page":1,"user_id":"114","token":"Ite5R6CdXl8uP3xDJufaI53Nk6btbU7uoiFOU7qcFGOeIijjis0xXHmVvWXKoaP4Zu9Qdp0smcMiSM3gjgAC0iibbtz0l4veB7dbGp5SIhJs1SfgEqNOk2ka","lang_type":"1"}}

2018-11-03 00:32:45
demo.webmigrates.com/osnap/api/Notification/ClearBase
{"data":{"token":"Ite5R6CdXl8uP3xDJufaI53Nk6btbU7uoiFOU7qcFGOeIijjis0xXHmVvWXKoaP4Zu9Qdp0smcMiSM3gjgAC0iibbtz0l4veB7dbGp5SIhJs1SfgEqNOk2ka","user_id":"114","lang_type":"1"}}

2018-11-03 00:32:45
demo.webmigrates.com/osnap/api/Notification/GetNotification
{"data":{"limit":10,"page":2,"user_id":"114","token":"Ite5R6CdXl8uP3xDJufaI53Nk6btbU7uoiFOU7qcFGOeIijjis0xXHmVvWXKoaP4Zu9Qdp0smcMiSM3gjgAC0iibbtz0l4veB7dbGp5SIhJs1SfgEqNOk2ka","lang_type":"1"}}

2018-11-03 00:32:46
demo.webmigrates.com/osnap/api/Registration/EventDetail
{"data":{"id":"114","pb_id":"99","token":"Ite5R6CdXl8uP3xDJufaI53Nk6btbU7uoiFOU7qcFGOeIijjis0xXHmVvWXKoaP4Zu9Qdp0smcMiSM3gjgAC0iibbtz0l4veB7dbGp5SIhJs1SfgEqNOk2ka","lang_type":"1"}}

2018-11-03 00:32:54
demo.webmigrates.com/osnap/api/Registration/OfferResponse
{"data":{"status":2,"is_agree":"1","id":"114","offer_id":"99","signature":"154122317340993.png","token":"Ite5R6CdXl8uP3xDJufaI53Nk6btbU7uoiFOU7qcFGOeIijjis0xXHmVvWXKoaP4Zu9Qdp0smcMiSM3gjgAC0iibbtz0l4veB7dbGp5SIhJs1SfgEqNOk2ka","lang_type":"1"}}

2018-11-03 00:32:56
demo.webmigrates.com/osnap/api/Registration/EventDetail
{"data":{"id":"114","pb_id":"99","token":"Ite5R6CdXl8uP3xDJufaI53Nk6btbU7uoiFOU7qcFGOeIijjis0xXHmVvWXKoaP4Zu9Qdp0smcMiSM3gjgAC0iibbtz0l4veB7dbGp5SIhJs1SfgEqNOk2ka","lang_type":"1"}}

2018-11-03 00:33:11
demo.webmigrates.com/osnap/api/Registration/UserDetail
{"data":{"id":"114","other_id":"114","token":"Ite5R6CdXl8uP3xDJufaI53Nk6btbU7uoiFOU7qcFGOeIijjis0xXHmVvWXKoaP4Zu9Qdp0smcMiSM3gjgAC0iibbtz0l4veB7dbGp5SIhJs1SfgEqNOk2ka","lang_type":"1"}}

2018-11-03 00:33:11
demo.webmigrates.com/osnap/api/Notification/CountBase
{"data":{"token":"Ite5R6CdXl8uP3xDJufaI53Nk6btbU7uoiFOU7qcFGOeIijjis0xXHmVvWXKoaP4Zu9Qdp0smcMiSM3gjgAC0iibbtz0l4veB7dbGp5SIhJs1SfgEqNOk2ka","user_id":"114","lang_type":"1"}}

2018-11-03 00:33:27
demo.webmigrates.com/osnap/api/Registration/MyBidPost
{"data":{"limit":10,"id":"114","page":1,"token":"Ite5R6CdXl8uP3xDJufaI53Nk6btbU7uoiFOU7qcFGOeIijjis0xXHmVvWXKoaP4Zu9Qdp0smcMiSM3gjgAC0iibbtz0l4veB7dbGp5SIhJs1SfgEqNOk2ka","lang_type":"1"}}

2018-11-03 00:33:29
demo.webmigrates.com/osnap/api/Registration/MyBidPostRunningAll
{"data":{"limit":10,"id":"114","page":1,"token":"Ite5R6CdXl8uP3xDJufaI53Nk6btbU7uoiFOU7qcFGOeIijjis0xXHmVvWXKoaP4Zu9Qdp0smcMiSM3gjgAC0iibbtz0l4veB7dbGp5SIhJs1SfgEqNOk2ka","lang_type":"1"}}

2018-11-03 00:33:29
demo.webmigrates.com/osnap/api/Registration/MyBidPostRunningAll
{"data":{"limit":10,"id":"114","page":2,"token":"Ite5R6CdXl8uP3xDJufaI53Nk6btbU7uoiFOU7qcFGOeIijjis0xXHmVvWXKoaP4Zu9Qdp0smcMiSM3gjgAC0iibbtz0l4veB7dbGp5SIhJs1SfgEqNOk2ka","lang_type":"1"}}

2018-11-03 00:33:31
demo.webmigrates.com/osnap/api/Registration/EventDetail
{"data":{"id":"114","pb_id":"99","token":"Ite5R6CdXl8uP3xDJufaI53Nk6btbU7uoiFOU7qcFGOeIijjis0xXHmVvWXKoaP4Zu9Qdp0smcMiSM3gjgAC0iibbtz0l4veB7dbGp5SIhJs1SfgEqNOk2ka","lang_type":"1"}}

2018-11-03 00:33:33
demo.webmigrates.com/osnap/api/Registration/UserDetail
{"data":{"Dlatitude":"30.713461","id":"114","other_id":"115","Dlongtitude":"76.709770","token":"Ite5R6CdXl8uP3xDJufaI53Nk6btbU7uoiFOU7qcFGOeIijjis0xXHmVvWXKoaP4Zu9Qdp0smcMiSM3gjgAC0iibbtz0l4veB7dbGp5SIhJs1SfgEqNOk2ka","lang_type":"1"}}

2018-11-03 00:33:37
demo.webmigrates.com/osnap/api/Notification/CountBase
{"data":{"token":"Ite5R6CdXl8uP3xDJufaI53Nk6btbU7uoiFOU7qcFGOeIijjis0xXHmVvWXKoaP4Zu9Qdp0smcMiSM3gjgAC0iibbtz0l4veB7dbGp5SIhJs1SfgEqNOk2ka","user_id":"114","lang_type":"1"}}

2018-11-03 00:33:37
demo.webmigrates.com/osnap/api/Registration/UserDetail
{"data":{"id":"114","other_id":"114","token":"Ite5R6CdXl8uP3xDJufaI53Nk6btbU7uoiFOU7qcFGOeIijjis0xXHmVvWXKoaP4Zu9Qdp0smcMiSM3gjgAC0iibbtz0l4veB7dbGp5SIhJs1SfgEqNOk2ka","lang_type":"1"}}

2018-11-03 00:33:40
demo.webmigrates.com/osnap/api/Registration/Logout
{"data":{"id":"114","token":"Ite5R6CdXl8uP3xDJufaI53Nk6btbU7uoiFOU7qcFGOeIijjis0xXHmVvWXKoaP4Zu9Qdp0smcMiSM3gjgAC0iibbtz0l4veB7dbGp5SIhJs1SfgEqNOk2ka","lang_type":"1"}}

2018-11-03 00:34:01
demo.webmigrates.com/osnap/api/Registration/CheckLogin
{"data":{"username":"customer2020","lang_type":"1","password":"12345678","device_token":"edf113b21078bcad5d0911d5d9207676ec44361b797796b237b272e27d21de81","device_type":"1"}}

2018-11-03 00:34:02
demo.webmigrates.com/osnap/api/Registration/ClientMyEvent
{"data":{"id":"115","year":"2018","token":"133B2zuIuoont685unXA8iei7zu45Q0ysNdeiKvB1rgIflk1qNlB5LmKuWFIcWxfB65C61A51oX05ZgWIbEKCZ2uk1oEtRTtwX740qjSGHh0GeQvykzBUQXF","lang_type":"1"}}

2018-11-03 00:34:02
demo.webmigrates.com/osnap/api/Registration/UserDetail
{"data":{"id":"115","other_id":"115","token":"133B2zuIuoont685unXA8iei7zu45Q0ysNdeiKvB1rgIflk1qNlB5LmKuWFIcWxfB65C61A51oX05ZgWIbEKCZ2uk1oEtRTtwX740qjSGHh0GeQvykzBUQXF","lang_type":"1"}}

2018-11-03 00:34:02
demo.webmigrates.com/osnap/api/Notification/CountBase
{"data":{"token":"133B2zuIuoont685unXA8iei7zu45Q0ysNdeiKvB1rgIflk1qNlB5LmKuWFIcWxfB65C61A51oX05ZgWIbEKCZ2uk1oEtRTtwX740qjSGHh0GeQvykzBUQXF","user_id":"115","lang_type":"1"}}

2018-11-03 00:34:07
demo.webmigrates.com/osnap/api/Registration/MyPost
{"data":{"limit":10,"id":"115","page":1,"token":"133B2zuIuoont685unXA8iei7zu45Q0ysNdeiKvB1rgIflk1qNlB5LmKuWFIcWxfB65C61A51oX05ZgWIbEKCZ2uk1oEtRTtwX740qjSGHh0GeQvykzBUQXF","lang_type":"1"}}

2018-11-03 00:34:08
demo.webmigrates.com/osnap/api/Registration/MyRunningPostAll
{"data":{"limit":10,"id":"115","page":1,"token":"133B2zuIuoont685unXA8iei7zu45Q0ysNdeiKvB1rgIflk1qNlB5LmKuWFIcWxfB65C61A51oX05ZgWIbEKCZ2uk1oEtRTtwX740qjSGHh0GeQvykzBUQXF","lang_type":"1"}}

2018-11-03 00:34:08
demo.webmigrates.com/osnap/api/Registration/MyRunningPostAll
{"data":{"limit":10,"id":"115","page":2,"token":"133B2zuIuoont685unXA8iei7zu45Q0ysNdeiKvB1rgIflk1qNlB5LmKuWFIcWxfB65C61A51oX05ZgWIbEKCZ2uk1oEtRTtwX740qjSGHh0GeQvykzBUQXF","lang_type":"1"}}

2018-11-03 00:34:09
demo.webmigrates.com/osnap/api/Registration/EventDetail
{"data":{"id":"115","pb_id":"99","token":"133B2zuIuoont685unXA8iei7zu45Q0ysNdeiKvB1rgIflk1qNlB5LmKuWFIcWxfB65C61A51oX05ZgWIbEKCZ2uk1oEtRTtwX740qjSGHh0GeQvykzBUQXF","lang_type":"1"}}

2018-11-03 00:34:11
demo.webmigrates.com/osnap/api/Registration/UserDetail
{"data":{"Dlatitude":"30.713461","id":"115","other_id":"114","Dlongtitude":"76.709770","token":"133B2zuIuoont685unXA8iei7zu45Q0ysNdeiKvB1rgIflk1qNlB5LmKuWFIcWxfB65C61A51oX05ZgWIbEKCZ2uk1oEtRTtwX740qjSGHh0GeQvykzBUQXF","lang_type":"1"}}

2018-11-03 00:35:04
demo.webmigrates.com/osnap/api/Registration/UserDetail
{"data":{"id":"115","other_id":"115","token":"133B2zuIuoont685unXA8iei7zu45Q0ysNdeiKvB1rgIflk1qNlB5LmKuWFIcWxfB65C61A51oX05ZgWIbEKCZ2uk1oEtRTtwX740qjSGHh0GeQvykzBUQXF","lang_type":"1"}}

2018-11-03 00:35:07
demo.webmigrates.com/osnap/api/Registration/Logout
{"data":{"id":"115","token":"133B2zuIuoont685unXA8iei7zu45Q0ysNdeiKvB1rgIflk1qNlB5LmKuWFIcWxfB65C61A51oX05ZgWIbEKCZ2uk1oEtRTtwX740qjSGHh0GeQvykzBUQXF","lang_type":"1"}}

2018-11-03 00:35:20
demo.webmigrates.com/osnap/api/Registration/CheckLogin
{"data":{"username":"customer2020","lang_type":"1","password":"12345678","device_token":"edf113b21078bcad5d0911d5d9207676ec44361b797796b237b272e27d21de81","device_type":"1"}}

2018-11-03 00:35:21
demo.webmigrates.com/osnap/api/Registration/UserDetail
{"data":{"id":"115","other_id":"115","token":"XNe0VsIOLPlGdqZvbrzZF6lvEARV0Jfj4yAL8XmcH0vdPPoAs0ZzVaERwv0rzZCIlS7GZZd8ovLsggHvqjO34XzLjQUkNHYqzahisamDSQJJGzU7J7OStwfB","lang_type":"1"}}

2018-11-03 00:35:21
demo.webmigrates.com/osnap/api/Registration/ClientMyEvent
{"data":{"id":"115","year":"2018","token":"XNe0VsIOLPlGdqZvbrzZF6lvEARV0Jfj4yAL8XmcH0vdPPoAs0ZzVaERwv0rzZCIlS7GZZd8ovLsggHvqjO34XzLjQUkNHYqzahisamDSQJJGzU7J7OStwfB","lang_type":"1"}}

2018-11-03 00:35:21
demo.webmigrates.com/osnap/api/Notification/CountBase
{"data":{"token":"XNe0VsIOLPlGdqZvbrzZF6lvEARV0Jfj4yAL8XmcH0vdPPoAs0ZzVaERwv0rzZCIlS7GZZd8ovLsggHvqjO34XzLjQUkNHYqzahisamDSQJJGzU7J7OStwfB","user_id":"115","lang_type":"1"}}

2018-11-03 00:35:22
demo.webmigrates.com/osnap/api/Registration/MyPost
{"data":{"limit":10,"id":"115","page":1,"token":"XNe0VsIOLPlGdqZvbrzZF6lvEARV0Jfj4yAL8XmcH0vdPPoAs0ZzVaERwv0rzZCIlS7GZZd8ovLsggHvqjO34XzLjQUkNHYqzahisamDSQJJGzU7J7OStwfB","lang_type":"1"}}

2018-11-03 00:35:24
demo.webmigrates.com/osnap/api/Registration/MyRunningPostAll
{"data":{"limit":10,"id":"115","page":1,"token":"XNe0VsIOLPlGdqZvbrzZF6lvEARV0Jfj4yAL8XmcH0vdPPoAs0ZzVaERwv0rzZCIlS7GZZd8ovLsggHvqjO34XzLjQUkNHYqzahisamDSQJJGzU7J7OStwfB","lang_type":"1"}}

2018-11-03 00:35:25
demo.webmigrates.com/osnap/api/Registration/MyRunningPostAll
{"data":{"limit":10,"id":"115","page":2,"token":"XNe0VsIOLPlGdqZvbrzZF6lvEARV0Jfj4yAL8XmcH0vdPPoAs0ZzVaERwv0rzZCIlS7GZZd8ovLsggHvqjO34XzLjQUkNHYqzahisamDSQJJGzU7J7OStwfB","lang_type":"1"}}

2018-11-03 00:35:26
demo.webmigrates.com/osnap/api/Registration/EventDetail
{"data":{"id":"115","pb_id":"99","token":"XNe0VsIOLPlGdqZvbrzZF6lvEARV0Jfj4yAL8XmcH0vdPPoAs0ZzVaERwv0rzZCIlS7GZZd8ovLsggHvqjO34XzLjQUkNHYqzahisamDSQJJGzU7J7OStwfB","lang_type":"1"}}

2018-11-03 00:35:28
demo.webmigrates.com/osnap/api/Registration/UserDetail
{"data":{"Dlatitude":"30.713461","id":"115","other_id":"114","Dlongtitude":"76.709770","token":"XNe0VsIOLPlGdqZvbrzZF6lvEARV0Jfj4yAL8XmcH0vdPPoAs0ZzVaERwv0rzZCIlS7GZZd8ovLsggHvqjO34XzLjQUkNHYqzahisamDSQJJGzU7J7OStwfB","lang_type":"1"}}

2018-11-03 00:36:17
demo.webmigrates.com/osnap/api/Registration/CompleteJob
{"data":{"review_count":5,"review":"Great business man","payment_type":"1","id":"115","offer_id":"99","total_amount":"500.00","token":"XNe0VsIOLPlGdqZvbrzZF6lvEARV0Jfj4yAL8XmcH0vdPPoAs0ZzVaERwv0rzZCIlS7GZZd8ovLsggHvqjO34XzLjQUkNHYqzahisamDSQJJGzU7J7OStwfB","lang_type":"1","card_token":"tok_1DSHnxH2N8KYROq9ipXaJSg0"}}

2018-11-03 00:36:23
demo.webmigrates.com/osnap/api/Registration/MyCompletedPostAll
{"data":{"limit":10,"id":"115","page":1,"token":"XNe0VsIOLPlGdqZvbrzZF6lvEARV0Jfj4yAL8XmcH0vdPPoAs0ZzVaERwv0rzZCIlS7GZZd8ovLsggHvqjO34XzLjQUkNHYqzahisamDSQJJGzU7J7OStwfB","lang_type":"1"}}

2018-11-03 00:36:24
demo.webmigrates.com/osnap/api/Registration/MyCompletedPostAll
{"data":{"limit":10,"id":"115","page":2,"token":"XNe0VsIOLPlGdqZvbrzZF6lvEARV0Jfj4yAL8XmcH0vdPPoAs0ZzVaERwv0rzZCIlS7GZZd8ovLsggHvqjO34XzLjQUkNHYqzahisamDSQJJGzU7J7OStwfB","lang_type":"1"}}

2018-11-03 00:36:25
demo.webmigrates.com/osnap/api/Registration/EventDetail
{"data":{"id":"115","pb_id":"99","token":"XNe0VsIOLPlGdqZvbrzZF6lvEARV0Jfj4yAL8XmcH0vdPPoAs0ZzVaERwv0rzZCIlS7GZZd8ovLsggHvqjO34XzLjQUkNHYqzahisamDSQJJGzU7J7OStwfB","lang_type":"1"}}

2018-11-03 00:36:28
demo.webmigrates.com/osnap/api/Registration/UserDetail
{"data":{"Dlatitude":"30.713461","id":"115","other_id":"114","Dlongtitude":"76.709770","token":"XNe0VsIOLPlGdqZvbrzZF6lvEARV0Jfj4yAL8XmcH0vdPPoAs0ZzVaERwv0rzZCIlS7GZZd8ovLsggHvqjO34XzLjQUkNHYqzahisamDSQJJGzU7J7OStwfB","lang_type":"1"}}

2018-11-03 00:36:38
demo.webmigrates.com/osnap/api/Registration/UserDetail
{"data":{"id":"115","other_id":"114","token":"XNe0VsIOLPlGdqZvbrzZF6lvEARV0Jfj4yAL8XmcH0vdPPoAs0ZzVaERwv0rzZCIlS7GZZd8ovLsggHvqjO34XzLjQUkNHYqzahisamDSQJJGzU7J7OStwfB","lang_type":"1"}}

2018-11-03 00:36:46
demo.webmigrates.com/osnap/api/Registration/UserDetail
{"data":{"id":"115","other_id":"115","token":"XNe0VsIOLPlGdqZvbrzZF6lvEARV0Jfj4yAL8XmcH0vdPPoAs0ZzVaERwv0rzZCIlS7GZZd8ovLsggHvqjO34XzLjQUkNHYqzahisamDSQJJGzU7J7OStwfB","lang_type":"1"}}

2018-11-03 00:36:49
demo.webmigrates.com/osnap/api/Registration/Logout
{"data":{"id":"115","token":"XNe0VsIOLPlGdqZvbrzZF6lvEARV0Jfj4yAL8XmcH0vdPPoAs0ZzVaERwv0rzZCIlS7GZZd8ovLsggHvqjO34XzLjQUkNHYqzahisamDSQJJGzU7J7OStwfB","lang_type":"1"}}

2018-11-03 00:37:03
demo.webmigrates.com/osnap/api/Registration/CheckLogin
{"data":{"username":"business2019","lang_type":"1","password":"12345678","device_token":"edf113b21078bcad5d0911d5d9207676ec44361b797796b237b272e27d21de81","device_type":"1"}}

2018-11-03 00:37:03
demo.webmigrates.com/osnap/api/Registration/BusinessMyEvent
{"data":{"id":"114","year":"2018","token":"CoVt8xAt2kL2xFkomNljEErpuvF5cjg6uigqrggSHT4r3H9QuH4lZ5m6Le3xWbeBMTRlVWZDRCzGshuTTc8dCsV0ADgohWyMGke9oshtCTexfg7LCSAHnDWU","lang_type":"1"}}

2018-11-03 00:37:03
demo.webmigrates.com/osnap/api/Notification/CountBase
{"data":{"token":"CoVt8xAt2kL2xFkomNljEErpuvF5cjg6uigqrggSHT4r3H9QuH4lZ5m6Le3xWbeBMTRlVWZDRCzGshuTTc8dCsV0ADgohWyMGke9oshtCTexfg7LCSAHnDWU","user_id":"114","lang_type":"1"}}

2018-11-03 00:37:03
demo.webmigrates.com/osnap/api/Registration/UserDetail
{"data":{"id":"114","other_id":"114","token":"CoVt8xAt2kL2xFkomNljEErpuvF5cjg6uigqrggSHT4r3H9QuH4lZ5m6Le3xWbeBMTRlVWZDRCzGshuTTc8dCsV0ADgohWyMGke9oshtCTexfg7LCSAHnDWU","lang_type":"1"}}

2018-11-03 00:37:06
demo.webmigrates.com/osnap/api/Notification/GetNotification
{"data":{"limit":10,"page":1,"user_id":"114","token":"CoVt8xAt2kL2xFkomNljEErpuvF5cjg6uigqrggSHT4r3H9QuH4lZ5m6Le3xWbeBMTRlVWZDRCzGshuTTc8dCsV0ADgohWyMGke9oshtCTexfg7LCSAHnDWU","lang_type":"1"}}

2018-11-03 00:37:06
demo.webmigrates.com/osnap/api/Notification/ClearBase
{"data":{"token":"CoVt8xAt2kL2xFkomNljEErpuvF5cjg6uigqrggSHT4r3H9QuH4lZ5m6Le3xWbeBMTRlVWZDRCzGshuTTc8dCsV0ADgohWyMGke9oshtCTexfg7LCSAHnDWU","user_id":"114","lang_type":"1"}}

2018-11-03 00:37:06
demo.webmigrates.com/osnap/api/Notification/GetNotification
{"data":{"limit":10,"page":2,"user_id":"114","token":"CoVt8xAt2kL2xFkomNljEErpuvF5cjg6uigqrggSHT4r3H9QuH4lZ5m6Le3xWbeBMTRlVWZDRCzGshuTTc8dCsV0ADgohWyMGke9oshtCTexfg7LCSAHnDWU","lang_type":"1"}}

2018-11-03 00:37:07
demo.webmigrates.com/osnap/api/Registration/EventDetail
{"data":{"id":"114","pb_id":"99","token":"CoVt8xAt2kL2xFkomNljEErpuvF5cjg6uigqrggSHT4r3H9QuH4lZ5m6Le3xWbeBMTRlVWZDRCzGshuTTc8dCsV0ADgohWyMGke9oshtCTexfg7LCSAHnDWU","lang_type":"1"}}

2018-11-03 00:37:11
demo.webmigrates.com/osnap/api/Registration/UserDetail
{"data":{"Dlatitude":"30.713461","id":"114","other_id":"115","Dlongtitude":"76.709770","token":"CoVt8xAt2kL2xFkomNljEErpuvF5cjg6uigqrggSHT4r3H9QuH4lZ5m6Le3xWbeBMTRlVWZDRCzGshuTTc8dCsV0ADgohWyMGke9oshtCTexfg7LCSAHnDWU","lang_type":"1"}}

2018-11-03 00:37:46
demo.webmigrates.com/osnap/api/Registration/UserDetail
{"data":{"id":"114","other_id":"114","token":"CoVt8xAt2kL2xFkomNljEErpuvF5cjg6uigqrggSHT4r3H9QuH4lZ5m6Le3xWbeBMTRlVWZDRCzGshuTTc8dCsV0ADgohWyMGke9oshtCTexfg7LCSAHnDWU","lang_type":"1"}}

2018-11-03 00:37:46
demo.webmigrates.com/osnap/api/Notification/CountBase
{"data":{"token":"CoVt8xAt2kL2xFkomNljEErpuvF5cjg6uigqrggSHT4r3H9QuH4lZ5m6Le3xWbeBMTRlVWZDRCzGshuTTc8dCsV0ADgohWyMGke9oshtCTexfg7LCSAHnDWU","user_id":"114","lang_type":"1"}}

2018-11-03 00:37:50
demo.webmigrates.com/osnap/api/Registration/MyBidPost
{"data":{"limit":10,"id":"114","page":1,"token":"CoVt8xAt2kL2xFkomNljEErpuvF5cjg6uigqrggSHT4r3H9QuH4lZ5m6Le3xWbeBMTRlVWZDRCzGshuTTc8dCsV0ADgohWyMGke9oshtCTexfg7LCSAHnDWU","lang_type":"1"}}

2018-11-03 00:37:52
demo.webmigrates.com/osnap/api/Registration/MyBidPostcompletedAll
{"data":{"limit":10,"id":"114","page":1,"token":"CoVt8xAt2kL2xFkomNljEErpuvF5cjg6uigqrggSHT4r3H9QuH4lZ5m6Le3xWbeBMTRlVWZDRCzGshuTTc8dCsV0ADgohWyMGke9oshtCTexfg7LCSAHnDWU","lang_type":"1"}}

2018-11-03 00:37:52
demo.webmigrates.com/osnap/api/Registration/MyBidPostcompletedAll
{"data":{"limit":10,"id":"114","page":2,"token":"CoVt8xAt2kL2xFkomNljEErpuvF5cjg6uigqrggSHT4r3H9QuH4lZ5m6Le3xWbeBMTRlVWZDRCzGshuTTc8dCsV0ADgohWyMGke9oshtCTexfg7LCSAHnDWU","lang_type":"1"}}

2018-11-03 00:37:53
demo.webmigrates.com/osnap/api/Registration/EventDetail
{"data":{"id":"114","pb_id":"99","token":"CoVt8xAt2kL2xFkomNljEErpuvF5cjg6uigqrggSHT4r3H9QuH4lZ5m6Le3xWbeBMTRlVWZDRCzGshuTTc8dCsV0ADgohWyMGke9oshtCTexfg7LCSAHnDWU","lang_type":"1"}}

2018-11-03 00:37:55
demo.webmigrates.com/osnap/api/Registration/UserDetail
{"data":{"Dlatitude":"30.713461","id":"114","other_id":"115","Dlongtitude":"76.709770","token":"CoVt8xAt2kL2xFkomNljEErpuvF5cjg6uigqrggSHT4r3H9QuH4lZ5m6Le3xWbeBMTRlVWZDRCzGshuTTc8dCsV0ADgohWyMGke9oshtCTexfg7LCSAHnDWU","lang_type":"1"}}

2018-11-03 00:37:59
demo.webmigrates.com/osnap/api/Notification/CountBase
{"data":{"token":"CoVt8xAt2kL2xFkomNljEErpuvF5cjg6uigqrggSHT4r3H9QuH4lZ5m6Le3xWbeBMTRlVWZDRCzGshuTTc8dCsV0ADgohWyMGke9oshtCTexfg7LCSAHnDWU","user_id":"114","lang_type":"1"}}

2018-11-03 00:37:59
demo.webmigrates.com/osnap/api/Registration/UserDetail
{"data":{"id":"114","other_id":"114","token":"CoVt8xAt2kL2xFkomNljEErpuvF5cjg6uigqrggSHT4r3H9QuH4lZ5m6Le3xWbeBMTRlVWZDRCzGshuTTc8dCsV0ADgohWyMGke9oshtCTexfg7LCSAHnDWU","lang_type":"1"}}

2018-11-03 00:40:21
demo.webmigrates.com/osnap/api/Notification/CountBase
{"data":{"token":"DRtFuepDQbBJTsykoxIrye5IjeKQSHtezMlUTI0v43G4CLa8eVsKrPaaJBpmVMFISM39AOu1w0CexrisrcgPcjDi4Cp5h0hh9d3ESCjT1Y0FLjkfs1PDO1Mi","user_id":"3","lang_type":"1"}}

2018-11-03 00:40:21
demo.webmigrates.com/osnap/api/Registration/BusinessMyEvent
{"data":{"id":"3","year":"2018","token":"DRtFuepDQbBJTsykoxIrye5IjeKQSHtezMlUTI0v43G4CLa8eVsKrPaaJBpmVMFISM39AOu1w0CexrisrcgPcjDi4Cp5h0hh9d3ESCjT1Y0FLjkfs1PDO1Mi","lang_type":"1"}}

2018-11-03 00:40:22
demo.webmigrates.com/osnap/api/Registration/UserDetail
{"data":{"id":"3","other_id":"3","token":"DRtFuepDQbBJTsykoxIrye5IjeKQSHtezMlUTI0v43G4CLa8eVsKrPaaJBpmVMFISM39AOu1w0CexrisrcgPcjDi4Cp5h0hh9d3ESCjT1Y0FLjkfs1PDO1Mi","lang_type":"1"}}

2018-11-03 00:43:00
demo.webmigrates.com/osnap/api/Registration/ClientMyEvent
{"data":{"id":"11","year":"2018","token":"K49qF1RIYkftvD0m3MecZDYALK783AbT3YHTOoEISMobcRjIG5JgmAxesDofS6rhLROzwJDmtZIrkHZIlx2LweVaG0C2cl2HzWeQSqZwkC7PxleLj8SOlG0b","lang_type":"1"}}

2018-11-03 00:43:13
demo.webmigrates.com/osnap/api/Registration/BusinessMyEvent
{"data":{"id":"3","year":"2018","token":"DRtFuepDQbBJTsykoxIrye5IjeKQSHtezMlUTI0v43G4CLa8eVsKrPaaJBpmVMFISM39AOu1w0CexrisrcgPcjDi4Cp5h0hh9d3ESCjT1Y0FLjkfs1PDO1Mi","lang_type":"1"}}

2018-11-03 00:43:13
demo.webmigrates.com/osnap/api/Notification/CountBase
{"data":{"token":"DRtFuepDQbBJTsykoxIrye5IjeKQSHtezMlUTI0v43G4CLa8eVsKrPaaJBpmVMFISM39AOu1w0CexrisrcgPcjDi4Cp5h0hh9d3ESCjT1Y0FLjkfs1PDO1Mi","user_id":"3","lang_type":"1"}}

2018-11-03 00:43:13
demo.webmigrates.com/osnap/api/Registration/UserDetail
{"data":{"id":"3","other_id":"3","token":"DRtFuepDQbBJTsykoxIrye5IjeKQSHtezMlUTI0v43G4CLa8eVsKrPaaJBpmVMFISM39AOu1w0CexrisrcgPcjDi4Cp5h0hh9d3ESCjT1Y0FLjkfs1PDO1Mi","lang_type":"1"}}

2018-11-03 00:44:25
demo.webmigrates.com/osnap/api/Registration/BusinessMyEvent
{"data":{"id":"3","year":"2018","token":"DRtFuepDQbBJTsykoxIrye5IjeKQSHtezMlUTI0v43G4CLa8eVsKrPaaJBpmVMFISM39AOu1w0CexrisrcgPcjDi4Cp5h0hh9d3ESCjT1Y0FLjkfs1PDO1Mi","lang_type":"1"}}

2018-11-03 00:44:25
demo.webmigrates.com/osnap/api/Notification/CountBase
{"data":{"token":"DRtFuepDQbBJTsykoxIrye5IjeKQSHtezMlUTI0v43G4CLa8eVsKrPaaJBpmVMFISM39AOu1w0CexrisrcgPcjDi4Cp5h0hh9d3ESCjT1Y0FLjkfs1PDO1Mi","user_id":"3","lang_type":"1"}}

2018-11-03 00:44:25
demo.webmigrates.com/osnap/api/Registration/UserDetail
{"data":{"id":"3","other_id":"3","token":"DRtFuepDQbBJTsykoxIrye5IjeKQSHtezMlUTI0v43G4CLa8eVsKrPaaJBpmVMFISM39AOu1w0CexrisrcgPcjDi4Cp5h0hh9d3ESCjT1Y0FLjkfs1PDO1Mi","lang_type":"1"}}

2018-11-03 00:46:19
demo.webmigrates.com/osnap/api/Notification/CountBase
{"data":{"token":"DRtFuepDQbBJTsykoxIrye5IjeKQSHtezMlUTI0v43G4CLa8eVsKrPaaJBpmVMFISM39AOu1w0CexrisrcgPcjDi4Cp5h0hh9d3ESCjT1Y0FLjkfs1PDO1Mi","user_id":"3","lang_type":"1"}}

2018-11-03 00:46:19
demo.webmigrates.com/osnap/api/Registration/BusinessMyEvent
{"data":{"id":"3","year":"2018","token":"DRtFuepDQbBJTsykoxIrye5IjeKQSHtezMlUTI0v43G4CLa8eVsKrPaaJBpmVMFISM39AOu1w0CexrisrcgPcjDi4Cp5h0hh9d3ESCjT1Y0FLjkfs1PDO1Mi","lang_type":"1"}}

2018-11-03 00:46:19
demo.webmigrates.com/osnap/api/Registration/UserDetail
{"data":{"id":"3","other_id":"3","token":"DRtFuepDQbBJTsykoxIrye5IjeKQSHtezMlUTI0v43G4CLa8eVsKrPaaJBpmVMFISM39AOu1w0CexrisrcgPcjDi4Cp5h0hh9d3ESCjT1Y0FLjkfs1PDO1Mi","lang_type":"1"}}

2018-11-03 00:46:22
demo.webmigrates.com/osnap/api/Registration/MyBidPost
{"data":{"limit":10,"id":"3","page":1,"token":"DRtFuepDQbBJTsykoxIrye5IjeKQSHtezMlUTI0v43G4CLa8eVsKrPaaJBpmVMFISM39AOu1w0CexrisrcgPcjDi4Cp5h0hh9d3ESCjT1Y0FLjkfs1PDO1Mi","lang_type":"1"}}

2018-11-03 00:46:24
demo.webmigrates.com/osnap/api/Registration/UserDetail
{"data":{"id":"3","other_id":"3","token":"DRtFuepDQbBJTsykoxIrye5IjeKQSHtezMlUTI0v43G4CLa8eVsKrPaaJBpmVMFISM39AOu1w0CexrisrcgPcjDi4Cp5h0hh9d3ESCjT1Y0FLjkfs1PDO1Mi","lang_type":"1"}}

2018-11-03 00:46:24
demo.webmigrates.com/osnap/api/Notification/CountBase
{"data":{"token":"DRtFuepDQbBJTsykoxIrye5IjeKQSHtezMlUTI0v43G4CLa8eVsKrPaaJBpmVMFISM39AOu1w0CexrisrcgPcjDi4Cp5h0hh9d3ESCjT1Y0FLjkfs1PDO1Mi","user_id":"3","lang_type":"1"}}

2018-11-03 00:49:57
demo.webmigrates.com/osnap/api/Registration/BusinessMyEvent
{"data":{"id":"3","year":"2018","token":"DRtFuepDQbBJTsykoxIrye5IjeKQSHtezMlUTI0v43G4CLa8eVsKrPaaJBpmVMFISM39AOu1w0CexrisrcgPcjDi4Cp5h0hh9d3ESCjT1Y0FLjkfs1PDO1Mi","lang_type":"1"}}

2018-11-03 00:49:57
demo.webmigrates.com/osnap/api/Registration/UserDetail
{"data":{"id":"3","other_id":"3","token":"DRtFuepDQbBJTsykoxIrye5IjeKQSHtezMlUTI0v43G4CLa8eVsKrPaaJBpmVMFISM39AOu1w0CexrisrcgPcjDi4Cp5h0hh9d3ESCjT1Y0FLjkfs1PDO1Mi","lang_type":"1"}}

2018-11-03 00:49:58
demo.webmigrates.com/osnap/api/Notification/CountBase
{"data":{"token":"DRtFuepDQbBJTsykoxIrye5IjeKQSHtezMlUTI0v43G4CLa8eVsKrPaaJBpmVMFISM39AOu1w0CexrisrcgPcjDi4Cp5h0hh9d3ESCjT1Y0FLjkfs1PDO1Mi","user_id":"3","lang_type":"1"}}

2018-11-03 01:01:35
demo.webmigrates.com/osnap/api/Registration/ClientMyEvent
{"data":{"id":"11","year":"2018","token":"K49qF1RIYkftvD0m3MecZDYALK783AbT3YHTOoEISMobcRjIG5JgmAxesDofS6rhLROzwJDmtZIrkHZIlx2LweVaG0C2cl2HzWeQSqZwkC7PxleLj8SOlG0b","lang_type":"1"}}

2018-11-03 01:03:23
demo.webmigrates.com/osnap/api/Registration/ClientMyEvent
{"data":{"id":"11","year":"2018","token":"K49qF1RIYkftvD0m3MecZDYALK783AbT3YHTOoEISMobcRjIG5JgmAxesDofS6rhLROzwJDmtZIrkHZIlx2LweVaG0C2cl2HzWeQSqZwkC7PxleLj8SOlG0b","lang_type":"1"}}

2018-11-03 01:03:45
demo.webmigrates.com/osnap/api/Registration/BusinessMyEvent
{"data":{"id":"3","year":"2018","token":"DRtFuepDQbBJTsykoxIrye5IjeKQSHtezMlUTI0v43G4CLa8eVsKrPaaJBpmVMFISM39AOu1w0CexrisrcgPcjDi4Cp5h0hh9d3ESCjT1Y0FLjkfs1PDO1Mi","lang_type":"1"}}

2018-11-03 01:03:45
demo.webmigrates.com/osnap/api/Notification/CountBase
{"data":{"token":"DRtFuepDQbBJTsykoxIrye5IjeKQSHtezMlUTI0v43G4CLa8eVsKrPaaJBpmVMFISM39AOu1w0CexrisrcgPcjDi4Cp5h0hh9d3ESCjT1Y0FLjkfs1PDO1Mi","user_id":"3","lang_type":"1"}}

2018-11-03 01:03:46
demo.webmigrates.com/osnap/api/Registration/UserDetail
{"data":{"id":"3","other_id":"3","token":"DRtFuepDQbBJTsykoxIrye5IjeKQSHtezMlUTI0v43G4CLa8eVsKrPaaJBpmVMFISM39AOu1w0CexrisrcgPcjDi4Cp5h0hh9d3ESCjT1Y0FLjkfs1PDO1Mi","lang_type":"1"}}

2018-11-03 01:21:35
demo.webmigrates.com/osnap/api/Registration/UserDetail
{"data":{"id":"110","other_id":"110","token":"MynZl9Mm81whERHfeEqWGmGVb3Cj4MF3vtdpYVI54qKpAQGDXNe3aPdZbuuvqGNIUlgKfxuSjJbJIbRIz6UgSjHqMzbX3XRdjORT1ZHfgJfdhEF54XTF0mwn","lang_type":"1"}}

2018-11-03 01:21:35
demo.webmigrates.com/osnap/api/Notification/CountBase
{"data":{"token":"MynZl9Mm81whERHfeEqWGmGVb3Cj4MF3vtdpYVI54qKpAQGDXNe3aPdZbuuvqGNIUlgKfxuSjJbJIbRIz6UgSjHqMzbX3XRdjORT1ZHfgJfdhEF54XTF0mwn","user_id":"110","lang_type":"1"}}

2018-11-03 01:21:35
demo.webmigrates.com/osnap/api/Registration/ClientMyEvent
{"data":{"id":"110","year":"2018","token":"MynZl9Mm81whERHfeEqWGmGVb3Cj4MF3vtdpYVI54qKpAQGDXNe3aPdZbuuvqGNIUlgKfxuSjJbJIbRIz6UgSjHqMzbX3XRdjORT1ZHfgJfdhEF54XTF0mwn","lang_type":"1"}}

2018-11-03 01:22:11
demo.webmigrates.com/osnap/api/Registration/ClientMyEvent
{"data":{"id":"110","year":"2018","token":"MynZl9Mm81whERHfeEqWGmGVb3Cj4MF3vtdpYVI54qKpAQGDXNe3aPdZbuuvqGNIUlgKfxuSjJbJIbRIz6UgSjHqMzbX3XRdjORT1ZHfgJfdhEF54XTF0mwn","lang_type":"1"}}

2018-11-03 01:22:17
demo.webmigrates.com/osnap/api/Registration/PromotionList
{"data":{"all_list":1,"id":"110","limit":10,"page":1,"token":"MynZl9Mm81whERHfeEqWGmGVb3Cj4MF3vtdpYVI54qKpAQGDXNe3aPdZbuuvqGNIUlgKfxuSjJbJIbRIz6UgSjHqMzbX3XRdjORT1ZHfgJfdhEF54XTF0mwn","lang_type":"1"}}

2018-11-03 01:22:19
demo.webmigrates.com/osnap/api/Registration/UserDetail
{"data":{"id":"110","other_id":"110","token":"MynZl9Mm81whERHfeEqWGmGVb3Cj4MF3vtdpYVI54qKpAQGDXNe3aPdZbuuvqGNIUlgKfxuSjJbJIbRIz6UgSjHqMzbX3XRdjORT1ZHfgJfdhEF54XTF0mwn","lang_type":"1"}}

2018-11-03 01:22:47
demo.webmigrates.com/osnap/api/Registration/ClientMyEvent
{"data":{"id":"110","year":"2018","token":"MynZl9Mm81whERHfeEqWGmGVb3Cj4MF3vtdpYVI54qKpAQGDXNe3aPdZbuuvqGNIUlgKfxuSjJbJIbRIz6UgSjHqMzbX3XRdjORT1ZHfgJfdhEF54XTF0mwn","lang_type":"1"}}

2018-11-03 01:33:46
demo.webmigrates.com/osnap/api/Registration/ClientMyEvent
{"data":{"id":"110","year":"2018","token":"MynZl9Mm81whERHfeEqWGmGVb3Cj4MF3vtdpYVI54qKpAQGDXNe3aPdZbuuvqGNIUlgKfxuSjJbJIbRIz6UgSjHqMzbX3XRdjORT1ZHfgJfdhEF54XTF0mwn","lang_type":"1"}}

2018-11-03 01:51:53
demo.webmigrates.com/osnap/api/Registration/UserDetail
{"data":{"id":"114","other_id":"114","token":"CoVt8xAt2kL2xFkomNljEErpuvF5cjg6uigqrggSHT4r3H9QuH4lZ5m6Le3xWbeBMTRlVWZDRCzGshuTTc8dCsV0ADgohWyMGke9oshtCTexfg7LCSAHnDWU","lang_type":"1"}}

2018-11-03 01:51:53
demo.webmigrates.com/osnap/api/Notification/CountBase
{"data":{"token":"CoVt8xAt2kL2xFkomNljEErpuvF5cjg6uigqrggSHT4r3H9QuH4lZ5m6Le3xWbeBMTRlVWZDRCzGshuTTc8dCsV0ADgohWyMGke9oshtCTexfg7LCSAHnDWU","user_id":"114","lang_type":"1"}}

2018-11-03 01:51:53
demo.webmigrates.com/osnap/api/Registration/BusinessMyEvent
{"data":{"id":"114","year":"2018","token":"CoVt8xAt2kL2xFkomNljEErpuvF5cjg6uigqrggSHT4r3H9QuH4lZ5m6Le3xWbeBMTRlVWZDRCzGshuTTc8dCsV0ADgohWyMGke9oshtCTexfg7LCSAHnDWU","lang_type":"1"}}

2018-11-03 02:04:19
demo.webmigrates.com/osnap/api/Notification/CountBase
{"data":{"token":"CoVt8xAt2kL2xFkomNljEErpuvF5cjg6uigqrggSHT4r3H9QuH4lZ5m6Le3xWbeBMTRlVWZDRCzGshuTTc8dCsV0ADgohWyMGke9oshtCTexfg7LCSAHnDWU","user_id":"114","lang_type":"1"}}

2018-11-03 02:04:19
demo.webmigrates.com/osnap/api/Registration/UserDetail
{"data":{"id":"114","other_id":"114","token":"CoVt8xAt2kL2xFkomNljEErpuvF5cjg6uigqrggSHT4r3H9QuH4lZ5m6Le3xWbeBMTRlVWZDRCzGshuTTc8dCsV0ADgohWyMGke9oshtCTexfg7LCSAHnDWU","lang_type":"1"}}

2018-11-03 02:54:09
demo.webmigrates.com/osnap/api/Registration/Logout
{"data":{"id":"114","token":"CoVt8xAt2kL2xFkomNljEErpuvF5cjg6uigqrggSHT4r3H9QuH4lZ5m6Le3xWbeBMTRlVWZDRCzGshuTTc8dCsV0ADgohWyMGke9oshtCTexfg7LCSAHnDWU","lang_type":"1"}}

2018-11-03 02:55:23
demo.webmigrates.com/osnap/api/Registration/CheckLogin
{"data":{"username":"customer2020","lang_type":"1","password":"12345678","device_token":"edf113b21078bcad5d0911d5d9207676ec44361b797796b237b272e27d21de81","device_type":"1"}}

2018-11-03 02:55:24
demo.webmigrates.com/osnap/api/Registration/ClientMyEvent
{"data":{"id":"115","year":"2018","token":"k9M7gtBF6QAxRci9uuGt2dkLQLCVwS4QiZylRzICgw9ngs7f2r7ILg7DGftDXVafbtJTIPhHqpPG5ELsMbRE4ouyyRfOAOdJgdFOTHiEbWqvx7404WzOwxW2","lang_type":"1"}}

2018-11-03 02:55:24
demo.webmigrates.com/osnap/api/Notification/CountBase
{"data":{"token":"k9M7gtBF6QAxRci9uuGt2dkLQLCVwS4QiZylRzICgw9ngs7f2r7ILg7DGftDXVafbtJTIPhHqpPG5ELsMbRE4ouyyRfOAOdJgdFOTHiEbWqvx7404WzOwxW2","user_id":"115","lang_type":"1"}}

2018-11-03 02:55:24
demo.webmigrates.com/osnap/api/Registration/UserDetail
{"data":{"id":"115","other_id":"115","token":"k9M7gtBF6QAxRci9uuGt2dkLQLCVwS4QiZylRzICgw9ngs7f2r7ILg7DGftDXVafbtJTIPhHqpPG5ELsMbRE4ouyyRfOAOdJgdFOTHiEbWqvx7404WzOwxW2","lang_type":"1"}}

2018-11-03 02:55:37
demo.webmigrates.com/osnap/api/Registration/UserDetail
{"data":{"id":"115","other_id":"115","token":"k9M7gtBF6QAxRci9uuGt2dkLQLCVwS4QiZylRzICgw9ngs7f2r7ILg7DGftDXVafbtJTIPhHqpPG5ELsMbRE4ouyyRfOAOdJgdFOTHiEbWqvx7404WzOwxW2","lang_type":"1"}}

2018-11-03 02:55:38
demo.webmigrates.com/osnap/api/Registration/ClientMyEvent
{"data":{"year":"2018","id":"115","month":"11","token":"k9M7gtBF6QAxRci9uuGt2dkLQLCVwS4QiZylRzICgw9ngs7f2r7ILg7DGftDXVafbtJTIPhHqpPG5ELsMbRE4ouyyRfOAOdJgdFOTHiEbWqvx7404WzOwxW2","lang_type":"1"}}

2018-11-03 02:55:52
demo.webmigrates.com/osnap/api/Registration/UserDetail
{"data":{"id":"115","other_id":"115","token":"k9M7gtBF6QAxRci9uuGt2dkLQLCVwS4QiZylRzICgw9ngs7f2r7ILg7DGftDXVafbtJTIPhHqpPG5ELsMbRE4ouyyRfOAOdJgdFOTHiEbWqvx7404WzOwxW2","lang_type":"1"}}

2018-11-03 02:55:53
demo.webmigrates.com/osnap/api/Registration/MyPost
{"data":{"limit":10,"id":"115","page":1,"token":"k9M7gtBF6QAxRci9uuGt2dkLQLCVwS4QiZylRzICgw9ngs7f2r7ILg7DGftDXVafbtJTIPhHqpPG5ELsMbRE4ouyyRfOAOdJgdFOTHiEbWqvx7404WzOwxW2","lang_type":"1"}}

2018-11-03 02:56:27
demo.webmigrates.com/osnap/api/Registration/MyRunningPostAll
{"data":{"limit":10,"id":"115","page":1,"token":"k9M7gtBF6QAxRci9uuGt2dkLQLCVwS4QiZylRzICgw9ngs7f2r7ILg7DGftDXVafbtJTIPhHqpPG5ELsMbRE4ouyyRfOAOdJgdFOTHiEbWqvx7404WzOwxW2","lang_type":"1"}}

2018-11-03 02:56:35
demo.webmigrates.com/osnap/api/Registration/MyCompletedPostAll
{"data":{"limit":10,"id":"115","page":1,"token":"k9M7gtBF6QAxRci9uuGt2dkLQLCVwS4QiZylRzICgw9ngs7f2r7ILg7DGftDXVafbtJTIPhHqpPG5ELsMbRE4ouyyRfOAOdJgdFOTHiEbWqvx7404WzOwxW2","lang_type":"1"}}

2018-11-03 02:56:35
demo.webmigrates.com/osnap/api/Registration/MyCompletedPostAll
{"data":{"limit":10,"id":"115","page":2,"token":"k9M7gtBF6QAxRci9uuGt2dkLQLCVwS4QiZylRzICgw9ngs7f2r7ILg7DGftDXVafbtJTIPhHqpPG5ELsMbRE4ouyyRfOAOdJgdFOTHiEbWqvx7404WzOwxW2","lang_type":"1"}}

2018-11-03 02:56:38
demo.webmigrates.com/osnap/api/Registration/EventDetail
{"data":{"id":"115","pb_id":"99","token":"k9M7gtBF6QAxRci9uuGt2dkLQLCVwS4QiZylRzICgw9ngs7f2r7ILg7DGftDXVafbtJTIPhHqpPG5ELsMbRE4ouyyRfOAOdJgdFOTHiEbWqvx7404WzOwxW2","lang_type":"1"}}

2018-11-03 02:56:47
demo.webmigrates.com/osnap/api/Registration/UserDetail
{"data":{"Dlatitude":"30.713465","id":"115","other_id":"114","Dlongtitude":"76.709770","token":"k9M7gtBF6QAxRci9uuGt2dkLQLCVwS4QiZylRzICgw9ngs7f2r7ILg7DGftDXVafbtJTIPhHqpPG5ELsMbRE4ouyyRfOAOdJgdFOTHiEbWqvx7404WzOwxW2","lang_type":"1"}}

2018-11-03 02:56:58
demo.webmigrates.com/osnap/api/Registration/UserDetail
{"data":{"id":"115","other_id":"115","token":"k9M7gtBF6QAxRci9uuGt2dkLQLCVwS4QiZylRzICgw9ngs7f2r7ILg7DGftDXVafbtJTIPhHqpPG5ELsMbRE4ouyyRfOAOdJgdFOTHiEbWqvx7404WzOwxW2","lang_type":"1"}}

2018-11-03 02:57:11
demo.webmigrates.com/osnap/api/Registration/Logout
{"data":{"id":"115","token":"k9M7gtBF6QAxRci9uuGt2dkLQLCVwS4QiZylRzICgw9ngs7f2r7ILg7DGftDXVafbtJTIPhHqpPG5ELsMbRE4ouyyRfOAOdJgdFOTHiEbWqvx7404WzOwxW2","lang_type":"1"}}

2018-11-03 02:57:26
demo.webmigrates.com/osnap/api/Registration/CheckLogin
{"data":{"username":"business2018","lang_type":"1","password":"12345678","device_token":"edf113b21078bcad5d0911d5d9207676ec44361b797796b237b272e27d21de81","device_type":"1"}}

2018-11-03 02:57:27
demo.webmigrates.com/osnap/api/Notification/CountBase
{"data":{"token":"X1MuPSbzY8vcOXiL2Okj1DDTKtpemR0iyWYhs09bK7jO44iRVHyV9Wt95zv2NqlwcxxPJI3QYQ9s58QvFfoypJSkjGWx8ryO5ZZgD6XqSOqLhn3mk0x0pHfr","user_id":"111","lang_type":"1"}}

2018-11-03 02:57:27
demo.webmigrates.com/osnap/api/Registration/BusinessMyEvent
{"data":{"id":"111","year":"2018","token":"X1MuPSbzY8vcOXiL2Okj1DDTKtpemR0iyWYhs09bK7jO44iRVHyV9Wt95zv2NqlwcxxPJI3QYQ9s58QvFfoypJSkjGWx8ryO5ZZgD6XqSOqLhn3mk0x0pHfr","lang_type":"1"}}

2018-11-03 02:57:27
demo.webmigrates.com/osnap/api/Registration/UserDetail
{"data":{"id":"111","other_id":"111","token":"X1MuPSbzY8vcOXiL2Okj1DDTKtpemR0iyWYhs09bK7jO44iRVHyV9Wt95zv2NqlwcxxPJI3QYQ9s58QvFfoypJSkjGWx8ryO5ZZgD6XqSOqLhn3mk0x0pHfr","lang_type":"1"}}

2018-11-03 02:57:53
demo.webmigrates.com/osnap/api/Registration/UserDetail
{"data":{"id":"111","other_id":"111","token":"X1MuPSbzY8vcOXiL2Okj1DDTKtpemR0iyWYhs09bK7jO44iRVHyV9Wt95zv2NqlwcxxPJI3QYQ9s58QvFfoypJSkjGWx8ryO5ZZgD6XqSOqLhn3mk0x0pHfr","lang_type":"1"}}

2018-11-03 02:57:53
demo.webmigrates.com/osnap/api/Registration/BusinessMyEvent
{"data":{"id":"111","year":"2018","token":"X1MuPSbzY8vcOXiL2Okj1DDTKtpemR0iyWYhs09bK7jO44iRVHyV9Wt95zv2NqlwcxxPJI3QYQ9s58QvFfoypJSkjGWx8ryO5ZZgD6XqSOqLhn3mk0x0pHfr","lang_type":"1"}}

2018-11-03 02:57:53
demo.webmigrates.com/osnap/api/Notification/CountBase
{"data":{"token":"X1MuPSbzY8vcOXiL2Okj1DDTKtpemR0iyWYhs09bK7jO44iRVHyV9Wt95zv2NqlwcxxPJI3QYQ9s58QvFfoypJSkjGWx8ryO5ZZgD6XqSOqLhn3mk0x0pHfr","user_id":"111","lang_type":"1"}}

2018-11-03 02:57:55
demo.webmigrates.com/osnap/api/Registration/PromotionList
{"data":{"all_list":0,"id":"111","limit":10,"page":1,"token":"X1MuPSbzY8vcOXiL2Okj1DDTKtpemR0iyWYhs09bK7jO44iRVHyV9Wt95zv2NqlwcxxPJI3QYQ9s58QvFfoypJSkjGWx8ryO5ZZgD6XqSOqLhn3mk0x0pHfr","lang_type":"1"}}

2018-11-03 02:57:57
demo.webmigrates.com/osnap/api/Registration/UserDetail
{"data":{"id":"111","other_id":"111","token":"X1MuPSbzY8vcOXiL2Okj1DDTKtpemR0iyWYhs09bK7jO44iRVHyV9Wt95zv2NqlwcxxPJI3QYQ9s58QvFfoypJSkjGWx8ryO5ZZgD6XqSOqLhn3mk0x0pHfr","lang_type":"1"}}

2018-11-03 02:57:57
demo.webmigrates.com/osnap/api/Notification/CountBase
{"data":{"token":"X1MuPSbzY8vcOXiL2Okj1DDTKtpemR0iyWYhs09bK7jO44iRVHyV9Wt95zv2NqlwcxxPJI3QYQ9s58QvFfoypJSkjGWx8ryO5ZZgD6XqSOqLhn3mk0x0pHfr","user_id":"111","lang_type":"1"}}

2018-11-03 02:57:58
demo.webmigrates.com/osnap/api/Registration/MyOffers
{"data":{"Dlatitude":"30.713532","id":"111","Dlongtitude":"76.709769","token":"X1MuPSbzY8vcOXiL2Okj1DDTKtpemR0iyWYhs09bK7jO44iRVHyV9Wt95zv2NqlwcxxPJI3QYQ9s58QvFfoypJSkjGWx8ryO5ZZgD6XqSOqLhn3mk0x0pHfr","lang_type":"1"}}

2018-11-03 02:57:59
demo.webmigrates.com/osnap/api/Notification/CountBase
{"data":{"token":"X1MuPSbzY8vcOXiL2Okj1DDTKtpemR0iyWYhs09bK7jO44iRVHyV9Wt95zv2NqlwcxxPJI3QYQ9s58QvFfoypJSkjGWx8ryO5ZZgD6XqSOqLhn3mk0x0pHfr","user_id":"111","lang_type":"1"}}

2018-11-03 02:57:59
demo.webmigrates.com/osnap/api/Registration/UserDetail
{"data":{"id":"111","other_id":"111","token":"X1MuPSbzY8vcOXiL2Okj1DDTKtpemR0iyWYhs09bK7jO44iRVHyV9Wt95zv2NqlwcxxPJI3QYQ9s58QvFfoypJSkjGWx8ryO5ZZgD6XqSOqLhn3mk0x0pHfr","lang_type":"1"}}

2018-11-03 03:00:13
demo.webmigrates.com/osnap/api/Notification/GetNotification
{"data":{"limit":10,"page":1,"user_id":"111","token":"X1MuPSbzY8vcOXiL2Okj1DDTKtpemR0iyWYhs09bK7jO44iRVHyV9Wt95zv2NqlwcxxPJI3QYQ9s58QvFfoypJSkjGWx8ryO5ZZgD6XqSOqLhn3mk0x0pHfr","lang_type":"1"}}

2018-11-03 03:00:13
demo.webmigrates.com/osnap/api/Notification/ClearBase
{"data":{"token":"X1MuPSbzY8vcOXiL2Okj1DDTKtpemR0iyWYhs09bK7jO44iRVHyV9Wt95zv2NqlwcxxPJI3QYQ9s58QvFfoypJSkjGWx8ryO5ZZgD6XqSOqLhn3mk0x0pHfr","user_id":"111","lang_type":"1"}}

2018-11-03 03:00:13
demo.webmigrates.com/osnap/api/Notification/GetNotification
{"data":{"limit":10,"page":2,"user_id":"111","token":"X1MuPSbzY8vcOXiL2Okj1DDTKtpemR0iyWYhs09bK7jO44iRVHyV9Wt95zv2NqlwcxxPJI3QYQ9s58QvFfoypJSkjGWx8ryO5ZZgD6XqSOqLhn3mk0x0pHfr","lang_type":"1"}}

2018-11-03 03:00:16
demo.webmigrates.com/osnap/api/Registration/SinglePostDetail
{"data":{"id":"111","post_id":"86","token":"X1MuPSbzY8vcOXiL2Okj1DDTKtpemR0iyWYhs09bK7jO44iRVHyV9Wt95zv2NqlwcxxPJI3QYQ9s58QvFfoypJSkjGWx8ryO5ZZgD6XqSOqLhn3mk0x0pHfr","lang_type":"1"}}

2018-11-03 03:00:37
demo.webmigrates.com/osnap/api/Notification/CountBase
{"data":{"token":"X1MuPSbzY8vcOXiL2Okj1DDTKtpemR0iyWYhs09bK7jO44iRVHyV9Wt95zv2NqlwcxxPJI3QYQ9s58QvFfoypJSkjGWx8ryO5ZZgD6XqSOqLhn3mk0x0pHfr","user_id":"111","lang_type":"1"}}

2018-11-03 03:00:37
demo.webmigrates.com/osnap/api/Registration/UserDetail
{"data":{"id":"111","other_id":"111","token":"X1MuPSbzY8vcOXiL2Okj1DDTKtpemR0iyWYhs09bK7jO44iRVHyV9Wt95zv2NqlwcxxPJI3QYQ9s58QvFfoypJSkjGWx8ryO5ZZgD6XqSOqLhn3mk0x0pHfr","lang_type":"1"}}

2018-11-03 03:01:07
demo.webmigrates.com/osnap/api/Notification/GetNotification
{"data":{"limit":10,"page":1,"user_id":"111","token":"X1MuPSbzY8vcOXiL2Okj1DDTKtpemR0iyWYhs09bK7jO44iRVHyV9Wt95zv2NqlwcxxPJI3QYQ9s58QvFfoypJSkjGWx8ryO5ZZgD6XqSOqLhn3mk0x0pHfr","lang_type":"1"}}

2018-11-03 03:01:07
demo.webmigrates.com/osnap/api/Notification/ClearBase
{"data":{"token":"X1MuPSbzY8vcOXiL2Okj1DDTKtpemR0iyWYhs09bK7jO44iRVHyV9Wt95zv2NqlwcxxPJI3QYQ9s58QvFfoypJSkjGWx8ryO5ZZgD6XqSOqLhn3mk0x0pHfr","user_id":"111","lang_type":"1"}}

2018-11-03 03:01:07
demo.webmigrates.com/osnap/api/Notification/GetNotification
{"data":{"limit":10,"page":2,"user_id":"111","token":"X1MuPSbzY8vcOXiL2Okj1DDTKtpemR0iyWYhs09bK7jO44iRVHyV9Wt95zv2NqlwcxxPJI3QYQ9s58QvFfoypJSkjGWx8ryO5ZZgD6XqSOqLhn3mk0x0pHfr","lang_type":"1"}}

2018-11-03 03:01:08
demo.webmigrates.com/osnap/api/Notification/CountBase
{"data":{"token":"X1MuPSbzY8vcOXiL2Okj1DDTKtpemR0iyWYhs09bK7jO44iRVHyV9Wt95zv2NqlwcxxPJI3QYQ9s58QvFfoypJSkjGWx8ryO5ZZgD6XqSOqLhn3mk0x0pHfr","user_id":"111","lang_type":"1"}}

2018-11-03 03:01:08
demo.webmigrates.com/osnap/api/Registration/UserDetail
{"data":{"id":"111","other_id":"111","token":"X1MuPSbzY8vcOXiL2Okj1DDTKtpemR0iyWYhs09bK7jO44iRVHyV9Wt95zv2NqlwcxxPJI3QYQ9s58QvFfoypJSkjGWx8ryO5ZZgD6XqSOqLhn3mk0x0pHfr","lang_type":"1"}}

2018-11-03 03:01:13
demo.webmigrates.com/osnap/api/Registration/MyBidPost
{"data":{"limit":10,"id":"111","page":1,"token":"X1MuPSbzY8vcOXiL2Okj1DDTKtpemR0iyWYhs09bK7jO44iRVHyV9Wt95zv2NqlwcxxPJI3QYQ9s58QvFfoypJSkjGWx8ryO5ZZgD6XqSOqLhn3mk0x0pHfr","lang_type":"1"}}

2018-11-03 03:01:14
demo.webmigrates.com/osnap/api/Registration/MyBidPost
{"data":{"limit":10,"id":"111","page":2,"token":"X1MuPSbzY8vcOXiL2Okj1DDTKtpemR0iyWYhs09bK7jO44iRVHyV9Wt95zv2NqlwcxxPJI3QYQ9s58QvFfoypJSkjGWx8ryO5ZZgD6XqSOqLhn3mk0x0pHfr","lang_type":"1"}}

2018-11-03 03:01:26
demo.webmigrates.com/osnap/api/Registration/MyBidPostRunningAll
{"data":{"limit":10,"id":"111","page":1,"token":"X1MuPSbzY8vcOXiL2Okj1DDTKtpemR0iyWYhs09bK7jO44iRVHyV9Wt95zv2NqlwcxxPJI3QYQ9s58QvFfoypJSkjGWx8ryO5ZZgD6XqSOqLhn3mk0x0pHfr","lang_type":"1"}}

2018-11-03 03:01:27
demo.webmigrates.com/osnap/api/Registration/MyBidPostRunningAll
{"data":{"limit":10,"id":"111","page":2,"token":"X1MuPSbzY8vcOXiL2Okj1DDTKtpemR0iyWYhs09bK7jO44iRVHyV9Wt95zv2NqlwcxxPJI3QYQ9s58QvFfoypJSkjGWx8ryO5ZZgD6XqSOqLhn3mk0x0pHfr","lang_type":"1"}}

2018-11-03 03:01:35
demo.webmigrates.com/osnap/api/Registration/MyBidPostcompletedAll
{"data":{"limit":10,"id":"111","page":1,"token":"X1MuPSbzY8vcOXiL2Okj1DDTKtpemR0iyWYhs09bK7jO44iRVHyV9Wt95zv2NqlwcxxPJI3QYQ9s58QvFfoypJSkjGWx8ryO5ZZgD6XqSOqLhn3mk0x0pHfr","lang_type":"1"}}

2018-11-03 03:01:39
demo.webmigrates.com/osnap/api/Notification/CountBase
{"data":{"token":"X1MuPSbzY8vcOXiL2Okj1DDTKtpemR0iyWYhs09bK7jO44iRVHyV9Wt95zv2NqlwcxxPJI3QYQ9s58QvFfoypJSkjGWx8ryO5ZZgD6XqSOqLhn3mk0x0pHfr","user_id":"111","lang_type":"1"}}

2018-11-03 03:01:39
demo.webmigrates.com/osnap/api/Registration/UserDetail
{"data":{"id":"111","other_id":"111","token":"X1MuPSbzY8vcOXiL2Okj1DDTKtpemR0iyWYhs09bK7jO44iRVHyV9Wt95zv2NqlwcxxPJI3QYQ9s58QvFfoypJSkjGWx8ryO5ZZgD6XqSOqLhn3mk0x0pHfr","lang_type":"1"}}

2018-11-03 03:01:42
demo.webmigrates.com/osnap/api/Registration/BusinessMyEvent
{"data":{"id":"111","year":"2018","token":"X1MuPSbzY8vcOXiL2Okj1DDTKtpemR0iyWYhs09bK7jO44iRVHyV9Wt95zv2NqlwcxxPJI3QYQ9s58QvFfoypJSkjGWx8ryO5ZZgD6XqSOqLhn3mk0x0pHfr","lang_type":"1"}}

2018-11-03 03:01:42
demo.webmigrates.com/osnap/api/Registration/UserDetail
{"data":{"id":"111","other_id":"111","token":"X1MuPSbzY8vcOXiL2Okj1DDTKtpemR0iyWYhs09bK7jO44iRVHyV9Wt95zv2NqlwcxxPJI3QYQ9s58QvFfoypJSkjGWx8ryO5ZZgD6XqSOqLhn3mk0x0pHfr","lang_type":"1"}}

2018-11-03 03:01:42
demo.webmigrates.com/osnap/api/Notification/CountBase
{"data":{"token":"X1MuPSbzY8vcOXiL2Okj1DDTKtpemR0iyWYhs09bK7jO44iRVHyV9Wt95zv2NqlwcxxPJI3QYQ9s58QvFfoypJSkjGWx8ryO5ZZgD6XqSOqLhn3mk0x0pHfr","user_id":"111","lang_type":"1"}}

2018-11-03 03:25:34
demo.webmigrates.com/osnap/api/Registration/Logout
{"data":{"id":"111","token":"X1MuPSbzY8vcOXiL2Okj1DDTKtpemR0iyWYhs09bK7jO44iRVHyV9Wt95zv2NqlwcxxPJI3QYQ9s58QvFfoypJSkjGWx8ryO5ZZgD6XqSOqLhn3mk0x0pHfr","lang_type":"1"}}

2018-11-03 03:27:52
demo.webmigrates.com/osnap/api/Registration/ForgotPassword
{"data":{"lang_type":"1","email_or_username":"customer2020"}}

2018-11-03 03:28:00
demo.webmigrates.com/osnap/api/Registration/Check4DigitPin
{"data":{"user_id":"115","lang_type":"1","security_code":"1234"}}

2018-11-03 03:28:33
demo.webmigrates.com/osnap/api/Registration/ForgotPassword
{"data":{"lang_type":"1","email_or_username":"customer2020"}}

2018-11-03 03:28:41
demo.webmigrates.com/osnap/api/Registration/Check4DigitPin
{"data":{"user_id":"115","lang_type":"1","security_code":"1234"}}

2018-11-03 03:29:27
demo.webmigrates.com/osnap/api/Registration/RecoverAccount
{"data":{"email_or_phone":"customer2020@yopmail.com","lang_type":"1"}}

2018-11-03 03:29:34
demo.webmigrates.com/osnap/api/Registration/RecoverAccount
{"data":{"email_or_phone":"customer2020@yopmail.com","lang_type":"1"}}

2018-11-03 03:32:53
demo.webmigrates.com/osnap/api/Registration/UserRegistration
{"data":{"username":"business2024","longtitude":"78.564251","lang_type":"1","country_code":"+1","country":"India","birth_date":"2000-02-03","latitude":"17.459883","city":"Secunderabad","last_name":"hdhdh","osnap_id":"business2024","state":"Telangana","device_token":"edf113b21078bcad5d0911d5d9207676ec44361b797796b237b272e27d21de81","email":"business8391@yopmail.com","user_type":"2","phone":"84548454075404","password":"123456789","device_type":"1","post_code":"500040","address":"219, HB Colony Main Rd, APHB Colony, Laxmi Nagar, Moula Ali, Secunderabad, Telangana 500040, India","first_name":"bdjd"}}

2018-11-03 03:36:24
demo.webmigrates.com/osnap/api/Registration/VerifyUser
{"data":{"email":"business8391@yopmail.com","username":"business2024","device_type":"1","activation_code":"450836","device_token":"edf113b21078bcad5d0911d5d9207676ec44361b797796b237b272e27d21de81","lang_type":"1"}}

2018-11-03 03:36:29
demo.webmigrates.com/osnap/api/Registration/EditUser
{"data":{"id":"116","security_code":"1234","token":"9cBQC5A6eJiv5FH6QLWMID05m04IXIvatAl2jxVyor3kNdlGNLlLtJZkNtPaA0932m9MiJxT8Fa4vA6CcpAmkRUkAgAlBWiqJRQS1qCtamXYjWAZzX44MFK1","lang_type":"1"}}

2018-11-03 03:36:30
demo.webmigrates.com/osnap/api/General/GetBusinessCategory
{"data":{"id":"116","token":"9cBQC5A6eJiv5FH6QLWMID05m04IXIvatAl2jxVyor3kNdlGNLlLtJZkNtPaA0932m9MiJxT8Fa4vA6CcpAmkRUkAgAlBWiqJRQS1qCtamXYjWAZzX44MFK1","lang_type":"1"}}

2018-11-03 03:36:30
demo.webmigrates.com/osnap/api/General/GetBusinessTypes
{"data":{"id":"116","token":"9cBQC5A6eJiv5FH6QLWMID05m04IXIvatAl2jxVyor3kNdlGNLlLtJZkNtPaA0932m9MiJxT8Fa4vA6CcpAmkRUkAgAlBWiqJRQS1qCtamXYjWAZzX44MFK1","lang_type":"1"}}

2018-11-03 03:38:33
demo.webmigrates.com/osnap/api/Registration/AddUpdateBusinessDetails
{"data":{"id":"116","business_type":"5","business_esta_year":"2017","business_owner":"CEO","business_category":"1","business_osnap_id":"business79374","business_esta_month":"3","business_image":"15412343119739.png","token":"9cBQC5A6eJiv5FH6QLWMID05m04IXIvatAl2jxVyor3kNdlGNLlLtJZkNtPaA0932m9MiJxT8Fa4vA6CcpAmkRUkAgAlBWiqJRQS1qCtamXYjWAZzX44MFK1","business_name":"hdjfj","exp_level":"2","business_notes":"Tesg data","lang_type":"1"}}

2018-11-03 03:38:51
demo.webmigrates.com/osnap/api/Registration/StripeSuccess?state=116&scope=read_write&code=ac_Du8wBEyd9g7pG3ak1sU2UgUy8rU5EL5Y


2018-11-03 03:39:25
demo.webmigrates.com/osnap/api/Registration/EditUser
{"data":{"is_agree":"1","id":"116","token":"9cBQC5A6eJiv5FH6QLWMID05m04IXIvatAl2jxVyor3kNdlGNLlLtJZkNtPaA0932m9MiJxT8Fa4vA6CcpAmkRUkAgAlBWiqJRQS1qCtamXYjWAZzX44MFK1","lang_type":"1"}}

2018-11-03 03:39:26
demo.webmigrates.com/osnap/api/Notification/CountBase
{"data":{"token":"9cBQC5A6eJiv5FH6QLWMID05m04IXIvatAl2jxVyor3kNdlGNLlLtJZkNtPaA0932m9MiJxT8Fa4vA6CcpAmkRUkAgAlBWiqJRQS1qCtamXYjWAZzX44MFK1","user_id":"116","lang_type":"1"}}

2018-11-03 03:39:26
demo.webmigrates.com/osnap/api/Registration/BusinessMyEvent
{"data":{"id":"116","year":"2018","token":"9cBQC5A6eJiv5FH6QLWMID05m04IXIvatAl2jxVyor3kNdlGNLlLtJZkNtPaA0932m9MiJxT8Fa4vA6CcpAmkRUkAgAlBWiqJRQS1qCtamXYjWAZzX44MFK1","lang_type":"1"}}

2018-11-03 03:39:26
demo.webmigrates.com/osnap/api/Registration/UserDetail
{"data":{"id":"116","other_id":"116","token":"9cBQC5A6eJiv5FH6QLWMID05m04IXIvatAl2jxVyor3kNdlGNLlLtJZkNtPaA0932m9MiJxT8Fa4vA6CcpAmkRUkAgAlBWiqJRQS1qCtamXYjWAZzX44MFK1","lang_type":"1"}}

2018-11-03 03:39:35
demo.webmigrates.com/osnap/api/General/GetCategory
{"data":{"id":"116","token":"9cBQC5A6eJiv5FH6QLWMID05m04IXIvatAl2jxVyor3kNdlGNLlLtJZkNtPaA0932m9MiJxT8Fa4vA6CcpAmkRUkAgAlBWiqJRQS1qCtamXYjWAZzX44MFK1","lang_type":"1"}}

2018-11-03 03:40:53
demo.webmigrates.com/osnap/api/Registration/UserDetail
{"data":{"id":"116","other_id":"116","token":"9cBQC5A6eJiv5FH6QLWMID05m04IXIvatAl2jxVyor3kNdlGNLlLtJZkNtPaA0932m9MiJxT8Fa4vA6CcpAmkRUkAgAlBWiqJRQS1qCtamXYjWAZzX44MFK1","lang_type":"1"}}

2018-11-03 03:40:53
demo.webmigrates.com/osnap/api/Notification/CountBase
{"data":{"token":"9cBQC5A6eJiv5FH6QLWMID05m04IXIvatAl2jxVyor3kNdlGNLlLtJZkNtPaA0932m9MiJxT8Fa4vA6CcpAmkRUkAgAlBWiqJRQS1qCtamXYjWAZzX44MFK1","user_id":"116","lang_type":"1"}}

2018-11-03 03:40:57
demo.webmigrates.com/osnap/api/General/GetCategory
{"data":{"id":"116","token":"9cBQC5A6eJiv5FH6QLWMID05m04IXIvatAl2jxVyor3kNdlGNLlLtJZkNtPaA0932m9MiJxT8Fa4vA6CcpAmkRUkAgAlBWiqJRQS1qCtamXYjWAZzX44MFK1","lang_type":"1"}}

2018-11-03 03:41:02
demo.webmigrates.com/osnap/api/General/GetSubCategory
{"data":{"id":"116","category_id":"12","token":"9cBQC5A6eJiv5FH6QLWMID05m04IXIvatAl2jxVyor3kNdlGNLlLtJZkNtPaA0932m9MiJxT8Fa4vA6CcpAmkRUkAgAlBWiqJRQS1qCtamXYjWAZzX44MFK1","lang_type":"1"}}

2018-11-03 03:41:15
demo.webmigrates.com/osnap/api/Registration/AddUpdateSkill
{"data":{"skill":[{"subcategory_name":"framing","price_type":"1","end_time":"8:00 PM","category_id":"12","price":"25","category_name":"Construction","service_name":"hdjjd","start_time":"8:00 AM","service_photo":[],"description":"Test data","subcategory_id":"16"}],"id":"116","token":"9cBQC5A6eJiv5FH6QLWMID05m04IXIvatAl2jxVyor3kNdlGNLlLtJZkNtPaA0932m9MiJxT8Fa4vA6CcpAmkRUkAgAlBWiqJRQS1qCtamXYjWAZzX44MFK1","lang_type":"1"}}

2018-11-03 03:41:17
demo.webmigrates.com/osnap/api/Registration/UserDetail
{"data":{"id":"116","other_id":"116","token":"9cBQC5A6eJiv5FH6QLWMID05m04IXIvatAl2jxVyor3kNdlGNLlLtJZkNtPaA0932m9MiJxT8Fa4vA6CcpAmkRUkAgAlBWiqJRQS1qCtamXYjWAZzX44MFK1","lang_type":"1"}}

2018-11-03 03:41:17
demo.webmigrates.com/osnap/api/Notification/CountBase
{"data":{"token":"9cBQC5A6eJiv5FH6QLWMID05m04IXIvatAl2jxVyor3kNdlGNLlLtJZkNtPaA0932m9MiJxT8Fa4vA6CcpAmkRUkAgAlBWiqJRQS1qCtamXYjWAZzX44MFK1","user_id":"116","lang_type":"1"}}

2018-11-03 03:41:34
demo.webmigrates.com/osnap/api/General/GetEducation
{"data":{"id":"116","token":"9cBQC5A6eJiv5FH6QLWMID05m04IXIvatAl2jxVyor3kNdlGNLlLtJZkNtPaA0932m9MiJxT8Fa4vA6CcpAmkRUkAgAlBWiqJRQS1qCtamXYjWAZzX44MFK1","lang_type":"1"}}

2018-11-03 03:41:54
demo.webmigrates.com/osnap/api/General/GetCategory
{"data":{"id":"116","token":"9cBQC5A6eJiv5FH6QLWMID05m04IXIvatAl2jxVyor3kNdlGNLlLtJZkNtPaA0932m9MiJxT8Fa4vA6CcpAmkRUkAgAlBWiqJRQS1qCtamXYjWAZzX44MFK1","lang_type":"1"}}

2018-11-03 03:41:55
demo.webmigrates.com/osnap/api/General/GetSubCategory
{"data":{"id":"116","category_id":"12","token":"9cBQC5A6eJiv5FH6QLWMID05m04IXIvatAl2jxVyor3kNdlGNLlLtJZkNtPaA0932m9MiJxT8Fa4vA6CcpAmkRUkAgAlBWiqJRQS1qCtamXYjWAZzX44MFK1","lang_type":"1"}}

2018-11-03 11:41:05
demo.webmigrates.com/osnap/api/Registration/ClientMyEvent
{"data":{"id":"110","year":"2018","token":"MynZl9Mm81whERHfeEqWGmGVb3Cj4MF3vtdpYVI54qKpAQGDXNe3aPdZbuuvqGNIUlgKfxuSjJbJIbRIz6UgSjHqMzbX3XRdjORT1ZHfgJfdhEF54XTF0mwn","lang_type":"1"}}

2018-11-03 11:41:05
demo.webmigrates.com/osnap/api/Notification/CountBase
{"data":{"token":"MynZl9Mm81whERHfeEqWGmGVb3Cj4MF3vtdpYVI54qKpAQGDXNe3aPdZbuuvqGNIUlgKfxuSjJbJIbRIz6UgSjHqMzbX3XRdjORT1ZHfgJfdhEF54XTF0mwn","user_id":"110","lang_type":"1"}}

2018-11-03 11:41:05
demo.webmigrates.com/osnap/api/Registration/UserDetail
{"data":{"id":"110","other_id":"110","token":"MynZl9Mm81whERHfeEqWGmGVb3Cj4MF3vtdpYVI54qKpAQGDXNe3aPdZbuuvqGNIUlgKfxuSjJbJIbRIz6UgSjHqMzbX3XRdjORT1ZHfgJfdhEF54XTF0mwn","lang_type":"1"}}

2018-11-03 11:41:47
demo.webmigrates.com/osnap/api/Registration/ClientMyEvent
{"data":{"id":"110","year":"2018","token":"MynZl9Mm81whERHfeEqWGmGVb3Cj4MF3vtdpYVI54qKpAQGDXNe3aPdZbuuvqGNIUlgKfxuSjJbJIbRIz6UgSjHqMzbX3XRdjORT1ZHfgJfdhEF54XTF0mwn","lang_type":"1"}}

2018-11-03 12:15:23
demo.webmigrates.com/osnap/api/Registration/ClientMyEvent
{"data":{"id":"110","year":"2018","token":"MynZl9Mm81whERHfeEqWGmGVb3Cj4MF3vtdpYVI54qKpAQGDXNe3aPdZbuuvqGNIUlgKfxuSjJbJIbRIz6UgSjHqMzbX3XRdjORT1ZHfgJfdhEF54XTF0mwn","lang_type":"1"}}

2018-11-03 12:15:34
demo.webmigrates.com/osnap/api/Registration/ClientMyEvent
{"data":{"id":"110","year":"2018","token":"MynZl9Mm81whERHfeEqWGmGVb3Cj4MF3vtdpYVI54qKpAQGDXNe3aPdZbuuvqGNIUlgKfxuSjJbJIbRIz6UgSjHqMzbX3XRdjORT1ZHfgJfdhEF54XTF0mwn","lang_type":"1"}}

2018-11-03 12:15:38
demo.webmigrates.com/osnap/api/Registration/PromotionList
{"data":{"all_list":1,"id":"110","limit":10,"page":1,"token":"MynZl9Mm81whERHfeEqWGmGVb3Cj4MF3vtdpYVI54qKpAQGDXNe3aPdZbuuvqGNIUlgKfxuSjJbJIbRIz6UgSjHqMzbX3XRdjORT1ZHfgJfdhEF54XTF0mwn","lang_type":"1"}}

2018-11-03 12:15:41
demo.webmigrates.com/osnap/api/Registration/UserDetail
{"data":{"id":"110","other_id":"110","token":"MynZl9Mm81whERHfeEqWGmGVb3Cj4MF3vtdpYVI54qKpAQGDXNe3aPdZbuuvqGNIUlgKfxuSjJbJIbRIz6UgSjHqMzbX3XRdjORT1ZHfgJfdhEF54XTF0mwn","lang_type":"1"}}

2018-11-03 12:15:47
demo.webmigrates.com/osnap/api/Registration/UserDetail
{"data":{"id":"110","other_id":"110","token":"MynZl9Mm81whERHfeEqWGmGVb3Cj4MF3vtdpYVI54qKpAQGDXNe3aPdZbuuvqGNIUlgKfxuSjJbJIbRIz6UgSjHqMzbX3XRdjORT1ZHfgJfdhEF54XTF0mwn","lang_type":"1"}}

2018-11-03 12:15:53
demo.webmigrates.com/osnap/api/Registration/SearchUser
{"data":{"id":"110","Dlongtitude":"-97.083465","keyword":"","limit":10,"token":"MynZl9Mm81whERHfeEqWGmGVb3Cj4MF3vtdpYVI54qKpAQGDXNe3aPdZbuuvqGNIUlgKfxuSjJbJIbRIz6UgSjHqMzbX3XRdjORT1ZHfgJfdhEF54XTF0mwn","lang_type":"1","Dlatitude":"32.924867","page":1}}

2018-11-03 12:15:59
demo.webmigrates.com/osnap/api/Registration/SearchUser
{"data":{"id":"110","Dlongtitude":"-97.083471","keyword":"modeling","limit":10,"token":"MynZl9Mm81whERHfeEqWGmGVb3Cj4MF3vtdpYVI54qKpAQGDXNe3aPdZbuuvqGNIUlgKfxuSjJbJIbRIz6UgSjHqMzbX3XRdjORT1ZHfgJfdhEF54XTF0mwn","lang_type":"1","Dlatitude":"32.924858","page":1}}

2018-11-03 12:16:02
demo.webmigrates.com/osnap/api/Registration/UserDetail
{"data":{"id":"110","other_id":"110","token":"MynZl9Mm81whERHfeEqWGmGVb3Cj4MF3vtdpYVI54qKpAQGDXNe3aPdZbuuvqGNIUlgKfxuSjJbJIbRIz6UgSjHqMzbX3XRdjORT1ZHfgJfdhEF54XTF0mwn","lang_type":"1"}}

2018-11-03 12:16:06
demo.webmigrates.com/osnap/api/Registration/FvrtUsersList
{"data":{"limit":10,"id":"110","page":1,"token":"MynZl9Mm81whERHfeEqWGmGVb3Cj4MF3vtdpYVI54qKpAQGDXNe3aPdZbuuvqGNIUlgKfxuSjJbJIbRIz6UgSjHqMzbX3XRdjORT1ZHfgJfdhEF54XTF0mwn","lang_type":"1"}}

2018-11-03 12:16:16
demo.webmigrates.com/osnap/api/Registration/ClientMyEvent
{"data":{"id":"110","year":"2018","token":"MynZl9Mm81whERHfeEqWGmGVb3Cj4MF3vtdpYVI54qKpAQGDXNe3aPdZbuuvqGNIUlgKfxuSjJbJIbRIz6UgSjHqMzbX3XRdjORT1ZHfgJfdhEF54XTF0mwn","lang_type":"1"}}

2018-11-03 12:16:17
demo.webmigrates.com/osnap/api/Registration/UserDetail
{"data":{"id":"110","other_id":"110","token":"MynZl9Mm81whERHfeEqWGmGVb3Cj4MF3vtdpYVI54qKpAQGDXNe3aPdZbuuvqGNIUlgKfxuSjJbJIbRIz6UgSjHqMzbX3XRdjORT1ZHfgJfdhEF54XTF0mwn","lang_type":"1"}}

2018-11-03 14:01:01
demo.webmigrates.com/osnap/api/Registration/ClientMyEvent
{"data":{"id":"110","year":"2018","token":"MynZl9Mm81whERHfeEqWGmGVb3Cj4MF3vtdpYVI54qKpAQGDXNe3aPdZbuuvqGNIUlgKfxuSjJbJIbRIz6UgSjHqMzbX3XRdjORT1ZHfgJfdhEF54XTF0mwn","lang_type":"1"}}

2018-11-03 14:01:05
demo.webmigrates.com/osnap/api/Registration/Logout
{"data":{"id":"110","token":"MynZl9Mm81whERHfeEqWGmGVb3Cj4MF3vtdpYVI54qKpAQGDXNe3aPdZbuuvqGNIUlgKfxuSjJbJIbRIz6UgSjHqMzbX3XRdjORT1ZHfgJfdhEF54XTF0mwn","lang_type":"1"}}

2018-11-03 14:08:56
demo.webmigrates.com/osnap/api/Registration/ClientMyEvent
{"data":{"id":"","year":"2018","token":"","lang_type":"1"}}

2018-11-03 14:10:40
demo.webmigrates.com/osnap/api/Registration/ClientMyEvent
{"data":{"id":"","year":"2018","token":"","lang_type":"1"}}

2018-11-03 14:24:26
demo.webmigrates.com/osnap/api/Registration/ClientMyEvent
{"data":{"id":"","year":"2018","token":"","lang_type":"1"}}

2018-11-03 14:24:28
demo.webmigrates.com/osnap/api/Registration/CheckLogin
{"data":{"username":"bemp875","lang_type":"1","password":"america1","device_token":"fc17f6681cdd04b0ab5e38f05b6800cfc2b4b2f476ff322ca0eef8ca2d687c69","device_type":"1"}}

2018-11-03 14:24:29
demo.webmigrates.com/osnap/api/Notification/CountBase
{"data":{"token":"IrCehAvbBNUIpSAMwMVY1bltYQxeTr2bIXCvdKJh1jDDMUNfl1brdILj1HHbGsuULHQH6Nd3l06f1t5JXL9NIN1DToDCCU6BxOJGiH4BGedQJJDWJHUQyUww","user_id":"110","lang_type":"1"}}

2018-11-03 14:24:29
demo.webmigrates.com/osnap/api/Registration/ClientMyEvent
{"data":{"id":"110","year":"2018","token":"IrCehAvbBNUIpSAMwMVY1bltYQxeTr2bIXCvdKJh1jDDMUNfl1brdILj1HHbGsuULHQH6Nd3l06f1t5JXL9NIN1DToDCCU6BxOJGiH4BGedQJJDWJHUQyUww","lang_type":"1"}}

2018-11-03 14:24:29
demo.webmigrates.com/osnap/api/Registration/UserDetail
{"data":{"id":"110","other_id":"110","token":"IrCehAvbBNUIpSAMwMVY1bltYQxeTr2bIXCvdKJh1jDDMUNfl1brdILj1HHbGsuULHQH6Nd3l06f1t5JXL9NIN1DToDCCU6BxOJGiH4BGedQJJDWJHUQyUww","lang_type":"1"}}

2018-11-03 14:24:34
demo.webmigrates.com/osnap/api/Registration/Logout
{"data":{"id":"110","token":"IrCehAvbBNUIpSAMwMVY1bltYQxeTr2bIXCvdKJh1jDDMUNfl1brdILj1HHbGsuULHQH6Nd3l06f1t5JXL9NIN1DToDCCU6BxOJGiH4BGedQJJDWJHUQyUww","lang_type":"1"}}

2018-11-03 14:24:40
demo.webmigrates.com/osnap/api/Registration/CheckLogin
{"data":{"username":"bemp874","lang_type":"1","password":"america1","device_token":"fc17f6681cdd04b0ab5e38f05b6800cfc2b4b2f476ff322ca0eef8ca2d687c69","device_type":"1"}}

2018-11-03 14:24:41
demo.webmigrates.com/osnap/api/Registration/UserDetail
{"data":{"id":"109","other_id":"109","token":"HsUVQTAVkRVXL20N7o2G1WgeMqPEitHAg3wxdrpkUITkQ4ARhMWMDiGQWKZAcj0hiGKccnaLcDnt1ALqY2GC2bgBXShZI8LWGPHZ9MYc5RAjygKA9t7Hbe7f","lang_type":"1"}}

2018-11-03 14:24:41
demo.webmigrates.com/osnap/api/Notification/CountBase
{"data":{"token":"HsUVQTAVkRVXL20N7o2G1WgeMqPEitHAg3wxdrpkUITkQ4ARhMWMDiGQWKZAcj0hiGKccnaLcDnt1ALqY2GC2bgBXShZI8LWGPHZ9MYc5RAjygKA9t7Hbe7f","user_id":"109","lang_type":"1"}}

2018-11-03 14:24:41
demo.webmigrates.com/osnap/api/Registration/BusinessMyEvent
{"data":{"id":"109","year":"2018","token":"HsUVQTAVkRVXL20N7o2G1WgeMqPEitHAg3wxdrpkUITkQ4ARhMWMDiGQWKZAcj0hiGKccnaLcDnt1ALqY2GC2bgBXShZI8LWGPHZ9MYc5RAjygKA9t7Hbe7f","lang_type":"1"}}

2018-11-03 14:24:42
demo.webmigrates.com/osnap/upload/image/(null)


2018-11-03 16:33:49
demo.webmigrates.com/osnap/api/Notification/CountBase
{"data":{"token":"HsUVQTAVkRVXL20N7o2G1WgeMqPEitHAg3wxdrpkUITkQ4ARhMWMDiGQWKZAcj0hiGKccnaLcDnt1ALqY2GC2bgBXShZI8LWGPHZ9MYc5RAjygKA9t7Hbe7f","user_id":"109","lang_type":"1"}}

2018-11-03 16:33:49
demo.webmigrates.com/osnap/api/Registration/UserDetail
{"data":{"id":"109","other_id":"109","token":"HsUVQTAVkRVXL20N7o2G1WgeMqPEitHAg3wxdrpkUITkQ4ARhMWMDiGQWKZAcj0hiGKccnaLcDnt1ALqY2GC2bgBXShZI8LWGPHZ9MYc5RAjygKA9t7Hbe7f","lang_type":"1"}}

2018-11-03 16:33:49
demo.webmigrates.com/osnap/api/Registration/BusinessMyEvent
{"data":{"id":"109","year":"2018","token":"HsUVQTAVkRVXL20N7o2G1WgeMqPEitHAg3wxdrpkUITkQ4ARhMWMDiGQWKZAcj0hiGKccnaLcDnt1ALqY2GC2bgBXShZI8LWGPHZ9MYc5RAjygKA9t7Hbe7f","lang_type":"1"}}

