2018-11-04 10:54:42
demo.webmigrates.com/osnap/api/Registration/UserDetail
{"data":{"id":"109","other_id":"109","token":"HsUVQTAVkRVXL20N7o2G1WgeMqPEitHAg3wxdrpkUITkQ4ARhMWMDiGQWKZAcj0hiGKccnaLcDnt1ALqY2GC2bgBXShZI8LWGPHZ9MYc5RAjygKA9t7Hbe7f","lang_type":"1"}}

2018-11-04 10:54:42
demo.webmigrates.com/osnap/api/Registration/BusinessMyEvent
{"data":{"id":"109","year":"2018","token":"HsUVQTAVkRVXL20N7o2G1WgeMqPEitHAg3wxdrpkUITkQ4ARhMWMDiGQWKZAcj0hiGKccnaLcDnt1ALqY2GC2bgBXShZI8LWGPHZ9MYc5RAjygKA9t7Hbe7f","lang_type":"1"}}

2018-11-04 10:54:42
demo.webmigrates.com/osnap/api/Notification/CountBase
{"data":{"token":"HsUVQTAVkRVXL20N7o2G1WgeMqPEitHAg3wxdrpkUITkQ4ARhMWMDiGQWKZAcj0hiGKccnaLcDnt1ALqY2GC2bgBXShZI8LWGPHZ9MYc5RAjygKA9t7Hbe7f","user_id":"109","lang_type":"1"}}

2018-11-04 10:55:02
demo.webmigrates.com/osnap/api/Registration/SearchJob
{"data":{"keyword":"","id":"109","token":"HsUVQTAVkRVXL20N7o2G1WgeMqPEitHAg3wxdrpkUITkQ4ARhMWMDiGQWKZAcj0hiGKccnaLcDnt1ALqY2GC2bgBXShZI8LWGPHZ9MYc5RAjygKA9t7Hbe7f","lang_type":"1"}}

2018-11-04 10:55:20
demo.webmigrates.com/osnap/api/Registration/SearchJob
{"data":{"keyword":"copeman smoth","id":"109","token":"HsUVQTAVkRVXL20N7o2G1WgeMqPEitHAg3wxdrpkUITkQ4ARhMWMDiGQWKZAcj0hiGKccnaLcDnt1ALqY2GC2bgBXShZI8LWGPHZ9MYc5RAjygKA9t7Hbe7f","lang_type":"1"}}

2018-11-04 10:55:32
demo.webmigrates.com/osnap/api/Registration/SearchJob
{"data":{"keyword":"coleman","id":"109","token":"HsUVQTAVkRVXL20N7o2G1WgeMqPEitHAg3wxdrpkUITkQ4ARhMWMDiGQWKZAcj0hiGKccnaLcDnt1ALqY2GC2bgBXShZI8LWGPHZ9MYc5RAjygKA9t7Hbe7f","lang_type":"1"}}

2018-11-04 10:55:35
demo.webmigrates.com/osnap/api/Registration/UserDetail
{"data":{"id":"109","other_id":"109","token":"HsUVQTAVkRVXL20N7o2G1WgeMqPEitHAg3wxdrpkUITkQ4ARhMWMDiGQWKZAcj0hiGKccnaLcDnt1ALqY2GC2bgBXShZI8LWGPHZ9MYc5RAjygKA9t7Hbe7f","lang_type":"1"}}

2018-11-04 10:55:35
demo.webmigrates.com/osnap/api/Notification/CountBase
{"data":{"token":"HsUVQTAVkRVXL20N7o2G1WgeMqPEitHAg3wxdrpkUITkQ4ARhMWMDiGQWKZAcj0hiGKccnaLcDnt1ALqY2GC2bgBXShZI8LWGPHZ9MYc5RAjygKA9t7Hbe7f","user_id":"109","lang_type":"1"}}

2018-11-04 13:29:09
demo.webmigrates.com/osnap/api/Notification/GetNotification
{"data":{"limit":10,"page":1,"user_id":"109","token":"HsUVQTAVkRVXL20N7o2G1WgeMqPEitHAg3wxdrpkUITkQ4ARhMWMDiGQWKZAcj0hiGKccnaLcDnt1ALqY2GC2bgBXShZI8LWGPHZ9MYc5RAjygKA9t7Hbe7f","lang_type":"1"}}

2018-11-04 13:29:10
demo.webmigrates.com/osnap/api/Notification/ClearBase
{"data":{"token":"HsUVQTAVkRVXL20N7o2G1WgeMqPEitHAg3wxdrpkUITkQ4ARhMWMDiGQWKZAcj0hiGKccnaLcDnt1ALqY2GC2bgBXShZI8LWGPHZ9MYc5RAjygKA9t7Hbe7f","user_id":"109","lang_type":"1"}}

2018-11-04 15:27:09
demo.webmigrates.com/osnap/api/Registration/UserDetail
{"data":{"id":"109","other_id":"109","token":"xwRbw0ESNRk3rNGZKl2XMsj338V9zYFfzTxwNs8a3xjl1GdOw2Tstg5nmmXCGh0gwJgBD2HG6SdY4KvIgwrAkYzgz2r0tpa3J4AVbJNNTEBz4X4DoW0Yj8af","lang_type":"1"}}

2018-11-04 15:27:09
demo.webmigrates.com/osnap/api/Notification/CountBase
{"data":{"token":"xwRbw0ESNRk3rNGZKl2XMsj338V9zYFfzTxwNs8a3xjl1GdOw2Tstg5nmmXCGh0gwJgBD2HG6SdY4KvIgwrAkYzgz2r0tpa3J4AVbJNNTEBz4X4DoW0Yj8af","user_id":"109","lang_type":"1"}}

2018-11-04 15:27:12
demo.webmigrates.com/osnap/api/Registration/CheckLogin
{"data":{"username":"bemp874","lang_type":"1","password":"america1","device_token":"121212","device_type":"1"}}

2018-11-04 15:27:13
demo.webmigrates.com/osnap/api/Registration/BusinessMyEvent
{"data":{"id":"109","year":"2018","token":"zp2Cf4GfDJObAkuc1q4yiYxfzOVgjHHdU6nwlPWZtkKYWS2mkAE7FEa9slRFrFATfn6CfJLduGXV139viCmR13vU1nPhBRqp0alFcN7nXTDuK4c94BSQgzCg","lang_type":"1"}}

2018-11-04 15:27:13
demo.webmigrates.com/osnap/api/Registration/UserDetail
{"data":{"id":"109","other_id":"109","token":"zp2Cf4GfDJObAkuc1q4yiYxfzOVgjHHdU6nwlPWZtkKYWS2mkAE7FEa9slRFrFATfn6CfJLduGXV139viCmR13vU1nPhBRqp0alFcN7nXTDuK4c94BSQgzCg","lang_type":"1"}}

2018-11-04 15:27:13
demo.webmigrates.com/osnap/api/Notification/CountBase
{"data":{"token":"zp2Cf4GfDJObAkuc1q4yiYxfzOVgjHHdU6nwlPWZtkKYWS2mkAE7FEa9slRFrFATfn6CfJLduGXV139viCmR13vU1nPhBRqp0alFcN7nXTDuK4c94BSQgzCg","user_id":"109","lang_type":"1"}}

2018-11-04 15:27:15
demo.webmigrates.com/osnap/api/Registration/ExploreRequests
{"data":{"limit":10,"id":"109","other_id":"109","page":1,"token":"zp2Cf4GfDJObAkuc1q4yiYxfzOVgjHHdU6nwlPWZtkKYWS2mkAE7FEa9slRFrFATfn6CfJLduGXV139viCmR13vU1nPhBRqp0alFcN7nXTDuK4c94BSQgzCg","lang_type":"1"}}

2018-11-04 15:27:48
demo.webmigrates.com/osnap/api/Registration/ExploreRequests
{"data":{"limit":10,"id":"109","other_id":"109","page":2,"token":"zp2Cf4GfDJObAkuc1q4yiYxfzOVgjHHdU6nwlPWZtkKYWS2mkAE7FEa9slRFrFATfn6CfJLduGXV139viCmR13vU1nPhBRqp0alFcN7nXTDuK4c94BSQgzCg","lang_type":"1"}}

2018-11-04 15:30:01
demo.webmigrates.com/osnap/api/Registration/UserDetail
{"data":{"id":"109","other_id":"109","token":"zp2Cf4GfDJObAkuc1q4yiYxfzOVgjHHdU6nwlPWZtkKYWS2mkAE7FEa9slRFrFATfn6CfJLduGXV139viCmR13vU1nPhBRqp0alFcN7nXTDuK4c94BSQgzCg","lang_type":"1"}}

2018-11-04 15:30:01
demo.webmigrates.com/osnap/api/Notification/CountBase
{"data":{"token":"zp2Cf4GfDJObAkuc1q4yiYxfzOVgjHHdU6nwlPWZtkKYWS2mkAE7FEa9slRFrFATfn6CfJLduGXV139viCmR13vU1nPhBRqp0alFcN7nXTDuK4c94BSQgzCg","user_id":"109","lang_type":"1"}}

2018-11-04 15:30:14
demo.webmigrates.com/osnap/api/Registration/MyBidPost
{"data":{"limit":10,"id":"109","page":1,"token":"zp2Cf4GfDJObAkuc1q4yiYxfzOVgjHHdU6nwlPWZtkKYWS2mkAE7FEa9slRFrFATfn6CfJLduGXV139viCmR13vU1nPhBRqp0alFcN7nXTDuK4c94BSQgzCg","lang_type":"1"}}

2018-11-04 15:30:16
demo.webmigrates.com/osnap/api/Registration/MyBidPostRunningAll
{"data":{"limit":10,"id":"109","page":1,"token":"zp2Cf4GfDJObAkuc1q4yiYxfzOVgjHHdU6nwlPWZtkKYWS2mkAE7FEa9slRFrFATfn6CfJLduGXV139viCmR13vU1nPhBRqp0alFcN7nXTDuK4c94BSQgzCg","lang_type":"1"}}

2018-11-04 15:30:17
demo.webmigrates.com/osnap/api/Registration/MyBidPostRunningAll
{"data":{"limit":10,"id":"109","page":2,"token":"zp2Cf4GfDJObAkuc1q4yiYxfzOVgjHHdU6nwlPWZtkKYWS2mkAE7FEa9slRFrFATfn6CfJLduGXV139viCmR13vU1nPhBRqp0alFcN7nXTDuK4c94BSQgzCg","lang_type":"1"}}

2018-11-04 15:30:18
demo.webmigrates.com/osnap/api/Registration/MyBidPostcompletedAll
{"data":{"limit":10,"id":"109","page":1,"token":"zp2Cf4GfDJObAkuc1q4yiYxfzOVgjHHdU6nwlPWZtkKYWS2mkAE7FEa9slRFrFATfn6CfJLduGXV139viCmR13vU1nPhBRqp0alFcN7nXTDuK4c94BSQgzCg","lang_type":"1"}}

2018-11-04 15:30:19
demo.webmigrates.com/osnap/api/Registration/MyBidPostcompletedAll
{"data":{"limit":10,"id":"109","page":2,"token":"zp2Cf4GfDJObAkuc1q4yiYxfzOVgjHHdU6nwlPWZtkKYWS2mkAE7FEa9slRFrFATfn6CfJLduGXV139viCmR13vU1nPhBRqp0alFcN7nXTDuK4c94BSQgzCg","lang_type":"1"}}

2018-11-04 15:30:21
demo.webmigrates.com/osnap/api/Registration/MyBidPostRunningAll
{"data":{"limit":10,"id":"109","page":1,"token":"zp2Cf4GfDJObAkuc1q4yiYxfzOVgjHHdU6nwlPWZtkKYWS2mkAE7FEa9slRFrFATfn6CfJLduGXV139viCmR13vU1nPhBRqp0alFcN7nXTDuK4c94BSQgzCg","lang_type":"1"}}

2018-11-04 15:30:21
demo.webmigrates.com/osnap/api/Registration/MyBidPostRunningAll
{"data":{"limit":10,"id":"109","page":2,"token":"zp2Cf4GfDJObAkuc1q4yiYxfzOVgjHHdU6nwlPWZtkKYWS2mkAE7FEa9slRFrFATfn6CfJLduGXV139viCmR13vU1nPhBRqp0alFcN7nXTDuK4c94BSQgzCg","lang_type":"1"}}

2018-11-04 15:30:22
demo.webmigrates.com/osnap/api/Registration/MyBidPostcompletedAll
{"data":{"limit":10,"id":"109","page":1,"token":"zp2Cf4GfDJObAkuc1q4yiYxfzOVgjHHdU6nwlPWZtkKYWS2mkAE7FEa9slRFrFATfn6CfJLduGXV139viCmR13vU1nPhBRqp0alFcN7nXTDuK4c94BSQgzCg","lang_type":"1"}}

2018-11-04 15:30:23
demo.webmigrates.com/osnap/api/Registration/MyBidPostcompletedAll
{"data":{"limit":10,"id":"109","page":2,"token":"zp2Cf4GfDJObAkuc1q4yiYxfzOVgjHHdU6nwlPWZtkKYWS2mkAE7FEa9slRFrFATfn6CfJLduGXV139viCmR13vU1nPhBRqp0alFcN7nXTDuK4c94BSQgzCg","lang_type":"1"}}

2018-11-04 15:30:32
demo.webmigrates.com/osnap/api/Notification/CountBase
{"data":{"token":"zp2Cf4GfDJObAkuc1q4yiYxfzOVgjHHdU6nwlPWZtkKYWS2mkAE7FEa9slRFrFATfn6CfJLduGXV139viCmR13vU1nPhBRqp0alFcN7nXTDuK4c94BSQgzCg","user_id":"109","lang_type":"1"}}

2018-11-04 15:30:32
demo.webmigrates.com/osnap/api/Registration/UserDetail
{"data":{"id":"109","other_id":"109","token":"zp2Cf4GfDJObAkuc1q4yiYxfzOVgjHHdU6nwlPWZtkKYWS2mkAE7FEa9slRFrFATfn6CfJLduGXV139viCmR13vU1nPhBRqp0alFcN7nXTDuK4c94BSQgzCg","lang_type":"1"}}

2018-11-04 15:30:57
demo.webmigrates.com/osnap/api/Registration/BusinessMyEvent
{"data":{"year":"2018","id":"109","month":"11","token":"zp2Cf4GfDJObAkuc1q4yiYxfzOVgjHHdU6nwlPWZtkKYWS2mkAE7FEa9slRFrFATfn6CfJLduGXV139viCmR13vU1nPhBRqp0alFcN7nXTDuK4c94BSQgzCg","lang_type":"1"}}

2018-11-04 15:30:59
demo.webmigrates.com/osnap/api/Registration/BusinessMyEvent
{"data":{"year":"2018","id":"109","month":"12","token":"zp2Cf4GfDJObAkuc1q4yiYxfzOVgjHHdU6nwlPWZtkKYWS2mkAE7FEa9slRFrFATfn6CfJLduGXV139viCmR13vU1nPhBRqp0alFcN7nXTDuK4c94BSQgzCg","lang_type":"1"}}

2018-11-04 15:31:01
demo.webmigrates.com/osnap/api/Registration/BusinessMyEvent
{"data":{"year":"2019","id":"109","month":"01","token":"zp2Cf4GfDJObAkuc1q4yiYxfzOVgjHHdU6nwlPWZtkKYWS2mkAE7FEa9slRFrFATfn6CfJLduGXV139viCmR13vU1nPhBRqp0alFcN7nXTDuK4c94BSQgzCg","lang_type":"1"}}

2018-11-04 15:31:03
demo.webmigrates.com/osnap/api/Registration/UserDetail
{"data":{"id":"109","other_id":"109","token":"zp2Cf4GfDJObAkuc1q4yiYxfzOVgjHHdU6nwlPWZtkKYWS2mkAE7FEa9slRFrFATfn6CfJLduGXV139viCmR13vU1nPhBRqp0alFcN7nXTDuK4c94BSQgzCg","lang_type":"1"}}

2018-11-04 15:31:03
demo.webmigrates.com/osnap/api/Notification/CountBase
{"data":{"token":"zp2Cf4GfDJObAkuc1q4yiYxfzOVgjHHdU6nwlPWZtkKYWS2mkAE7FEa9slRFrFATfn6CfJLduGXV139viCmR13vU1nPhBRqp0alFcN7nXTDuK4c94BSQgzCg","user_id":"109","lang_type":"1"}}

2018-11-04 15:31:15
demo.webmigrates.com/osnap/api/Registration/LikedPost
{"data":{"limit":10,"id":"109","page":1,"token":"zp2Cf4GfDJObAkuc1q4yiYxfzOVgjHHdU6nwlPWZtkKYWS2mkAE7FEa9slRFrFATfn6CfJLduGXV139viCmR13vU1nPhBRqp0alFcN7nXTDuK4c94BSQgzCg","lang_type":"1"}}

2018-11-04 15:31:19
demo.webmigrates.com/osnap/api/Registration/UserDetail
{"data":{"id":"109","other_id":"109","token":"zp2Cf4GfDJObAkuc1q4yiYxfzOVgjHHdU6nwlPWZtkKYWS2mkAE7FEa9slRFrFATfn6CfJLduGXV139viCmR13vU1nPhBRqp0alFcN7nXTDuK4c94BSQgzCg","lang_type":"1"}}

2018-11-04 15:31:19
demo.webmigrates.com/osnap/api/Notification/CountBase
{"data":{"token":"zp2Cf4GfDJObAkuc1q4yiYxfzOVgjHHdU6nwlPWZtkKYWS2mkAE7FEa9slRFrFATfn6CfJLduGXV139viCmR13vU1nPhBRqp0alFcN7nXTDuK4c94BSQgzCg","user_id":"109","lang_type":"1"}}

2018-11-04 15:31:41
demo.webmigrates.com/osnap/api/Registration/UserDetail
{"data":{"id":"109","other_id":"109","token":"zp2Cf4GfDJObAkuc1q4yiYxfzOVgjHHdU6nwlPWZtkKYWS2mkAE7FEa9slRFrFATfn6CfJLduGXV139viCmR13vU1nPhBRqp0alFcN7nXTDuK4c94BSQgzCg","lang_type":"1"}}

2018-11-04 15:31:41
demo.webmigrates.com/osnap/api/Notification/CountBase
{"data":{"token":"zp2Cf4GfDJObAkuc1q4yiYxfzOVgjHHdU6nwlPWZtkKYWS2mkAE7FEa9slRFrFATfn6CfJLduGXV139viCmR13vU1nPhBRqp0alFcN7nXTDuK4c94BSQgzCg","user_id":"109","lang_type":"1"}}

2018-11-04 15:31:43
demo.webmigrates.com/osnap/api/Notification/GetNotification
{"data":{"limit":10,"page":1,"user_id":"109","token":"zp2Cf4GfDJObAkuc1q4yiYxfzOVgjHHdU6nwlPWZtkKYWS2mkAE7FEa9slRFrFATfn6CfJLduGXV139viCmR13vU1nPhBRqp0alFcN7nXTDuK4c94BSQgzCg","lang_type":"1"}}

2018-11-04 15:31:43
demo.webmigrates.com/osnap/api/Notification/ClearBase
{"data":{"token":"zp2Cf4GfDJObAkuc1q4yiYxfzOVgjHHdU6nwlPWZtkKYWS2mkAE7FEa9slRFrFATfn6CfJLduGXV139viCmR13vU1nPhBRqp0alFcN7nXTDuK4c94BSQgzCg","user_id":"109","lang_type":"1"}}

2018-11-04 15:31:46
demo.webmigrates.com/osnap/api/Notification/CountBase
{"data":{"token":"zp2Cf4GfDJObAkuc1q4yiYxfzOVgjHHdU6nwlPWZtkKYWS2mkAE7FEa9slRFrFATfn6CfJLduGXV139viCmR13vU1nPhBRqp0alFcN7nXTDuK4c94BSQgzCg","user_id":"109","lang_type":"1"}}

2018-11-04 15:31:46
demo.webmigrates.com/osnap/api/Registration/UserDetail
{"data":{"id":"109","other_id":"109","token":"zp2Cf4GfDJObAkuc1q4yiYxfzOVgjHHdU6nwlPWZtkKYWS2mkAE7FEa9slRFrFATfn6CfJLduGXV139viCmR13vU1nPhBRqp0alFcN7nXTDuK4c94BSQgzCg","lang_type":"1"}}

2018-11-04 15:31:54
demo.webmigrates.com/osnap/api/Registration/Logout
{"data":{"id":"109","token":"zp2Cf4GfDJObAkuc1q4yiYxfzOVgjHHdU6nwlPWZtkKYWS2mkAE7FEa9slRFrFATfn6CfJLduGXV139viCmR13vU1nPhBRqp0alFcN7nXTDuK4c94BSQgzCg","lang_type":"1"}}

2018-11-04 15:32:08
demo.webmigrates.com/osnap/api/Registration/CheckLogin
{"data":{"username":"bemp875","lang_type":"1","password":"america1","device_token":"121212","device_type":"1"}}

2018-11-04 15:32:09
demo.webmigrates.com/osnap/api/Registration/UserDetail
{"data":{"id":"110","other_id":"110","token":"VUcvEpMrvFPlsRZD7Cqf7JgQvM4UeopDM6VPHhTE7aUyMUwH5udWdtpBKFi7tkJewhItj2KSu1Fg3MbHpnnrq3FKCOAsa2kLuKFNkfEG6LGIX6BD2nNMi52N","lang_type":"1"}}

2018-11-04 15:32:09
demo.webmigrates.com/osnap/api/Notification/CountBase
{"data":{"token":"VUcvEpMrvFPlsRZD7Cqf7JgQvM4UeopDM6VPHhTE7aUyMUwH5udWdtpBKFi7tkJewhItj2KSu1Fg3MbHpnnrq3FKCOAsa2kLuKFNkfEG6LGIX6BD2nNMi52N","user_id":"110","lang_type":"1"}}

2018-11-04 15:32:09
demo.webmigrates.com/osnap/api/Registration/ClientMyEvent
{"data":{"id":"110","year":"2018","token":"VUcvEpMrvFPlsRZD7Cqf7JgQvM4UeopDM6VPHhTE7aUyMUwH5udWdtpBKFi7tkJewhItj2KSu1Fg3MbHpnnrq3FKCOAsa2kLuKFNkfEG6LGIX6BD2nNMi52N","lang_type":"1"}}

2018-11-04 15:32:39
demo.webmigrates.com/osnap/api/Registration/UserDetail
{"data":{"id":"110","other_id":"110","token":"VUcvEpMrvFPlsRZD7Cqf7JgQvM4UeopDM6VPHhTE7aUyMUwH5udWdtpBKFi7tkJewhItj2KSu1Fg3MbHpnnrq3FKCOAsa2kLuKFNkfEG6LGIX6BD2nNMi52N","lang_type":"1"}}

2018-11-04 15:32:45
demo.webmigrates.com/osnap/api/Registration/MyPost
{"data":{"limit":10,"id":"110","page":1,"token":"VUcvEpMrvFPlsRZD7Cqf7JgQvM4UeopDM6VPHhTE7aUyMUwH5udWdtpBKFi7tkJewhItj2KSu1Fg3MbHpnnrq3FKCOAsa2kLuKFNkfEG6LGIX6BD2nNMi52N","lang_type":"1"}}

2018-11-04 15:32:47
demo.webmigrates.com/osnap/api/Registration/UserDetail
{"data":{"id":"110","other_id":"110","token":"VUcvEpMrvFPlsRZD7Cqf7JgQvM4UeopDM6VPHhTE7aUyMUwH5udWdtpBKFi7tkJewhItj2KSu1Fg3MbHpnnrq3FKCOAsa2kLuKFNkfEG6LGIX6BD2nNMi52N","lang_type":"1"}}

2018-11-04 15:32:49
demo.webmigrates.com/osnap/api/Registration/SearchUser
{"data":{"id":"110","Dlongtitude":"-97.038124","keyword":"","limit":10,"token":"VUcvEpMrvFPlsRZD7Cqf7JgQvM4UeopDM6VPHhTE7aUyMUwH5udWdtpBKFi7tkJewhItj2KSu1Fg3MbHpnnrq3FKCOAsa2kLuKFNkfEG6LGIX6BD2nNMi52N","lang_type":"1","Dlatitude":"32.685590","page":1}}

2018-11-04 15:33:13
demo.webmigrates.com/osnap/api/Registration/SearchUser
{"data":{"id":"110","Dlongtitude":"-97.038124","keyword":"","limit":10,"token":"VUcvEpMrvFPlsRZD7Cqf7JgQvM4UeopDM6VPHhTE7aUyMUwH5udWdtpBKFi7tkJewhItj2KSu1Fg3MbHpnnrq3FKCOAsa2kLuKFNkfEG6LGIX6BD2nNMi52N","lang_type":"1","Dlatitude":"32.685590","page":2}}

2018-11-04 15:33:18
demo.webmigrates.com/osnap/api/Registration/UserDetail
{"data":{"id":"110","other_id":"110","token":"VUcvEpMrvFPlsRZD7Cqf7JgQvM4UeopDM6VPHhTE7aUyMUwH5udWdtpBKFi7tkJewhItj2KSu1Fg3MbHpnnrq3FKCOAsa2kLuKFNkfEG6LGIX6BD2nNMi52N","lang_type":"1"}}

2018-11-04 15:33:19
demo.webmigrates.com/osnap/api/Registration/SearchUser
{"data":{"id":"110","Dlongtitude":"-97.038117","keyword":"","limit":10,"token":"VUcvEpMrvFPlsRZD7Cqf7JgQvM4UeopDM6VPHhTE7aUyMUwH5udWdtpBKFi7tkJewhItj2KSu1Fg3MbHpnnrq3FKCOAsa2kLuKFNkfEG6LGIX6BD2nNMi52N","lang_type":"1","Dlatitude":"32.685588","page":1}}

2018-11-04 15:33:56
demo.webmigrates.com/osnap/api/Registration/SearchUser
{"data":{"id":"110","Dlongtitude":"-97.038118","keyword":"","limit":10,"token":"VUcvEpMrvFPlsRZD7Cqf7JgQvM4UeopDM6VPHhTE7aUyMUwH5udWdtpBKFi7tkJewhItj2KSu1Fg3MbHpnnrq3FKCOAsa2kLuKFNkfEG6LGIX6BD2nNMi52N","lang_type":"1","Dlatitude":"32.685579","page":2}}

2018-11-04 15:38:41
demo.webmigrates.com/osnap/api/Registration/ClientMyEvent
{"data":{"id":"110","year":"2018","token":"VUcvEpMrvFPlsRZD7Cqf7JgQvM4UeopDM6VPHhTE7aUyMUwH5udWdtpBKFi7tkJewhItj2KSu1Fg3MbHpnnrq3FKCOAsa2kLuKFNkfEG6LGIX6BD2nNMi52N","lang_type":"1"}}

2018-11-04 15:39:53
demo.webmigrates.com/osnap/api/Registration/SearchUser
{"data":{"id":"110","Dlongtitude":"-97.038141","keyword":"yfhdm","limit":10,"token":"VUcvEpMrvFPlsRZD7Cqf7JgQvM4UeopDM6VPHhTE7aUyMUwH5udWdtpBKFi7tkJewhItj2KSu1Fg3MbHpnnrq3FKCOAsa2kLuKFNkfEG6LGIX6BD2nNMi52N","lang_type":"1","Dlatitude":"32.685580","page":3}}

2018-11-04 15:42:20
demo.webmigrates.com/osnap/api/Registration/UserDetail
{"data":{"id":"110","other_id":"110","token":"VUcvEpMrvFPlsRZD7Cqf7JgQvM4UeopDM6VPHhTE7aUyMUwH5udWdtpBKFi7tkJewhItj2KSu1Fg3MbHpnnrq3FKCOAsa2kLuKFNkfEG6LGIX6BD2nNMi52N","lang_type":"1"}}

2018-11-04 15:42:25
demo.webmigrates.com/osnap/api/Registration/ClientMyEvent
{"data":{"year":"2018","id":"110","month":"11","token":"VUcvEpMrvFPlsRZD7Cqf7JgQvM4UeopDM6VPHhTE7aUyMUwH5udWdtpBKFi7tkJewhItj2KSu1Fg3MbHpnnrq3FKCOAsa2kLuKFNkfEG6LGIX6BD2nNMi52N","lang_type":"1"}}

2018-11-04 15:42:29
demo.webmigrates.com/osnap/api/Registration/ClientMyEvent
{"data":{"year":"2018","id":"110","month":"10","token":"VUcvEpMrvFPlsRZD7Cqf7JgQvM4UeopDM6VPHhTE7aUyMUwH5udWdtpBKFi7tkJewhItj2KSu1Fg3MbHpnnrq3FKCOAsa2kLuKFNkfEG6LGIX6BD2nNMi52N","lang_type":"1"}}

2018-11-04 15:42:33
demo.webmigrates.com/osnap/api/Registration/ClientMyEvent
{"data":{"year":"2018","id":"110","month":"11","token":"VUcvEpMrvFPlsRZD7Cqf7JgQvM4UeopDM6VPHhTE7aUyMUwH5udWdtpBKFi7tkJewhItj2KSu1Fg3MbHpnnrq3FKCOAsa2kLuKFNkfEG6LGIX6BD2nNMi52N","lang_type":"1"}}

2018-11-04 15:42:36
demo.webmigrates.com/osnap/api/Registration/UserDetail
{"data":{"id":"110","other_id":"110","token":"VUcvEpMrvFPlsRZD7Cqf7JgQvM4UeopDM6VPHhTE7aUyMUwH5udWdtpBKFi7tkJewhItj2KSu1Fg3MbHpnnrq3FKCOAsa2kLuKFNkfEG6LGIX6BD2nNMi52N","lang_type":"1"}}

2018-11-04 15:42:39
demo.webmigrates.com/osnap/api/Registration/Logout
{"data":{"id":"110","token":"VUcvEpMrvFPlsRZD7Cqf7JgQvM4UeopDM6VPHhTE7aUyMUwH5udWdtpBKFi7tkJewhItj2KSu1Fg3MbHpnnrq3FKCOAsa2kLuKFNkfEG6LGIX6BD2nNMi52N","lang_type":"1"}}

2018-11-04 15:42:45
demo.webmigrates.com/osnap/api/Registration/CheckLogin
{"data":{"username":"bemp874","lang_type":"1","password":"america1","device_token":"121212","device_type":"1"}}

2018-11-04 15:42:46
demo.webmigrates.com/osnap/api/Registration/UserDetail
{"data":{"id":"109","other_id":"109","token":"prwFtlpc6QxCFkljBV1Ew0zAR4ZLqISIWYhb6KqsUTaRuf70jXwzDUQx5ixlGChFgwUvkaResgXFFyrRolzhgGZeGlWqGJ7yhr6QiuFIR2RpyQ8wwwFkB3ID","lang_type":"1"}}

2018-11-04 15:42:46
demo.webmigrates.com/osnap/api/Registration/BusinessMyEvent
{"data":{"id":"109","year":"2018","token":"prwFtlpc6QxCFkljBV1Ew0zAR4ZLqISIWYhb6KqsUTaRuf70jXwzDUQx5ixlGChFgwUvkaResgXFFyrRolzhgGZeGlWqGJ7yhr6QiuFIR2RpyQ8wwwFkB3ID","lang_type":"1"}}

2018-11-04 15:42:46
demo.webmigrates.com/osnap/api/Notification/CountBase
{"data":{"token":"prwFtlpc6QxCFkljBV1Ew0zAR4ZLqISIWYhb6KqsUTaRuf70jXwzDUQx5ixlGChFgwUvkaResgXFFyrRolzhgGZeGlWqGJ7yhr6QiuFIR2RpyQ8wwwFkB3ID","user_id":"109","lang_type":"1"}}

2018-11-04 15:42:49
demo.webmigrates.com/osnap/api/Registration/BusinessMyEvent
{"data":{"year":"2018","id":"109","month":"11","token":"prwFtlpc6QxCFkljBV1Ew0zAR4ZLqISIWYhb6KqsUTaRuf70jXwzDUQx5ixlGChFgwUvkaResgXFFyrRolzhgGZeGlWqGJ7yhr6QiuFIR2RpyQ8wwwFkB3ID","lang_type":"1"}}

2018-11-04 15:42:50
demo.webmigrates.com/osnap/api/Registration/BusinessMyEvent
{"data":{"year":"2018","id":"109","month":"10","token":"prwFtlpc6QxCFkljBV1Ew0zAR4ZLqISIWYhb6KqsUTaRuf70jXwzDUQx5ixlGChFgwUvkaResgXFFyrRolzhgGZeGlWqGJ7yhr6QiuFIR2RpyQ8wwwFkB3ID","lang_type":"1"}}

2018-11-04 15:42:56
demo.webmigrates.com/osnap/api/Registration/BusinessMyEvent
{"data":{"year":"2018","id":"109","month":"11","token":"prwFtlpc6QxCFkljBV1Ew0zAR4ZLqISIWYhb6KqsUTaRuf70jXwzDUQx5ixlGChFgwUvkaResgXFFyrRolzhgGZeGlWqGJ7yhr6QiuFIR2RpyQ8wwwFkB3ID","lang_type":"1"}}

2018-11-04 15:43:04
demo.webmigrates.com/osnap/api/Registration/EventDetail
{"data":{"id":"109","pb_id":"95","token":"prwFtlpc6QxCFkljBV1Ew0zAR4ZLqISIWYhb6KqsUTaRuf70jXwzDUQx5ixlGChFgwUvkaResgXFFyrRolzhgGZeGlWqGJ7yhr6QiuFIR2RpyQ8wwwFkB3ID","lang_type":"1"}}

2018-11-04 15:43:08
demo.webmigrates.com/osnap/api/Registration/UserDetail
{"data":{"Dlatitude":"32.685594","id":"109","other_id":"41","Dlongtitude":"-97.038145","token":"prwFtlpc6QxCFkljBV1Ew0zAR4ZLqISIWYhb6KqsUTaRuf70jXwzDUQx5ixlGChFgwUvkaResgXFFyrRolzhgGZeGlWqGJ7yhr6QiuFIR2RpyQ8wwwFkB3ID","lang_type":"1"}}

2018-11-04 15:43:57
demo.webmigrates.com/osnap/api/Registration/EventDetail
{"data":{"id":"109","pb_id":"95","token":"prwFtlpc6QxCFkljBV1Ew0zAR4ZLqISIWYhb6KqsUTaRuf70jXwzDUQx5ixlGChFgwUvkaResgXFFyrRolzhgGZeGlWqGJ7yhr6QiuFIR2RpyQ8wwwFkB3ID","lang_type":"1"}}

2018-11-04 15:44:21
demo.webmigrates.com/osnap/api/Registration/UserDetail
{"data":{"Dlatitude":"32.685577","id":"109","other_id":"41","Dlongtitude":"-97.038106","token":"prwFtlpc6QxCFkljBV1Ew0zAR4ZLqISIWYhb6KqsUTaRuf70jXwzDUQx5ixlGChFgwUvkaResgXFFyrRolzhgGZeGlWqGJ7yhr6QiuFIR2RpyQ8wwwFkB3ID","lang_type":"1"}}

2018-11-04 19:56:37
demo.webmigrates.com/osnap/api/Registration/UserDetail
{"data":{"id":"109","other_id":"109","token":"HsUVQTAVkRVXL20N7o2G1WgeMqPEitHAg3wxdrpkUITkQ4ARhMWMDiGQWKZAcj0hiGKccnaLcDnt1ALqY2GC2bgBXShZI8LWGPHZ9MYc5RAjygKA9t7Hbe7f","lang_type":"1"}}

2018-11-04 19:56:37
demo.webmigrates.com/osnap/api/Notification/CountBase
{"data":{"token":"HsUVQTAVkRVXL20N7o2G1WgeMqPEitHAg3wxdrpkUITkQ4ARhMWMDiGQWKZAcj0hiGKccnaLcDnt1ALqY2GC2bgBXShZI8LWGPHZ9MYc5RAjygKA9t7Hbe7f","user_id":"109","lang_type":"1"}}

2018-11-04 20:01:50
demo.webmigrates.com/osnap/api/Registration/UserRegistration
{"data":{"username":"bemp876","longtitude":"-97.038049","lang_type":"1","country_code":"+1","country":"USA","birth_date":"2000-11-04","latitude":"32.685569","city":"Grand Prairie","last_name":"smitj","osnap_id":"bemp876","state":"TX","device_token":"fc17f6681cdd04b0ab5e38f05b6800cfc2b4b2f476ff322ca0eef8ca2d687c69","email":"ben.f.smith@outlook.com","user_type":"2","phone":"2145169884","password":"america1","device_type":"1","post_code":"75052","address":"3515 Ponderosa Dr, Grand Prairie, TX 75052, USA","first_name":"ben"}}

2018-11-04 20:01:55
demo.webmigrates.com/osnap/api/Registration/UserRegistration
{"data":{"username":"bemp876","longtitude":"-97.038049","lang_type":"1","country_code":"+1","country":"USA","birth_date":"2000-11-04","latitude":"32.685569","city":"Grand Prairie","last_name":"smitj","osnap_id":"bemp876","state":"TX","device_token":"fc17f6681cdd04b0ab5e38f05b6800cfc2b4b2f476ff322ca0eef8ca2d687c69","email":"ben.f.smith@outlook.com","user_type":"2","phone":"2145169884","password":"america1","device_type":"1","post_code":"75052","address":"3515 Ponderosa Dr, Grand Prairie, TX 75052, USA","first_name":"ben"}}

2018-11-04 20:02:17
demo.webmigrates.com/osnap/api/Registration/UserRegistration
{"data":{"username":"bemp876","longtitude":"-97.038049","lang_type":"1","country_code":"+1","country":"USA","birth_date":"2000-11-04","latitude":"32.685569","city":"Grand Prairie","last_name":"smitj","osnap_id":"bemp876","state":"TX","device_token":"fc17f6681cdd04b0ab5e38f05b6800cfc2b4b2f476ff322ca0eef8ca2d687c69","email":"ben.f.smith@outlook.com","user_type":"2","phone":"2145166464","password":"america1","device_type":"1","post_code":"75052","address":"3515 Ponderosa Dr, Grand Prairie, TX 75052, USA","first_name":"ben"}}

2018-11-04 20:02:31
demo.webmigrates.com/osnap/images/logo-white.png


2018-11-04 20:02:38
demo.webmigrates.com/osnap/api/Registration/VerifyUser
{"data":{"email":"ben.f.smith@outlook.com","username":"bemp876","device_type":"1","activation_code":"333027","device_token":"fc17f6681cdd04b0ab5e38f05b6800cfc2b4b2f476ff322ca0eef8ca2d687c69","lang_type":"1"}}

2018-11-04 20:02:46
demo.webmigrates.com/osnap/api/Registration/EditUser
{"data":{"id":"117","security_code":"0087","token":"gJrAcVM8z21p6uoouP8ab3lAQUnYjQbkSzGAORtFOigJUud8cLRzHgKd99m54sGUQIZWm58uG15JEzxWnbx2VP3v6jwiT8a5X2gDzILzfZKsD9WKfGOIEoGi","lang_type":"1"}}

2018-11-04 20:02:47
demo.webmigrates.com/osnap/api/General/GetBusinessTypes
{"data":{"id":"117","token":"gJrAcVM8z21p6uoouP8ab3lAQUnYjQbkSzGAORtFOigJUud8cLRzHgKd99m54sGUQIZWm58uG15JEzxWnbx2VP3v6jwiT8a5X2gDzILzfZKsD9WKfGOIEoGi","lang_type":"1"}}

2018-11-04 20:02:47
demo.webmigrates.com/osnap/api/General/GetBusinessCategory
{"data":{"id":"117","token":"gJrAcVM8z21p6uoouP8ab3lAQUnYjQbkSzGAORtFOigJUud8cLRzHgKd99m54sGUQIZWm58uG15JEzxWnbx2VP3v6jwiT8a5X2gDzILzfZKsD9WKfGOIEoGi","lang_type":"1"}}

2018-11-04 20:25:55
demo.webmigrates.com/osnap/api/Registration/AddUpdateBusinessDetails
{"data":{"id":"117","business_esta_year":"2017","business_type":"3","business_owner":"President","business_category":"2","business_osnap_id":"bemp876","business_esta_month":"2","token":"gJrAcVM8z21p6uoouP8ab3lAQUnYjQbkSzGAORtFOigJUud8cLRzHgKd99m54sGUQIZWm58uG15JEzxWnbx2VP3v6jwiT8a5X2gDzILzfZKsD9WKfGOIEoGi","business_name":"bens company","exp_level":"3","business_notes":"Real stuff","lang_type":"1"}}

2018-11-04 21:04:27
demo.webmigrates.com/osnap/api/Registration/StripeSuccess?state=117&scope=read_write&code=ac_Duo0DrnfFXmgRTMPOSEtaEA5mBLmMaRe


2018-11-04 23:11:54
demo.webmigrates.com/osnap/api/Registration/UserDetail
{"data":{"id":"116","other_id":"116","token":"9cBQC5A6eJiv5FH6QLWMID05m04IXIvatAl2jxVyor3kNdlGNLlLtJZkNtPaA0932m9MiJxT8Fa4vA6CcpAmkRUkAgAlBWiqJRQS1qCtamXYjWAZzX44MFK1","lang_type":"1"}}

2018-11-04 23:11:54
demo.webmigrates.com/osnap/api/Notification/CountBase
{"data":{"token":"9cBQC5A6eJiv5FH6QLWMID05m04IXIvatAl2jxVyor3kNdlGNLlLtJZkNtPaA0932m9MiJxT8Fa4vA6CcpAmkRUkAgAlBWiqJRQS1qCtamXYjWAZzX44MFK1","user_id":"116","lang_type":"1"}}

2018-11-04 23:11:54
demo.webmigrates.com/osnap/api/Registration/BusinessMyEvent
{"data":{"id":"116","year":"2018","token":"9cBQC5A6eJiv5FH6QLWMID05m04IXIvatAl2jxVyor3kNdlGNLlLtJZkNtPaA0932m9MiJxT8Fa4vA6CcpAmkRUkAgAlBWiqJRQS1qCtamXYjWAZzX44MFK1","lang_type":"1"}}

2018-11-04 23:11:59
demo.webmigrates.com/osnap/api/Registration/Logout
{"data":{"id":"116","token":"9cBQC5A6eJiv5FH6QLWMID05m04IXIvatAl2jxVyor3kNdlGNLlLtJZkNtPaA0932m9MiJxT8Fa4vA6CcpAmkRUkAgAlBWiqJRQS1qCtamXYjWAZzX44MFK1","lang_type":"1"}}

2018-11-04 23:17:32
demo.webmigrates.com/osnap/api/Registration/UserRegistration
{"data":{"username":"amit","longtitude":"-73.393668","lang_type":"1","country_code":"+1","country":"USA","birth_date":"2000-09-05","latitude":"40.791382","city":"Huntington Station","last_name":"hjg","osnap_id":"amit123","state":"NY","device_token":"edf113b21078bcad5d0911d5d9207676ec44361b797796b237b272e27d21de81","email":"amitrenia@gmail.com","user_type":"1","phone":"88658556586955","password":"gjvgkgvhj","device_type":"1","post_code":"11746","address":"250 Old South Path, Huntington Station, NY 11746, USA","first_name":"jkgh"}}

2018-11-04 23:17:43
demo.webmigrates.com/osnap/api/Registration/UserRegistration
{"data":{"username":"amit","longtitude":"-73.393668","lang_type":"1","country_code":"+1","country":"USA","birth_date":"2000-09-05","latitude":"40.791382","city":"Huntington Station","last_name":"hjg","osnap_id":"amit123","state":"NY","device_token":"edf113b21078bcad5d0911d5d9207676ec44361b797796b237b272e27d21de81","email":"amitrenia123@gmail.com","user_type":"1","phone":"88658556586955","password":"gjvgkgvhj","device_type":"1","post_code":"11746","address":"250 Old South Path, Huntington Station, NY 11746, USA","first_name":"jkgh"}}

2018-11-04 23:17:49
demo.webmigrates.com/osnap/api/Registration/UserRegistration
{"data":{"username":"amit","longtitude":"-73.393668","lang_type":"1","country_code":"+1","country":"USA","birth_date":"2000-09-05","latitude":"40.791382","city":"Huntington Station","last_name":"hjg","osnap_id":"amit123jj","state":"NY","device_token":"edf113b21078bcad5d0911d5d9207676ec44361b797796b237b272e27d21de81","email":"amitrenia123@gmail.com","user_type":"1","phone":"88658556586955","password":"gjvgkgvhj","device_type":"1","post_code":"11746","address":"250 Old South Path, Huntington Station, NY 11746, USA","first_name":"jkgh"}}

