2018-11-23 00:00:12
demo.webmigrates.com/osnap/api/Registration/UserRegistration
{"data":{"image":"154295281187315.png","city":"Chandigarh","state":"160102","country_code":"+1","phone":"8797777777","password":"12345678","device_type":"1","email":"customeruser1@yopmail.com","latitude":"30.702393","longtitude":"76.821472","device_token":"5b2733aa96633fb78549c66b154fd5ae9585b4965f9c608498d4e48984d4fc92","first_name":"customer","username":"customeruser1","address":"Daria, Chandigarh, 160102, India","country":"India","birth_date":"1990-09-10","last_name":"user","osnap_id":"customeruser1","lang_type":"1","user_type":"1","post_code":""}}

2018-11-23 00:00:55
demo.webmigrates.com/osnap/api/Registration/VerifyUser
{"data":{"device_token":"5b2733aa96633fb78549c66b154fd5ae9585b4965f9c608498d4e48984d4fc92","lang_type":"1","username":"customeruser1","email":"customeruser1@yopmail.com","device_type":"1","activation_code":"575087"}}

2018-11-23 00:01:01
demo.webmigrates.com/osnap/api/Registration/EditUser
{"data":{"security_code":"1234","id":"134","lang_type":"1","token":"Um8KXoSrDohloxqQPN4rPbu6zKiacjQqFkExK6zk9dhFNOjCLrGDlZT8Fxo5pT7orvZ82N1nGtoQcM3suiDxkpfbT6hdJFzwG5qi4KwEzINPDLoOtPxRBJRa"}}

2018-11-23 00:01:03
demo.webmigrates.com/osnap/api/Registration/EditUser
{"data":{"is_agree":"1","id":"134","lang_type":"1","token":"Um8KXoSrDohloxqQPN4rPbu6zKiacjQqFkExK6zk9dhFNOjCLrGDlZT8Fxo5pT7orvZ82N1nGtoQcM3suiDxkpfbT6hdJFzwG5qi4KwEzINPDLoOtPxRBJRa"}}

2018-11-23 00:01:04
demo.webmigrates.com/osnap/api/Notification/CountBase
{"data":{"lang_type":"1","token":"Um8KXoSrDohloxqQPN4rPbu6zKiacjQqFkExK6zk9dhFNOjCLrGDlZT8Fxo5pT7orvZ82N1nGtoQcM3suiDxkpfbT6hdJFzwG5qi4KwEzINPDLoOtPxRBJRa","user_id":"134"}}

2018-11-23 00:01:04
demo.webmigrates.com/osnap/api/Registration/UserDetail
{"data":{"id":"134","lang_type":"1","other_id":"134","token":"Um8KXoSrDohloxqQPN4rPbu6zKiacjQqFkExK6zk9dhFNOjCLrGDlZT8Fxo5pT7orvZ82N1nGtoQcM3suiDxkpfbT6hdJFzwG5qi4KwEzINPDLoOtPxRBJRa"}}

2018-11-23 00:01:04
demo.webmigrates.com/osnap/api/Registration/ClientMyEvent
{"data":{"id":"134","lang_type":"1","year":"2018","token":"Um8KXoSrDohloxqQPN4rPbu6zKiacjQqFkExK6zk9dhFNOjCLrGDlZT8Fxo5pT7orvZ82N1nGtoQcM3suiDxkpfbT6hdJFzwG5qi4KwEzINPDLoOtPxRBJRa"}}

2018-11-23 00:03:19
demo.webmigrates.com/osnap/api/General/GetCategory
{"data":{"lang_type":"1","id":"134","token":"Um8KXoSrDohloxqQPN4rPbu6zKiacjQqFkExK6zk9dhFNOjCLrGDlZT8Fxo5pT7orvZ82N1nGtoQcM3suiDxkpfbT6hdJFzwG5qi4KwEzINPDLoOtPxRBJRa"}}

2018-11-23 00:03:39
demo.webmigrates.com/osnap/api/General/GetSubCategory
{"data":{"id":"134","lang_type":"1","category_id":"12","token":"Um8KXoSrDohloxqQPN4rPbu6zKiacjQqFkExK6zk9dhFNOjCLrGDlZT8Fxo5pT7orvZ82N1nGtoQcM3suiDxkpfbT6hdJFzwG5qi4KwEzINPDLoOtPxRBJRa"}}

2018-11-23 00:04:03
demo.webmigrates.com/osnap/api/Registration/AddPost
{"data":{"id":"134","job_title":"house framing","commitment":"3","work_type":"3","subcategory_id":"16","category_id":"12","attachments":[],"rate":"50","token":"Um8KXoSrDohloxqQPN4rPbu6zKiacjQqFkExK6zk9dhFNOjCLrGDlZT8Fxo5pT7orvZ82N1nGtoQcM3suiDxkpfbT6hdJFzwG5qi4KwEzINPDLoOtPxRBJRa","pay_by":"1","how_long":"5","job_description":"Lore sum I sum","lang_type":"1","exp_level":"2"}}

2018-11-23 00:04:05
demo.webmigrates.com/osnap/api/Registration/UserDetail
{"data":{"id":"134","lang_type":"1","other_id":"134","token":"Um8KXoSrDohloxqQPN4rPbu6zKiacjQqFkExK6zk9dhFNOjCLrGDlZT8Fxo5pT7orvZ82N1nGtoQcM3suiDxkpfbT6hdJFzwG5qi4KwEzINPDLoOtPxRBJRa"}}

2018-11-23 00:04:07
demo.webmigrates.com/osnap/api/Registration/MyPost
{"data":{"id":"134","lang_type":"1","page":1,"limit":10,"token":"Um8KXoSrDohloxqQPN4rPbu6zKiacjQqFkExK6zk9dhFNOjCLrGDlZT8Fxo5pT7orvZ82N1nGtoQcM3suiDxkpfbT6hdJFzwG5qi4KwEzINPDLoOtPxRBJRa"}}

2018-11-23 00:04:08
demo.webmigrates.com/osnap/api/Registration/MyPost
{"data":{"id":"134","lang_type":"1","page":2,"limit":10,"token":"Um8KXoSrDohloxqQPN4rPbu6zKiacjQqFkExK6zk9dhFNOjCLrGDlZT8Fxo5pT7orvZ82N1nGtoQcM3suiDxkpfbT6hdJFzwG5qi4KwEzINPDLoOtPxRBJRa"}}

2018-11-23 00:04:09
demo.webmigrates.com/osnap/api/Registration/SingleClientPost
{"data":{"id":"134","lang_type":"1","post_id":"93","Dlatitude":"30.713463","Dlongtitude":"76.710068","token":"Um8KXoSrDohloxqQPN4rPbu6zKiacjQqFkExK6zk9dhFNOjCLrGDlZT8Fxo5pT7orvZ82N1nGtoQcM3suiDxkpfbT6hdJFzwG5qi4KwEzINPDLoOtPxRBJRa"}}

2018-11-23 00:04:13
demo.webmigrates.com/osnap/api/Registration/UserDetail
{"data":{"id":"134","lang_type":"1","other_id":"134","token":"Um8KXoSrDohloxqQPN4rPbu6zKiacjQqFkExK6zk9dhFNOjCLrGDlZT8Fxo5pT7orvZ82N1nGtoQcM3suiDxkpfbT6hdJFzwG5qi4KwEzINPDLoOtPxRBJRa"}}

2018-11-23 00:04:18
demo.webmigrates.com/osnap/api/Registration/Logout
{"data":{"id":"134","token":"Um8KXoSrDohloxqQPN4rPbu6zKiacjQqFkExK6zk9dhFNOjCLrGDlZT8Fxo5pT7orvZ82N1nGtoQcM3suiDxkpfbT6hdJFzwG5qi4KwEzINPDLoOtPxRBJRa","lang_type":"1"}}

2018-11-23 00:04:48
demo.webmigrates.com/osnap/api/Registration/CheckLogin
{"data":{"password":"12345678","username":"businessuser1","device_type":"1","lang_type":"1","device_token":"5b2733aa96633fb78549c66b154fd5ae9585b4965f9c608498d4e48984d4fc92"}}

2018-11-23 00:04:49
demo.webmigrates.com/osnap/api/Registration/BusinessMyEvent
{"data":{"id":"133","lang_type":"1","year":"2018","token":"YPaU1r787IwiSsWbzwdKUxX4fwV41guyOX3xtsa5sGBGimUuCUYmmd4QqLmxKslLjoPkM1CvpQwo2emUobDwlYOmihUqA35h3YSE0spDqmTTJJ70Pyauo2hx"}}

2018-11-23 00:04:49
demo.webmigrates.com/osnap/api/Notification/CountBase
{"data":{"lang_type":"1","token":"YPaU1r787IwiSsWbzwdKUxX4fwV41guyOX3xtsa5sGBGimUuCUYmmd4QqLmxKslLjoPkM1CvpQwo2emUobDwlYOmihUqA35h3YSE0spDqmTTJJ70Pyauo2hx","user_id":"133"}}

2018-11-23 00:04:49
demo.webmigrates.com/osnap/api/Registration/UserDetail
{"data":{"id":"133","lang_type":"1","other_id":"133","token":"YPaU1r787IwiSsWbzwdKUxX4fwV41guyOX3xtsa5sGBGimUuCUYmmd4QqLmxKslLjoPkM1CvpQwo2emUobDwlYOmihUqA35h3YSE0spDqmTTJJ70Pyauo2hx"}}

2018-11-23 00:04:53
demo.webmigrates.com/osnap/api/Notification/GetNotification
{"data":{"lang_type":"1","user_id":"133","page":1,"limit":10,"token":"YPaU1r787IwiSsWbzwdKUxX4fwV41guyOX3xtsa5sGBGimUuCUYmmd4QqLmxKslLjoPkM1CvpQwo2emUobDwlYOmihUqA35h3YSE0spDqmTTJJ70Pyauo2hx"}}

2018-11-23 00:04:53
demo.webmigrates.com/osnap/api/Notification/ClearBase
{"data":{"lang_type":"1","token":"YPaU1r787IwiSsWbzwdKUxX4fwV41guyOX3xtsa5sGBGimUuCUYmmd4QqLmxKslLjoPkM1CvpQwo2emUobDwlYOmihUqA35h3YSE0spDqmTTJJ70Pyauo2hx","user_id":"133"}}

2018-11-23 00:04:53
demo.webmigrates.com/osnap/api/Notification/GetNotification
{"data":{"lang_type":"1","user_id":"133","page":2,"limit":10,"token":"YPaU1r787IwiSsWbzwdKUxX4fwV41guyOX3xtsa5sGBGimUuCUYmmd4QqLmxKslLjoPkM1CvpQwo2emUobDwlYOmihUqA35h3YSE0spDqmTTJJ70Pyauo2hx"}}

2018-11-23 00:04:55
demo.webmigrates.com/osnap/api/Registration/SinglePostDetail
{"data":{"id":"133","lang_type":"1","post_id":"93","token":"YPaU1r787IwiSsWbzwdKUxX4fwV41guyOX3xtsa5sGBGimUuCUYmmd4QqLmxKslLjoPkM1CvpQwo2emUobDwlYOmihUqA35h3YSE0spDqmTTJJ70Pyauo2hx"}}

2018-11-23 00:05:17
demo.webmigrates.com/osnap/api/Registration/PlaceBid
{"data":{"description":"Lore sum I spun","pay_by":"1","id":"133","post_id":"93","attachments":[],"token":"YPaU1r787IwiSsWbzwdKUxX4fwV41guyOX3xtsa5sGBGimUuCUYmmd4QqLmxKslLjoPkM1CvpQwo2emUobDwlYOmihUqA35h3YSE0spDqmTTJJ70Pyauo2hx","rate":"50","how_long":"5","skill":[{"id":"208","end_time":"8:00 PM","service_name":"house framing","service_photo":["154295029414649.png"],"start_time":"8:00 AM","category_id":"12","subcategory_id":"16","description":"Test data","subcategory_name":"framing","category_name":"Construction","price":"40","price_type":"1"}],"lang_type":"1"}}

2018-11-23 00:05:18
demo.webmigrates.com/osnap/api/Notification/CountBase
{"data":{"lang_type":"1","token":"YPaU1r787IwiSsWbzwdKUxX4fwV41guyOX3xtsa5sGBGimUuCUYmmd4QqLmxKslLjoPkM1CvpQwo2emUobDwlYOmihUqA35h3YSE0spDqmTTJJ70Pyauo2hx","user_id":"133"}}

2018-11-23 00:05:18
demo.webmigrates.com/osnap/api/Registration/UserDetail
{"data":{"id":"133","lang_type":"1","other_id":"133","token":"YPaU1r787IwiSsWbzwdKUxX4fwV41guyOX3xtsa5sGBGimUuCUYmmd4QqLmxKslLjoPkM1CvpQwo2emUobDwlYOmihUqA35h3YSE0spDqmTTJJ70Pyauo2hx"}}

2018-11-23 00:05:20
demo.webmigrates.com/osnap/api/Registration/MyBidPost
{"data":{"id":"133","lang_type":"1","page":1,"limit":10,"token":"YPaU1r787IwiSsWbzwdKUxX4fwV41guyOX3xtsa5sGBGimUuCUYmmd4QqLmxKslLjoPkM1CvpQwo2emUobDwlYOmihUqA35h3YSE0spDqmTTJJ70Pyauo2hx"}}

2018-11-23 00:05:21
demo.webmigrates.com/osnap/api/Registration/MyBidPost
{"data":{"id":"133","lang_type":"1","page":2,"limit":10,"token":"YPaU1r787IwiSsWbzwdKUxX4fwV41guyOX3xtsa5sGBGimUuCUYmmd4QqLmxKslLjoPkM1CvpQwo2emUobDwlYOmihUqA35h3YSE0spDqmTTJJ70Pyauo2hx"}}

2018-11-23 00:05:22
demo.webmigrates.com/osnap/api/Registration/SingleMyBidPost
{"data":{"id":"133","lang_type":"1","post_id":"93","token":"YPaU1r787IwiSsWbzwdKUxX4fwV41guyOX3xtsa5sGBGimUuCUYmmd4QqLmxKslLjoPkM1CvpQwo2emUobDwlYOmihUqA35h3YSE0spDqmTTJJ70Pyauo2hx"}}

2018-11-23 00:05:32
demo.webmigrates.com/osnap/api/Notification/CountBase
{"data":{"lang_type":"1","token":"YPaU1r787IwiSsWbzwdKUxX4fwV41guyOX3xtsa5sGBGimUuCUYmmd4QqLmxKslLjoPkM1CvpQwo2emUobDwlYOmihUqA35h3YSE0spDqmTTJJ70Pyauo2hx","user_id":"133"}}

2018-11-23 00:05:32
demo.webmigrates.com/osnap/api/Registration/UserDetail
{"data":{"id":"133","lang_type":"1","other_id":"133","token":"YPaU1r787IwiSsWbzwdKUxX4fwV41guyOX3xtsa5sGBGimUuCUYmmd4QqLmxKslLjoPkM1CvpQwo2emUobDwlYOmihUqA35h3YSE0spDqmTTJJ70Pyauo2hx"}}

2018-11-23 00:05:36
demo.webmigrates.com/osnap/api/Registration/Logout
{"data":{"id":"133","token":"YPaU1r787IwiSsWbzwdKUxX4fwV41guyOX3xtsa5sGBGimUuCUYmmd4QqLmxKslLjoPkM1CvpQwo2emUobDwlYOmihUqA35h3YSE0spDqmTTJJ70Pyauo2hx","lang_type":"1"}}

2018-11-23 00:05:52
demo.webmigrates.com/osnap/api/Registration/CheckLogin
{"data":{"password":"12345678","username":"customeruser1","device_type":"1","lang_type":"1","device_token":"5b2733aa96633fb78549c66b154fd5ae9585b4965f9c608498d4e48984d4fc92"}}

2018-11-23 00:05:53
demo.webmigrates.com/osnap/api/Notification/CountBase
{"data":{"lang_type":"1","token":"DW42xEB8lICat68457sNKudk0I9t8yqCx6kemfunU5UnZZLT8QOhryL8d6xRwZO0IEh5NNfQhmxypL5vPAHiWjTAAVrMDHAoxixPHAv3nDrERd8r4n2awcQ0","user_id":"134"}}

2018-11-23 00:05:53
demo.webmigrates.com/osnap/api/Registration/ClientMyEvent
{"data":{"id":"134","lang_type":"1","year":"2018","token":"DW42xEB8lICat68457sNKudk0I9t8yqCx6kemfunU5UnZZLT8QOhryL8d6xRwZO0IEh5NNfQhmxypL5vPAHiWjTAAVrMDHAoxixPHAv3nDrERd8r4n2awcQ0"}}

2018-11-23 00:05:53
demo.webmigrates.com/osnap/api/Registration/UserDetail
{"data":{"id":"134","lang_type":"1","other_id":"134","token":"DW42xEB8lICat68457sNKudk0I9t8yqCx6kemfunU5UnZZLT8QOhryL8d6xRwZO0IEh5NNfQhmxypL5vPAHiWjTAAVrMDHAoxixPHAv3nDrERd8r4n2awcQ0"}}

2018-11-23 00:05:55
demo.webmigrates.com/osnap/api/Notification/GetNotification
{"data":{"lang_type":"1","user_id":"134","page":1,"limit":10,"token":"DW42xEB8lICat68457sNKudk0I9t8yqCx6kemfunU5UnZZLT8QOhryL8d6xRwZO0IEh5NNfQhmxypL5vPAHiWjTAAVrMDHAoxixPHAv3nDrERd8r4n2awcQ0"}}

2018-11-23 00:05:56
demo.webmigrates.com/osnap/api/Notification/ClearBase
{"data":{"lang_type":"1","token":"DW42xEB8lICat68457sNKudk0I9t8yqCx6kemfunU5UnZZLT8QOhryL8d6xRwZO0IEh5NNfQhmxypL5vPAHiWjTAAVrMDHAoxixPHAv3nDrERd8r4n2awcQ0","user_id":"134"}}

2018-11-23 00:05:56
demo.webmigrates.com/osnap/api/Notification/GetNotification
{"data":{"lang_type":"1","user_id":"134","page":2,"limit":10,"token":"DW42xEB8lICat68457sNKudk0I9t8yqCx6kemfunU5UnZZLT8QOhryL8d6xRwZO0IEh5NNfQhmxypL5vPAHiWjTAAVrMDHAoxixPHAv3nDrERd8r4n2awcQ0"}}

2018-11-23 00:05:57
demo.webmigrates.com/osnap/api/Registration/EventDetail
{"data":{"pb_id":"104","id":"134","lang_type":"1","token":"DW42xEB8lICat68457sNKudk0I9t8yqCx6kemfunU5UnZZLT8QOhryL8d6xRwZO0IEh5NNfQhmxypL5vPAHiWjTAAVrMDHAoxixPHAv3nDrERd8r4n2awcQ0"}}

2018-11-23 00:05:58
demo.webmigrates.com/osnap/api/Registration/SingleClientPost
{"data":{"id":"134","lang_type":"1","post_id":"93","Dlatitude":"30.713475","Dlongtitude":"76.710066","token":"DW42xEB8lICat68457sNKudk0I9t8yqCx6kemfunU5UnZZLT8QOhryL8d6xRwZO0IEh5NNfQhmxypL5vPAHiWjTAAVrMDHAoxixPHAv3nDrERd8r4n2awcQ0"}}

2018-11-23 00:06:08
demo.webmigrates.com/osnap/api/Registration/UserDetail
{"data":{"id":"134","lang_type":"1","other_id":"133","token":"DW42xEB8lICat68457sNKudk0I9t8yqCx6kemfunU5UnZZLT8QOhryL8d6xRwZO0IEh5NNfQhmxypL5vPAHiWjTAAVrMDHAoxixPHAv3nDrERd8r4n2awcQ0"}}

2018-11-23 00:06:27
demo.webmigrates.com/osnap/api/Registration/ClientMyEvent
{"data":{"id":"134","lang_type":"1","year":"2018","token":"DW42xEB8lICat68457sNKudk0I9t8yqCx6kemfunU5UnZZLT8QOhryL8d6xRwZO0IEh5NNfQhmxypL5vPAHiWjTAAVrMDHAoxixPHAv3nDrERd8r4n2awcQ0"}}

2018-11-23 00:06:27
demo.webmigrates.com/osnap/api/Registration/UserDetail
{"data":{"id":"134","lang_type":"1","other_id":"134","token":"DW42xEB8lICat68457sNKudk0I9t8yqCx6kemfunU5UnZZLT8QOhryL8d6xRwZO0IEh5NNfQhmxypL5vPAHiWjTAAVrMDHAoxixPHAv3nDrERd8r4n2awcQ0"}}

2018-11-23 00:06:27
demo.webmigrates.com/osnap/api/Notification/CountBase
{"data":{"lang_type":"1","token":"DW42xEB8lICat68457sNKudk0I9t8yqCx6kemfunU5UnZZLT8QOhryL8d6xRwZO0IEh5NNfQhmxypL5vPAHiWjTAAVrMDHAoxixPHAv3nDrERd8r4n2awcQ0","user_id":"134"}}

2018-11-23 00:06:30
demo.webmigrates.com/osnap/api/Registration/MyPost
{"data":{"id":"134","lang_type":"1","page":1,"limit":10,"token":"DW42xEB8lICat68457sNKudk0I9t8yqCx6kemfunU5UnZZLT8QOhryL8d6xRwZO0IEh5NNfQhmxypL5vPAHiWjTAAVrMDHAoxixPHAv3nDrERd8r4n2awcQ0"}}

2018-11-23 00:06:31
demo.webmigrates.com/osnap/api/Registration/MyPost
{"data":{"id":"134","lang_type":"1","page":2,"limit":10,"token":"DW42xEB8lICat68457sNKudk0I9t8yqCx6kemfunU5UnZZLT8QOhryL8d6xRwZO0IEh5NNfQhmxypL5vPAHiWjTAAVrMDHAoxixPHAv3nDrERd8r4n2awcQ0"}}

2018-11-23 00:06:32
demo.webmigrates.com/osnap/api/Registration/MyRunningPostAll
{"data":{"id":"134","lang_type":"1","page":1,"limit":10,"token":"DW42xEB8lICat68457sNKudk0I9t8yqCx6kemfunU5UnZZLT8QOhryL8d6xRwZO0IEh5NNfQhmxypL5vPAHiWjTAAVrMDHAoxixPHAv3nDrERd8r4n2awcQ0"}}

2018-11-23 00:06:34
demo.webmigrates.com/osnap/api/Registration/MyPost
{"data":{"id":"134","lang_type":"1","page":1,"limit":10,"token":"DW42xEB8lICat68457sNKudk0I9t8yqCx6kemfunU5UnZZLT8QOhryL8d6xRwZO0IEh5NNfQhmxypL5vPAHiWjTAAVrMDHAoxixPHAv3nDrERd8r4n2awcQ0"}}

2018-11-23 00:06:34
demo.webmigrates.com/osnap/api/Registration/MyPost
{"data":{"id":"134","lang_type":"1","page":2,"limit":10,"token":"DW42xEB8lICat68457sNKudk0I9t8yqCx6kemfunU5UnZZLT8QOhryL8d6xRwZO0IEh5NNfQhmxypL5vPAHiWjTAAVrMDHAoxixPHAv3nDrERd8r4n2awcQ0"}}

2018-11-23 00:06:36
demo.webmigrates.com/osnap/api/Registration/SingleClientPost
{"data":{"id":"134","lang_type":"1","post_id":"93","Dlatitude":"30.713635","Dlongtitude":"76.710173","token":"DW42xEB8lICat68457sNKudk0I9t8yqCx6kemfunU5UnZZLT8QOhryL8d6xRwZO0IEh5NNfQhmxypL5vPAHiWjTAAVrMDHAoxixPHAv3nDrERd8r4n2awcQ0"}}

2018-11-23 00:09:36
demo.webmigrates.com/osnap/api/Registration/UserDetail
{"data":{"id":"134","lang_type":"1","other_id":"134","token":"DW42xEB8lICat68457sNKudk0I9t8yqCx6kemfunU5UnZZLT8QOhryL8d6xRwZO0IEh5NNfQhmxypL5vPAHiWjTAAVrMDHAoxixPHAv3nDrERd8r4n2awcQ0"}}

2018-11-23 00:11:11
demo.webmigrates.com/osnap/api/Registration/Logout
{"data":{"id":"134","token":"DW42xEB8lICat68457sNKudk0I9t8yqCx6kemfunU5UnZZLT8QOhryL8d6xRwZO0IEh5NNfQhmxypL5vPAHiWjTAAVrMDHAoxixPHAv3nDrERd8r4n2awcQ0","lang_type":"1"}}

2018-11-23 00:12:22
demo.webmigrates.com/osnap/api/Registration/CheckLogin
{"data":{"username":"customeruser1","lang_type":"1","password":"12345678","device_token":"0addff13e819662de69c35cd56c2043e2aaf3ea6d9bab86535ae38479a48b7c0","device_type":"1"}}

2018-11-23 00:12:23
demo.webmigrates.com/osnap/api/Registration/UserDetail
{"data":{"id":"134","other_id":"134","token":"0Vo2pe2wYs9vs2oSSH13lxV9MByyhZgrMqMuZfIwIHc8qxI7auvQI7yydKQvacqEKwjI9qwxUUryAJwILwFI2jy3yH7zZz7VH1fHyLRoECv4jK7gQMjFvgjA","lang_type":"1"}}

2018-11-23 00:12:23
demo.webmigrates.com/osnap/api/Notification/CountBase
{"data":{"token":"0Vo2pe2wYs9vs2oSSH13lxV9MByyhZgrMqMuZfIwIHc8qxI7auvQI7yydKQvacqEKwjI9qwxUUryAJwILwFI2jy3yH7zZz7VH1fHyLRoECv4jK7gQMjFvgjA","user_id":"134","lang_type":"1"}}

2018-11-23 00:12:23
demo.webmigrates.com/osnap/api/Registration/ClientMyEvent
{"data":{"id":"134","year":"2018","token":"0Vo2pe2wYs9vs2oSSH13lxV9MByyhZgrMqMuZfIwIHc8qxI7auvQI7yydKQvacqEKwjI9qwxUUryAJwILwFI2jy3yH7zZz7VH1fHyLRoECv4jK7gQMjFvgjA","lang_type":"1"}}

2018-11-23 00:12:25
demo.webmigrates.com/osnap/api/Registration/MyPost
{"data":{"limit":10,"id":"134","page":1,"token":"0Vo2pe2wYs9vs2oSSH13lxV9MByyhZgrMqMuZfIwIHc8qxI7auvQI7yydKQvacqEKwjI9qwxUUryAJwILwFI2jy3yH7zZz7VH1fHyLRoECv4jK7gQMjFvgjA","lang_type":"1"}}

2018-11-23 00:12:26
demo.webmigrates.com/osnap/api/Registration/MyPost
{"data":{"limit":10,"id":"134","page":2,"token":"0Vo2pe2wYs9vs2oSSH13lxV9MByyhZgrMqMuZfIwIHc8qxI7auvQI7yydKQvacqEKwjI9qwxUUryAJwILwFI2jy3yH7zZz7VH1fHyLRoECv4jK7gQMjFvgjA","lang_type":"1"}}

2018-11-23 00:12:30
demo.webmigrates.com/osnap/api/Registration/SingleClientPost
{"data":{"Dlatitude":"30.713370","id":"134","post_id":"93","Dlongtitude":"76.709716","token":"0Vo2pe2wYs9vs2oSSH13lxV9MByyhZgrMqMuZfIwIHc8qxI7auvQI7yydKQvacqEKwjI9qwxUUryAJwILwFI2jy3yH7zZz7VH1fHyLRoECv4jK7gQMjFvgjA","lang_type":"1"}}

2018-11-23 00:13:16
demo.webmigrates.com/osnap/api/Registration/SingleClientPost
{"data":{"Dlatitude":"30.713370","id":"134","post_id":"93","Dlongtitude":"76.709716","token":"0Vo2pe2wYs9vs2oSSH13lxV9MByyhZgrMqMuZfIwIHc8qxI7auvQI7yydKQvacqEKwjI9qwxUUryAJwILwFI2jy3yH7zZz7VH1fHyLRoECv4jK7gQMjFvgjA","lang_type":"1"}}

2018-11-23 00:14:04
demo.webmigrates.com/osnap/api/Registration/UserDetail
{"data":{"id":"134","other_id":"134","token":"0Vo2pe2wYs9vs2oSSH13lxV9MByyhZgrMqMuZfIwIHc8qxI7auvQI7yydKQvacqEKwjI9qwxUUryAJwILwFI2jy3yH7zZz7VH1fHyLRoECv4jK7gQMjFvgjA","lang_type":"1"}}

2018-11-23 00:14:08
demo.webmigrates.com/osnap/api/Registration/Logout
{"data":{"id":"134","token":"0Vo2pe2wYs9vs2oSSH13lxV9MByyhZgrMqMuZfIwIHc8qxI7auvQI7yydKQvacqEKwjI9qwxUUryAJwILwFI2jy3yH7zZz7VH1fHyLRoECv4jK7gQMjFvgjA","lang_type":"1"}}

2018-11-23 00:16:01
demo.webmigrates.com/osnap/api/Registration/CheckLogin
{"data":{"password":"12345678","username":"customeruser1","device_type":"1","lang_type":"1","device_token":"5b2733aa96633fb78549c66b154fd5ae9585b4965f9c608498d4e48984d4fc92"}}

2018-11-23 00:16:02
demo.webmigrates.com/osnap/api/Notification/CountBase
{"data":{"lang_type":"1","token":"BETVD6Wke5Iup6p9m3o9f4A88jV8VF1hoys7M6ikhWV1ggvy0P82zosDU2fjo3OcJPiN7yt93bVCLnt2cWs11TnhcfTV9FFxfGt4s8tsAjXD1YYuIeuLbwYB","user_id":"134"}}

2018-11-23 00:16:02
demo.webmigrates.com/osnap/api/Registration/UserDetail
{"data":{"id":"134","lang_type":"1","other_id":"134","token":"BETVD6Wke5Iup6p9m3o9f4A88jV8VF1hoys7M6ikhWV1ggvy0P82zosDU2fjo3OcJPiN7yt93bVCLnt2cWs11TnhcfTV9FFxfGt4s8tsAjXD1YYuIeuLbwYB"}}

2018-11-23 00:16:02
demo.webmigrates.com/osnap/api/Registration/ClientMyEvent
{"data":{"id":"134","lang_type":"1","year":"2018","token":"BETVD6Wke5Iup6p9m3o9f4A88jV8VF1hoys7M6ikhWV1ggvy0P82zosDU2fjo3OcJPiN7yt93bVCLnt2cWs11TnhcfTV9FFxfGt4s8tsAjXD1YYuIeuLbwYB"}}

2018-11-23 00:16:03
demo.webmigrates.com/osnap/api/Registration/MyPost
{"data":{"id":"134","lang_type":"1","page":1,"limit":10,"token":"BETVD6Wke5Iup6p9m3o9f4A88jV8VF1hoys7M6ikhWV1ggvy0P82zosDU2fjo3OcJPiN7yt93bVCLnt2cWs11TnhcfTV9FFxfGt4s8tsAjXD1YYuIeuLbwYB"}}

2018-11-23 00:16:04
demo.webmigrates.com/osnap/api/Registration/MyPost
{"data":{"id":"134","lang_type":"1","page":2,"limit":10,"token":"BETVD6Wke5Iup6p9m3o9f4A88jV8VF1hoys7M6ikhWV1ggvy0P82zosDU2fjo3OcJPiN7yt93bVCLnt2cWs11TnhcfTV9FFxfGt4s8tsAjXD1YYuIeuLbwYB"}}

2018-11-23 00:16:06
demo.webmigrates.com/osnap/api/Registration/SingleClientPost
{"data":{"id":"134","lang_type":"1","post_id":"93","Dlatitude":"30.713559","Dlongtitude":"76.710074","token":"BETVD6Wke5Iup6p9m3o9f4A88jV8VF1hoys7M6ikhWV1ggvy0P82zosDU2fjo3OcJPiN7yt93bVCLnt2cWs11TnhcfTV9FFxfGt4s8tsAjXD1YYuIeuLbwYB"}}

2018-11-23 00:17:19
demo.webmigrates.com/osnap/api/Registration/UserDetail
{"data":{"id":"134","lang_type":"1","other_id":"134","token":"BETVD6Wke5Iup6p9m3o9f4A88jV8VF1hoys7M6ikhWV1ggvy0P82zosDU2fjo3OcJPiN7yt93bVCLnt2cWs11TnhcfTV9FFxfGt4s8tsAjXD1YYuIeuLbwYB"}}

2018-11-23 00:17:26
demo.webmigrates.com/osnap/api/Registration/Logout
{"data":{"id":"134","token":"BETVD6Wke5Iup6p9m3o9f4A88jV8VF1hoys7M6ikhWV1ggvy0P82zosDU2fjo3OcJPiN7yt93bVCLnt2cWs11TnhcfTV9FFxfGt4s8tsAjXD1YYuIeuLbwYB","lang_type":"1"}}

2018-11-23 00:18:06
demo.webmigrates.com/osnap/api/Registration/CheckLogin
{"data":{"password":"12345678","username":"customeruser1","device_type":"1","lang_type":"1","device_token":"5b2733aa96633fb78549c66b154fd5ae9585b4965f9c608498d4e48984d4fc92"}}

2018-11-23 00:18:07
demo.webmigrates.com/osnap/api/Registration/ClientMyEvent
{"data":{"id":"134","lang_type":"1","year":"2018","token":"5zIdvafHeeaHN3Jak2QFgpDNX6xby3ZgN5eyQ3wzOBQRWivktuhvULXRUjZ53nztGHqmaG3nDoU7StLtAkS72u5mjiUUjl7B6UTjIcb0WuHXtJhcXy98k2t6"}}

2018-11-23 00:18:07
demo.webmigrates.com/osnap/api/Notification/CountBase
{"data":{"lang_type":"1","token":"5zIdvafHeeaHN3Jak2QFgpDNX6xby3ZgN5eyQ3wzOBQRWivktuhvULXRUjZ53nztGHqmaG3nDoU7StLtAkS72u5mjiUUjl7B6UTjIcb0WuHXtJhcXy98k2t6","user_id":"134"}}

2018-11-23 00:18:07
demo.webmigrates.com/osnap/api/Registration/UserDetail
{"data":{"id":"134","lang_type":"1","other_id":"134","token":"5zIdvafHeeaHN3Jak2QFgpDNX6xby3ZgN5eyQ3wzOBQRWivktuhvULXRUjZ53nztGHqmaG3nDoU7StLtAkS72u5mjiUUjl7B6UTjIcb0WuHXtJhcXy98k2t6"}}

2018-11-23 00:18:10
demo.webmigrates.com/osnap/api/Registration/MyPost
{"data":{"id":"134","lang_type":"1","page":1,"limit":10,"token":"5zIdvafHeeaHN3Jak2QFgpDNX6xby3ZgN5eyQ3wzOBQRWivktuhvULXRUjZ53nztGHqmaG3nDoU7StLtAkS72u5mjiUUjl7B6UTjIcb0WuHXtJhcXy98k2t6"}}

2018-11-23 00:18:11
demo.webmigrates.com/osnap/api/Registration/MyPost
{"data":{"id":"134","lang_type":"1","page":2,"limit":10,"token":"5zIdvafHeeaHN3Jak2QFgpDNX6xby3ZgN5eyQ3wzOBQRWivktuhvULXRUjZ53nztGHqmaG3nDoU7StLtAkS72u5mjiUUjl7B6UTjIcb0WuHXtJhcXy98k2t6"}}

2018-11-23 00:18:13
demo.webmigrates.com/osnap/api/Registration/SingleClientPost
{"data":{"id":"134","lang_type":"1","post_id":"93","Dlatitude":"30.713485","Dlongtitude":"76.710063","token":"5zIdvafHeeaHN3Jak2QFgpDNX6xby3ZgN5eyQ3wzOBQRWivktuhvULXRUjZ53nztGHqmaG3nDoU7StLtAkS72u5mjiUUjl7B6UTjIcb0WuHXtJhcXy98k2t6"}}

2018-11-23 00:34:02
demo.webmigrates.com/osnap/api/Registration/UserDetail
{ 
        "data":{
                "id":"127",   
                "other_id":"132",               
                "token":"0LWkWUdjOxgoXumNMiJkT3LWJdPyM7DmDjRHRHp0MDwQMFyKV6Tfncch3sPqE4dEzCxHOBGOZQG3lrVvtVN6REhMNK9XJuKvSoSjGtLgda7lIdW9E3LWOxB4",
                 "lang_type":"1" 
        } 
}

2018-11-23 00:43:15
demo.webmigrates.com/osnap/api/Registration/CheckLogin
{"data":{"username":"valbus44","lang_type":"1","password":"vvvvvv","device_token":"b7d95ac45a44cc71a7fd91d0adeca405308ef5c5eb9930d6b7779672f8cb232c","device_type":"1"}}

2018-11-23 00:43:16
demo.webmigrates.com/osnap/api/Notification/CountBase
{"data":{"token":"jmmiFjlK9Kk4QP4R1GFICpwSUlCqujsP6VSQo4hl0aGWLgtFqwtI1ZXE7Wy8C2OrnuToQvXHBR9qFS5uI2SevtRaV1QgcyivNOUqt5eLOYMiHgcDqsDuPJZy","user_id":"3","lang_type":"1"}}

2018-11-23 00:43:16
demo.webmigrates.com/osnap/api/Registration/BusinessMyEvent
{"data":{"id":"3","year":"2018","token":"jmmiFjlK9Kk4QP4R1GFICpwSUlCqujsP6VSQo4hl0aGWLgtFqwtI1ZXE7Wy8C2OrnuToQvXHBR9qFS5uI2SevtRaV1QgcyivNOUqt5eLOYMiHgcDqsDuPJZy","lang_type":"1"}}

2018-11-23 00:43:16
demo.webmigrates.com/osnap/api/Registration/UserDetail
{"data":{"id":"3","other_id":"3","token":"jmmiFjlK9Kk4QP4R1GFICpwSUlCqujsP6VSQo4hl0aGWLgtFqwtI1ZXE7Wy8C2OrnuToQvXHBR9qFS5uI2SevtRaV1QgcyivNOUqt5eLOYMiHgcDqsDuPJZy","lang_type":"1"}}

2018-11-23 00:45:47
demo.webmigrates.com/osnap/api/Registration/UserRegistration
{"data":{"username":"vijaycust","longtitude":"72.831061","lang_type":"1","country_code":"+1","country":"India","birth_date":"1977-07-08","image":"154295554765620.png","latitude":"21.170240","city":"Surat","last_name":"jk","osnap_id":"vijaycust","state":"Gujarat","device_token":"f2ffdc1a796471374926583a35ec39e8d4a1c45967b57a1642070ca6e4946912","email":"vijaycust@yopmail.com","user_type":"1","phone":"9988552233","password":"vvvvvvvv","device_type":"1","post_code":"","address":"Surat, Gujarat, India","first_name":"vijat"}}

2018-11-23 00:47:22
demo.webmigrates.com/osnap/api/Registration/UserRegistration
{"data":{"username":"vijaycust","longtitude":"72.831061","lang_type":"1","country_code":"+1","country":"India","birth_date":"1977-07-08","image":"15429556418872.png","latitude":"21.170240","city":"Surat","last_name":"jk","osnap_id":"vijaycust","state":"Gujarat","device_token":"f2ffdc1a796471374926583a35ec39e8d4a1c45967b57a1642070ca6e4946912","email":"vijaycust@yopmail.com","user_type":"1","phone":"9988552233","password":"vvvvvvvv","device_type":"1","post_code":"","address":"Surat, Gujarat, India","first_name":"vijat"}}

2018-11-23 00:47:41
demo.webmigrates.com/osnap/api/Registration/UserRegistration
{"data":{"username":"vijaycust","longtitude":"72.831061","lang_type":"1","country_code":"+1","country":"India","birth_date":"1977-07-08","image":"154295566165550.png","latitude":"21.170240","city":"Surat","last_name":"jk","osnap_id":"vijaycust","state":"Gujarat","device_token":"f2ffdc1a796471374926583a35ec39e8d4a1c45967b57a1642070ca6e4946912","email":"vijaycust@yopmail.com","user_type":"1","phone":"9988552233","password":"vvvvvvvv","device_type":"1","post_code":"","address":"Surat, Gujarat, India","first_name":"vijat"}}

2018-11-23 00:48:00
demo.webmigrates.com/osnap/api/Registration/UserDetail
{ 
        "data":{
                "id":"127",   
                "other_id":"132",               
                "token":"0LWkWUdjOxgoXumNMiJkT3LWJdPyM7DmDjRHRHp0MDwQMFyKV6Tfncch3sPqE4dEzCxHOBGOZQG3lrVvtVN6REhMNK9XJuKvSoSjGtLgda7lIdW9E3LWOxB4",
                 "lang_type":"1" 
        } 
}

2018-11-23 00:48:07
demo.webmigrates.com/osnap/api/Registration/UserDetail
{ 
        "data":{
                "id":"127",   
                "other_id":"132",               
                "token":"0LWkWUdjOxgoXumNMiJkT3LWJdPyM7DmDjRHRHp0MDwQMFyKV6Tfncch3sPqE4dEzCxHOBGOZQG3lrVvtVN6REhMNK9XJuKvSoSjGtLgda7lIdW9E3LWOxB4",
                 "lang_type":"1" 
        } 
}

2018-11-23 00:49:18
demo.webmigrates.com/osnap/api/Registration/UserRegistration
{ 
        "data":{
                "first_name":"Dharmesh",
                "last_name":"Makrubiya",
                "birth_date":"1992-06-15",
                "country_code":"+91",
                "phone":"9033875363",
                "email":"dharmeshmakrubiya@gmail.com",
                "username":"dhammo",
                "password":"123",
                "osnap_id":"ddm7980",
                "address":"79 surat",
                "latitude":"24.65484",
                "longtitude":"25.1548",
                "city":"surat",
                "state":"guj",
                "country":"IN",
                "post_code":"395006",
                "image":"1.jpg",
                "user_type":"2",
                "security_code":"1234",
                "device_token":"3ltutv",
                "device_type":"1",
                "lang_type":"1"
        } 
}

2018-11-23 00:49:31
demo.webmigrates.com/osnap/api/Registration/UserRegistration
{ 
        "data":{
                "first_name":"Dharmesh",
                "last_name":"Makrubiya",
                "birth_date":"1992-06-15",
                "country_code":"+91",
                "phone":"9033875363",
                "email":"dharmeshmakrubiya@gmail.com",
                "username":"dhammo",
                "password":"123",
                "osnap_id":"ddm79890",
                "address":"79 surat",
                "latitude":"24.65484",
                "longtitude":"25.1548",
                "city":"surat",
                "state":"guj",
                "country":"IN",
                "post_code":"395006",
                "image":"1.jpg",
                "user_type":"2",
                "security_code":"1234",
                "device_token":"3ltutv",
                "device_type":"1",
                "lang_type":"1"
        } 
}

2018-11-23 00:49:38
demo.webmigrates.com/osnap/api/Registration/UserRegistration
{ 
        "data":{
                "first_name":"Dharmesh",
                "last_name":"Makrubiya",
                "birth_date":"1992-06-15",
                "country_code":"+91",
                "phone":"9033875363",
                "email":"dharmeshmakrubiya@gmail.com",
                "username":"dhammko",
                "password":"123",
                "osnap_id":"ddm79890",
                "address":"79 surat",
                "latitude":"24.65484",
                "longtitude":"25.1548",
                "city":"surat",
                "state":"guj",
                "country":"IN",
                "post_code":"395006",
                "image":"1.jpg",
                "user_type":"2",
                "security_code":"1234",
                "device_token":"3ltutv",
                "device_type":"1",
                "lang_type":"1"
        } 
}

2018-11-23 00:50:41
demo.webmigrates.com/osnap/api/Registration/UserRegistration
{ 
        "data":{
                "first_name":"Dharmesh",
                "last_name":"Makrubiya",
                "birth_date":"1992-06-15",
                "country_code":"+91",
                "phone":"9033875363",
                "email":"dharmeshmakrubiya@gmail.com",
                "username":"dhammko",
                "password":"123",
                "osnap_id":"ddm79890",
                "address":"79 surat",
                "latitude":"24.65484",
                "longtitude":"25.1548",
                "city":"surat",
                "state":"guj",
                "country":"IN",
                "post_code":"395006",
                "image":"1.jpg",
                "user_type":"2",
                "security_code":"1234",
                "device_token":"3ltutv",
                "device_type":"1",
                "lang_type":"1"
        } 
}

2018-11-23 00:50:44
demo.webmigrates.com/osnap/api/Registration/UserRegistration
{ 
        "data":{
                "first_name":"Dharmesh",
                "last_name":"Makrubiya",
                "birth_date":"1992-06-15",
                "country_code":"+91",
                "phone":"9033875363",
                "email":"dharmeshmakrubiya@gmail.com",
                "username":"dhammko",
                "password":"123",
                "osnap_id":"ddm79890",
                "address":"79 surat",
                "latitude":"24.65484",
                "longtitude":"25.1548",
                "city":"surat",
                "state":"guj",
                "country":"IN",
                "post_code":"395006",
                "image":"1.jpg",
                "user_type":"2",
                "security_code":"1234",
                "device_token":"3ltutv",
                "device_type":"1",
                "lang_type":"1"
        } 
}

2018-11-23 00:51:09
demo.webmigrates.com/osnap/api/Registration/UserRegistration
{ 
        "data":{
                "first_name":"Dharmesh",
                "last_name":"Makrubiya",
                "birth_date":"1992-06-15",
                "country_code":"+91",
                "phone":"9033875363",
                "email":"dharmeshmakrubiya@gmail.com",
                "username":"dhammko",
                "password":"123",
                "osnap_id":"ddm79890",
                "address":"79 surat",
                "latitude":"24.65484",
                "longtitude":"25.1548",
                "city":"surat",
                "state":"guj",
                "country":"IN",
                "post_code":"395006",
                "image":"1.jpg",
                "user_type":"2",
                "security_code":"1234",
                "device_token":"3ltutv",
                "device_type":"1",
                "lang_type":"1"
        } 
}

2018-11-23 00:53:19
demo.webmigrates.com/osnap/api/Registration/UserRegistration
{ 
        "data":{
                "first_name":"Dharmesh",
                "last_name":"Makrubiya",
                "birth_date":"1992-06-15",
                "country_code":"+91",
                "phone":"9033875363",
                "email":"dharmeshmakrubiya@gmail.com",
                "username":"dhammko",
                "password":"123",
                "osnap_id":"ddm79890",
                "address":"79 surat",
                "latitude":"24.65484",
                "longtitude":"25.1548",
                "city":"surat",
                "state":"guj",
                "country":"IN",
                "post_code":"395006",
                "image":"1.jpg",
                "user_type":"2",
                "security_code":"1234",
                "device_token":"3ltutv",
                "device_type":"1",
                "lang_type":"1"
        } 
}

2018-11-23 00:53:36
demo.webmigrates.com/osnap/api/Registration/UserRegistration
{ 
        "data":{
                "first_name":"Dharmesh",
                "last_name":"Makrubiya",
                "birth_date":"1992-06-15",
                "country_code":"+91",
                "phone":"9033875363",
                "email":"dharmeshmakrubiya@gmail.com",
                "username":"dhammko",
                "password":"123",
                "osnap_id":"ddm79890",
                "address":"79 surat",
                "latitude":"24.65484",
                "longtitude":"25.1548",
                "city":"surat",
                "state":"guj",
                "country":"IN",
                "post_code":"395006",
                "image":"1.jpg",
                "user_type":"2",
                "security_code":"1234",
                "device_token":"3ltutv",
                "device_type":"1",
                "lang_type":"1"
        } 
}

2018-11-23 00:53:59
demo.webmigrates.com/osnap/api/Registration/UserRegistration
{ 
        "data":{
                "first_name":"Dharmesh",
                "last_name":"Makrubiya",
                "birth_date":"1992-06-15",
                "country_code":"+91",
                "phone":"9033875363",
                "email":"dharmeshmakrubiya@gmail.com",
                "username":"dhammko",
                "password":"123",
                "osnap_id":"ddm79890",
                "address":"79 surat",
                "latitude":"24.65484",
                "longtitude":"25.1548",
                "city":"surat",
                "state":"guj",
                "country":"IN",
                "post_code":"395006",
                "image":"1.jpg",
                "user_type":"2",
                "security_code":"1234",
                "device_token":"3ltutv",
                "device_type":"1",
                "lang_type":"1"
        } 
}

2018-11-23 00:54:02
demo.webmigrates.com/osnap/api/Registration/UserRegistration
{ 
        "data":{
                "first_name":"Dharmesh",
                "last_name":"Makrubiya",
                "birth_date":"1992-06-15",
                "country_code":"+91",
                "phone":"9033875363",
                "email":"dharmeshmakrubiya@gmail.com",
                "username":"dhammko",
                "password":"123",
                "osnap_id":"ddm79890",
                "address":"79 surat",
                "latitude":"24.65484",
                "longtitude":"25.1548",
                "city":"surat",
                "state":"guj",
                "country":"IN",
                "post_code":"395006",
                "image":"1.jpg",
                "user_type":"2",
                "security_code":"1234",
                "device_token":"3ltutv",
                "device_type":"1",
                "lang_type":"1"
        } 
}

2018-11-23 00:54:39
demo.webmigrates.com/osnap/api/Registration/UserRegistration
{ 
        "data":{
                "first_name":"Dharmesh",
                "last_name":"Makrubiya",
                "birth_date":"1992-06-15",
                "country_code":"+91",
                "phone":"9033875363",
                "email":"dharmeshmakrubiya@gmail.com",
                "username":"dhammko",
                "password":"123",
                "osnap_id":"ddm79890",
                "address":"79 surat",
                "latitude":"24.65484",
                "longtitude":"25.1548",
                "city":"surat",
                "state":"guj",
                "country":"IN",
                "post_code":"395006",
                "image":"1.jpg",
                "user_type":"2",
                "security_code":"1234",
                "device_token":"3ltutv",
                "device_type":"1",
                "lang_type":"1"
        } 
}

2018-11-23 01:00:09
demo.webmigrates.com/osnap/api/Registration/UserRegistration
{"data":{"username":"vijaycust","longtitude":"72.831061","lang_type":"1","country_code":"+1","country":"India","birth_date":"1977-07-08","image":"154295640882305.png","latitude":"21.170240","city":"Surat","last_name":"jk","osnap_id":"vijaycust","state":"Gujarat","device_token":"f2ffdc1a796471374926583a35ec39e8d4a1c45967b57a1642070ca6e4946912","email":"vijaycust@yopmail.com","user_type":"1","phone":"9988552233","password":"vvvvvvvv","device_type":"1","post_code":"","address":"Surat, Gujarat, India","first_name":"vijat"}}

2018-11-23 01:00:38
demo.webmigrates.com/osnap/api/Registration/SubscribeUser
{ 
        "data":{
                "id":"132",   
                "card_id":"155",               
                "token":"0LWkWUdjOxgoXumNMiJkT3LWJdPyM7DmDjRHRHp0MDwQMFyKV6Tfncch3sPqE4dEzCxHOBGOZQG3lrVvtVN6REhMNK9XJuKvSoSjGtLgda7lIdW9E3LWOxB4",
                 "lang_type":"1" 
        } 
}

2018-11-23 01:00:51
demo.webmigrates.com/osnap/api/Registration/VerifyUser
{"data":{"email":"vijaycust@yopmail.com","username":"vijaycust","device_type":"1","activation_code":"343175","device_token":"f2ffdc1a796471374926583a35ec39e8d4a1c45967b57a1642070ca6e4946912","lang_type":"1"}}

2018-11-23 01:00:56
demo.webmigrates.com/osnap/api/Registration/EditUser
{"data":{"id":"136","security_code":"4444","token":"uOLFG56OQojl0xWEbLSeKNpQuASfLaZqLEP6WbEsp9iBSKepyXZ90mo0ZRSjPgpeIaH6Mm7RDiU4qQ7Y0wF9WxsgL8BRkUF5FMPmD3wXEAud8IdKb7Qcf7NU","lang_type":"1"}}

2018-11-23 01:03:09
demo.webmigrates.com/osnap/api/Registration/SubscribeUser
{ 
        "data":{
                "id":"132",   
                "card_id":"155",               
                "token":"0LWkWUdjOxgoXumNMiJkT3LWJdPyM7DmDjRHRHp0MDwQMFyKV6Tfncch3sPqE4dEzCxHOBGOZQG3lrVvtVN6REhMNK9XJuKvSoSjGtLgda7lIdW9E3LWOxB5",
                 "lang_type":"1" 
        } 
}

2018-11-23 01:05:14
demo.webmigrates.com/osnap/api/Registration/SubscribeUser
{ 
        "data":{
                "id":"132",   
                "card_id":"155",               
                "token":"0LWkWUdjOxgoXumNMiJkT3LWJdPyM7DmDjRHRHp0MDwQMFyKV6Tfncch3sPqE4dEzCxHOBGOZQG3lrVvtVN6REhMNK9XJuKvSoSjGtLgda7lIdW9E3LWOxB5",
                 "lang_type":"1" 
        } 
}

2018-11-23 01:08:27
demo.webmigrates.com/osnap/api/Registration/SubscribeUser
{ 
        "data":{
                "id":"132",   
                "is_free_trial ":"1",               
                "token":"0LWkWUdjOxgoXumNMiJkT3LWJdPyM7DmDjRHRHp0MDwQMFyKV6Tfncch3sPqE4dEzCxHOBGOZQG3lrVvtVN6REhMNK9XJuKvSoSjGtLgda7lIdW9E3LWOxB5",
                 "lang_type":"1" 
        } 
}

2018-11-23 01:09:40
demo.webmigrates.com/osnap/api/Registration/SubscribeUser
{ 
        "data":{
                "id":"132",   
                "is_free_trial":"1",               
                "token":"0LWkWUdjOxgoXumNMiJkT3LWJdPyM7DmDjRHRHp0MDwQMFyKV6Tfncch3sPqE4dEzCxHOBGOZQG3lrVvtVN6REhMNK9XJuKvSoSjGtLgda7lIdW9E3LWOxB5",
                 "lang_type":"1" 
        } 
}

2018-11-23 01:53:06
demo.webmigrates.com/osnap/api/Registration/ClientMyEvent
{"data":{"id":"134","lang_type":"1","year":"2018","token":"5zIdvafHeeaHN3Jak2QFgpDNX6xby3ZgN5eyQ3wzOBQRWivktuhvULXRUjZ53nztGHqmaG3nDoU7StLtAkS72u5mjiUUjl7B6UTjIcb0WuHXtJhcXy98k2t6"}}

2018-11-23 01:53:10
demo.webmigrates.com/osnap/api/Registration/UserDetail
{"data":{"id":"134","lang_type":"1","other_id":"134","token":"5zIdvafHeeaHN3Jak2QFgpDNX6xby3ZgN5eyQ3wzOBQRWivktuhvULXRUjZ53nztGHqmaG3nDoU7StLtAkS72u5mjiUUjl7B6UTjIcb0WuHXtJhcXy98k2t6"}}

2018-11-23 01:54:03
demo.webmigrates.com/osnap/api/Registration/MyPost
{"data":{"id":"134","lang_type":"1","page":1,"limit":10,"token":"5zIdvafHeeaHN3Jak2QFgpDNX6xby3ZgN5eyQ3wzOBQRWivktuhvULXRUjZ53nztGHqmaG3nDoU7StLtAkS72u5mjiUUjl7B6UTjIcb0WuHXtJhcXy98k2t6"}}

2018-11-23 01:54:03
demo.webmigrates.com/osnap/api/Registration/MyPost
{"data":{"id":"134","lang_type":"1","page":2,"limit":10,"token":"5zIdvafHeeaHN3Jak2QFgpDNX6xby3ZgN5eyQ3wzOBQRWivktuhvULXRUjZ53nztGHqmaG3nDoU7StLtAkS72u5mjiUUjl7B6UTjIcb0WuHXtJhcXy98k2t6"}}

2018-11-23 01:54:05
demo.webmigrates.com/osnap/api/Registration/SingleClientPost
{"data":{"id":"134","lang_type":"1","post_id":"93","Dlatitude":"30.713424","Dlongtitude":"76.709813","token":"5zIdvafHeeaHN3Jak2QFgpDNX6xby3ZgN5eyQ3wzOBQRWivktuhvULXRUjZ53nztGHqmaG3nDoU7StLtAkS72u5mjiUUjl7B6UTjIcb0WuHXtJhcXy98k2t6"}}

2018-11-23 01:54:12
demo.webmigrates.com/osnap/api/Registration/UserDetail
{"data":{"id":"134","lang_type":"1","other_id":"133","token":"5zIdvafHeeaHN3Jak2QFgpDNX6xby3ZgN5eyQ3wzOBQRWivktuhvULXRUjZ53nztGHqmaG3nDoU7StLtAkS72u5mjiUUjl7B6UTjIcb0WuHXtJhcXy98k2t6"}}

2018-11-23 01:54:20
demo.webmigrates.com/osnap/api/General/GetCategory
{"data":{"lang_type":"1","id":"134","token":"5zIdvafHeeaHN3Jak2QFgpDNX6xby3ZgN5eyQ3wzOBQRWivktuhvULXRUjZ53nztGHqmaG3nDoU7StLtAkS72u5mjiUUjl7B6UTjIcb0WuHXtJhcXy98k2t6"}}

2018-11-23 01:54:45
demo.webmigrates.com/osnap/api/Registration/UserDetail
{"data":{"id":"134","lang_type":"1","other_id":"134","token":"5zIdvafHeeaHN3Jak2QFgpDNX6xby3ZgN5eyQ3wzOBQRWivktuhvULXRUjZ53nztGHqmaG3nDoU7StLtAkS72u5mjiUUjl7B6UTjIcb0WuHXtJhcXy98k2t6"}}

2018-11-23 01:54:54
demo.webmigrates.com/osnap/api/Registration/ClientMyEvent
{"data":{"id":"134","lang_type":"1","year":"2018","token":"5zIdvafHeeaHN3Jak2QFgpDNX6xby3ZgN5eyQ3wzOBQRWivktuhvULXRUjZ53nztGHqmaG3nDoU7StLtAkS72u5mjiUUjl7B6UTjIcb0WuHXtJhcXy98k2t6"}}

2018-11-23 01:54:54
demo.webmigrates.com/osnap/api/Notification/CountBase
{"data":{"lang_type":"1","token":"5zIdvafHeeaHN3Jak2QFgpDNX6xby3ZgN5eyQ3wzOBQRWivktuhvULXRUjZ53nztGHqmaG3nDoU7StLtAkS72u5mjiUUjl7B6UTjIcb0WuHXtJhcXy98k2t6","user_id":"134"}}

2018-11-23 01:54:54
demo.webmigrates.com/osnap/api/Registration/UserDetail
{"data":{"id":"134","lang_type":"1","other_id":"134","token":"5zIdvafHeeaHN3Jak2QFgpDNX6xby3ZgN5eyQ3wzOBQRWivktuhvULXRUjZ53nztGHqmaG3nDoU7StLtAkS72u5mjiUUjl7B6UTjIcb0WuHXtJhcXy98k2t6"}}

2018-11-23 01:54:56
demo.webmigrates.com/osnap/api/Registration/MyPost
{"data":{"id":"134","lang_type":"1","page":1,"limit":10,"token":"5zIdvafHeeaHN3Jak2QFgpDNX6xby3ZgN5eyQ3wzOBQRWivktuhvULXRUjZ53nztGHqmaG3nDoU7StLtAkS72u5mjiUUjl7B6UTjIcb0WuHXtJhcXy98k2t6"}}

2018-11-23 01:54:57
demo.webmigrates.com/osnap/api/Registration/MyPost
{"data":{"id":"134","lang_type":"1","page":2,"limit":10,"token":"5zIdvafHeeaHN3Jak2QFgpDNX6xby3ZgN5eyQ3wzOBQRWivktuhvULXRUjZ53nztGHqmaG3nDoU7StLtAkS72u5mjiUUjl7B6UTjIcb0WuHXtJhcXy98k2t6"}}

2018-11-23 01:54:59
demo.webmigrates.com/osnap/api/Registration/SingleClientPost
{"data":{"id":"134","lang_type":"1","post_id":"93","Dlatitude":"30.713424","Dlongtitude":"76.709813","token":"5zIdvafHeeaHN3Jak2QFgpDNX6xby3ZgN5eyQ3wzOBQRWivktuhvULXRUjZ53nztGHqmaG3nDoU7StLtAkS72u5mjiUUjl7B6UTjIcb0WuHXtJhcXy98k2t6"}}

2018-11-23 01:57:32
demo.webmigrates.com/osnap/api/Registration/UserDetail
{"data":{"id":"134","lang_type":"1","other_id":"134","token":"5zIdvafHeeaHN3Jak2QFgpDNX6xby3ZgN5eyQ3wzOBQRWivktuhvULXRUjZ53nztGHqmaG3nDoU7StLtAkS72u5mjiUUjl7B6UTjIcb0WuHXtJhcXy98k2t6"}}

2018-11-23 01:57:51
demo.webmigrates.com/osnap/api/Registration/MyPost
{"data":{"id":"134","lang_type":"1","page":1,"limit":10,"token":"5zIdvafHeeaHN3Jak2QFgpDNX6xby3ZgN5eyQ3wzOBQRWivktuhvULXRUjZ53nztGHqmaG3nDoU7StLtAkS72u5mjiUUjl7B6UTjIcb0WuHXtJhcXy98k2t6"}}

2018-11-23 01:57:51
demo.webmigrates.com/osnap/api/Registration/MyPost
{"data":{"id":"134","lang_type":"1","page":2,"limit":10,"token":"5zIdvafHeeaHN3Jak2QFgpDNX6xby3ZgN5eyQ3wzOBQRWivktuhvULXRUjZ53nztGHqmaG3nDoU7StLtAkS72u5mjiUUjl7B6UTjIcb0WuHXtJhcXy98k2t6"}}

2018-11-23 01:57:55
demo.webmigrates.com/osnap/api/Registration/SingleClientPost
{"data":{"id":"134","lang_type":"1","post_id":"93","Dlatitude":"30.713424","Dlongtitude":"76.709813","token":"5zIdvafHeeaHN3Jak2QFgpDNX6xby3ZgN5eyQ3wzOBQRWivktuhvULXRUjZ53nztGHqmaG3nDoU7StLtAkS72u5mjiUUjl7B6UTjIcb0WuHXtJhcXy98k2t6"}}

2018-11-23 05:42:20
demo.webmigrates.com/osnap/api/Registration/UserDetail
{"data":{"id":"3","other_id":"3","token":"jmmiFjlK9Kk4QP4R1GFICpwSUlCqujsP6VSQo4hl0aGWLgtFqwtI1ZXE7Wy8C2OrnuToQvXHBR9qFS5uI2SevtRaV1QgcyivNOUqt5eLOYMiHgcDqsDuPJZy","lang_type":"1"}}

2018-11-23 05:42:20
demo.webmigrates.com/osnap/api/Registration/BusinessMyEvent
{"data":{"id":"3","year":"2018","token":"jmmiFjlK9Kk4QP4R1GFICpwSUlCqujsP6VSQo4hl0aGWLgtFqwtI1ZXE7Wy8C2OrnuToQvXHBR9qFS5uI2SevtRaV1QgcyivNOUqt5eLOYMiHgcDqsDuPJZy","lang_type":"1"}}

2018-11-23 05:42:20
demo.webmigrates.com/osnap/api/Notification/CountBase
{"data":{"token":"jmmiFjlK9Kk4QP4R1GFICpwSUlCqujsP6VSQo4hl0aGWLgtFqwtI1ZXE7Wy8C2OrnuToQvXHBR9qFS5uI2SevtRaV1QgcyivNOUqt5eLOYMiHgcDqsDuPJZy","user_id":"3","lang_type":"1"}}

2018-11-23 06:28:48
demo.webmigrates.com/osnap/api/Registration/CheckLogin
{"data":{"username":"bemp874","lang_type":"1","password":"america1","device_token":"121212","device_type":"1"}}

2018-11-23 06:28:50
demo.webmigrates.com/osnap/api/Notification/CountBase
{"data":{"token":"qxslHN0AuYxIIkcaWd0YuZZ9L8CDbj3wMem82mwZwPrBUf7PCbmuDkHXiwAErwDecOG8sTtV2oJLZrgts5hvRrLpfMhFxehBtLXmY5HEZhbtvdw6Yvsg4s8H","user_id":"109","lang_type":"1"}}

2018-11-23 06:28:50
demo.webmigrates.com/osnap/api/Registration/BusinessMyEvent
{"data":{"id":"109","year":"2018","token":"qxslHN0AuYxIIkcaWd0YuZZ9L8CDbj3wMem82mwZwPrBUf7PCbmuDkHXiwAErwDecOG8sTtV2oJLZrgts5hvRrLpfMhFxehBtLXmY5HEZhbtvdw6Yvsg4s8H","lang_type":"1"}}

2018-11-23 06:28:50
demo.webmigrates.com/osnap/api/Registration/UserDetail
{"data":{"id":"109","other_id":"109","token":"qxslHN0AuYxIIkcaWd0YuZZ9L8CDbj3wMem82mwZwPrBUf7PCbmuDkHXiwAErwDecOG8sTtV2oJLZrgts5hvRrLpfMhFxehBtLXmY5HEZhbtvdw6Yvsg4s8H","lang_type":"1"}}

2018-11-23 06:28:58
demo.webmigrates.com/osnap/api/Registration/Logout
{"data":{"id":"109","token":"qxslHN0AuYxIIkcaWd0YuZZ9L8CDbj3wMem82mwZwPrBUf7PCbmuDkHXiwAErwDecOG8sTtV2oJLZrgts5hvRrLpfMhFxehBtLXmY5HEZhbtvdw6Yvsg4s8H","lang_type":"1"}}

2018-11-23 06:29:07
demo.webmigrates.com/osnap/api/Registration/CheckLogin
{"data":{"username":"bemp875","lang_type":"1","password":"america1","device_token":"121212","device_type":"1"}}

2018-11-23 06:29:08
demo.webmigrates.com/osnap/api/Registration/ClientMyEvent
{"data":{"id":"110","year":"2018","token":"3hZE34LnT50EOqSmdmSCwjJAXQckMJIAFPdP1uoxQAwwiWKd32uC9FuJcVUoh3Hf3gDY3J6K5Pom7dJRJ8FyoSKxEeO818Qmr2Z5tuTWoLV68QV0e9clsGmE","lang_type":"1"}}

2018-11-23 06:29:08
demo.webmigrates.com/osnap/api/Notification/CountBase
{"data":{"token":"3hZE34LnT50EOqSmdmSCwjJAXQckMJIAFPdP1uoxQAwwiWKd32uC9FuJcVUoh3Hf3gDY3J6K5Pom7dJRJ8FyoSKxEeO818Qmr2Z5tuTWoLV68QV0e9clsGmE","user_id":"110","lang_type":"1"}}

2018-11-23 06:29:08
demo.webmigrates.com/osnap/api/Registration/UserDetail
{"data":{"id":"110","other_id":"110","token":"3hZE34LnT50EOqSmdmSCwjJAXQckMJIAFPdP1uoxQAwwiWKd32uC9FuJcVUoh3Hf3gDY3J6K5Pom7dJRJ8FyoSKxEeO818Qmr2Z5tuTWoLV68QV0e9clsGmE","lang_type":"1"}}

2018-11-23 06:29:41
demo.webmigrates.com/osnap/api/Registration/ClientMyEvent
{"data":{"id":"110","year":"2018","token":"3hZE34LnT50EOqSmdmSCwjJAXQckMJIAFPdP1uoxQAwwiWKd32uC9FuJcVUoh3Hf3gDY3J6K5Pom7dJRJ8FyoSKxEeO818Qmr2Z5tuTWoLV68QV0e9clsGmE","lang_type":"1"}}

2018-11-23 06:59:38
demo.webmigrates.com/osnap/api/Registration/CheckLogin
{"data":{"username":"vijaycust","lang_type":"1","password":"vvvvvvvv","device_token":"17d0fef2b0ade64d9381b5f6386ae38552e2b99a55dbc813d6203deaa503410e","device_type":"1"}}

2018-11-23 07:01:45
demo.webmigrates.com/osnap/api/Registration/AddCard
{"data":{"cardtoken":"tok_1DZeI1H2N8KYROq9gtbN8iL7","id":"136","is_default":"1","token":"vzMqBrqTXlrWFMbEXUrOcFoY7KaOzRX2ffFmHarbLByfzkdsA9rGQhVZddEPzWf1WaH60SPKDcfHrs2cCiITOocO7NxiRgqjJcC5uyrlgEnCqycZ1tkJVeDw","lang_type":"1"}}

2018-11-23 07:01:47
demo.webmigrates.com/osnap/api/Registration/UserDetail
{"data":{"id":"136","other_id":"136","token":"vzMqBrqTXlrWFMbEXUrOcFoY7KaOzRX2ffFmHarbLByfzkdsA9rGQhVZddEPzWf1WaH60SPKDcfHrs2cCiITOocO7NxiRgqjJcC5uyrlgEnCqycZ1tkJVeDw","lang_type":"1"}}

2018-11-23 07:06:00
demo.webmigrates.com/osnap/api/Notification/CountBase
{"data":{"lang_type":"1","token":"5zIdvafHeeaHN3Jak2QFgpDNX6xby3ZgN5eyQ3wzOBQRWivktuhvULXRUjZ53nztGHqmaG3nDoU7StLtAkS72u5mjiUUjl7B6UTjIcb0WuHXtJhcXy98k2t6","user_id":"134"}}

2018-11-23 07:06:00
demo.webmigrates.com/osnap/api/Registration/ClientMyEvent
{"data":{"id":"134","lang_type":"1","year":"2018","token":"5zIdvafHeeaHN3Jak2QFgpDNX6xby3ZgN5eyQ3wzOBQRWivktuhvULXRUjZ53nztGHqmaG3nDoU7StLtAkS72u5mjiUUjl7B6UTjIcb0WuHXtJhcXy98k2t6"}}

2018-11-23 07:06:00
demo.webmigrates.com/osnap/api/Registration/UserDetail
{"data":{"id":"134","lang_type":"1","other_id":"134","token":"5zIdvafHeeaHN3Jak2QFgpDNX6xby3ZgN5eyQ3wzOBQRWivktuhvULXRUjZ53nztGHqmaG3nDoU7StLtAkS72u5mjiUUjl7B6UTjIcb0WuHXtJhcXy98k2t6"}}

2018-11-23 07:06:08
demo.webmigrates.com/osnap/api/Registration/Logout
{"data":{"id":"134","token":"5zIdvafHeeaHN3Jak2QFgpDNX6xby3ZgN5eyQ3wzOBQRWivktuhvULXRUjZ53nztGHqmaG3nDoU7StLtAkS72u5mjiUUjl7B6UTjIcb0WuHXtJhcXy98k2t6","lang_type":"1"}}

2018-11-23 07:06:34
demo.webmigrates.com/osnap/api/Registration/CheckLogin
{"data":{"password":"12345678","username":"bussiness2001","device_type":"1","lang_type":"1","device_token":"5b2733aa96633fb78549c66b154fd5ae9585b4965f9c608498d4e48984d4fc92"}}

2018-11-23 07:06:43
demo.webmigrates.com/osnap/api/Registration/CheckLogin
{"data":{"password":"12345678","username":"bussiness2000","device_type":"1","lang_type":"1","device_token":"5b2733aa96633fb78549c66b154fd5ae9585b4965f9c608498d4e48984d4fc92"}}

2018-11-23 07:06:56
demo.webmigrates.com/osnap/api/Registration/CheckLogin
{"data":{"password":"12345678","username":"business2000","device_type":"1","lang_type":"1","device_token":"5b2733aa96633fb78549c66b154fd5ae9585b4965f9c608498d4e48984d4fc92"}}

2018-11-23 07:06:57
demo.webmigrates.com/osnap/api/Registration/UserDetail
{"data":{"id":"124","lang_type":"1","other_id":"124","token":"KxwlpbqnHFOq379EsniIBKk8KmKTvnuH1TKIeX8D9M7p13VbMaGZHMZSallTd1PjqvV1itRwQHmcOASqXwgjv86CdgyyfRaj98T8DMGhkJsJktn2cPchiIBD"}}

2018-11-23 07:06:57
demo.webmigrates.com/osnap/api/Notification/CountBase
{"data":{"lang_type":"1","token":"KxwlpbqnHFOq379EsniIBKk8KmKTvnuH1TKIeX8D9M7p13VbMaGZHMZSallTd1PjqvV1itRwQHmcOASqXwgjv86CdgyyfRaj98T8DMGhkJsJktn2cPchiIBD","user_id":"124"}}

2018-11-23 07:06:57
demo.webmigrates.com/osnap/api/Registration/BusinessMyEvent
{"data":{"id":"124","lang_type":"1","year":"2018","token":"KxwlpbqnHFOq379EsniIBKk8KmKTvnuH1TKIeX8D9M7p13VbMaGZHMZSallTd1PjqvV1itRwQHmcOASqXwgjv86CdgyyfRaj98T8DMGhkJsJktn2cPchiIBD"}}

2018-11-23 07:08:02
demo.webmigrates.com/osnap/api/Registration/StripeTest


2018-11-23 07:08:36
demo.webmigrates.com/osnap/api/Registration/ChangePassword
{"data":{"oldpassword":"12345678","lang_type":"1","id":"124","newpassword":"12345678","token":"KxwlpbqnHFOq379EsniIBKk8KmKTvnuH1TKIeX8D9M7p13VbMaGZHMZSallTd1PjqvV1itRwQHmcOASqXwgjv86CdgyyfRaj98T8DMGhkJsJktn2cPchiIBD"}}

2018-11-23 07:08:43
demo.webmigrates.com/osnap/api/Registration/Logout
{"data":{"id":"124","token":"KxwlpbqnHFOq379EsniIBKk8KmKTvnuH1TKIeX8D9M7p13VbMaGZHMZSallTd1PjqvV1itRwQHmcOASqXwgjv86CdgyyfRaj98T8DMGhkJsJktn2cPchiIBD","lang_type":"1"}}

2018-11-23 07:09:28
demo.webmigrates.com/osnap/gii


2018-11-23 07:09:29
demo.webmigrates.com/osnap/gii/default/login


2018-11-23 07:09:35
demo.webmigrates.com/osnap/gii/default/login
LoginForm%5Bpassword%5D=admin&yt0=Enter

2018-11-23 07:09:35
demo.webmigrates.com/osnap/gii/default/index


2018-11-23 07:09:37
demo.webmigrates.com/osnap/gii/giixModel/index


2018-11-23 07:09:48
demo.webmigrates.com/osnap/gii/giixModel/index
GiixModelCode%5BtablePrefix%5D=&GiixModelCode%5BtableName%5D=usercard&GiixModelCode%5BmodelClass%5D=Usercard&GiixModelCode%5BbaseClass%5D=GxActiveRecord&GiixModelCode%5BmodelPath%5D=application.models&GiixModelCode%5Btemplate%5D=default&preview=Preview

2018-11-23 07:09:53
demo.webmigrates.com/osnap/gii/giixModel/index
GiixModelCode%5BtablePrefix%5D=&GiixModelCode%5BtableName%5D=usercard&GiixModelCode%5BmodelClass%5D=Usercard&GiixModelCode%5BbaseClass%5D=GxActiveRecord&GiixModelCode%5BmodelPath%5D=application.models&GiixModelCode%5Btemplate%5D=default&generate=Generate&answers=&answers%5B3535a16fb7c791866466b0da568e4002%5D=1

2018-11-23 07:10:09
demo.webmigrates.com/osnap/api/Registration/CheckLogin
{"data":{"password":"12345678","username":"business2000","device_type":"1","lang_type":"1","device_token":"5b2733aa96633fb78549c66b154fd5ae9585b4965f9c608498d4e48984d4fc92"}}

2018-11-23 07:10:10
demo.webmigrates.com/osnap/api/Registration/BusinessMyEvent
{"data":{"id":"124","lang_type":"1","year":"2018","token":"rdHl6sMKXNgHEx4wlfddpTLyr1SVR6eQcW3uqKodSDivZ3l5Rkg0Wkwq6cTP09UFQtj7J83zuMYqekhGZ4W9JhrtTPyGHPud42ArXWRn79OlihcoqFlQo6Vk"}}

2018-11-23 07:10:10
demo.webmigrates.com/osnap/api/Notification/CountBase
{"data":{"lang_type":"1","token":"rdHl6sMKXNgHEx4wlfddpTLyr1SVR6eQcW3uqKodSDivZ3l5Rkg0Wkwq6cTP09UFQtj7J83zuMYqekhGZ4W9JhrtTPyGHPud42ArXWRn79OlihcoqFlQo6Vk","user_id":"124"}}

2018-11-23 07:10:10
demo.webmigrates.com/osnap/api/Registration/UserDetail
{"data":{"id":"124","lang_type":"1","other_id":"124","token":"rdHl6sMKXNgHEx4wlfddpTLyr1SVR6eQcW3uqKodSDivZ3l5Rkg0Wkwq6cTP09UFQtj7J83zuMYqekhGZ4W9JhrtTPyGHPud42ArXWRn79OlihcoqFlQo6Vk"}}

2018-11-23 07:10:28
demo.webmigrates.com/osnap/api/General/GetCategory
{"data":{"lang_type":"1","id":"124","token":"rdHl6sMKXNgHEx4wlfddpTLyr1SVR6eQcW3uqKodSDivZ3l5Rkg0Wkwq6cTP09UFQtj7J83zuMYqekhGZ4W9JhrtTPyGHPud42ArXWRn79OlihcoqFlQo6Vk"}}

2018-11-23 07:10:36
demo.webmigrates.com/osnap/api/General/GetEducation
{"data":{"lang_type":"1","id":"124","token":"rdHl6sMKXNgHEx4wlfddpTLyr1SVR6eQcW3uqKodSDivZ3l5Rkg0Wkwq6cTP09UFQtj7J83zuMYqekhGZ4W9JhrtTPyGHPud42ArXWRn79OlihcoqFlQo6Vk"}}

2018-11-23 07:10:57
demo.webmigrates.com/osnap/api/Registration/Logout
{"data":{"id":"124","token":"rdHl6sMKXNgHEx4wlfddpTLyr1SVR6eQcW3uqKodSDivZ3l5Rkg0Wkwq6cTP09UFQtj7J83zuMYqekhGZ4W9JhrtTPyGHPud42ArXWRn79OlihcoqFlQo6Vk","lang_type":"1"}}

2018-11-23 07:11:15
demo.webmigrates.com/osnap/api/Registration/CheckLogin
{"data":{"password":"12345678","username":"businessuser1","device_type":"1","lang_type":"1","device_token":"5b2733aa96633fb78549c66b154fd5ae9585b4965f9c608498d4e48984d4fc92"}}

2018-11-23 07:11:16
demo.webmigrates.com/osnap/api/Notification/CountBase
{"data":{"lang_type":"1","token":"IBZNKs6JrhQZ7C3u5Egr8rU0nk1J50KFhzdlkuBblzu5IgrcyYipoHafquFag05f2AOa5ZAnJgvUeFd8CRp7DheoQoI2qZKHYRL9vCmJGUK91zmOHDqtJ5RD","user_id":"133"}}

2018-11-23 07:11:16
demo.webmigrates.com/osnap/api/Registration/BusinessMyEvent
{"data":{"id":"133","lang_type":"1","year":"2018","token":"IBZNKs6JrhQZ7C3u5Egr8rU0nk1J50KFhzdlkuBblzu5IgrcyYipoHafquFag05f2AOa5ZAnJgvUeFd8CRp7DheoQoI2qZKHYRL9vCmJGUK91zmOHDqtJ5RD"}}

2018-11-23 07:11:16
demo.webmigrates.com/osnap/api/Registration/UserDetail
{"data":{"id":"133","lang_type":"1","other_id":"133","token":"IBZNKs6JrhQZ7C3u5Egr8rU0nk1J50KFhzdlkuBblzu5IgrcyYipoHafquFag05f2AOa5ZAnJgvUeFd8CRp7DheoQoI2qZKHYRL9vCmJGUK91zmOHDqtJ5RD"}}

2018-11-23 07:11:26
demo.webmigrates.com/osnap/api/General/GetEducation
{"data":{"lang_type":"1","id":"133","token":"IBZNKs6JrhQZ7C3u5Egr8rU0nk1J50KFhzdlkuBblzu5IgrcyYipoHafquFag05f2AOa5ZAnJgvUeFd8CRp7DheoQoI2qZKHYRL9vCmJGUK91zmOHDqtJ5RD"}}

2018-11-23 07:11:51
demo.webmigrates.com/osnap/api/Registration/AddUpdateExperience
{"data":{"experience":[{"professional_experience":"5+ Years","education_id":"5","is_current":"1","to_year":"2018","to_month":"11","child2":"0","child2value":"","child1":"0","from_year":"2016","company_name":"Xerox technology ","from_month_text":"Mar","from_month":"3","child1value":"","to_month_text":"Nov"}],"id":"133","lang_type":"1","token":"IBZNKs6JrhQZ7C3u5Egr8rU0nk1J50KFhzdlkuBblzu5IgrcyYipoHafquFag05f2AOa5ZAnJgvUeFd8CRp7DheoQoI2qZKHYRL9vCmJGUK91zmOHDqtJ5RD"}}

2018-11-23 07:11:54
demo.webmigrates.com/osnap/api/General/GetEducation
{"data":{"lang_type":"1","id":"133","token":"IBZNKs6JrhQZ7C3u5Egr8rU0nk1J50KFhzdlkuBblzu5IgrcyYipoHafquFag05f2AOa5ZAnJgvUeFd8CRp7DheoQoI2qZKHYRL9vCmJGUK91zmOHDqtJ5RD"}}

2018-11-23 07:16:32
demo.webmigrates.com/osnap/api/General/GetEducation
{"data":{"lang_type":"1","id":"133","token":"IBZNKs6JrhQZ7C3u5Egr8rU0nk1J50KFhzdlkuBblzu5IgrcyYipoHafquFag05f2AOa5ZAnJgvUeFd8CRp7DheoQoI2qZKHYRL9vCmJGUK91zmOHDqtJ5RD"}}

2018-11-23 07:45:53
demo.webmigrates.com/osnap/api/Registration/UserDetail
{"data":{"id":"136","other_id":"136","token":"vzMqBrqTXlrWFMbEXUrOcFoY7KaOzRX2ffFmHarbLByfzkdsA9rGQhVZddEPzWf1WaH60SPKDcfHrs2cCiITOocO7NxiRgqjJcC5uyrlgEnCqycZ1tkJVeDw","lang_type":"1"}}

2018-11-23 07:46:10
demo.webmigrates.com/osnap/api/Registration/AddCard
{"data":{"cardtoken":"tok_1DZeyzH2N8KYROq9cCqa9cTK","id":"136","is_default":"1","token":"vzMqBrqTXlrWFMbEXUrOcFoY7KaOzRX2ffFmHarbLByfzkdsA9rGQhVZddEPzWf1WaH60SPKDcfHrs2cCiITOocO7NxiRgqjJcC5uyrlgEnCqycZ1tkJVeDw","lang_type":"1"}}

2018-11-23 18:27:23
demo.webmigrates.com/osnap/api/Registration/UserDetail
{"data":{"id":"109","other_id":"109","token":"Jp3y1VMPanaIS7c7lrOa3Av9nOdN5JR22iQwXYfznAwXABnVHlVhc39ilvaVjnq2wk5blW0GNyzJAu1lIDikiUrPJAt8xaBvQkr18DHTV16lywQAVKxZPy3m","lang_type":"1"}}

2018-11-23 18:27:23
demo.webmigrates.com/osnap/api/Registration/BusinessMyEvent
{"data":{"id":"109","year":"2018","token":"Jp3y1VMPanaIS7c7lrOa3Av9nOdN5JR22iQwXYfznAwXABnVHlVhc39ilvaVjnq2wk5blW0GNyzJAu1lIDikiUrPJAt8xaBvQkr18DHTV16lywQAVKxZPy3m","lang_type":"1"}}

2018-11-23 18:27:23
demo.webmigrates.com/osnap/api/Notification/CountBase
{"data":{"token":"Jp3y1VMPanaIS7c7lrOa3Av9nOdN5JR22iQwXYfznAwXABnVHlVhc39ilvaVjnq2wk5blW0GNyzJAu1lIDikiUrPJAt8xaBvQkr18DHTV16lywQAVKxZPy3m","user_id":"109","lang_type":"1"}}

2018-11-23 18:27:45
demo.webmigrates.com/osnap/api/Registration/CheckLogin
{"data":{"username":"bemp875","lang_type":"1","password":"america1","device_token":"fc17f6681cdd04b0ab5e38f05b6800cfc2b4b2f476ff322ca0eef8ca2d687c69","device_type":"1"}}

2018-11-23 18:27:46
demo.webmigrates.com/osnap/api/Registration/ClientMyEvent
{"data":{"id":"110","year":"2018","token":"A855NBJY9lddFfyF5ygztZNIkWqhWSUyuFibZsdgHeXieTc9mgss35Q9I7lJUPtY03aXplPnmVKlHiYwYps9n3moWDuZnTb80zFzMECNxlP0qpFS2BD8L2ZI","lang_type":"1"}}

2018-11-23 18:27:46
demo.webmigrates.com/osnap/api/Registration/UserDetail
{"data":{"id":"110","other_id":"110","token":"A855NBJY9lddFfyF5ygztZNIkWqhWSUyuFibZsdgHeXieTc9mgss35Q9I7lJUPtY03aXplPnmVKlHiYwYps9n3moWDuZnTb80zFzMECNxlP0qpFS2BD8L2ZI","lang_type":"1"}}

2018-11-23 18:27:46
demo.webmigrates.com/osnap/api/Notification/CountBase
{"data":{"token":"A855NBJY9lddFfyF5ygztZNIkWqhWSUyuFibZsdgHeXieTc9mgss35Q9I7lJUPtY03aXplPnmVKlHiYwYps9n3moWDuZnTb80zFzMECNxlP0qpFS2BD8L2ZI","user_id":"110","lang_type":"1"}}

2018-11-23 18:27:54
demo.webmigrates.com/osnap/api/Registration/Logout
{"data":{"id":"110","token":"A855NBJY9lddFfyF5ygztZNIkWqhWSUyuFibZsdgHeXieTc9mgss35Q9I7lJUPtY03aXplPnmVKlHiYwYps9n3moWDuZnTb80zFzMECNxlP0qpFS2BD8L2ZI","lang_type":"1"}}

2018-11-23 18:28:00
demo.webmigrates.com/osnap/api/Registration/CheckLogin
{"data":{"username":"bemp874","lang_type":"1","password":"america1","device_token":"fc17f6681cdd04b0ab5e38f05b6800cfc2b4b2f476ff322ca0eef8ca2d687c69","device_type":"1"}}

2018-11-23 18:28:01
demo.webmigrates.com/osnap/api/Registration/UserDetail
{"data":{"id":"109","other_id":"109","token":"7v9r7H94cZUqQyhRCBJs2OoM00pvtaN0KNufKRYBtHyreRksl3HhU4UOi8NDUoO6XKHzEhOMPCLPlzIC4mmzFjOvq3UfFvS1YY3h2N6qGxnyNaN8xpCwgPCH","lang_type":"1"}}

2018-11-23 18:28:01
demo.webmigrates.com/osnap/api/Notification/CountBase
{"data":{"token":"7v9r7H94cZUqQyhRCBJs2OoM00pvtaN0KNufKRYBtHyreRksl3HhU4UOi8NDUoO6XKHzEhOMPCLPlzIC4mmzFjOvq3UfFvS1YY3h2N6qGxnyNaN8xpCwgPCH","user_id":"109","lang_type":"1"}}

2018-11-23 18:28:01
demo.webmigrates.com/osnap/api/Registration/BusinessMyEvent
{"data":{"id":"109","year":"2018","token":"7v9r7H94cZUqQyhRCBJs2OoM00pvtaN0KNufKRYBtHyreRksl3HhU4UOi8NDUoO6XKHzEhOMPCLPlzIC4mmzFjOvq3UfFvS1YY3h2N6qGxnyNaN8xpCwgPCH","lang_type":"1"}}

2018-11-23 18:30:04
demo.webmigrates.com/osnap/api/Notification/GetNotification
{"data":{"limit":10,"page":1,"user_id":"109","token":"7v9r7H94cZUqQyhRCBJs2OoM00pvtaN0KNufKRYBtHyreRksl3HhU4UOi8NDUoO6XKHzEhOMPCLPlzIC4mmzFjOvq3UfFvS1YY3h2N6qGxnyNaN8xpCwgPCH","lang_type":"1"}}

2018-11-23 18:30:05
demo.webmigrates.com/osnap/api/Notification/ClearBase
{"data":{"token":"7v9r7H94cZUqQyhRCBJs2OoM00pvtaN0KNufKRYBtHyreRksl3HhU4UOi8NDUoO6XKHzEhOMPCLPlzIC4mmzFjOvq3UfFvS1YY3h2N6qGxnyNaN8xpCwgPCH","user_id":"109","lang_type":"1"}}

2018-11-23 18:30:10
demo.webmigrates.com/osnap/api/Notification/CountBase
{"data":{"token":"7v9r7H94cZUqQyhRCBJs2OoM00pvtaN0KNufKRYBtHyreRksl3HhU4UOi8NDUoO6XKHzEhOMPCLPlzIC4mmzFjOvq3UfFvS1YY3h2N6qGxnyNaN8xpCwgPCH","user_id":"109","lang_type":"1"}}

2018-11-23 18:30:10
demo.webmigrates.com/osnap/api/Registration/UserDetail
{"data":{"id":"109","other_id":"109","token":"7v9r7H94cZUqQyhRCBJs2OoM00pvtaN0KNufKRYBtHyreRksl3HhU4UOi8NDUoO6XKHzEhOMPCLPlzIC4mmzFjOvq3UfFvS1YY3h2N6qGxnyNaN8xpCwgPCH","lang_type":"1"}}

2018-11-23 18:30:30
demo.webmigrates.com/osnap/api/Registration/ClientMyEvent
{"data":{"id":"110","year":"2018","token":"3hZE34LnT50EOqSmdmSCwjJAXQckMJIAFPdP1uoxQAwwiWKd32uC9FuJcVUoh3Hf3gDY3J6K5Pom7dJRJ8FyoSKxEeO818Qmr2Z5tuTWoLV68QV0e9clsGmE","lang_type":"1"}}

2018-11-23 18:30:30
demo.webmigrates.com/osnap/api/Notification/CountBase
{"data":{"token":"3hZE34LnT50EOqSmdmSCwjJAXQckMJIAFPdP1uoxQAwwiWKd32uC9FuJcVUoh3Hf3gDY3J6K5Pom7dJRJ8FyoSKxEeO818Qmr2Z5tuTWoLV68QV0e9clsGmE","user_id":"110","lang_type":"1"}}

2018-11-23 18:30:30
demo.webmigrates.com/osnap/api/Registration/UserDetail
{"data":{"id":"110","other_id":"110","token":"3hZE34LnT50EOqSmdmSCwjJAXQckMJIAFPdP1uoxQAwwiWKd32uC9FuJcVUoh3Hf3gDY3J6K5Pom7dJRJ8FyoSKxEeO818Qmr2Z5tuTWoLV68QV0e9clsGmE","lang_type":"1"}}

2018-11-23 18:30:40
demo.webmigrates.com/osnap/api/Registration/CheckLogin
{"data":{"username":"bemp875","lang_type":"1","password":"america1","device_token":"121212","device_type":"1"}}

2018-11-23 18:30:41
demo.webmigrates.com/osnap/api/Notification/CountBase
{"data":{"token":"rewYqS8n75zZhlkHE1GYHxB4deUNLUnnba5RDFaO5ysYJSEHqhKngabdjpKcSuZP0urcgotxspiQL3Dwu2ZoRAgQmgZBywDkMvlDRly2Hs7gRsAoEDWRr6tf","user_id":"110","lang_type":"1"}}

2018-11-23 18:30:41
demo.webmigrates.com/osnap/api/Registration/ClientMyEvent
{"data":{"id":"110","year":"2018","token":"rewYqS8n75zZhlkHE1GYHxB4deUNLUnnba5RDFaO5ysYJSEHqhKngabdjpKcSuZP0urcgotxspiQL3Dwu2ZoRAgQmgZBywDkMvlDRly2Hs7gRsAoEDWRr6tf","lang_type":"1"}}

2018-11-23 18:30:41
demo.webmigrates.com/osnap/api/Registration/UserDetail
{"data":{"id":"110","other_id":"110","token":"rewYqS8n75zZhlkHE1GYHxB4deUNLUnnba5RDFaO5ysYJSEHqhKngabdjpKcSuZP0urcgotxspiQL3Dwu2ZoRAgQmgZBywDkMvlDRly2Hs7gRsAoEDWRr6tf","lang_type":"1"}}

2018-11-23 21:51:56
demo.webmigrates.com/osnap/api/Registration/ClientMyEvent
{"data":{"id":"110","year":"2018","token":"rewYqS8n75zZhlkHE1GYHxB4deUNLUnnba5RDFaO5ysYJSEHqhKngabdjpKcSuZP0urcgotxspiQL3Dwu2ZoRAgQmgZBywDkMvlDRly2Hs7gRsAoEDWRr6tf","lang_type":"1"}}

2018-11-23 21:52:22
demo.webmigrates.com/osnap/api/Notification/CountBase
{"data":{"token":"7v9r7H94cZUqQyhRCBJs2OoM00pvtaN0KNufKRYBtHyreRksl3HhU4UOi8NDUoO6XKHzEhOMPCLPlzIC4mmzFjOvq3UfFvS1YY3h2N6qGxnyNaN8xpCwgPCH","user_id":"109","lang_type":"1"}}

2018-11-23 21:52:22
demo.webmigrates.com/osnap/api/Registration/UserDetail
{"data":{"id":"109","other_id":"109","token":"7v9r7H94cZUqQyhRCBJs2OoM00pvtaN0KNufKRYBtHyreRksl3HhU4UOi8NDUoO6XKHzEhOMPCLPlzIC4mmzFjOvq3UfFvS1YY3h2N6qGxnyNaN8xpCwgPCH","lang_type":"1"}}

2018-11-23 21:52:28
demo.webmigrates.com/osnap/api/Registration/ClientMyEvent
{"data":{"id":"110","year":"2018","token":"rewYqS8n75zZhlkHE1GYHxB4deUNLUnnba5RDFaO5ysYJSEHqhKngabdjpKcSuZP0urcgotxspiQL3Dwu2ZoRAgQmgZBywDkMvlDRly2Hs7gRsAoEDWRr6tf","lang_type":"1"}}

2018-11-23 21:53:00
demo.webmigrates.com/osnap/api/Registration/PromotionList
{"data":{"all_list":0,"id":"109","limit":10,"page":1,"token":"7v9r7H94cZUqQyhRCBJs2OoM00pvtaN0KNufKRYBtHyreRksl3HhU4UOi8NDUoO6XKHzEhOMPCLPlzIC4mmzFjOvq3UfFvS1YY3h2N6qGxnyNaN8xpCwgPCH","lang_type":"1"}}

2018-11-23 21:53:07
demo.webmigrates.com/osnap/api/General/GetCategory
{"data":{"id":"109","token":"7v9r7H94cZUqQyhRCBJs2OoM00pvtaN0KNufKRYBtHyreRksl3HhU4UOi8NDUoO6XKHzEhOMPCLPlzIC4mmzFjOvq3UfFvS1YY3h2N6qGxnyNaN8xpCwgPCH","lang_type":"1"}}

2018-11-23 21:53:25
demo.webmigrates.com/osnap/api/Registration/UserDetail
{"data":{"id":"109","other_id":"109","token":"7v9r7H94cZUqQyhRCBJs2OoM00pvtaN0KNufKRYBtHyreRksl3HhU4UOi8NDUoO6XKHzEhOMPCLPlzIC4mmzFjOvq3UfFvS1YY3h2N6qGxnyNaN8xpCwgPCH","lang_type":"1"}}

2018-11-23 21:53:25
demo.webmigrates.com/osnap/api/Notification/CountBase
{"data":{"token":"7v9r7H94cZUqQyhRCBJs2OoM00pvtaN0KNufKRYBtHyreRksl3HhU4UOi8NDUoO6XKHzEhOMPCLPlzIC4mmzFjOvq3UfFvS1YY3h2N6qGxnyNaN8xpCwgPCH","user_id":"109","lang_type":"1"}}

2018-11-23 21:53:31
demo.webmigrates.com/osnap/api/Notification/CountBase
{"data":{"token":"7v9r7H94cZUqQyhRCBJs2OoM00pvtaN0KNufKRYBtHyreRksl3HhU4UOi8NDUoO6XKHzEhOMPCLPlzIC4mmzFjOvq3UfFvS1YY3h2N6qGxnyNaN8xpCwgPCH","user_id":"109","lang_type":"1"}}

2018-11-23 21:53:31
demo.webmigrates.com/osnap/api/Registration/UserDetail
{"data":{"id":"109","other_id":"109","token":"7v9r7H94cZUqQyhRCBJs2OoM00pvtaN0KNufKRYBtHyreRksl3HhU4UOi8NDUoO6XKHzEhOMPCLPlzIC4mmzFjOvq3UfFvS1YY3h2N6qGxnyNaN8xpCwgPCH","lang_type":"1"}}

2018-11-23 21:53:38
demo.webmigrates.com/osnap/api/Registration/ClientMyEvent
{"data":{"id":"110","year":"2018","token":"rewYqS8n75zZhlkHE1GYHxB4deUNLUnnba5RDFaO5ysYJSEHqhKngabdjpKcSuZP0urcgotxspiQL3Dwu2ZoRAgQmgZBywDkMvlDRly2Hs7gRsAoEDWRr6tf","lang_type":"1"}}

2018-11-23 21:54:10
demo.webmigrates.com/osnap/api/Registration/UserDetail
{"data":{"id":"109","other_id":"109","token":"7v9r7H94cZUqQyhRCBJs2OoM00pvtaN0KNufKRYBtHyreRksl3HhU4UOi8NDUoO6XKHzEhOMPCLPlzIC4mmzFjOvq3UfFvS1YY3h2N6qGxnyNaN8xpCwgPCH","lang_type":"1"}}

2018-11-23 21:54:10
demo.webmigrates.com/osnap/api/Notification/CountBase
{"data":{"token":"7v9r7H94cZUqQyhRCBJs2OoM00pvtaN0KNufKRYBtHyreRksl3HhU4UOi8NDUoO6XKHzEhOMPCLPlzIC4mmzFjOvq3UfFvS1YY3h2N6qGxnyNaN8xpCwgPCH","user_id":"109","lang_type":"1"}}

2018-11-23 21:55:44
demo.webmigrates.com/osnap/api/Registration/ClientMyEvent
{"data":{"id":"110","year":"2018","token":"rewYqS8n75zZhlkHE1GYHxB4deUNLUnnba5RDFaO5ysYJSEHqhKngabdjpKcSuZP0urcgotxspiQL3Dwu2ZoRAgQmgZBywDkMvlDRly2Hs7gRsAoEDWRr6tf","lang_type":"1"}}

2018-11-23 21:55:47
demo.webmigrates.com/osnap/api/Registration/UserDetail
{"data":{"id":"110","other_id":"110","token":"rewYqS8n75zZhlkHE1GYHxB4deUNLUnnba5RDFaO5ysYJSEHqhKngabdjpKcSuZP0urcgotxspiQL3Dwu2ZoRAgQmgZBywDkMvlDRly2Hs7gRsAoEDWRr6tf","lang_type":"1"}}

2018-11-23 21:56:06
demo.webmigrates.com/osnap/api/Registration/ClientMyEvent
{"data":{"id":"110","year":"2018","token":"rewYqS8n75zZhlkHE1GYHxB4deUNLUnnba5RDFaO5ysYJSEHqhKngabdjpKcSuZP0urcgotxspiQL3Dwu2ZoRAgQmgZBywDkMvlDRly2Hs7gRsAoEDWRr6tf","lang_type":"1"}}

2018-11-23 21:56:11
demo.webmigrates.com/osnap/api/Registration/UserDetail
{"data":{"id":"110","other_id":"110","token":"rewYqS8n75zZhlkHE1GYHxB4deUNLUnnba5RDFaO5ysYJSEHqhKngabdjpKcSuZP0urcgotxspiQL3Dwu2ZoRAgQmgZBywDkMvlDRly2Hs7gRsAoEDWRr6tf","lang_type":"1"}}

2018-11-23 21:56:21
demo.webmigrates.com/osnap/api/Registration/ClientMyEvent
{"data":{"id":"110","year":"2018","token":"rewYqS8n75zZhlkHE1GYHxB4deUNLUnnba5RDFaO5ysYJSEHqhKngabdjpKcSuZP0urcgotxspiQL3Dwu2ZoRAgQmgZBywDkMvlDRly2Hs7gRsAoEDWRr6tf","lang_type":"1"}}

2018-11-23 21:56:32
demo.webmigrates.com/osnap/api/Notification/CountBase
{"data":{"token":"7v9r7H94cZUqQyhRCBJs2OoM00pvtaN0KNufKRYBtHyreRksl3HhU4UOi8NDUoO6XKHzEhOMPCLPlzIC4mmzFjOvq3UfFvS1YY3h2N6qGxnyNaN8xpCwgPCH","user_id":"109","lang_type":"1"}}

2018-11-23 21:56:32
demo.webmigrates.com/osnap/api/Registration/UserDetail
{"data":{"id":"109","other_id":"109","token":"7v9r7H94cZUqQyhRCBJs2OoM00pvtaN0KNufKRYBtHyreRksl3HhU4UOi8NDUoO6XKHzEhOMPCLPlzIC4mmzFjOvq3UfFvS1YY3h2N6qGxnyNaN8xpCwgPCH","lang_type":"1"}}

2018-11-23 21:57:49
demo.webmigrates.com/osnap/api/General/GetBusinessCategory
{"data":{"id":"109","token":"7v9r7H94cZUqQyhRCBJs2OoM00pvtaN0KNufKRYBtHyreRksl3HhU4UOi8NDUoO6XKHzEhOMPCLPlzIC4mmzFjOvq3UfFvS1YY3h2N6qGxnyNaN8xpCwgPCH","lang_type":"1"}}

2018-11-23 21:57:49
demo.webmigrates.com/osnap/api/General/GetBusinessTypes
{"data":{"id":"109","token":"7v9r7H94cZUqQyhRCBJs2OoM00pvtaN0KNufKRYBtHyreRksl3HhU4UOi8NDUoO6XKHzEhOMPCLPlzIC4mmzFjOvq3UfFvS1YY3h2N6qGxnyNaN8xpCwgPCH","lang_type":"1"}}

2018-11-23 21:58:14
demo.webmigrates.com/osnap/api/Registration/AddUpdateBusinessDetails
{"data":{"id":"109","business_type":"1","business_esta_year":"2015","business_owner":"Sole-Proprietor","business_category":"2","business_esta_month":"2","business_osnap_id":"bigtoys","business_image":"15430318931759.jpg","token":"7v9r7H94cZUqQyhRCBJs2OoM00pvtaN0KNufKRYBtHyreRksl3HhU4UOi8NDUoO6XKHzEhOMPCLPlzIC4mmzFjOvq3UfFvS1YY3h2N6qGxnyNaN8xpCwgPCH","business_name":"big tpys llc","exp_level":"0","business_notes":"Toys","lang_type":"1"}}

2018-11-23 21:58:40
demo.webmigrates.com/osnap/api/Registration/UserDetail
{"data":{"id":"109","other_id":"109","token":"7v9r7H94cZUqQyhRCBJs2OoM00pvtaN0KNufKRYBtHyreRksl3HhU4UOi8NDUoO6XKHzEhOMPCLPlzIC4mmzFjOvq3UfFvS1YY3h2N6qGxnyNaN8xpCwgPCH","lang_type":"1"}}

2018-11-23 21:58:40
demo.webmigrates.com/osnap/api/Notification/CountBase
{"data":{"token":"7v9r7H94cZUqQyhRCBJs2OoM00pvtaN0KNufKRYBtHyreRksl3HhU4UOi8NDUoO6XKHzEhOMPCLPlzIC4mmzFjOvq3UfFvS1YY3h2N6qGxnyNaN8xpCwgPCH","user_id":"109","lang_type":"1"}}

2018-11-23 21:58:46
demo.webmigrates.com/osnap/api/Registration/ClientMyEvent
{"data":{"id":"110","year":"2018","token":"rewYqS8n75zZhlkHE1GYHxB4deUNLUnnba5RDFaO5ysYJSEHqhKngabdjpKcSuZP0urcgotxspiQL3Dwu2ZoRAgQmgZBywDkMvlDRly2Hs7gRsAoEDWRr6tf","lang_type":"1"}}

2018-11-23 21:58:56
demo.webmigrates.com/osnap/api/Registration/UserDetail
{"data":{"id":"110","other_id":"110","token":"rewYqS8n75zZhlkHE1GYHxB4deUNLUnnba5RDFaO5ysYJSEHqhKngabdjpKcSuZP0urcgotxspiQL3Dwu2ZoRAgQmgZBywDkMvlDRly2Hs7gRsAoEDWRr6tf","lang_type":"1"}}

2018-11-23 22:05:08
demo.webmigrates.com/osnap/api/Registration/LikedPost
{"data":{"limit":10,"id":"109","page":1,"token":"7v9r7H94cZUqQyhRCBJs2OoM00pvtaN0KNufKRYBtHyreRksl3HhU4UOi8NDUoO6XKHzEhOMPCLPlzIC4mmzFjOvq3UfFvS1YY3h2N6qGxnyNaN8xpCwgPCH","lang_type":"1"}}

2018-11-23 22:05:10
demo.webmigrates.com/osnap/api/Notification/CountBase
{"data":{"token":"7v9r7H94cZUqQyhRCBJs2OoM00pvtaN0KNufKRYBtHyreRksl3HhU4UOi8NDUoO6XKHzEhOMPCLPlzIC4mmzFjOvq3UfFvS1YY3h2N6qGxnyNaN8xpCwgPCH","user_id":"109","lang_type":"1"}}

2018-11-23 22:05:10
demo.webmigrates.com/osnap/api/Registration/UserDetail
{"data":{"id":"109","other_id":"109","token":"7v9r7H94cZUqQyhRCBJs2OoM00pvtaN0KNufKRYBtHyreRksl3HhU4UOi8NDUoO6XKHzEhOMPCLPlzIC4mmzFjOvq3UfFvS1YY3h2N6qGxnyNaN8xpCwgPCH","lang_type":"1"}}

2018-11-23 22:05:14
demo.webmigrates.com/osnap/api/Notification/CountBase
{"data":{"token":"7v9r7H94cZUqQyhRCBJs2OoM00pvtaN0KNufKRYBtHyreRksl3HhU4UOi8NDUoO6XKHzEhOMPCLPlzIC4mmzFjOvq3UfFvS1YY3h2N6qGxnyNaN8xpCwgPCH","user_id":"109","lang_type":"1"}}

2018-11-23 22:05:14
demo.webmigrates.com/osnap/api/Registration/UserDetail
{"data":{"id":"109","other_id":"109","token":"7v9r7H94cZUqQyhRCBJs2OoM00pvtaN0KNufKRYBtHyreRksl3HhU4UOi8NDUoO6XKHzEhOMPCLPlzIC4mmzFjOvq3UfFvS1YY3h2N6qGxnyNaN8xpCwgPCH","lang_type":"1"}}

2018-11-23 22:05:16
demo.webmigrates.com/osnap/api/Registration/MyBidPost
{"data":{"limit":10,"id":"109","page":1,"token":"7v9r7H94cZUqQyhRCBJs2OoM00pvtaN0KNufKRYBtHyreRksl3HhU4UOi8NDUoO6XKHzEhOMPCLPlzIC4mmzFjOvq3UfFvS1YY3h2N6qGxnyNaN8xpCwgPCH","lang_type":"1"}}

2018-11-23 22:05:17
demo.webmigrates.com/osnap/api/Registration/UserDetail
{"data":{"id":"109","other_id":"109","token":"7v9r7H94cZUqQyhRCBJs2OoM00pvtaN0KNufKRYBtHyreRksl3HhU4UOi8NDUoO6XKHzEhOMPCLPlzIC4mmzFjOvq3UfFvS1YY3h2N6qGxnyNaN8xpCwgPCH","lang_type":"1"}}

2018-11-23 22:05:17
demo.webmigrates.com/osnap/api/Notification/CountBase
{"data":{"token":"7v9r7H94cZUqQyhRCBJs2OoM00pvtaN0KNufKRYBtHyreRksl3HhU4UOi8NDUoO6XKHzEhOMPCLPlzIC4mmzFjOvq3UfFvS1YY3h2N6qGxnyNaN8xpCwgPCH","user_id":"109","lang_type":"1"}}

2018-11-23 22:05:19
demo.webmigrates.com/osnap/api/Registration/SearchJob
{"data":{"keyword":"","id":"109","token":"7v9r7H94cZUqQyhRCBJs2OoM00pvtaN0KNufKRYBtHyreRksl3HhU4UOi8NDUoO6XKHzEhOMPCLPlzIC4mmzFjOvq3UfFvS1YY3h2N6qGxnyNaN8xpCwgPCH","lang_type":"1"}}

2018-11-23 22:05:25
demo.webmigrates.com/osnap/api/Registration/SearchJob
{"data":{"keyword":"","id":"109","token":"7v9r7H94cZUqQyhRCBJs2OoM00pvtaN0KNufKRYBtHyreRksl3HhU4UOi8NDUoO6XKHzEhOMPCLPlzIC4mmzFjOvq3UfFvS1YY3h2N6qGxnyNaN8xpCwgPCH","lang_type":"1"}}

2018-11-23 22:10:56
demo.webmigrates.com/osnap/api/Registration/UserDetail
{"data":{"id":"109","other_id":"109","token":"7v9r7H94cZUqQyhRCBJs2OoM00pvtaN0KNufKRYBtHyreRksl3HhU4UOi8NDUoO6XKHzEhOMPCLPlzIC4mmzFjOvq3UfFvS1YY3h2N6qGxnyNaN8xpCwgPCH","lang_type":"1"}}

2018-11-23 22:10:56
demo.webmigrates.com/osnap/api/Notification/CountBase
{"data":{"token":"7v9r7H94cZUqQyhRCBJs2OoM00pvtaN0KNufKRYBtHyreRksl3HhU4UOi8NDUoO6XKHzEhOMPCLPlzIC4mmzFjOvq3UfFvS1YY3h2N6qGxnyNaN8xpCwgPCH","user_id":"109","lang_type":"1"}}

2018-11-23 22:10:59
demo.webmigrates.com/osnap/api/Registration/BusinessMyEvent
{"data":{"year":"2018","id":"109","month":"11","token":"7v9r7H94cZUqQyhRCBJs2OoM00pvtaN0KNufKRYBtHyreRksl3HhU4UOi8NDUoO6XKHzEhOMPCLPlzIC4mmzFjOvq3UfFvS1YY3h2N6qGxnyNaN8xpCwgPCH","lang_type":"1"}}

2018-11-23 22:11:04
demo.webmigrates.com/osnap/api/Registration/EventDetail
{"data":{"id":"109","pb_id":"95","token":"7v9r7H94cZUqQyhRCBJs2OoM00pvtaN0KNufKRYBtHyreRksl3HhU4UOi8NDUoO6XKHzEhOMPCLPlzIC4mmzFjOvq3UfFvS1YY3h2N6qGxnyNaN8xpCwgPCH","lang_type":"1"}}

2018-11-23 22:11:07
demo.webmigrates.com/osnap/api/Registration/UserDetail
{"data":{"Dlatitude":"32.685605","id":"109","other_id":"41","Dlongtitude":"-97.038107","token":"7v9r7H94cZUqQyhRCBJs2OoM00pvtaN0KNufKRYBtHyreRksl3HhU4UOi8NDUoO6XKHzEhOMPCLPlzIC4mmzFjOvq3UfFvS1YY3h2N6qGxnyNaN8xpCwgPCH","lang_type":"1"}}

2018-11-23 22:11:10
demo.webmigrates.com/osnap/api/Registration/PaymentRequest
{"data":{"id":"109","pb_id":"95","token":"7v9r7H94cZUqQyhRCBJs2OoM00pvtaN0KNufKRYBtHyreRksl3HhU4UOi8NDUoO6XKHzEhOMPCLPlzIC4mmzFjOvq3UfFvS1YY3h2N6qGxnyNaN8xpCwgPCH","lang_type":"1"}}

2018-11-23 22:11:25
demo.webmigrates.com/osnap/api/Registration/ClientMyEvent
{"data":{"id":"110","year":"2018","token":"rewYqS8n75zZhlkHE1GYHxB4deUNLUnnba5RDFaO5ysYJSEHqhKngabdjpKcSuZP0urcgotxspiQL3Dwu2ZoRAgQmgZBywDkMvlDRly2Hs7gRsAoEDWRr6tf","lang_type":"1"}}

2018-11-23 22:11:29
demo.webmigrates.com/osnap/api/Notification/GetNotification
{"data":{"limit":10,"page":1,"user_id":"110","token":"rewYqS8n75zZhlkHE1GYHxB4deUNLUnnba5RDFaO5ysYJSEHqhKngabdjpKcSuZP0urcgotxspiQL3Dwu2ZoRAgQmgZBywDkMvlDRly2Hs7gRsAoEDWRr6tf","lang_type":"1"}}

2018-11-23 22:11:30
demo.webmigrates.com/osnap/api/Notification/ClearBase
{"data":{"token":"rewYqS8n75zZhlkHE1GYHxB4deUNLUnnba5RDFaO5ysYJSEHqhKngabdjpKcSuZP0urcgotxspiQL3Dwu2ZoRAgQmgZBywDkMvlDRly2Hs7gRsAoEDWRr6tf","user_id":"110","lang_type":"1"}}

2018-11-23 22:11:32
demo.webmigrates.com/osnap/api/Notification/GetNotification
{"data":{"limit":10,"page":2,"user_id":"110","token":"rewYqS8n75zZhlkHE1GYHxB4deUNLUnnba5RDFaO5ysYJSEHqhKngabdjpKcSuZP0urcgotxspiQL3Dwu2ZoRAgQmgZBywDkMvlDRly2Hs7gRsAoEDWRr6tf","lang_type":"1"}}

2018-11-23 22:11:47
demo.webmigrates.com/osnap/api/Notification/CountBase
{"data":{"token":"rewYqS8n75zZhlkHE1GYHxB4deUNLUnnba5RDFaO5ysYJSEHqhKngabdjpKcSuZP0urcgotxspiQL3Dwu2ZoRAgQmgZBywDkMvlDRly2Hs7gRsAoEDWRr6tf","user_id":"110","lang_type":"1"}}

2018-11-23 22:11:47
demo.webmigrates.com/osnap/api/Registration/ClientMyEvent
{"data":{"id":"110","year":"2018","token":"rewYqS8n75zZhlkHE1GYHxB4deUNLUnnba5RDFaO5ysYJSEHqhKngabdjpKcSuZP0urcgotxspiQL3Dwu2ZoRAgQmgZBywDkMvlDRly2Hs7gRsAoEDWRr6tf","lang_type":"1"}}

2018-11-23 22:11:47
demo.webmigrates.com/osnap/api/Registration/UserDetail
{"data":{"id":"110","other_id":"110","token":"rewYqS8n75zZhlkHE1GYHxB4deUNLUnnba5RDFaO5ysYJSEHqhKngabdjpKcSuZP0urcgotxspiQL3Dwu2ZoRAgQmgZBywDkMvlDRly2Hs7gRsAoEDWRr6tf","lang_type":"1"}}

2018-11-23 22:11:49
demo.webmigrates.com/osnap/api/Notification/GetNotification
{"data":{"limit":10,"page":1,"user_id":"110","token":"rewYqS8n75zZhlkHE1GYHxB4deUNLUnnba5RDFaO5ysYJSEHqhKngabdjpKcSuZP0urcgotxspiQL3Dwu2ZoRAgQmgZBywDkMvlDRly2Hs7gRsAoEDWRr6tf","lang_type":"1"}}

2018-11-23 22:11:50
demo.webmigrates.com/osnap/api/Notification/ClearBase
{"data":{"token":"rewYqS8n75zZhlkHE1GYHxB4deUNLUnnba5RDFaO5ysYJSEHqhKngabdjpKcSuZP0urcgotxspiQL3Dwu2ZoRAgQmgZBywDkMvlDRly2Hs7gRsAoEDWRr6tf","user_id":"110","lang_type":"1"}}

2018-11-23 22:11:50
demo.webmigrates.com/osnap/api/Notification/GetNotification
{"data":{"limit":10,"page":2,"user_id":"110","token":"rewYqS8n75zZhlkHE1GYHxB4deUNLUnnba5RDFaO5ysYJSEHqhKngabdjpKcSuZP0urcgotxspiQL3Dwu2ZoRAgQmgZBywDkMvlDRly2Hs7gRsAoEDWRr6tf","lang_type":"1"}}

2018-11-23 22:11:56
demo.webmigrates.com/osnap/api/Registration/UserDetail
{"data":{"id":"110","other_id":"110","token":"rewYqS8n75zZhlkHE1GYHxB4deUNLUnnba5RDFaO5ysYJSEHqhKngabdjpKcSuZP0urcgotxspiQL3Dwu2ZoRAgQmgZBywDkMvlDRly2Hs7gRsAoEDWRr6tf","lang_type":"1"}}

2018-11-23 22:12:01
demo.webmigrates.com/osnap/api/Registration/MyPost
{"data":{"limit":10,"id":"110","page":1,"token":"rewYqS8n75zZhlkHE1GYHxB4deUNLUnnba5RDFaO5ysYJSEHqhKngabdjpKcSuZP0urcgotxspiQL3Dwu2ZoRAgQmgZBywDkMvlDRly2Hs7gRsAoEDWRr6tf","lang_type":"1"}}

2018-11-23 22:12:02
demo.webmigrates.com/osnap/api/Registration/MyPost
{"data":{"limit":10,"id":"110","page":2,"token":"rewYqS8n75zZhlkHE1GYHxB4deUNLUnnba5RDFaO5ysYJSEHqhKngabdjpKcSuZP0urcgotxspiQL3Dwu2ZoRAgQmgZBywDkMvlDRly2Hs7gRsAoEDWRr6tf","lang_type":"1"}}

2018-11-23 22:12:03
demo.webmigrates.com/osnap/api/Registration/MyCompletedPostAll
{"data":{"limit":10,"id":"110","page":1,"token":"rewYqS8n75zZhlkHE1GYHxB4deUNLUnnba5RDFaO5ysYJSEHqhKngabdjpKcSuZP0urcgotxspiQL3Dwu2ZoRAgQmgZBywDkMvlDRly2Hs7gRsAoEDWRr6tf","lang_type":"1"}}

2018-11-23 22:12:05
demo.webmigrates.com/osnap/api/Registration/MyPost
{"data":{"limit":10,"id":"110","page":1,"token":"rewYqS8n75zZhlkHE1GYHxB4deUNLUnnba5RDFaO5ysYJSEHqhKngabdjpKcSuZP0urcgotxspiQL3Dwu2ZoRAgQmgZBywDkMvlDRly2Hs7gRsAoEDWRr6tf","lang_type":"1"}}

2018-11-23 22:12:06
demo.webmigrates.com/osnap/api/Registration/MyPost
{"data":{"limit":10,"id":"110","page":2,"token":"rewYqS8n75zZhlkHE1GYHxB4deUNLUnnba5RDFaO5ysYJSEHqhKngabdjpKcSuZP0urcgotxspiQL3Dwu2ZoRAgQmgZBywDkMvlDRly2Hs7gRsAoEDWRr6tf","lang_type":"1"}}

2018-11-23 22:12:07
demo.webmigrates.com/osnap/api/Registration/SingleClientPost
{"data":{"Dlatitude":"32.685572","id":"110","post_id":"87","Dlongtitude":"-97.038074","token":"rewYqS8n75zZhlkHE1GYHxB4deUNLUnnba5RDFaO5ysYJSEHqhKngabdjpKcSuZP0urcgotxspiQL3Dwu2ZoRAgQmgZBywDkMvlDRly2Hs7gRsAoEDWRr6tf","lang_type":"1"}}

2018-11-23 22:12:12
demo.webmigrates.com/osnap/api/Registration/MyRunningPostAll
{"data":{"limit":10,"id":"110","page":1,"token":"rewYqS8n75zZhlkHE1GYHxB4deUNLUnnba5RDFaO5ysYJSEHqhKngabdjpKcSuZP0urcgotxspiQL3Dwu2ZoRAgQmgZBywDkMvlDRly2Hs7gRsAoEDWRr6tf","lang_type":"1"}}

2018-11-23 22:12:14
demo.webmigrates.com/osnap/api/Registration/MyCompletedPostAll
{"data":{"limit":10,"id":"110","page":1,"token":"rewYqS8n75zZhlkHE1GYHxB4deUNLUnnba5RDFaO5ysYJSEHqhKngabdjpKcSuZP0urcgotxspiQL3Dwu2ZoRAgQmgZBywDkMvlDRly2Hs7gRsAoEDWRr6tf","lang_type":"1"}}

2018-11-23 22:12:16
demo.webmigrates.com/osnap/api/Registration/UserDetail
{"data":{"id":"110","other_id":"110","token":"rewYqS8n75zZhlkHE1GYHxB4deUNLUnnba5RDFaO5ysYJSEHqhKngabdjpKcSuZP0urcgotxspiQL3Dwu2ZoRAgQmgZBywDkMvlDRly2Hs7gRsAoEDWRr6tf","lang_type":"1"}}

2018-11-23 22:15:39
demo.webmigrates.com/osnap/images/logo-white.png


2018-11-23 22:28:06
demo.webmigrates.com/osnap/images/logo-white.png


2018-11-23 22:33:58
demo.webmigrates.com/osnap/api/Registration/ClientMyEvent
{"data":{"id":"110","year":"2018","token":"rewYqS8n75zZhlkHE1GYHxB4deUNLUnnba5RDFaO5ysYJSEHqhKngabdjpKcSuZP0urcgotxspiQL3Dwu2ZoRAgQmgZBywDkMvlDRly2Hs7gRsAoEDWRr6tf","lang_type":"1"}}

2018-11-23 22:47:42
demo.webmigrates.com/osnap/images/logo-white.png


2018-11-23 22:47:44
demo.webmigrates.com/osnap/images/logo-white.png


2018-11-23 22:51:04
demo.webmigrates.com/osnap/images/logo-white.png


2018-11-23 22:54:36
demo.webmigrates.com/osnap/api/Notification/CountBase
{"data":{"token":"7v9r7H94cZUqQyhRCBJs2OoM00pvtaN0KNufKRYBtHyreRksl3HhU4UOi8NDUoO6XKHzEhOMPCLPlzIC4mmzFjOvq3UfFvS1YY3h2N6qGxnyNaN8xpCwgPCH","user_id":"109","lang_type":"1"}}

2018-11-23 22:54:36
demo.webmigrates.com/osnap/api/Registration/UserDetail
{"data":{"id":"109","other_id":"109","token":"7v9r7H94cZUqQyhRCBJs2OoM00pvtaN0KNufKRYBtHyreRksl3HhU4UOi8NDUoO6XKHzEhOMPCLPlzIC4mmzFjOvq3UfFvS1YY3h2N6qGxnyNaN8xpCwgPCH","lang_type":"1"}}

2018-11-23 22:54:51
demo.webmigrates.com/osnap/api/Registration/MyBidPost
{"data":{"limit":10,"id":"109","page":1,"token":"7v9r7H94cZUqQyhRCBJs2OoM00pvtaN0KNufKRYBtHyreRksl3HhU4UOi8NDUoO6XKHzEhOMPCLPlzIC4mmzFjOvq3UfFvS1YY3h2N6qGxnyNaN8xpCwgPCH","lang_type":"1"}}

2018-11-23 22:54:53
demo.webmigrates.com/osnap/api/Notification/CountBase
{"data":{"token":"7v9r7H94cZUqQyhRCBJs2OoM00pvtaN0KNufKRYBtHyreRksl3HhU4UOi8NDUoO6XKHzEhOMPCLPlzIC4mmzFjOvq3UfFvS1YY3h2N6qGxnyNaN8xpCwgPCH","user_id":"109","lang_type":"1"}}

2018-11-23 22:54:53
demo.webmigrates.com/osnap/api/Registration/UserDetail
{"data":{"id":"109","other_id":"109","token":"7v9r7H94cZUqQyhRCBJs2OoM00pvtaN0KNufKRYBtHyreRksl3HhU4UOi8NDUoO6XKHzEhOMPCLPlzIC4mmzFjOvq3UfFvS1YY3h2N6qGxnyNaN8xpCwgPCH","lang_type":"1"}}

2018-11-23 22:54:55
demo.webmigrates.com/osnap/api/Registration/BusinessMyEvent
{"data":{"year":"2018","id":"109","month":"11","token":"7v9r7H94cZUqQyhRCBJs2OoM00pvtaN0KNufKRYBtHyreRksl3HhU4UOi8NDUoO6XKHzEhOMPCLPlzIC4mmzFjOvq3UfFvS1YY3h2N6qGxnyNaN8xpCwgPCH","lang_type":"1"}}

2018-11-23 22:54:59
demo.webmigrates.com/osnap/api/Registration/EventDetail
{"data":{"id":"109","pb_id":"95","token":"7v9r7H94cZUqQyhRCBJs2OoM00pvtaN0KNufKRYBtHyreRksl3HhU4UOi8NDUoO6XKHzEhOMPCLPlzIC4mmzFjOvq3UfFvS1YY3h2N6qGxnyNaN8xpCwgPCH","lang_type":"1"}}

2018-11-23 22:55:01
demo.webmigrates.com/osnap/api/Registration/UserDetail
{"data":{"Dlatitude":"32.685537","id":"109","other_id":"41","Dlongtitude":"-97.038073","token":"7v9r7H94cZUqQyhRCBJs2OoM00pvtaN0KNufKRYBtHyreRksl3HhU4UOi8NDUoO6XKHzEhOMPCLPlzIC4mmzFjOvq3UfFvS1YY3h2N6qGxnyNaN8xpCwgPCH","lang_type":"1"}}

