2018-11-17 00:07:13
demo.webmigrates.com/osnap/api/Registration/UserDetail
{"data":{"id":"3","other_id":"3","token":"aXclZC6gWFcw6jthAdSpLQuGLyaDX3BZ4KjFPKBZdb81bPEzbiy56zaYmeCEkwvbvShGvQdaCrEuQnTvANH0fbVr8v0sVovvTNSyuVEQPTwX8BiZ2x2EFut0","lang_type":"1"}}

2018-11-17 00:07:13
demo.webmigrates.com/osnap/api/Registration/BusinessMyEvent
{"data":{"id":"3","year":"2018","token":"aXclZC6gWFcw6jthAdSpLQuGLyaDX3BZ4KjFPKBZdb81bPEzbiy56zaYmeCEkwvbvShGvQdaCrEuQnTvANH0fbVr8v0sVovvTNSyuVEQPTwX8BiZ2x2EFut0","lang_type":"1"}}

2018-11-17 00:07:13
demo.webmigrates.com/osnap/api/Notification/CountBase
{"data":{"token":"aXclZC6gWFcw6jthAdSpLQuGLyaDX3BZ4KjFPKBZdb81bPEzbiy56zaYmeCEkwvbvShGvQdaCrEuQnTvANH0fbVr8v0sVovvTNSyuVEQPTwX8BiZ2x2EFut0","user_id":"3","lang_type":"1"}}

2018-11-17 00:07:24
demo.webmigrates.com/osnap/api/Registration/ExploreRequests
{"data":{"limit":10,"id":"3","other_id":"3","page":1,"token":"aXclZC6gWFcw6jthAdSpLQuGLyaDX3BZ4KjFPKBZdb81bPEzbiy56zaYmeCEkwvbvShGvQdaCrEuQnTvANH0fbVr8v0sVovvTNSyuVEQPTwX8BiZ2x2EFut0","lang_type":"1"}}

2018-11-17 00:08:29
demo.webmigrates.com/osnap/api/Registration/UserDetail
{"data":{"id":"3","other_id":"3","token":"aXclZC6gWFcw6jthAdSpLQuGLyaDX3BZ4KjFPKBZdb81bPEzbiy56zaYmeCEkwvbvShGvQdaCrEuQnTvANH0fbVr8v0sVovvTNSyuVEQPTwX8BiZ2x2EFut0","lang_type":"1"}}

2018-11-17 00:08:29
demo.webmigrates.com/osnap/api/Notification/CountBase
{"data":{"token":"aXclZC6gWFcw6jthAdSpLQuGLyaDX3BZ4KjFPKBZdb81bPEzbiy56zaYmeCEkwvbvShGvQdaCrEuQnTvANH0fbVr8v0sVovvTNSyuVEQPTwX8BiZ2x2EFut0","user_id":"3","lang_type":"1"}}

2018-11-17 00:13:22
demo.webmigrates.com/osnap/api/Registration/BusinessMyEvent
{"data":{"id":"3","year":"2018","token":"aXclZC6gWFcw6jthAdSpLQuGLyaDX3BZ4KjFPKBZdb81bPEzbiy56zaYmeCEkwvbvShGvQdaCrEuQnTvANH0fbVr8v0sVovvTNSyuVEQPTwX8BiZ2x2EFut0","lang_type":"1"}}

2018-11-17 00:13:23
demo.webmigrates.com/osnap/api/Notification/CountBase
{"data":{"token":"aXclZC6gWFcw6jthAdSpLQuGLyaDX3BZ4KjFPKBZdb81bPEzbiy56zaYmeCEkwvbvShGvQdaCrEuQnTvANH0fbVr8v0sVovvTNSyuVEQPTwX8BiZ2x2EFut0","user_id":"3","lang_type":"1"}}

2018-11-17 00:13:23
demo.webmigrates.com/osnap/api/Registration/UserDetail
{"data":{"id":"3","other_id":"3","token":"aXclZC6gWFcw6jthAdSpLQuGLyaDX3BZ4KjFPKBZdb81bPEzbiy56zaYmeCEkwvbvShGvQdaCrEuQnTvANH0fbVr8v0sVovvTNSyuVEQPTwX8BiZ2x2EFut0","lang_type":"1"}}

2018-11-17 00:13:35
demo.webmigrates.com/osnap/api/Registration/SearchJob
{"data":{"keyword":"","id":"3","token":"aXclZC6gWFcw6jthAdSpLQuGLyaDX3BZ4KjFPKBZdb81bPEzbiy56zaYmeCEkwvbvShGvQdaCrEuQnTvANH0fbVr8v0sVovvTNSyuVEQPTwX8BiZ2x2EFut0","lang_type":"1"}}

2018-11-17 00:16:59
demo.webmigrates.com/osnap/api/Registration/BusinessMyEvent
{"data":{"id":"3","year":"2018","token":"aXclZC6gWFcw6jthAdSpLQuGLyaDX3BZ4KjFPKBZdb81bPEzbiy56zaYmeCEkwvbvShGvQdaCrEuQnTvANH0fbVr8v0sVovvTNSyuVEQPTwX8BiZ2x2EFut0","lang_type":"1"}}

2018-11-17 00:16:59
demo.webmigrates.com/osnap/api/Notification/CountBase
{"data":{"token":"aXclZC6gWFcw6jthAdSpLQuGLyaDX3BZ4KjFPKBZdb81bPEzbiy56zaYmeCEkwvbvShGvQdaCrEuQnTvANH0fbVr8v0sVovvTNSyuVEQPTwX8BiZ2x2EFut0","user_id":"3","lang_type":"1"}}

2018-11-17 00:16:59
demo.webmigrates.com/osnap/api/Registration/UserDetail
{"data":{"id":"3","other_id":"3","token":"aXclZC6gWFcw6jthAdSpLQuGLyaDX3BZ4KjFPKBZdb81bPEzbiy56zaYmeCEkwvbvShGvQdaCrEuQnTvANH0fbVr8v0sVovvTNSyuVEQPTwX8BiZ2x2EFut0","lang_type":"1"}}

2018-11-17 00:17:14
demo.webmigrates.com/osnap/api/Registration/SearchJob
{"data":{"keyword":"","id":"3","token":"aXclZC6gWFcw6jthAdSpLQuGLyaDX3BZ4KjFPKBZdb81bPEzbiy56zaYmeCEkwvbvShGvQdaCrEuQnTvANH0fbVr8v0sVovvTNSyuVEQPTwX8BiZ2x2EFut0","lang_type":"1"}}

2018-11-17 00:17:26
demo.webmigrates.com/osnap/api/Registration/SinglePostDetail
{"data":{"id":"3","post_id":"84","token":"aXclZC6gWFcw6jthAdSpLQuGLyaDX3BZ4KjFPKBZdb81bPEzbiy56zaYmeCEkwvbvShGvQdaCrEuQnTvANH0fbVr8v0sVovvTNSyuVEQPTwX8BiZ2x2EFut0","lang_type":"1"}}

2018-11-17 00:17:33
demo.webmigrates.com/osnap/api/Registration/SinglePostDetail
{"data":{"id":"3","post_id":"84","token":"aXclZC6gWFcw6jthAdSpLQuGLyaDX3BZ4KjFPKBZdb81bPEzbiy56zaYmeCEkwvbvShGvQdaCrEuQnTvANH0fbVr8v0sVovvTNSyuVEQPTwX8BiZ2x2EFut0","lang_type":"1"}}

2018-11-17 00:17:37
demo.webmigrates.com/osnap/api/Registration/SinglePostDetail
{"data":{"id":"3","post_id":"84","token":"aXclZC6gWFcw6jthAdSpLQuGLyaDX3BZ4KjFPKBZdb81bPEzbiy56zaYmeCEkwvbvShGvQdaCrEuQnTvANH0fbVr8v0sVovvTNSyuVEQPTwX8BiZ2x2EFut0","lang_type":"1"}}

2018-11-17 00:20:47
demo.webmigrates.com/osnap/api/Registration/BusinessMyEvent
{"data":{"id":"3","year":"2018","token":"aXclZC6gWFcw6jthAdSpLQuGLyaDX3BZ4KjFPKBZdb81bPEzbiy56zaYmeCEkwvbvShGvQdaCrEuQnTvANH0fbVr8v0sVovvTNSyuVEQPTwX8BiZ2x2EFut0","lang_type":"1"}}

2018-11-17 00:20:47
demo.webmigrates.com/osnap/api/Notification/CountBase
{"data":{"token":"aXclZC6gWFcw6jthAdSpLQuGLyaDX3BZ4KjFPKBZdb81bPEzbiy56zaYmeCEkwvbvShGvQdaCrEuQnTvANH0fbVr8v0sVovvTNSyuVEQPTwX8BiZ2x2EFut0","user_id":"3","lang_type":"1"}}

2018-11-17 00:20:47
demo.webmigrates.com/osnap/api/Registration/UserDetail
{"data":{"id":"3","other_id":"3","token":"aXclZC6gWFcw6jthAdSpLQuGLyaDX3BZ4KjFPKBZdb81bPEzbiy56zaYmeCEkwvbvShGvQdaCrEuQnTvANH0fbVr8v0sVovvTNSyuVEQPTwX8BiZ2x2EFut0","lang_type":"1"}}

2018-11-17 00:20:49
demo.webmigrates.com/osnap/api/Registration/SearchJob
{"data":{"keyword":"","id":"3","token":"aXclZC6gWFcw6jthAdSpLQuGLyaDX3BZ4KjFPKBZdb81bPEzbiy56zaYmeCEkwvbvShGvQdaCrEuQnTvANH0fbVr8v0sVovvTNSyuVEQPTwX8BiZ2x2EFut0","lang_type":"1"}}

2018-11-17 00:20:55
demo.webmigrates.com/osnap/api/Registration/SinglePostDetail
{"data":{"id":"3","post_id":"84","token":"aXclZC6gWFcw6jthAdSpLQuGLyaDX3BZ4KjFPKBZdb81bPEzbiy56zaYmeCEkwvbvShGvQdaCrEuQnTvANH0fbVr8v0sVovvTNSyuVEQPTwX8BiZ2x2EFut0","lang_type":"1"}}

2018-11-17 00:23:26
demo.webmigrates.com/osnap/api/Registration/BusinessMyEvent
{"data":{"id":"3","year":"2018","token":"aXclZC6gWFcw6jthAdSpLQuGLyaDX3BZ4KjFPKBZdb81bPEzbiy56zaYmeCEkwvbvShGvQdaCrEuQnTvANH0fbVr8v0sVovvTNSyuVEQPTwX8BiZ2x2EFut0","lang_type":"1"}}

2018-11-17 00:23:26
demo.webmigrates.com/osnap/api/Notification/CountBase
{"data":{"token":"aXclZC6gWFcw6jthAdSpLQuGLyaDX3BZ4KjFPKBZdb81bPEzbiy56zaYmeCEkwvbvShGvQdaCrEuQnTvANH0fbVr8v0sVovvTNSyuVEQPTwX8BiZ2x2EFut0","user_id":"3","lang_type":"1"}}

2018-11-17 00:23:26
demo.webmigrates.com/osnap/api/Registration/UserDetail
{"data":{"id":"3","other_id":"3","token":"aXclZC6gWFcw6jthAdSpLQuGLyaDX3BZ4KjFPKBZdb81bPEzbiy56zaYmeCEkwvbvShGvQdaCrEuQnTvANH0fbVr8v0sVovvTNSyuVEQPTwX8BiZ2x2EFut0","lang_type":"1"}}

2018-11-17 00:23:29
demo.webmigrates.com/osnap/api/Registration/SearchJob
{"data":{"keyword":"","id":"3","token":"aXclZC6gWFcw6jthAdSpLQuGLyaDX3BZ4KjFPKBZdb81bPEzbiy56zaYmeCEkwvbvShGvQdaCrEuQnTvANH0fbVr8v0sVovvTNSyuVEQPTwX8BiZ2x2EFut0","lang_type":"1"}}

2018-11-17 00:23:34
demo.webmigrates.com/osnap/api/Notification/CountBase
{"data":{"token":"aXclZC6gWFcw6jthAdSpLQuGLyaDX3BZ4KjFPKBZdb81bPEzbiy56zaYmeCEkwvbvShGvQdaCrEuQnTvANH0fbVr8v0sVovvTNSyuVEQPTwX8BiZ2x2EFut0","user_id":"3","lang_type":"1"}}

2018-11-17 00:23:34
demo.webmigrates.com/osnap/api/Registration/UserDetail
{"data":{"id":"3","other_id":"3","token":"aXclZC6gWFcw6jthAdSpLQuGLyaDX3BZ4KjFPKBZdb81bPEzbiy56zaYmeCEkwvbvShGvQdaCrEuQnTvANH0fbVr8v0sVovvTNSyuVEQPTwX8BiZ2x2EFut0","lang_type":"1"}}

2018-11-17 00:23:37
demo.webmigrates.com/osnap/api/Registration/ExploreRequests
{"data":{"limit":10,"id":"3","other_id":"3","page":1,"token":"aXclZC6gWFcw6jthAdSpLQuGLyaDX3BZ4KjFPKBZdb81bPEzbiy56zaYmeCEkwvbvShGvQdaCrEuQnTvANH0fbVr8v0sVovvTNSyuVEQPTwX8BiZ2x2EFut0","lang_type":"1"}}

2018-11-17 00:23:49
demo.webmigrates.com/osnap/api/Registration/SinglePostDetail
{"data":{"id":"3","post_id":"87","token":"aXclZC6gWFcw6jthAdSpLQuGLyaDX3BZ4KjFPKBZdb81bPEzbiy56zaYmeCEkwvbvShGvQdaCrEuQnTvANH0fbVr8v0sVovvTNSyuVEQPTwX8BiZ2x2EFut0","lang_type":"1"}}

2018-11-17 00:27:05
demo.webmigrates.com/osnap/api/Notification/CountBase
{"data":{"token":"aXclZC6gWFcw6jthAdSpLQuGLyaDX3BZ4KjFPKBZdb81bPEzbiy56zaYmeCEkwvbvShGvQdaCrEuQnTvANH0fbVr8v0sVovvTNSyuVEQPTwX8BiZ2x2EFut0","user_id":"3","lang_type":"1"}}

2018-11-17 00:27:05
demo.webmigrates.com/osnap/api/Registration/BusinessMyEvent
{"data":{"id":"3","year":"2018","token":"aXclZC6gWFcw6jthAdSpLQuGLyaDX3BZ4KjFPKBZdb81bPEzbiy56zaYmeCEkwvbvShGvQdaCrEuQnTvANH0fbVr8v0sVovvTNSyuVEQPTwX8BiZ2x2EFut0","lang_type":"1"}}

2018-11-17 00:27:05
demo.webmigrates.com/osnap/api/Registration/UserDetail
{"data":{"id":"3","other_id":"3","token":"aXclZC6gWFcw6jthAdSpLQuGLyaDX3BZ4KjFPKBZdb81bPEzbiy56zaYmeCEkwvbvShGvQdaCrEuQnTvANH0fbVr8v0sVovvTNSyuVEQPTwX8BiZ2x2EFut0","lang_type":"1"}}

2018-11-17 00:27:16
demo.webmigrates.com/osnap/api/Registration/ExploreRequests
{"data":{"limit":10,"id":"3","other_id":"3","page":1,"token":"aXclZC6gWFcw6jthAdSpLQuGLyaDX3BZ4KjFPKBZdb81bPEzbiy56zaYmeCEkwvbvShGvQdaCrEuQnTvANH0fbVr8v0sVovvTNSyuVEQPTwX8BiZ2x2EFut0","lang_type":"1"}}

2018-11-17 00:27:22
demo.webmigrates.com/osnap/api/Registration/SinglePostDetail
{"data":{"id":"3","post_id":"87","token":"aXclZC6gWFcw6jthAdSpLQuGLyaDX3BZ4KjFPKBZdb81bPEzbiy56zaYmeCEkwvbvShGvQdaCrEuQnTvANH0fbVr8v0sVovvTNSyuVEQPTwX8BiZ2x2EFut0","lang_type":"1"}}

2018-11-17 00:27:43
demo.webmigrates.com/osnap/api/Registration/SinglePostDetail
{"data":{"id":"3","post_id":"87","token":"aXclZC6gWFcw6jthAdSpLQuGLyaDX3BZ4KjFPKBZdb81bPEzbiy56zaYmeCEkwvbvShGvQdaCrEuQnTvANH0fbVr8v0sVovvTNSyuVEQPTwX8BiZ2x2EFut0","lang_type":"1"}}

2018-11-17 00:27:46
demo.webmigrates.com/osnap/api/Notification/CountBase
{"data":{"token":"aXclZC6gWFcw6jthAdSpLQuGLyaDX3BZ4KjFPKBZdb81bPEzbiy56zaYmeCEkwvbvShGvQdaCrEuQnTvANH0fbVr8v0sVovvTNSyuVEQPTwX8BiZ2x2EFut0","user_id":"3","lang_type":"1"}}

2018-11-17 00:27:46
demo.webmigrates.com/osnap/api/Registration/UserDetail
{"data":{"id":"3","other_id":"3","token":"aXclZC6gWFcw6jthAdSpLQuGLyaDX3BZ4KjFPKBZdb81bPEzbiy56zaYmeCEkwvbvShGvQdaCrEuQnTvANH0fbVr8v0sVovvTNSyuVEQPTwX8BiZ2x2EFut0","lang_type":"1"}}

2018-11-17 00:27:49
demo.webmigrates.com/osnap/api/Registration/MyOffers
{"data":{"Dlatitude":"0.000000","id":"3","Dlongtitude":"0.000000","token":"aXclZC6gWFcw6jthAdSpLQuGLyaDX3BZ4KjFPKBZdb81bPEzbiy56zaYmeCEkwvbvShGvQdaCrEuQnTvANH0fbVr8v0sVovvTNSyuVEQPTwX8BiZ2x2EFut0","lang_type":"1"}}

2018-11-17 00:29:41
demo.webmigrates.com/osnap/api/Registration/BusinessMyEvent
{"data":{"id":"3","year":"2018","token":"aXclZC6gWFcw6jthAdSpLQuGLyaDX3BZ4KjFPKBZdb81bPEzbiy56zaYmeCEkwvbvShGvQdaCrEuQnTvANH0fbVr8v0sVovvTNSyuVEQPTwX8BiZ2x2EFut0","lang_type":"1"}}

2018-11-17 00:29:41
demo.webmigrates.com/osnap/api/Notification/CountBase
{"data":{"token":"aXclZC6gWFcw6jthAdSpLQuGLyaDX3BZ4KjFPKBZdb81bPEzbiy56zaYmeCEkwvbvShGvQdaCrEuQnTvANH0fbVr8v0sVovvTNSyuVEQPTwX8BiZ2x2EFut0","user_id":"3","lang_type":"1"}}

2018-11-17 00:29:42
demo.webmigrates.com/osnap/api/Registration/UserDetail
{"data":{"id":"3","other_id":"3","token":"aXclZC6gWFcw6jthAdSpLQuGLyaDX3BZ4KjFPKBZdb81bPEzbiy56zaYmeCEkwvbvShGvQdaCrEuQnTvANH0fbVr8v0sVovvTNSyuVEQPTwX8BiZ2x2EFut0","lang_type":"1"}}

2018-11-17 00:29:46
demo.webmigrates.com/osnap/api/Registration/MyOffers
{"data":{"Dlatitude":"0.000000","id":"3","Dlongtitude":"0.000000","token":"aXclZC6gWFcw6jthAdSpLQuGLyaDX3BZ4KjFPKBZdb81bPEzbiy56zaYmeCEkwvbvShGvQdaCrEuQnTvANH0fbVr8v0sVovvTNSyuVEQPTwX8BiZ2x2EFut0","lang_type":"1"}}

2018-11-17 00:34:42
demo.webmigrates.com/osnap/api/Notification/CountBase
{"data":{"token":"aXclZC6gWFcw6jthAdSpLQuGLyaDX3BZ4KjFPKBZdb81bPEzbiy56zaYmeCEkwvbvShGvQdaCrEuQnTvANH0fbVr8v0sVovvTNSyuVEQPTwX8BiZ2x2EFut0","user_id":"3","lang_type":"1"}}

2018-11-17 00:34:42
demo.webmigrates.com/osnap/api/Registration/BusinessMyEvent
{"data":{"id":"3","year":"2018","token":"aXclZC6gWFcw6jthAdSpLQuGLyaDX3BZ4KjFPKBZdb81bPEzbiy56zaYmeCEkwvbvShGvQdaCrEuQnTvANH0fbVr8v0sVovvTNSyuVEQPTwX8BiZ2x2EFut0","lang_type":"1"}}

2018-11-17 00:34:43
demo.webmigrates.com/osnap/api/Registration/UserDetail
{"data":{"id":"3","other_id":"3","token":"aXclZC6gWFcw6jthAdSpLQuGLyaDX3BZ4KjFPKBZdb81bPEzbiy56zaYmeCEkwvbvShGvQdaCrEuQnTvANH0fbVr8v0sVovvTNSyuVEQPTwX8BiZ2x2EFut0","lang_type":"1"}}

2018-11-17 00:34:46
demo.webmigrates.com/osnap/api/Registration/MyOffers
{"data":{"Dlatitude":"0.000000","id":"3","Dlongtitude":"0.000000","token":"aXclZC6gWFcw6jthAdSpLQuGLyaDX3BZ4KjFPKBZdb81bPEzbiy56zaYmeCEkwvbvShGvQdaCrEuQnTvANH0fbVr8v0sVovvTNSyuVEQPTwX8BiZ2x2EFut0","lang_type":"1"}}

2018-11-17 00:34:58
demo.webmigrates.com/osnap/api/Notification/CountBase
{"data":{"token":"aXclZC6gWFcw6jthAdSpLQuGLyaDX3BZ4KjFPKBZdb81bPEzbiy56zaYmeCEkwvbvShGvQdaCrEuQnTvANH0fbVr8v0sVovvTNSyuVEQPTwX8BiZ2x2EFut0","user_id":"3","lang_type":"1"}}

2018-11-17 00:34:58
demo.webmigrates.com/osnap/api/Registration/UserDetail
{"data":{"id":"3","other_id":"3","token":"aXclZC6gWFcw6jthAdSpLQuGLyaDX3BZ4KjFPKBZdb81bPEzbiy56zaYmeCEkwvbvShGvQdaCrEuQnTvANH0fbVr8v0sVovvTNSyuVEQPTwX8BiZ2x2EFut0","lang_type":"1"}}

2018-11-17 00:35:00
demo.webmigrates.com/osnap/api/Registration/PromotionList
{"data":{"all_list":0,"id":"3","limit":10,"page":1,"token":"aXclZC6gWFcw6jthAdSpLQuGLyaDX3BZ4KjFPKBZdb81bPEzbiy56zaYmeCEkwvbvShGvQdaCrEuQnTvANH0fbVr8v0sVovvTNSyuVEQPTwX8BiZ2x2EFut0","lang_type":"1"}}

2018-11-17 00:35:07
demo.webmigrates.com/osnap/api/Registration/SinglePromotion
{"data":{"Dlatitude":"0.000000","id":"3","promotion_id":"30","Dlongtitude":"0.000000","token":"aXclZC6gWFcw6jthAdSpLQuGLyaDX3BZ4KjFPKBZdb81bPEzbiy56zaYmeCEkwvbvShGvQdaCrEuQnTvANH0fbVr8v0sVovvTNSyuVEQPTwX8BiZ2x2EFut0","lang_type":"1"}}

2018-11-17 00:42:31
demo.webmigrates.com/osnap/api/Registration/BusinessMyEvent
{"data":{"id":"3","year":"2018","token":"aXclZC6gWFcw6jthAdSpLQuGLyaDX3BZ4KjFPKBZdb81bPEzbiy56zaYmeCEkwvbvShGvQdaCrEuQnTvANH0fbVr8v0sVovvTNSyuVEQPTwX8BiZ2x2EFut0","lang_type":"1"}}

2018-11-17 00:42:31
demo.webmigrates.com/osnap/api/Notification/CountBase
{"data":{"token":"aXclZC6gWFcw6jthAdSpLQuGLyaDX3BZ4KjFPKBZdb81bPEzbiy56zaYmeCEkwvbvShGvQdaCrEuQnTvANH0fbVr8v0sVovvTNSyuVEQPTwX8BiZ2x2EFut0","user_id":"3","lang_type":"1"}}

2018-11-17 00:42:31
demo.webmigrates.com/osnap/api/Registration/UserDetail
{"data":{"id":"3","other_id":"3","token":"aXclZC6gWFcw6jthAdSpLQuGLyaDX3BZ4KjFPKBZdb81bPEzbiy56zaYmeCEkwvbvShGvQdaCrEuQnTvANH0fbVr8v0sVovvTNSyuVEQPTwX8BiZ2x2EFut0","lang_type":"1"}}

2018-11-17 00:42:59
demo.webmigrates.com/osnap/api/Registration/PromotionList
{"data":{"all_list":0,"id":"3","limit":10,"page":1,"token":"aXclZC6gWFcw6jthAdSpLQuGLyaDX3BZ4KjFPKBZdb81bPEzbiy56zaYmeCEkwvbvShGvQdaCrEuQnTvANH0fbVr8v0sVovvTNSyuVEQPTwX8BiZ2x2EFut0","lang_type":"1"}}

2018-11-17 00:44:36
demo.webmigrates.com/osnap/api/Registration/BusinessMyEvent
{"data":{"id":"3","year":"2018","token":"aXclZC6gWFcw6jthAdSpLQuGLyaDX3BZ4KjFPKBZdb81bPEzbiy56zaYmeCEkwvbvShGvQdaCrEuQnTvANH0fbVr8v0sVovvTNSyuVEQPTwX8BiZ2x2EFut0","lang_type":"1"}}

2018-11-17 00:44:36
demo.webmigrates.com/osnap/api/Notification/CountBase
{"data":{"token":"aXclZC6gWFcw6jthAdSpLQuGLyaDX3BZ4KjFPKBZdb81bPEzbiy56zaYmeCEkwvbvShGvQdaCrEuQnTvANH0fbVr8v0sVovvTNSyuVEQPTwX8BiZ2x2EFut0","user_id":"3","lang_type":"1"}}

2018-11-17 00:44:36
demo.webmigrates.com/osnap/api/Registration/UserDetail
{"data":{"id":"3","other_id":"3","token":"aXclZC6gWFcw6jthAdSpLQuGLyaDX3BZ4KjFPKBZdb81bPEzbiy56zaYmeCEkwvbvShGvQdaCrEuQnTvANH0fbVr8v0sVovvTNSyuVEQPTwX8BiZ2x2EFut0","lang_type":"1"}}

2018-11-17 00:45:54
demo.webmigrates.com/osnap/api/Registration/PromotionList
{"data":{"all_list":0,"id":"3","limit":10,"page":1,"token":"aXclZC6gWFcw6jthAdSpLQuGLyaDX3BZ4KjFPKBZdb81bPEzbiy56zaYmeCEkwvbvShGvQdaCrEuQnTvANH0fbVr8v0sVovvTNSyuVEQPTwX8BiZ2x2EFut0","lang_type":"1"}}

2018-11-17 00:46:15
demo.webmigrates.com/osnap/api/Registration/SinglePromotion
{"data":{"Dlatitude":"0.000000","id":"3","promotion_id":"30","Dlongtitude":"0.000000","token":"aXclZC6gWFcw6jthAdSpLQuGLyaDX3BZ4KjFPKBZdb81bPEzbiy56zaYmeCEkwvbvShGvQdaCrEuQnTvANH0fbVr8v0sVovvTNSyuVEQPTwX8BiZ2x2EFut0","lang_type":"1"}}

2018-11-17 00:47:56
demo.webmigrates.com/osnap/api/Registration/BusinessMyEvent
{"data":{"id":"3","year":"2018","token":"aXclZC6gWFcw6jthAdSpLQuGLyaDX3BZ4KjFPKBZdb81bPEzbiy56zaYmeCEkwvbvShGvQdaCrEuQnTvANH0fbVr8v0sVovvTNSyuVEQPTwX8BiZ2x2EFut0","lang_type":"1"}}

2018-11-17 00:47:56
demo.webmigrates.com/osnap/api/Notification/CountBase
{"data":{"token":"aXclZC6gWFcw6jthAdSpLQuGLyaDX3BZ4KjFPKBZdb81bPEzbiy56zaYmeCEkwvbvShGvQdaCrEuQnTvANH0fbVr8v0sVovvTNSyuVEQPTwX8BiZ2x2EFut0","user_id":"3","lang_type":"1"}}

2018-11-17 00:47:56
demo.webmigrates.com/osnap/api/Registration/UserDetail
{"data":{"id":"3","other_id":"3","token":"aXclZC6gWFcw6jthAdSpLQuGLyaDX3BZ4KjFPKBZdb81bPEzbiy56zaYmeCEkwvbvShGvQdaCrEuQnTvANH0fbVr8v0sVovvTNSyuVEQPTwX8BiZ2x2EFut0","lang_type":"1"}}

2018-11-17 00:48:04
demo.webmigrates.com/osnap/api/Registration/PromotionList
{"data":{"all_list":0,"id":"3","limit":10,"page":1,"token":"aXclZC6gWFcw6jthAdSpLQuGLyaDX3BZ4KjFPKBZdb81bPEzbiy56zaYmeCEkwvbvShGvQdaCrEuQnTvANH0fbVr8v0sVovvTNSyuVEQPTwX8BiZ2x2EFut0","lang_type":"1"}}

2018-11-17 00:48:40
demo.webmigrates.com/osnap/api/Registration/SinglePromotion
{"data":{"Dlatitude":"0.000000","id":"3","promotion_id":"30","Dlongtitude":"0.000000","token":"aXclZC6gWFcw6jthAdSpLQuGLyaDX3BZ4KjFPKBZdb81bPEzbiy56zaYmeCEkwvbvShGvQdaCrEuQnTvANH0fbVr8v0sVovvTNSyuVEQPTwX8BiZ2x2EFut0","lang_type":"1"}}

2018-11-17 00:48:57
demo.webmigrates.com/osnap/api/Notification/CountBase
{"data":{"token":"aXclZC6gWFcw6jthAdSpLQuGLyaDX3BZ4KjFPKBZdb81bPEzbiy56zaYmeCEkwvbvShGvQdaCrEuQnTvANH0fbVr8v0sVovvTNSyuVEQPTwX8BiZ2x2EFut0","user_id":"3","lang_type":"1"}}

2018-11-17 00:48:57
demo.webmigrates.com/osnap/api/Registration/UserDetail
{"data":{"id":"3","other_id":"3","token":"aXclZC6gWFcw6jthAdSpLQuGLyaDX3BZ4KjFPKBZdb81bPEzbiy56zaYmeCEkwvbvShGvQdaCrEuQnTvANH0fbVr8v0sVovvTNSyuVEQPTwX8BiZ2x2EFut0","lang_type":"1"}}

2018-11-17 00:49:00
demo.webmigrates.com/osnap/api/Registration/BusinessMyEvent
{"data":{"year":"2018","id":"3","month":"11","token":"aXclZC6gWFcw6jthAdSpLQuGLyaDX3BZ4KjFPKBZdb81bPEzbiy56zaYmeCEkwvbvShGvQdaCrEuQnTvANH0fbVr8v0sVovvTNSyuVEQPTwX8BiZ2x2EFut0","lang_type":"1"}}

2018-11-17 00:49:06
demo.webmigrates.com/osnap/api/Registration/EventDetail
{"data":{"id":"3","pb_id":"16","token":"aXclZC6gWFcw6jthAdSpLQuGLyaDX3BZ4KjFPKBZdb81bPEzbiy56zaYmeCEkwvbvShGvQdaCrEuQnTvANH0fbVr8v0sVovvTNSyuVEQPTwX8BiZ2x2EFut0","lang_type":"1"}}

2018-11-17 00:51:56
demo.webmigrates.com/osnap/api/Registration/EventDetail
{"data":{"id":"3","pb_id":"16","token":"aXclZC6gWFcw6jthAdSpLQuGLyaDX3BZ4KjFPKBZdb81bPEzbiy56zaYmeCEkwvbvShGvQdaCrEuQnTvANH0fbVr8v0sVovvTNSyuVEQPTwX8BiZ2x2EFut0","lang_type":"1"}}

2018-11-17 00:57:14
demo.webmigrates.com/osnap/api/Notification/CountBase
{"data":{"token":"aXclZC6gWFcw6jthAdSpLQuGLyaDX3BZ4KjFPKBZdb81bPEzbiy56zaYmeCEkwvbvShGvQdaCrEuQnTvANH0fbVr8v0sVovvTNSyuVEQPTwX8BiZ2x2EFut0","user_id":"3","lang_type":"1"}}

2018-11-17 00:57:14
demo.webmigrates.com/osnap/api/Registration/BusinessMyEvent
{"data":{"id":"3","year":"2018","token":"aXclZC6gWFcw6jthAdSpLQuGLyaDX3BZ4KjFPKBZdb81bPEzbiy56zaYmeCEkwvbvShGvQdaCrEuQnTvANH0fbVr8v0sVovvTNSyuVEQPTwX8BiZ2x2EFut0","lang_type":"1"}}

2018-11-17 00:57:15
demo.webmigrates.com/osnap/api/Registration/UserDetail
{"data":{"id":"3","other_id":"3","token":"aXclZC6gWFcw6jthAdSpLQuGLyaDX3BZ4KjFPKBZdb81bPEzbiy56zaYmeCEkwvbvShGvQdaCrEuQnTvANH0fbVr8v0sVovvTNSyuVEQPTwX8BiZ2x2EFut0","lang_type":"1"}}

2018-11-17 00:57:25
demo.webmigrates.com/osnap/api/Registration/BusinessMyEvent
{"data":{"year":"2018","id":"3","month":"11","token":"aXclZC6gWFcw6jthAdSpLQuGLyaDX3BZ4KjFPKBZdb81bPEzbiy56zaYmeCEkwvbvShGvQdaCrEuQnTvANH0fbVr8v0sVovvTNSyuVEQPTwX8BiZ2x2EFut0","lang_type":"1"}}

2018-11-17 00:57:29
demo.webmigrates.com/osnap/api/Registration/EventDetail
{"data":{"id":"3","pb_id":"16","token":"aXclZC6gWFcw6jthAdSpLQuGLyaDX3BZ4KjFPKBZdb81bPEzbiy56zaYmeCEkwvbvShGvQdaCrEuQnTvANH0fbVr8v0sVovvTNSyuVEQPTwX8BiZ2x2EFut0","lang_type":"1"}}

2018-11-17 01:01:04
demo.webmigrates.com/osnap/api/Notification/CountBase
{"data":{"token":"aXclZC6gWFcw6jthAdSpLQuGLyaDX3BZ4KjFPKBZdb81bPEzbiy56zaYmeCEkwvbvShGvQdaCrEuQnTvANH0fbVr8v0sVovvTNSyuVEQPTwX8BiZ2x2EFut0","user_id":"3","lang_type":"1"}}

2018-11-17 01:01:04
demo.webmigrates.com/osnap/api/Registration/BusinessMyEvent
{"data":{"id":"3","year":"2018","token":"aXclZC6gWFcw6jthAdSpLQuGLyaDX3BZ4KjFPKBZdb81bPEzbiy56zaYmeCEkwvbvShGvQdaCrEuQnTvANH0fbVr8v0sVovvTNSyuVEQPTwX8BiZ2x2EFut0","lang_type":"1"}}

2018-11-17 01:01:05
demo.webmigrates.com/osnap/api/Registration/UserDetail
{"data":{"id":"3","other_id":"3","token":"aXclZC6gWFcw6jthAdSpLQuGLyaDX3BZ4KjFPKBZdb81bPEzbiy56zaYmeCEkwvbvShGvQdaCrEuQnTvANH0fbVr8v0sVovvTNSyuVEQPTwX8BiZ2x2EFut0","lang_type":"1"}}

2018-11-17 01:01:10
demo.webmigrates.com/osnap/api/Registration/BusinessMyEvent
{"data":{"year":"2018","id":"3","month":"11","token":"aXclZC6gWFcw6jthAdSpLQuGLyaDX3BZ4KjFPKBZdb81bPEzbiy56zaYmeCEkwvbvShGvQdaCrEuQnTvANH0fbVr8v0sVovvTNSyuVEQPTwX8BiZ2x2EFut0","lang_type":"1"}}

2018-11-17 01:01:15
demo.webmigrates.com/osnap/api/Registration/EventDetail
{"data":{"id":"3","pb_id":"16","token":"aXclZC6gWFcw6jthAdSpLQuGLyaDX3BZ4KjFPKBZdb81bPEzbiy56zaYmeCEkwvbvShGvQdaCrEuQnTvANH0fbVr8v0sVovvTNSyuVEQPTwX8BiZ2x2EFut0","lang_type":"1"}}

2018-11-17 01:01:24
demo.webmigrates.com/osnap/api/Registration/UserDetail
{"data":{"Dlatitude":"0.000000","id":"3","other_id":"11","Dlongtitude":"0.000000","token":"aXclZC6gWFcw6jthAdSpLQuGLyaDX3BZ4KjFPKBZdb81bPEzbiy56zaYmeCEkwvbvShGvQdaCrEuQnTvANH0fbVr8v0sVovvTNSyuVEQPTwX8BiZ2x2EFut0","lang_type":"1"}}

2018-11-17 01:10:52
demo.webmigrates.com/osnap/api/Notification/CountBase
{"data":{"token":"aXclZC6gWFcw6jthAdSpLQuGLyaDX3BZ4KjFPKBZdb81bPEzbiy56zaYmeCEkwvbvShGvQdaCrEuQnTvANH0fbVr8v0sVovvTNSyuVEQPTwX8BiZ2x2EFut0","user_id":"3","lang_type":"1"}}

2018-11-17 01:10:52
demo.webmigrates.com/osnap/api/Registration/BusinessMyEvent
{"data":{"id":"3","year":"2018","token":"aXclZC6gWFcw6jthAdSpLQuGLyaDX3BZ4KjFPKBZdb81bPEzbiy56zaYmeCEkwvbvShGvQdaCrEuQnTvANH0fbVr8v0sVovvTNSyuVEQPTwX8BiZ2x2EFut0","lang_type":"1"}}

2018-11-17 01:10:53
demo.webmigrates.com/osnap/api/Registration/UserDetail
{"data":{"id":"3","other_id":"3","token":"aXclZC6gWFcw6jthAdSpLQuGLyaDX3BZ4KjFPKBZdb81bPEzbiy56zaYmeCEkwvbvShGvQdaCrEuQnTvANH0fbVr8v0sVovvTNSyuVEQPTwX8BiZ2x2EFut0","lang_type":"1"}}

2018-11-17 01:10:58
demo.webmigrates.com/osnap/api/Registration/BusinessMyEvent
{"data":{"year":"2018","id":"3","month":"11","token":"aXclZC6gWFcw6jthAdSpLQuGLyaDX3BZ4KjFPKBZdb81bPEzbiy56zaYmeCEkwvbvShGvQdaCrEuQnTvANH0fbVr8v0sVovvTNSyuVEQPTwX8BiZ2x2EFut0","lang_type":"1"}}

2018-11-17 01:11:00
demo.webmigrates.com/osnap/api/Registration/EventDetail
{"data":{"id":"3","pb_id":"16","token":"aXclZC6gWFcw6jthAdSpLQuGLyaDX3BZ4KjFPKBZdb81bPEzbiy56zaYmeCEkwvbvShGvQdaCrEuQnTvANH0fbVr8v0sVovvTNSyuVEQPTwX8BiZ2x2EFut0","lang_type":"1"}}

2018-11-17 01:11:02
demo.webmigrates.com/osnap/api/Registration/UserDetail
{"data":{"Dlatitude":"0.000000","id":"3","other_id":"11","Dlongtitude":"0.000000","token":"aXclZC6gWFcw6jthAdSpLQuGLyaDX3BZ4KjFPKBZdb81bPEzbiy56zaYmeCEkwvbvShGvQdaCrEuQnTvANH0fbVr8v0sVovvTNSyuVEQPTwX8BiZ2x2EFut0","lang_type":"1"}}

2018-11-17 01:13:50
demo.webmigrates.com/osnap/api/Notification/CountBase
{"data":{"token":"aXclZC6gWFcw6jthAdSpLQuGLyaDX3BZ4KjFPKBZdb81bPEzbiy56zaYmeCEkwvbvShGvQdaCrEuQnTvANH0fbVr8v0sVovvTNSyuVEQPTwX8BiZ2x2EFut0","user_id":"3","lang_type":"1"}}

2018-11-17 01:13:50
demo.webmigrates.com/osnap/api/Registration/BusinessMyEvent
{"data":{"id":"3","year":"2018","token":"aXclZC6gWFcw6jthAdSpLQuGLyaDX3BZ4KjFPKBZdb81bPEzbiy56zaYmeCEkwvbvShGvQdaCrEuQnTvANH0fbVr8v0sVovvTNSyuVEQPTwX8BiZ2x2EFut0","lang_type":"1"}}

2018-11-17 01:13:50
demo.webmigrates.com/osnap/api/Registration/UserDetail
{"data":{"id":"3","other_id":"3","token":"aXclZC6gWFcw6jthAdSpLQuGLyaDX3BZ4KjFPKBZdb81bPEzbiy56zaYmeCEkwvbvShGvQdaCrEuQnTvANH0fbVr8v0sVovvTNSyuVEQPTwX8BiZ2x2EFut0","lang_type":"1"}}

2018-11-17 01:13:58
demo.webmigrates.com/osnap/api/Registration/BusinessMyEvent
{"data":{"year":"2018","id":"3","month":"11","token":"aXclZC6gWFcw6jthAdSpLQuGLyaDX3BZ4KjFPKBZdb81bPEzbiy56zaYmeCEkwvbvShGvQdaCrEuQnTvANH0fbVr8v0sVovvTNSyuVEQPTwX8BiZ2x2EFut0","lang_type":"1"}}

2018-11-17 01:14:00
demo.webmigrates.com/osnap/api/Registration/EventDetail
{"data":{"id":"3","pb_id":"16","token":"aXclZC6gWFcw6jthAdSpLQuGLyaDX3BZ4KjFPKBZdb81bPEzbiy56zaYmeCEkwvbvShGvQdaCrEuQnTvANH0fbVr8v0sVovvTNSyuVEQPTwX8BiZ2x2EFut0","lang_type":"1"}}

2018-11-17 01:14:02
demo.webmigrates.com/osnap/api/Registration/UserDetail
{"data":{"Dlatitude":"0.000000","id":"3","other_id":"11","Dlongtitude":"0.000000","token":"aXclZC6gWFcw6jthAdSpLQuGLyaDX3BZ4KjFPKBZdb81bPEzbiy56zaYmeCEkwvbvShGvQdaCrEuQnTvANH0fbVr8v0sVovvTNSyuVEQPTwX8BiZ2x2EFut0","lang_type":"1"}}

2018-11-17 01:17:48
demo.webmigrates.com/osnap/api/Registration/BusinessMyEvent
{"data":{"id":"3","year":"2018","token":"aXclZC6gWFcw6jthAdSpLQuGLyaDX3BZ4KjFPKBZdb81bPEzbiy56zaYmeCEkwvbvShGvQdaCrEuQnTvANH0fbVr8v0sVovvTNSyuVEQPTwX8BiZ2x2EFut0","lang_type":"1"}}

2018-11-17 01:17:48
demo.webmigrates.com/osnap/api/Notification/CountBase
{"data":{"token":"aXclZC6gWFcw6jthAdSpLQuGLyaDX3BZ4KjFPKBZdb81bPEzbiy56zaYmeCEkwvbvShGvQdaCrEuQnTvANH0fbVr8v0sVovvTNSyuVEQPTwX8BiZ2x2EFut0","user_id":"3","lang_type":"1"}}

2018-11-17 01:17:48
demo.webmigrates.com/osnap/api/Registration/UserDetail
{"data":{"id":"3","other_id":"3","token":"aXclZC6gWFcw6jthAdSpLQuGLyaDX3BZ4KjFPKBZdb81bPEzbiy56zaYmeCEkwvbvShGvQdaCrEuQnTvANH0fbVr8v0sVovvTNSyuVEQPTwX8BiZ2x2EFut0","lang_type":"1"}}

2018-11-17 01:19:52
demo.webmigrates.com/osnap/api/Registration/BusinessMyEvent
{"data":{"year":"2018","id":"3","month":"11","token":"aXclZC6gWFcw6jthAdSpLQuGLyaDX3BZ4KjFPKBZdb81bPEzbiy56zaYmeCEkwvbvShGvQdaCrEuQnTvANH0fbVr8v0sVovvTNSyuVEQPTwX8BiZ2x2EFut0","lang_type":"1"}}

2018-11-17 01:19:55
demo.webmigrates.com/osnap/api/Registration/EventDetail
{"data":{"id":"3","pb_id":"16","token":"aXclZC6gWFcw6jthAdSpLQuGLyaDX3BZ4KjFPKBZdb81bPEzbiy56zaYmeCEkwvbvShGvQdaCrEuQnTvANH0fbVr8v0sVovvTNSyuVEQPTwX8BiZ2x2EFut0","lang_type":"1"}}

2018-11-17 01:19:56
demo.webmigrates.com/osnap/api/Registration/UserDetail
{"data":{"Dlatitude":"0.000000","id":"3","other_id":"11","Dlongtitude":"0.000000","token":"aXclZC6gWFcw6jthAdSpLQuGLyaDX3BZ4KjFPKBZdb81bPEzbiy56zaYmeCEkwvbvShGvQdaCrEuQnTvANH0fbVr8v0sVovvTNSyuVEQPTwX8BiZ2x2EFut0","lang_type":"1"}}

2018-11-17 01:24:04
demo.webmigrates.com/osnap/api/Registration/BusinessMyEvent
{"data":{"id":"3","year":"2018","token":"aXclZC6gWFcw6jthAdSpLQuGLyaDX3BZ4KjFPKBZdb81bPEzbiy56zaYmeCEkwvbvShGvQdaCrEuQnTvANH0fbVr8v0sVovvTNSyuVEQPTwX8BiZ2x2EFut0","lang_type":"1"}}

2018-11-17 01:24:04
demo.webmigrates.com/osnap/api/Notification/CountBase
{"data":{"token":"aXclZC6gWFcw6jthAdSpLQuGLyaDX3BZ4KjFPKBZdb81bPEzbiy56zaYmeCEkwvbvShGvQdaCrEuQnTvANH0fbVr8v0sVovvTNSyuVEQPTwX8BiZ2x2EFut0","user_id":"3","lang_type":"1"}}

2018-11-17 01:24:04
demo.webmigrates.com/osnap/api/Registration/UserDetail
{"data":{"id":"3","other_id":"3","token":"aXclZC6gWFcw6jthAdSpLQuGLyaDX3BZ4KjFPKBZdb81bPEzbiy56zaYmeCEkwvbvShGvQdaCrEuQnTvANH0fbVr8v0sVovvTNSyuVEQPTwX8BiZ2x2EFut0","lang_type":"1"}}

2018-11-17 01:24:14
demo.webmigrates.com/osnap/api/Registration/BusinessMyEvent
{"data":{"year":"2018","id":"3","month":"11","token":"aXclZC6gWFcw6jthAdSpLQuGLyaDX3BZ4KjFPKBZdb81bPEzbiy56zaYmeCEkwvbvShGvQdaCrEuQnTvANH0fbVr8v0sVovvTNSyuVEQPTwX8BiZ2x2EFut0","lang_type":"1"}}

2018-11-17 01:24:18
demo.webmigrates.com/osnap/api/Registration/EventDetail
{"data":{"id":"3","pb_id":"16","token":"aXclZC6gWFcw6jthAdSpLQuGLyaDX3BZ4KjFPKBZdb81bPEzbiy56zaYmeCEkwvbvShGvQdaCrEuQnTvANH0fbVr8v0sVovvTNSyuVEQPTwX8BiZ2x2EFut0","lang_type":"1"}}

2018-11-17 01:24:21
demo.webmigrates.com/osnap/api/Notification/CountBase
{"data":{"token":"aXclZC6gWFcw6jthAdSpLQuGLyaDX3BZ4KjFPKBZdb81bPEzbiy56zaYmeCEkwvbvShGvQdaCrEuQnTvANH0fbVr8v0sVovvTNSyuVEQPTwX8BiZ2x2EFut0","user_id":"3","lang_type":"1"}}

2018-11-17 01:24:21
demo.webmigrates.com/osnap/api/Registration/UserDetail
{"data":{"id":"3","other_id":"3","token":"aXclZC6gWFcw6jthAdSpLQuGLyaDX3BZ4KjFPKBZdb81bPEzbiy56zaYmeCEkwvbvShGvQdaCrEuQnTvANH0fbVr8v0sVovvTNSyuVEQPTwX8BiZ2x2EFut0","lang_type":"1"}}

2018-11-17 01:24:24
demo.webmigrates.com/osnap/api/Registration/MyBidPost
{"data":{"limit":10,"id":"3","page":1,"token":"aXclZC6gWFcw6jthAdSpLQuGLyaDX3BZ4KjFPKBZdb81bPEzbiy56zaYmeCEkwvbvShGvQdaCrEuQnTvANH0fbVr8v0sVovvTNSyuVEQPTwX8BiZ2x2EFut0","lang_type":"1"}}

2018-11-17 01:24:25
demo.webmigrates.com/osnap/api/Registration/MyBidPost
{"data":{"limit":10,"id":"3","page":2,"token":"aXclZC6gWFcw6jthAdSpLQuGLyaDX3BZ4KjFPKBZdb81bPEzbiy56zaYmeCEkwvbvShGvQdaCrEuQnTvANH0fbVr8v0sVovvTNSyuVEQPTwX8BiZ2x2EFut0","lang_type":"1"}}

2018-11-17 01:24:27
demo.webmigrates.com/osnap/api/Registration/SingleMyBidPost
{"data":{"id":"3","post_id":"46","token":"aXclZC6gWFcw6jthAdSpLQuGLyaDX3BZ4KjFPKBZdb81bPEzbiy56zaYmeCEkwvbvShGvQdaCrEuQnTvANH0fbVr8v0sVovvTNSyuVEQPTwX8BiZ2x2EFut0","lang_type":"1"}}

2018-11-17 01:24:31
demo.webmigrates.com/osnap/api/Registration/MyBidPostRunningAll
{"data":{"limit":10,"id":"3","page":1,"token":"aXclZC6gWFcw6jthAdSpLQuGLyaDX3BZ4KjFPKBZdb81bPEzbiy56zaYmeCEkwvbvShGvQdaCrEuQnTvANH0fbVr8v0sVovvTNSyuVEQPTwX8BiZ2x2EFut0","lang_type":"1"}}

2018-11-17 01:24:35
demo.webmigrates.com/osnap/api/Registration/MyBidPostcompletedAll
{"data":{"limit":10,"id":"3","page":1,"token":"aXclZC6gWFcw6jthAdSpLQuGLyaDX3BZ4KjFPKBZdb81bPEzbiy56zaYmeCEkwvbvShGvQdaCrEuQnTvANH0fbVr8v0sVovvTNSyuVEQPTwX8BiZ2x2EFut0","lang_type":"1"}}

2018-11-17 01:24:41
demo.webmigrates.com/osnap/api/Registration/EventDetail
{"data":{"id":"3","pb_id":"88","token":"aXclZC6gWFcw6jthAdSpLQuGLyaDX3BZ4KjFPKBZdb81bPEzbiy56zaYmeCEkwvbvShGvQdaCrEuQnTvANH0fbVr8v0sVovvTNSyuVEQPTwX8BiZ2x2EFut0","lang_type":"1"}}

2018-11-17 01:24:43
demo.webmigrates.com/osnap/api/Registration/UserDetail
{"data":{"Dlatitude":"0.000000","id":"3","other_id":"11","Dlongtitude":"0.000000","token":"aXclZC6gWFcw6jthAdSpLQuGLyaDX3BZ4KjFPKBZdb81bPEzbiy56zaYmeCEkwvbvShGvQdaCrEuQnTvANH0fbVr8v0sVovvTNSyuVEQPTwX8BiZ2x2EFut0","lang_type":"1"}}

2018-11-17 01:28:19
demo.webmigrates.com/osnap/api/Notification/CountBase
{"data":{"token":"aXclZC6gWFcw6jthAdSpLQuGLyaDX3BZ4KjFPKBZdb81bPEzbiy56zaYmeCEkwvbvShGvQdaCrEuQnTvANH0fbVr8v0sVovvTNSyuVEQPTwX8BiZ2x2EFut0","user_id":"3","lang_type":"1"}}

2018-11-17 01:28:19
demo.webmigrates.com/osnap/api/Registration/BusinessMyEvent
{"data":{"id":"3","year":"2018","token":"aXclZC6gWFcw6jthAdSpLQuGLyaDX3BZ4KjFPKBZdb81bPEzbiy56zaYmeCEkwvbvShGvQdaCrEuQnTvANH0fbVr8v0sVovvTNSyuVEQPTwX8BiZ2x2EFut0","lang_type":"1"}}

2018-11-17 01:28:19
demo.webmigrates.com/osnap/api/Registration/UserDetail
{"data":{"id":"3","other_id":"3","token":"aXclZC6gWFcw6jthAdSpLQuGLyaDX3BZ4KjFPKBZdb81bPEzbiy56zaYmeCEkwvbvShGvQdaCrEuQnTvANH0fbVr8v0sVovvTNSyuVEQPTwX8BiZ2x2EFut0","lang_type":"1"}}

2018-11-17 01:28:31
demo.webmigrates.com/osnap/api/Registration/MyBidPost
{"data":{"limit":10,"id":"3","page":1,"token":"aXclZC6gWFcw6jthAdSpLQuGLyaDX3BZ4KjFPKBZdb81bPEzbiy56zaYmeCEkwvbvShGvQdaCrEuQnTvANH0fbVr8v0sVovvTNSyuVEQPTwX8BiZ2x2EFut0","lang_type":"1"}}

2018-11-17 01:28:32
demo.webmigrates.com/osnap/api/Registration/MyBidPost
{"data":{"limit":10,"id":"3","page":2,"token":"aXclZC6gWFcw6jthAdSpLQuGLyaDX3BZ4KjFPKBZdb81bPEzbiy56zaYmeCEkwvbvShGvQdaCrEuQnTvANH0fbVr8v0sVovvTNSyuVEQPTwX8BiZ2x2EFut0","lang_type":"1"}}

2018-11-17 01:28:34
demo.webmigrates.com/osnap/api/Registration/MyBidPostcompletedAll
{"data":{"limit":10,"id":"3","page":1,"token":"aXclZC6gWFcw6jthAdSpLQuGLyaDX3BZ4KjFPKBZdb81bPEzbiy56zaYmeCEkwvbvShGvQdaCrEuQnTvANH0fbVr8v0sVovvTNSyuVEQPTwX8BiZ2x2EFut0","lang_type":"1"}}

2018-11-17 01:28:36
demo.webmigrates.com/osnap/api/Registration/EventDetail
{"data":{"id":"3","pb_id":"88","token":"aXclZC6gWFcw6jthAdSpLQuGLyaDX3BZ4KjFPKBZdb81bPEzbiy56zaYmeCEkwvbvShGvQdaCrEuQnTvANH0fbVr8v0sVovvTNSyuVEQPTwX8BiZ2x2EFut0","lang_type":"1"}}

2018-11-17 01:28:38
demo.webmigrates.com/osnap/api/Registration/UserDetail
{"data":{"Dlatitude":"0.000000","id":"3","other_id":"11","Dlongtitude":"0.000000","token":"aXclZC6gWFcw6jthAdSpLQuGLyaDX3BZ4KjFPKBZdb81bPEzbiy56zaYmeCEkwvbvShGvQdaCrEuQnTvANH0fbVr8v0sVovvTNSyuVEQPTwX8BiZ2x2EFut0","lang_type":"1"}}

2018-11-17 01:29:42
demo.webmigrates.com/osnap/api/Registration/UserDetail
{"data":{"id":"3","other_id":"3","token":"aXclZC6gWFcw6jthAdSpLQuGLyaDX3BZ4KjFPKBZdb81bPEzbiy56zaYmeCEkwvbvShGvQdaCrEuQnTvANH0fbVr8v0sVovvTNSyuVEQPTwX8BiZ2x2EFut0","lang_type":"1"}}

2018-11-17 01:29:42
demo.webmigrates.com/osnap/api/Notification/CountBase
{"data":{"token":"aXclZC6gWFcw6jthAdSpLQuGLyaDX3BZ4KjFPKBZdb81bPEzbiy56zaYmeCEkwvbvShGvQdaCrEuQnTvANH0fbVr8v0sVovvTNSyuVEQPTwX8BiZ2x2EFut0","user_id":"3","lang_type":"1"}}

2018-11-17 01:32:07
demo.webmigrates.com/osnap/api/Registration/BusinessMyEvent
{"data":{"id":"3","year":"2018","token":"aXclZC6gWFcw6jthAdSpLQuGLyaDX3BZ4KjFPKBZdb81bPEzbiy56zaYmeCEkwvbvShGvQdaCrEuQnTvANH0fbVr8v0sVovvTNSyuVEQPTwX8BiZ2x2EFut0","lang_type":"1"}}

2018-11-17 01:32:07
demo.webmigrates.com/osnap/api/Notification/CountBase
{"data":{"token":"aXclZC6gWFcw6jthAdSpLQuGLyaDX3BZ4KjFPKBZdb81bPEzbiy56zaYmeCEkwvbvShGvQdaCrEuQnTvANH0fbVr8v0sVovvTNSyuVEQPTwX8BiZ2x2EFut0","user_id":"3","lang_type":"1"}}

2018-11-17 01:32:07
demo.webmigrates.com/osnap/api/Registration/UserDetail
{"data":{"id":"3","other_id":"3","token":"aXclZC6gWFcw6jthAdSpLQuGLyaDX3BZ4KjFPKBZdb81bPEzbiy56zaYmeCEkwvbvShGvQdaCrEuQnTvANH0fbVr8v0sVovvTNSyuVEQPTwX8BiZ2x2EFut0","lang_type":"1"}}

2018-11-17 01:32:09
demo.webmigrates.com/osnap/api/Registration/MyBidPost
{"data":{"limit":10,"id":"3","page":1,"token":"aXclZC6gWFcw6jthAdSpLQuGLyaDX3BZ4KjFPKBZdb81bPEzbiy56zaYmeCEkwvbvShGvQdaCrEuQnTvANH0fbVr8v0sVovvTNSyuVEQPTwX8BiZ2x2EFut0","lang_type":"1"}}

2018-11-17 01:32:10
demo.webmigrates.com/osnap/api/Registration/MyBidPost
{"data":{"limit":10,"id":"3","page":2,"token":"aXclZC6gWFcw6jthAdSpLQuGLyaDX3BZ4KjFPKBZdb81bPEzbiy56zaYmeCEkwvbvShGvQdaCrEuQnTvANH0fbVr8v0sVovvTNSyuVEQPTwX8BiZ2x2EFut0","lang_type":"1"}}

2018-11-17 01:32:12
demo.webmigrates.com/osnap/api/Registration/MyBidPostcompletedAll
{"data":{"limit":10,"id":"3","page":1,"token":"aXclZC6gWFcw6jthAdSpLQuGLyaDX3BZ4KjFPKBZdb81bPEzbiy56zaYmeCEkwvbvShGvQdaCrEuQnTvANH0fbVr8v0sVovvTNSyuVEQPTwX8BiZ2x2EFut0","lang_type":"1"}}

2018-11-17 01:32:13
demo.webmigrates.com/osnap/api/Registration/EventDetail
{"data":{"id":"3","pb_id":"88","token":"aXclZC6gWFcw6jthAdSpLQuGLyaDX3BZ4KjFPKBZdb81bPEzbiy56zaYmeCEkwvbvShGvQdaCrEuQnTvANH0fbVr8v0sVovvTNSyuVEQPTwX8BiZ2x2EFut0","lang_type":"1"}}

2018-11-17 01:32:14
demo.webmigrates.com/osnap/api/Registration/UserDetail
{"data":{"Dlatitude":"0.000000","id":"3","other_id":"11","Dlongtitude":"0.000000","token":"aXclZC6gWFcw6jthAdSpLQuGLyaDX3BZ4KjFPKBZdb81bPEzbiy56zaYmeCEkwvbvShGvQdaCrEuQnTvANH0fbVr8v0sVovvTNSyuVEQPTwX8BiZ2x2EFut0","lang_type":"1"}}

2018-11-17 01:32:17
demo.webmigrates.com/osnap/api/Notification/CountBase
{"data":{"token":"aXclZC6gWFcw6jthAdSpLQuGLyaDX3BZ4KjFPKBZdb81bPEzbiy56zaYmeCEkwvbvShGvQdaCrEuQnTvANH0fbVr8v0sVovvTNSyuVEQPTwX8BiZ2x2EFut0","user_id":"3","lang_type":"1"}}

2018-11-17 01:32:17
demo.webmigrates.com/osnap/api/Registration/UserDetail
{"data":{"id":"3","other_id":"3","token":"aXclZC6gWFcw6jthAdSpLQuGLyaDX3BZ4KjFPKBZdb81bPEzbiy56zaYmeCEkwvbvShGvQdaCrEuQnTvANH0fbVr8v0sVovvTNSyuVEQPTwX8BiZ2x2EFut0","lang_type":"1"}}

2018-11-17 01:33:52
demo.webmigrates.com/osnap/api/Registration/BusinessMyEvent
{"data":{"id":"3","year":"2018","token":"aXclZC6gWFcw6jthAdSpLQuGLyaDX3BZ4KjFPKBZdb81bPEzbiy56zaYmeCEkwvbvShGvQdaCrEuQnTvANH0fbVr8v0sVovvTNSyuVEQPTwX8BiZ2x2EFut0","lang_type":"1"}}

2018-11-17 01:33:52
demo.webmigrates.com/osnap/api/Notification/CountBase
{"data":{"token":"aXclZC6gWFcw6jthAdSpLQuGLyaDX3BZ4KjFPKBZdb81bPEzbiy56zaYmeCEkwvbvShGvQdaCrEuQnTvANH0fbVr8v0sVovvTNSyuVEQPTwX8BiZ2x2EFut0","user_id":"3","lang_type":"1"}}

2018-11-17 01:33:52
demo.webmigrates.com/osnap/api/Registration/UserDetail
{"data":{"id":"3","other_id":"3","token":"aXclZC6gWFcw6jthAdSpLQuGLyaDX3BZ4KjFPKBZdb81bPEzbiy56zaYmeCEkwvbvShGvQdaCrEuQnTvANH0fbVr8v0sVovvTNSyuVEQPTwX8BiZ2x2EFut0","lang_type":"1"}}

2018-11-17 04:00:31
demo.webmigrates.com/osnap/api/Notification/CountBase
{"data":{"token":"Av0Cx6qFiqhYtMtacGMkRE6zV6XgeMhleFEFodBHRlxOFr6aH1dZkFF1zAc3iNySFX5J5clQ3wMOlMwOHlLECulgHVKnWpqMueW0QHQggNbt6N6714rHN9NG","user_id":"3","lang_type":"1"}}

2018-11-17 04:00:31
demo.webmigrates.com/osnap/api/Registration/UserDetail
{"data":{"id":"3","other_id":"3","token":"Av0Cx6qFiqhYtMtacGMkRE6zV6XgeMhleFEFodBHRlxOFr6aH1dZkFF1zAc3iNySFX5J5clQ3wMOlMwOHlLECulgHVKnWpqMueW0QHQggNbt6N6714rHN9NG","lang_type":"1"}}

2018-11-17 04:00:31
demo.webmigrates.com/osnap/api/Registration/BusinessMyEvent
{"data":{"id":"3","year":"2018","token":"Av0Cx6qFiqhYtMtacGMkRE6zV6XgeMhleFEFodBHRlxOFr6aH1dZkFF1zAc3iNySFX5J5clQ3wMOlMwOHlLECulgHVKnWpqMueW0QHQggNbt6N6714rHN9NG","lang_type":"1"}}

2018-11-17 04:01:03
demo.webmigrates.com/osnap/api/Registration/BusinessMyEvent
{"data":{"id":"3","year":"2018","token":"aXclZC6gWFcw6jthAdSpLQuGLyaDX3BZ4KjFPKBZdb81bPEzbiy56zaYmeCEkwvbvShGvQdaCrEuQnTvANH0fbVr8v0sVovvTNSyuVEQPTwX8BiZ2x2EFut0","lang_type":"1"}}

2018-11-17 04:01:03
demo.webmigrates.com/osnap/api/Registration/UserDetail
{"data":{"id":"3","other_id":"3","token":"aXclZC6gWFcw6jthAdSpLQuGLyaDX3BZ4KjFPKBZdb81bPEzbiy56zaYmeCEkwvbvShGvQdaCrEuQnTvANH0fbVr8v0sVovvTNSyuVEQPTwX8BiZ2x2EFut0","lang_type":"1"}}

2018-11-17 04:01:03
demo.webmigrates.com/osnap/api/Notification/CountBase
{"data":{"token":"aXclZC6gWFcw6jthAdSpLQuGLyaDX3BZ4KjFPKBZdb81bPEzbiy56zaYmeCEkwvbvShGvQdaCrEuQnTvANH0fbVr8v0sVovvTNSyuVEQPTwX8BiZ2x2EFut0","user_id":"3","lang_type":"1"}}

2018-11-17 04:33:04
demo.webmigrates.com/osnap/api/Registration/BusinessMyEvent
{"data":{"id":"3","year":"2018","token":"aXclZC6gWFcw6jthAdSpLQuGLyaDX3BZ4KjFPKBZdb81bPEzbiy56zaYmeCEkwvbvShGvQdaCrEuQnTvANH0fbVr8v0sVovvTNSyuVEQPTwX8BiZ2x2EFut0","lang_type":"1"}}

2018-11-17 04:33:04
demo.webmigrates.com/osnap/api/Notification/CountBase
{"data":{"token":"aXclZC6gWFcw6jthAdSpLQuGLyaDX3BZ4KjFPKBZdb81bPEzbiy56zaYmeCEkwvbvShGvQdaCrEuQnTvANH0fbVr8v0sVovvTNSyuVEQPTwX8BiZ2x2EFut0","user_id":"3","lang_type":"1"}}

2018-11-17 04:33:04
demo.webmigrates.com/osnap/api/Registration/UserDetail
{"data":{"id":"3","other_id":"3","token":"aXclZC6gWFcw6jthAdSpLQuGLyaDX3BZ4KjFPKBZdb81bPEzbiy56zaYmeCEkwvbvShGvQdaCrEuQnTvANH0fbVr8v0sVovvTNSyuVEQPTwX8BiZ2x2EFut0","lang_type":"1"}}

2018-11-17 04:40:34
demo.webmigrates.com/osnap/api/Registration/BusinessMyEvent
{"data":{"id":"3","year":"2018","token":"aXclZC6gWFcw6jthAdSpLQuGLyaDX3BZ4KjFPKBZdb81bPEzbiy56zaYmeCEkwvbvShGvQdaCrEuQnTvANH0fbVr8v0sVovvTNSyuVEQPTwX8BiZ2x2EFut0","lang_type":"1"}}

2018-11-17 04:40:34
demo.webmigrates.com/osnap/api/Notification/CountBase
{"data":{"token":"aXclZC6gWFcw6jthAdSpLQuGLyaDX3BZ4KjFPKBZdb81bPEzbiy56zaYmeCEkwvbvShGvQdaCrEuQnTvANH0fbVr8v0sVovvTNSyuVEQPTwX8BiZ2x2EFut0","user_id":"3","lang_type":"1"}}

2018-11-17 04:40:34
demo.webmigrates.com/osnap/api/Registration/UserDetail
{"data":{"id":"3","other_id":"3","token":"aXclZC6gWFcw6jthAdSpLQuGLyaDX3BZ4KjFPKBZdb81bPEzbiy56zaYmeCEkwvbvShGvQdaCrEuQnTvANH0fbVr8v0sVovvTNSyuVEQPTwX8BiZ2x2EFut0","lang_type":"1"}}

2018-11-17 04:43:54
demo.webmigrates.com/osnap/api/Notification/CountBase
{"data":{"token":"aXclZC6gWFcw6jthAdSpLQuGLyaDX3BZ4KjFPKBZdb81bPEzbiy56zaYmeCEkwvbvShGvQdaCrEuQnTvANH0fbVr8v0sVovvTNSyuVEQPTwX8BiZ2x2EFut0","user_id":"3","lang_type":"1"}}

2018-11-17 04:43:54
demo.webmigrates.com/osnap/api/Registration/BusinessMyEvent
{"data":{"id":"3","year":"2018","token":"aXclZC6gWFcw6jthAdSpLQuGLyaDX3BZ4KjFPKBZdb81bPEzbiy56zaYmeCEkwvbvShGvQdaCrEuQnTvANH0fbVr8v0sVovvTNSyuVEQPTwX8BiZ2x2EFut0","lang_type":"1"}}

2018-11-17 04:43:54
demo.webmigrates.com/osnap/api/Registration/UserDetail
{"data":{"id":"3","other_id":"3","token":"aXclZC6gWFcw6jthAdSpLQuGLyaDX3BZ4KjFPKBZdb81bPEzbiy56zaYmeCEkwvbvShGvQdaCrEuQnTvANH0fbVr8v0sVovvTNSyuVEQPTwX8BiZ2x2EFut0","lang_type":"1"}}

2018-11-17 04:44:02
demo.webmigrates.com/osnap/api/Notification/CountBase
{"data":{"token":"aXclZC6gWFcw6jthAdSpLQuGLyaDX3BZ4KjFPKBZdb81bPEzbiy56zaYmeCEkwvbvShGvQdaCrEuQnTvANH0fbVr8v0sVovvTNSyuVEQPTwX8BiZ2x2EFut0","user_id":"3","lang_type":"1"}}

2018-11-17 04:44:02
demo.webmigrates.com/osnap/api/Registration/UserDetail
{"data":{"id":"3","other_id":"3","token":"aXclZC6gWFcw6jthAdSpLQuGLyaDX3BZ4KjFPKBZdb81bPEzbiy56zaYmeCEkwvbvShGvQdaCrEuQnTvANH0fbVr8v0sVovvTNSyuVEQPTwX8BiZ2x2EFut0","lang_type":"1"}}

2018-11-17 04:44:10
demo.webmigrates.com/osnap/api/Registration/LikedPost
{"data":{"limit":10,"id":"3","page":1,"token":"aXclZC6gWFcw6jthAdSpLQuGLyaDX3BZ4KjFPKBZdb81bPEzbiy56zaYmeCEkwvbvShGvQdaCrEuQnTvANH0fbVr8v0sVovvTNSyuVEQPTwX8BiZ2x2EFut0","lang_type":"1"}}

2018-11-17 04:44:11
demo.webmigrates.com/osnap/api/Registration/LikedPost
{"data":{"limit":10,"id":"3","page":2,"token":"aXclZC6gWFcw6jthAdSpLQuGLyaDX3BZ4KjFPKBZdb81bPEzbiy56zaYmeCEkwvbvShGvQdaCrEuQnTvANH0fbVr8v0sVovvTNSyuVEQPTwX8BiZ2x2EFut0","lang_type":"1"}}

2018-11-17 04:44:15
demo.webmigrates.com/osnap/api/Notification/CountBase
{"data":{"token":"aXclZC6gWFcw6jthAdSpLQuGLyaDX3BZ4KjFPKBZdb81bPEzbiy56zaYmeCEkwvbvShGvQdaCrEuQnTvANH0fbVr8v0sVovvTNSyuVEQPTwX8BiZ2x2EFut0","user_id":"3","lang_type":"1"}}

2018-11-17 04:44:15
demo.webmigrates.com/osnap/api/Registration/UserDetail
{"data":{"id":"3","other_id":"3","token":"aXclZC6gWFcw6jthAdSpLQuGLyaDX3BZ4KjFPKBZdb81bPEzbiy56zaYmeCEkwvbvShGvQdaCrEuQnTvANH0fbVr8v0sVovvTNSyuVEQPTwX8BiZ2x2EFut0","lang_type":"1"}}

2018-11-17 04:46:19
demo.webmigrates.com/osnap/api/Notification/CountBase
{"data":{"token":"aXclZC6gWFcw6jthAdSpLQuGLyaDX3BZ4KjFPKBZdb81bPEzbiy56zaYmeCEkwvbvShGvQdaCrEuQnTvANH0fbVr8v0sVovvTNSyuVEQPTwX8BiZ2x2EFut0","user_id":"3","lang_type":"1"}}

2018-11-17 04:46:19
demo.webmigrates.com/osnap/api/Registration/BusinessMyEvent
{"data":{"id":"3","year":"2018","token":"aXclZC6gWFcw6jthAdSpLQuGLyaDX3BZ4KjFPKBZdb81bPEzbiy56zaYmeCEkwvbvShGvQdaCrEuQnTvANH0fbVr8v0sVovvTNSyuVEQPTwX8BiZ2x2EFut0","lang_type":"1"}}

2018-11-17 04:46:19
demo.webmigrates.com/osnap/api/Registration/UserDetail
{"data":{"id":"3","other_id":"3","token":"aXclZC6gWFcw6jthAdSpLQuGLyaDX3BZ4KjFPKBZdb81bPEzbiy56zaYmeCEkwvbvShGvQdaCrEuQnTvANH0fbVr8v0sVovvTNSyuVEQPTwX8BiZ2x2EFut0","lang_type":"1"}}

2018-11-17 04:46:23
demo.webmigrates.com/osnap/api/Registration/LikedPost
{"data":{"limit":10,"id":"3","page":1,"token":"aXclZC6gWFcw6jthAdSpLQuGLyaDX3BZ4KjFPKBZdb81bPEzbiy56zaYmeCEkwvbvShGvQdaCrEuQnTvANH0fbVr8v0sVovvTNSyuVEQPTwX8BiZ2x2EFut0","lang_type":"1"}}

2018-11-17 04:46:24
demo.webmigrates.com/osnap/api/Registration/LikedPost
{"data":{"limit":10,"id":"3","page":2,"token":"aXclZC6gWFcw6jthAdSpLQuGLyaDX3BZ4KjFPKBZdb81bPEzbiy56zaYmeCEkwvbvShGvQdaCrEuQnTvANH0fbVr8v0sVovvTNSyuVEQPTwX8BiZ2x2EFut0","lang_type":"1"}}

2018-11-17 04:46:48
demo.webmigrates.com/osnap/api/Notification/CountBase
{"data":{"token":"aXclZC6gWFcw6jthAdSpLQuGLyaDX3BZ4KjFPKBZdb81bPEzbiy56zaYmeCEkwvbvShGvQdaCrEuQnTvANH0fbVr8v0sVovvTNSyuVEQPTwX8BiZ2x2EFut0","user_id":"3","lang_type":"1"}}

2018-11-17 04:46:48
demo.webmigrates.com/osnap/api/Registration/UserDetail
{"data":{"id":"3","other_id":"3","token":"aXclZC6gWFcw6jthAdSpLQuGLyaDX3BZ4KjFPKBZdb81bPEzbiy56zaYmeCEkwvbvShGvQdaCrEuQnTvANH0fbVr8v0sVovvTNSyuVEQPTwX8BiZ2x2EFut0","lang_type":"1"}}

2018-11-17 04:49:35
demo.webmigrates.com/osnap/api/Registration/BusinessMyEvent
{"data":{"id":"3","year":"2018","token":"aXclZC6gWFcw6jthAdSpLQuGLyaDX3BZ4KjFPKBZdb81bPEzbiy56zaYmeCEkwvbvShGvQdaCrEuQnTvANH0fbVr8v0sVovvTNSyuVEQPTwX8BiZ2x2EFut0","lang_type":"1"}}

2018-11-17 04:49:35
demo.webmigrates.com/osnap/api/Notification/CountBase
{"data":{"token":"aXclZC6gWFcw6jthAdSpLQuGLyaDX3BZ4KjFPKBZdb81bPEzbiy56zaYmeCEkwvbvShGvQdaCrEuQnTvANH0fbVr8v0sVovvTNSyuVEQPTwX8BiZ2x2EFut0","user_id":"3","lang_type":"1"}}

2018-11-17 04:49:35
demo.webmigrates.com/osnap/api/Registration/UserDetail
{"data":{"id":"3","other_id":"3","token":"aXclZC6gWFcw6jthAdSpLQuGLyaDX3BZ4KjFPKBZdb81bPEzbiy56zaYmeCEkwvbvShGvQdaCrEuQnTvANH0fbVr8v0sVovvTNSyuVEQPTwX8BiZ2x2EFut0","lang_type":"1"}}

2018-11-17 04:49:44
demo.webmigrates.com/osnap/api/Registration/LikedPost
{"data":{"limit":10,"id":"3","page":1,"token":"aXclZC6gWFcw6jthAdSpLQuGLyaDX3BZ4KjFPKBZdb81bPEzbiy56zaYmeCEkwvbvShGvQdaCrEuQnTvANH0fbVr8v0sVovvTNSyuVEQPTwX8BiZ2x2EFut0","lang_type":"1"}}

2018-11-17 04:49:44
demo.webmigrates.com/osnap/api/Registration/LikedPost
{"data":{"limit":10,"id":"3","page":2,"token":"aXclZC6gWFcw6jthAdSpLQuGLyaDX3BZ4KjFPKBZdb81bPEzbiy56zaYmeCEkwvbvShGvQdaCrEuQnTvANH0fbVr8v0sVovvTNSyuVEQPTwX8BiZ2x2EFut0","lang_type":"1"}}

2018-11-17 04:49:46
demo.webmigrates.com/osnap/api/Registration/UserDetail
{"data":{"id":"3","other_id":"3","token":"aXclZC6gWFcw6jthAdSpLQuGLyaDX3BZ4KjFPKBZdb81bPEzbiy56zaYmeCEkwvbvShGvQdaCrEuQnTvANH0fbVr8v0sVovvTNSyuVEQPTwX8BiZ2x2EFut0","lang_type":"1"}}

2018-11-17 04:49:46
demo.webmigrates.com/osnap/api/Notification/CountBase
{"data":{"token":"aXclZC6gWFcw6jthAdSpLQuGLyaDX3BZ4KjFPKBZdb81bPEzbiy56zaYmeCEkwvbvShGvQdaCrEuQnTvANH0fbVr8v0sVovvTNSyuVEQPTwX8BiZ2x2EFut0","user_id":"3","lang_type":"1"}}

2018-11-17 04:52:41
demo.webmigrates.com/osnap/api/Notification/CountBase
{"data":{"token":"aXclZC6gWFcw6jthAdSpLQuGLyaDX3BZ4KjFPKBZdb81bPEzbiy56zaYmeCEkwvbvShGvQdaCrEuQnTvANH0fbVr8v0sVovvTNSyuVEQPTwX8BiZ2x2EFut0","user_id":"3","lang_type":"1"}}

2018-11-17 04:52:41
demo.webmigrates.com/osnap/api/Registration/UserDetail
{"data":{"id":"3","other_id":"3","token":"aXclZC6gWFcw6jthAdSpLQuGLyaDX3BZ4KjFPKBZdb81bPEzbiy56zaYmeCEkwvbvShGvQdaCrEuQnTvANH0fbVr8v0sVovvTNSyuVEQPTwX8BiZ2x2EFut0","lang_type":"1"}}

2018-11-17 04:52:41
demo.webmigrates.com/osnap/api/Registration/BusinessMyEvent
{"data":{"id":"3","year":"2018","token":"aXclZC6gWFcw6jthAdSpLQuGLyaDX3BZ4KjFPKBZdb81bPEzbiy56zaYmeCEkwvbvShGvQdaCrEuQnTvANH0fbVr8v0sVovvTNSyuVEQPTwX8BiZ2x2EFut0","lang_type":"1"}}

2018-11-17 04:52:52
demo.webmigrates.com/osnap/api/Notification/CountBase
{"data":{"token":"aXclZC6gWFcw6jthAdSpLQuGLyaDX3BZ4KjFPKBZdb81bPEzbiy56zaYmeCEkwvbvShGvQdaCrEuQnTvANH0fbVr8v0sVovvTNSyuVEQPTwX8BiZ2x2EFut0","user_id":"3","lang_type":"1"}}

2018-11-17 04:52:52
demo.webmigrates.com/osnap/api/Registration/UserDetail
{"data":{"id":"3","other_id":"3","token":"aXclZC6gWFcw6jthAdSpLQuGLyaDX3BZ4KjFPKBZdb81bPEzbiy56zaYmeCEkwvbvShGvQdaCrEuQnTvANH0fbVr8v0sVovvTNSyuVEQPTwX8BiZ2x2EFut0","lang_type":"1"}}

2018-11-17 04:53:00
demo.webmigrates.com/osnap/api/Registration/LikedPost
{"data":{"limit":10,"id":"3","page":1,"token":"aXclZC6gWFcw6jthAdSpLQuGLyaDX3BZ4KjFPKBZdb81bPEzbiy56zaYmeCEkwvbvShGvQdaCrEuQnTvANH0fbVr8v0sVovvTNSyuVEQPTwX8BiZ2x2EFut0","lang_type":"1"}}

2018-11-17 04:53:00
demo.webmigrates.com/osnap/api/Registration/LikedPost
{"data":{"limit":10,"id":"3","page":2,"token":"aXclZC6gWFcw6jthAdSpLQuGLyaDX3BZ4KjFPKBZdb81bPEzbiy56zaYmeCEkwvbvShGvQdaCrEuQnTvANH0fbVr8v0sVovvTNSyuVEQPTwX8BiZ2x2EFut0","lang_type":"1"}}

2018-11-17 04:53:01
demo.webmigrates.com/osnap/api/Registration/UserDetail
{"data":{"id":"3","other_id":"3","token":"aXclZC6gWFcw6jthAdSpLQuGLyaDX3BZ4KjFPKBZdb81bPEzbiy56zaYmeCEkwvbvShGvQdaCrEuQnTvANH0fbVr8v0sVovvTNSyuVEQPTwX8BiZ2x2EFut0","lang_type":"1"}}

2018-11-17 04:53:01
demo.webmigrates.com/osnap/api/Notification/CountBase
{"data":{"token":"aXclZC6gWFcw6jthAdSpLQuGLyaDX3BZ4KjFPKBZdb81bPEzbiy56zaYmeCEkwvbvShGvQdaCrEuQnTvANH0fbVr8v0sVovvTNSyuVEQPTwX8BiZ2x2EFut0","user_id":"3","lang_type":"1"}}

2018-11-17 04:53:03
demo.webmigrates.com/osnap/api/Registration/MyBidPost
{"data":{"limit":10,"id":"3","page":1,"token":"aXclZC6gWFcw6jthAdSpLQuGLyaDX3BZ4KjFPKBZdb81bPEzbiy56zaYmeCEkwvbvShGvQdaCrEuQnTvANH0fbVr8v0sVovvTNSyuVEQPTwX8BiZ2x2EFut0","lang_type":"1"}}

2018-11-17 04:53:04
demo.webmigrates.com/osnap/api/Registration/MyBidPost
{"data":{"limit":10,"id":"3","page":2,"token":"aXclZC6gWFcw6jthAdSpLQuGLyaDX3BZ4KjFPKBZdb81bPEzbiy56zaYmeCEkwvbvShGvQdaCrEuQnTvANH0fbVr8v0sVovvTNSyuVEQPTwX8BiZ2x2EFut0","lang_type":"1"}}

2018-11-17 04:55:44
demo.webmigrates.com/osnap/api/Notification/CountBase
{"data":{"token":"aXclZC6gWFcw6jthAdSpLQuGLyaDX3BZ4KjFPKBZdb81bPEzbiy56zaYmeCEkwvbvShGvQdaCrEuQnTvANH0fbVr8v0sVovvTNSyuVEQPTwX8BiZ2x2EFut0","user_id":"3","lang_type":"1"}}

2018-11-17 04:55:44
demo.webmigrates.com/osnap/api/Registration/BusinessMyEvent
{"data":{"id":"3","year":"2018","token":"aXclZC6gWFcw6jthAdSpLQuGLyaDX3BZ4KjFPKBZdb81bPEzbiy56zaYmeCEkwvbvShGvQdaCrEuQnTvANH0fbVr8v0sVovvTNSyuVEQPTwX8BiZ2x2EFut0","lang_type":"1"}}

2018-11-17 04:55:44
demo.webmigrates.com/osnap/api/Registration/UserDetail
{"data":{"id":"3","other_id":"3","token":"aXclZC6gWFcw6jthAdSpLQuGLyaDX3BZ4KjFPKBZdb81bPEzbiy56zaYmeCEkwvbvShGvQdaCrEuQnTvANH0fbVr8v0sVovvTNSyuVEQPTwX8BiZ2x2EFut0","lang_type":"1"}}

2018-11-17 04:56:19
demo.webmigrates.com/osnap/api/Registration/LikedPost
{"data":{"limit":10,"id":"3","page":1,"token":"aXclZC6gWFcw6jthAdSpLQuGLyaDX3BZ4KjFPKBZdb81bPEzbiy56zaYmeCEkwvbvShGvQdaCrEuQnTvANH0fbVr8v0sVovvTNSyuVEQPTwX8BiZ2x2EFut0","lang_type":"1"}}

2018-11-17 04:56:20
demo.webmigrates.com/osnap/api/Registration/LikedPost
{"data":{"limit":10,"id":"3","page":2,"token":"aXclZC6gWFcw6jthAdSpLQuGLyaDX3BZ4KjFPKBZdb81bPEzbiy56zaYmeCEkwvbvShGvQdaCrEuQnTvANH0fbVr8v0sVovvTNSyuVEQPTwX8BiZ2x2EFut0","lang_type":"1"}}

2018-11-17 04:56:22
demo.webmigrates.com/osnap/api/Notification/CountBase
{"data":{"token":"aXclZC6gWFcw6jthAdSpLQuGLyaDX3BZ4KjFPKBZdb81bPEzbiy56zaYmeCEkwvbvShGvQdaCrEuQnTvANH0fbVr8v0sVovvTNSyuVEQPTwX8BiZ2x2EFut0","user_id":"3","lang_type":"1"}}

2018-11-17 04:56:22
demo.webmigrates.com/osnap/api/Registration/UserDetail
{"data":{"id":"3","other_id":"3","token":"aXclZC6gWFcw6jthAdSpLQuGLyaDX3BZ4KjFPKBZdb81bPEzbiy56zaYmeCEkwvbvShGvQdaCrEuQnTvANH0fbVr8v0sVovvTNSyuVEQPTwX8BiZ2x2EFut0","lang_type":"1"}}

2018-11-17 04:59:20
demo.webmigrates.com/osnap/api/Registration/BusinessMyEvent
{"data":{"id":"3","year":"2018","token":"aXclZC6gWFcw6jthAdSpLQuGLyaDX3BZ4KjFPKBZdb81bPEzbiy56zaYmeCEkwvbvShGvQdaCrEuQnTvANH0fbVr8v0sVovvTNSyuVEQPTwX8BiZ2x2EFut0","lang_type":"1"}}

2018-11-17 04:59:20
demo.webmigrates.com/osnap/api/Notification/CountBase
{"data":{"token":"aXclZC6gWFcw6jthAdSpLQuGLyaDX3BZ4KjFPKBZdb81bPEzbiy56zaYmeCEkwvbvShGvQdaCrEuQnTvANH0fbVr8v0sVovvTNSyuVEQPTwX8BiZ2x2EFut0","user_id":"3","lang_type":"1"}}

2018-11-17 04:59:20
demo.webmigrates.com/osnap/api/Registration/UserDetail
{"data":{"id":"3","other_id":"3","token":"aXclZC6gWFcw6jthAdSpLQuGLyaDX3BZ4KjFPKBZdb81bPEzbiy56zaYmeCEkwvbvShGvQdaCrEuQnTvANH0fbVr8v0sVovvTNSyuVEQPTwX8BiZ2x2EFut0","lang_type":"1"}}

2018-11-17 05:04:22
demo.webmigrates.com/osnap/api/Notification/CountBase
{"data":{"token":"aXclZC6gWFcw6jthAdSpLQuGLyaDX3BZ4KjFPKBZdb81bPEzbiy56zaYmeCEkwvbvShGvQdaCrEuQnTvANH0fbVr8v0sVovvTNSyuVEQPTwX8BiZ2x2EFut0","user_id":"3","lang_type":"1"}}

2018-11-17 05:04:22
demo.webmigrates.com/osnap/api/Registration/BusinessMyEvent
{"data":{"id":"3","year":"2018","token":"aXclZC6gWFcw6jthAdSpLQuGLyaDX3BZ4KjFPKBZdb81bPEzbiy56zaYmeCEkwvbvShGvQdaCrEuQnTvANH0fbVr8v0sVovvTNSyuVEQPTwX8BiZ2x2EFut0","lang_type":"1"}}

2018-11-17 05:04:22
demo.webmigrates.com/osnap/api/Registration/UserDetail
{"data":{"id":"3","other_id":"3","token":"aXclZC6gWFcw6jthAdSpLQuGLyaDX3BZ4KjFPKBZdb81bPEzbiy56zaYmeCEkwvbvShGvQdaCrEuQnTvANH0fbVr8v0sVovvTNSyuVEQPTwX8BiZ2x2EFut0","lang_type":"1"}}

2018-11-17 05:05:51
demo.webmigrates.com/osnap/api/Registration/BusinessMyEvent
{"data":{"id":"3","year":"2018","token":"aXclZC6gWFcw6jthAdSpLQuGLyaDX3BZ4KjFPKBZdb81bPEzbiy56zaYmeCEkwvbvShGvQdaCrEuQnTvANH0fbVr8v0sVovvTNSyuVEQPTwX8BiZ2x2EFut0","lang_type":"1"}}

2018-11-17 05:05:51
demo.webmigrates.com/osnap/api/Notification/CountBase
{"data":{"token":"aXclZC6gWFcw6jthAdSpLQuGLyaDX3BZ4KjFPKBZdb81bPEzbiy56zaYmeCEkwvbvShGvQdaCrEuQnTvANH0fbVr8v0sVovvTNSyuVEQPTwX8BiZ2x2EFut0","user_id":"3","lang_type":"1"}}

2018-11-17 05:05:51
demo.webmigrates.com/osnap/api/Registration/UserDetail
{"data":{"id":"3","other_id":"3","token":"aXclZC6gWFcw6jthAdSpLQuGLyaDX3BZ4KjFPKBZdb81bPEzbiy56zaYmeCEkwvbvShGvQdaCrEuQnTvANH0fbVr8v0sVovvTNSyuVEQPTwX8BiZ2x2EFut0","lang_type":"1"}}

2018-11-17 05:09:19
demo.webmigrates.com/osnap/api/Registration/BusinessMyEvent
{"data":{"id":"3","year":"2018","token":"aXclZC6gWFcw6jthAdSpLQuGLyaDX3BZ4KjFPKBZdb81bPEzbiy56zaYmeCEkwvbvShGvQdaCrEuQnTvANH0fbVr8v0sVovvTNSyuVEQPTwX8BiZ2x2EFut0","lang_type":"1"}}

2018-11-17 05:09:19
demo.webmigrates.com/osnap/api/Notification/CountBase
{"data":{"token":"aXclZC6gWFcw6jthAdSpLQuGLyaDX3BZ4KjFPKBZdb81bPEzbiy56zaYmeCEkwvbvShGvQdaCrEuQnTvANH0fbVr8v0sVovvTNSyuVEQPTwX8BiZ2x2EFut0","user_id":"3","lang_type":"1"}}

2018-11-17 05:09:19
demo.webmigrates.com/osnap/api/Registration/UserDetail
{"data":{"id":"3","other_id":"3","token":"aXclZC6gWFcw6jthAdSpLQuGLyaDX3BZ4KjFPKBZdb81bPEzbiy56zaYmeCEkwvbvShGvQdaCrEuQnTvANH0fbVr8v0sVovvTNSyuVEQPTwX8BiZ2x2EFut0","lang_type":"1"}}

2018-11-17 05:13:15
demo.webmigrates.com/osnap/api/Registration/BusinessMyEvent
{"data":{"id":"3","year":"2018","token":"aXclZC6gWFcw6jthAdSpLQuGLyaDX3BZ4KjFPKBZdb81bPEzbiy56zaYmeCEkwvbvShGvQdaCrEuQnTvANH0fbVr8v0sVovvTNSyuVEQPTwX8BiZ2x2EFut0","lang_type":"1"}}

2018-11-17 05:13:15
demo.webmigrates.com/osnap/api/Notification/CountBase
{"data":{"token":"aXclZC6gWFcw6jthAdSpLQuGLyaDX3BZ4KjFPKBZdb81bPEzbiy56zaYmeCEkwvbvShGvQdaCrEuQnTvANH0fbVr8v0sVovvTNSyuVEQPTwX8BiZ2x2EFut0","user_id":"3","lang_type":"1"}}

2018-11-17 05:13:15
demo.webmigrates.com/osnap/api/Registration/UserDetail
{"data":{"id":"3","other_id":"3","token":"aXclZC6gWFcw6jthAdSpLQuGLyaDX3BZ4KjFPKBZdb81bPEzbiy56zaYmeCEkwvbvShGvQdaCrEuQnTvANH0fbVr8v0sVovvTNSyuVEQPTwX8BiZ2x2EFut0","lang_type":"1"}}

2018-11-17 05:22:00
demo.webmigrates.com/osnap/api/Registration/BusinessMyEvent
{"data":{"id":"3","year":"2018","token":"aXclZC6gWFcw6jthAdSpLQuGLyaDX3BZ4KjFPKBZdb81bPEzbiy56zaYmeCEkwvbvShGvQdaCrEuQnTvANH0fbVr8v0sVovvTNSyuVEQPTwX8BiZ2x2EFut0","lang_type":"1"}}

2018-11-17 05:22:00
demo.webmigrates.com/osnap/api/Notification/CountBase
{"data":{"token":"aXclZC6gWFcw6jthAdSpLQuGLyaDX3BZ4KjFPKBZdb81bPEzbiy56zaYmeCEkwvbvShGvQdaCrEuQnTvANH0fbVr8v0sVovvTNSyuVEQPTwX8BiZ2x2EFut0","user_id":"3","lang_type":"1"}}

2018-11-17 05:22:00
demo.webmigrates.com/osnap/api/Registration/UserDetail
{"data":{"id":"3","other_id":"3","token":"aXclZC6gWFcw6jthAdSpLQuGLyaDX3BZ4KjFPKBZdb81bPEzbiy56zaYmeCEkwvbvShGvQdaCrEuQnTvANH0fbVr8v0sVovvTNSyuVEQPTwX8BiZ2x2EFut0","lang_type":"1"}}

2018-11-17 05:24:30
demo.webmigrates.com/osnap/api/Registration/BusinessMyEvent
{"data":{"id":"3","year":"2018","token":"aXclZC6gWFcw6jthAdSpLQuGLyaDX3BZ4KjFPKBZdb81bPEzbiy56zaYmeCEkwvbvShGvQdaCrEuQnTvANH0fbVr8v0sVovvTNSyuVEQPTwX8BiZ2x2EFut0","lang_type":"1"}}

2018-11-17 05:24:30
demo.webmigrates.com/osnap/api/Notification/CountBase
{"data":{"token":"aXclZC6gWFcw6jthAdSpLQuGLyaDX3BZ4KjFPKBZdb81bPEzbiy56zaYmeCEkwvbvShGvQdaCrEuQnTvANH0fbVr8v0sVovvTNSyuVEQPTwX8BiZ2x2EFut0","user_id":"3","lang_type":"1"}}

2018-11-17 05:24:30
demo.webmigrates.com/osnap/api/Registration/UserDetail
{"data":{"id":"3","other_id":"3","token":"aXclZC6gWFcw6jthAdSpLQuGLyaDX3BZ4KjFPKBZdb81bPEzbiy56zaYmeCEkwvbvShGvQdaCrEuQnTvANH0fbVr8v0sVovvTNSyuVEQPTwX8BiZ2x2EFut0","lang_type":"1"}}

2018-11-17 06:56:42
demo.webmigrates.com/osnap/api/Registration/CheckLogin
{"data":{"username":"valbus44","lang_type":"1","password":"vvvvvv","device_token":"b7d95ac45a44cc71a7fd91d0adeca405308ef5c5eb9930d6b7779672f8cb232c","device_type":"1"}}

2018-11-17 06:56:43
demo.webmigrates.com/osnap/api/Notification/CountBase
{"data":{"token":"NUHmnjBDWIyKP8XtGB3YaydltjIhJmnFYGST14hMhLS8u1D1Hhai4tBUWy9uAEF9wEmoPmbcVQmdX45BaNM3sDcc9Q19FVbyID9YhiQieKu4ykIImo3yI5xY","user_id":"3","lang_type":"1"}}

2018-11-17 06:56:43
demo.webmigrates.com/osnap/api/Registration/BusinessMyEvent
{"data":{"id":"3","year":"2018","token":"NUHmnjBDWIyKP8XtGB3YaydltjIhJmnFYGST14hMhLS8u1D1Hhai4tBUWy9uAEF9wEmoPmbcVQmdX45BaNM3sDcc9Q19FVbyID9YhiQieKu4ykIImo3yI5xY","lang_type":"1"}}

2018-11-17 06:56:43
demo.webmigrates.com/osnap/api/Registration/UserDetail
{"data":{"id":"3","other_id":"3","token":"NUHmnjBDWIyKP8XtGB3YaydltjIhJmnFYGST14hMhLS8u1D1Hhai4tBUWy9uAEF9wEmoPmbcVQmdX45BaNM3sDcc9Q19FVbyID9YhiQieKu4ykIImo3yI5xY","lang_type":"1"}}

2018-11-17 06:56:55
demo.webmigrates.com/osnap/api/Notification/CountBase
{"data":{"token":"NUHmnjBDWIyKP8XtGB3YaydltjIhJmnFYGST14hMhLS8u1D1Hhai4tBUWy9uAEF9wEmoPmbcVQmdX45BaNM3sDcc9Q19FVbyID9YhiQieKu4ykIImo3yI5xY","user_id":"3","lang_type":"1"}}

2018-11-17 06:56:55
demo.webmigrates.com/osnap/api/Registration/UserDetail
{"data":{"id":"3","other_id":"3","token":"NUHmnjBDWIyKP8XtGB3YaydltjIhJmnFYGST14hMhLS8u1D1Hhai4tBUWy9uAEF9wEmoPmbcVQmdX45BaNM3sDcc9Q19FVbyID9YhiQieKu4ykIImo3yI5xY","lang_type":"1"}}

2018-11-17 06:56:56
demo.webmigrates.com/osnap/api/Registration/MyOffers
{"data":{"Dlatitude":"21.236176","id":"3","Dlongtitude":"72.872927","token":"NUHmnjBDWIyKP8XtGB3YaydltjIhJmnFYGST14hMhLS8u1D1Hhai4tBUWy9uAEF9wEmoPmbcVQmdX45BaNM3sDcc9Q19FVbyID9YhiQieKu4ykIImo3yI5xY","lang_type":"1"}}

2018-11-17 06:56:59
demo.webmigrates.com/osnap/api/Registration/UserDetail
{"data":{"id":"3","other_id":"3","token":"NUHmnjBDWIyKP8XtGB3YaydltjIhJmnFYGST14hMhLS8u1D1Hhai4tBUWy9uAEF9wEmoPmbcVQmdX45BaNM3sDcc9Q19FVbyID9YhiQieKu4ykIImo3yI5xY","lang_type":"1"}}

2018-11-17 06:56:59
demo.webmigrates.com/osnap/api/Notification/CountBase
{"data":{"token":"NUHmnjBDWIyKP8XtGB3YaydltjIhJmnFYGST14hMhLS8u1D1Hhai4tBUWy9uAEF9wEmoPmbcVQmdX45BaNM3sDcc9Q19FVbyID9YhiQieKu4ykIImo3yI5xY","user_id":"3","lang_type":"1"}}

2018-11-17 06:57:00
demo.webmigrates.com/osnap/api/Registration/SearchJob
{"data":{"keyword":"","id":"3","token":"NUHmnjBDWIyKP8XtGB3YaydltjIhJmnFYGST14hMhLS8u1D1Hhai4tBUWy9uAEF9wEmoPmbcVQmdX45BaNM3sDcc9Q19FVbyID9YhiQieKu4ykIImo3yI5xY","lang_type":"1"}}

2018-11-17 06:57:03
demo.webmigrates.com/osnap/api/Registration/SinglePostDetail
{"data":{"id":"3","post_id":"84","token":"NUHmnjBDWIyKP8XtGB3YaydltjIhJmnFYGST14hMhLS8u1D1Hhai4tBUWy9uAEF9wEmoPmbcVQmdX45BaNM3sDcc9Q19FVbyID9YhiQieKu4ykIImo3yI5xY","lang_type":"1"}}

2018-11-17 06:57:10
demo.webmigrates.com/osnap/api/Notification/CountBase
{"data":{"token":"NUHmnjBDWIyKP8XtGB3YaydltjIhJmnFYGST14hMhLS8u1D1Hhai4tBUWy9uAEF9wEmoPmbcVQmdX45BaNM3sDcc9Q19FVbyID9YhiQieKu4ykIImo3yI5xY","user_id":"3","lang_type":"1"}}

2018-11-17 06:57:10
demo.webmigrates.com/osnap/api/Registration/UserDetail
{"data":{"id":"3","other_id":"3","token":"NUHmnjBDWIyKP8XtGB3YaydltjIhJmnFYGST14hMhLS8u1D1Hhai4tBUWy9uAEF9wEmoPmbcVQmdX45BaNM3sDcc9Q19FVbyID9YhiQieKu4ykIImo3yI5xY","lang_type":"1"}}

2018-11-17 06:58:19
demo.webmigrates.com/osnap/api/Registration/BusinessMyEvent
{"data":{"id":"3","year":"2018","token":"aXclZC6gWFcw6jthAdSpLQuGLyaDX3BZ4KjFPKBZdb81bPEzbiy56zaYmeCEkwvbvShGvQdaCrEuQnTvANH0fbVr8v0sVovvTNSyuVEQPTwX8BiZ2x2EFut0","lang_type":"1"}}

2018-11-17 06:58:19
demo.webmigrates.com/osnap/api/Registration/UserDetail
{"data":{"id":"3","other_id":"3","token":"aXclZC6gWFcw6jthAdSpLQuGLyaDX3BZ4KjFPKBZdb81bPEzbiy56zaYmeCEkwvbvShGvQdaCrEuQnTvANH0fbVr8v0sVovvTNSyuVEQPTwX8BiZ2x2EFut0","lang_type":"1"}}

2018-11-17 06:58:19
demo.webmigrates.com/osnap/api/Notification/CountBase
{"data":{"token":"aXclZC6gWFcw6jthAdSpLQuGLyaDX3BZ4KjFPKBZdb81bPEzbiy56zaYmeCEkwvbvShGvQdaCrEuQnTvANH0fbVr8v0sVovvTNSyuVEQPTwX8BiZ2x2EFut0","user_id":"3","lang_type":"1"}}

2018-11-17 06:58:23
demo.webmigrates.com/osnap/api/Registration/CheckLogin
{"data":{"username":"valbus44","lang_type":"1","password":"vvvvvv","device_token":"784416d0746e4129f39e466632ef873cf2a335af99f0cec20ffdafb9179130a3","device_type":"1"}}

2018-11-17 06:58:24
demo.webmigrates.com/osnap/api/Registration/BusinessMyEvent
{"data":{"id":"3","year":"2018","token":"8HcVKGG108VdPiT7XNkfvaxfPVjnTo3iPwdVdPXpJmG8kU2I5X9UyWiaW7AdNdoCzze0xInUNTwNDpMF7dG1XIJPvWSw7ix4UDrTCZkLLhZJueDND6N9dsLD","lang_type":"1"}}

2018-11-17 06:58:24
demo.webmigrates.com/osnap/api/Notification/CountBase
{"data":{"token":"8HcVKGG108VdPiT7XNkfvaxfPVjnTo3iPwdVdPXpJmG8kU2I5X9UyWiaW7AdNdoCzze0xInUNTwNDpMF7dG1XIJPvWSw7ix4UDrTCZkLLhZJueDND6N9dsLD","user_id":"3","lang_type":"1"}}

2018-11-17 06:58:24
demo.webmigrates.com/osnap/api/Registration/UserDetail
{"data":{"id":"3","other_id":"3","token":"8HcVKGG108VdPiT7XNkfvaxfPVjnTo3iPwdVdPXpJmG8kU2I5X9UyWiaW7AdNdoCzze0xInUNTwNDpMF7dG1XIJPvWSw7ix4UDrTCZkLLhZJueDND6N9dsLD","lang_type":"1"}}

2018-11-17 07:02:46
demo.webmigrates.com/osnap/api/Notification/CountBase
{"data":{"token":"8HcVKGG108VdPiT7XNkfvaxfPVjnTo3iPwdVdPXpJmG8kU2I5X9UyWiaW7AdNdoCzze0xInUNTwNDpMF7dG1XIJPvWSw7ix4UDrTCZkLLhZJueDND6N9dsLD","user_id":"3","lang_type":"1"}}

2018-11-17 07:02:46
demo.webmigrates.com/osnap/api/Registration/BusinessMyEvent
{"data":{"id":"3","year":"2018","token":"8HcVKGG108VdPiT7XNkfvaxfPVjnTo3iPwdVdPXpJmG8kU2I5X9UyWiaW7AdNdoCzze0xInUNTwNDpMF7dG1XIJPvWSw7ix4UDrTCZkLLhZJueDND6N9dsLD","lang_type":"1"}}

2018-11-17 07:02:46
demo.webmigrates.com/osnap/api/Registration/UserDetail
{"data":{"id":"3","other_id":"3","token":"8HcVKGG108VdPiT7XNkfvaxfPVjnTo3iPwdVdPXpJmG8kU2I5X9UyWiaW7AdNdoCzze0xInUNTwNDpMF7dG1XIJPvWSw7ix4UDrTCZkLLhZJueDND6N9dsLD","lang_type":"1"}}

2018-11-17 07:05:27
demo.webmigrates.com/osnap/api/Registration/BusinessMyEvent
{"data":{"id":"3","year":"2018","token":"8HcVKGG108VdPiT7XNkfvaxfPVjnTo3iPwdVdPXpJmG8kU2I5X9UyWiaW7AdNdoCzze0xInUNTwNDpMF7dG1XIJPvWSw7ix4UDrTCZkLLhZJueDND6N9dsLD","lang_type":"1"}}

2018-11-17 07:05:27
demo.webmigrates.com/osnap/api/Registration/UserDetail
{"data":{"id":"3","other_id":"3","token":"8HcVKGG108VdPiT7XNkfvaxfPVjnTo3iPwdVdPXpJmG8kU2I5X9UyWiaW7AdNdoCzze0xInUNTwNDpMF7dG1XIJPvWSw7ix4UDrTCZkLLhZJueDND6N9dsLD","lang_type":"1"}}

2018-11-17 07:05:27
demo.webmigrates.com/osnap/api/Notification/CountBase
{"data":{"token":"8HcVKGG108VdPiT7XNkfvaxfPVjnTo3iPwdVdPXpJmG8kU2I5X9UyWiaW7AdNdoCzze0xInUNTwNDpMF7dG1XIJPvWSw7ix4UDrTCZkLLhZJueDND6N9dsLD","user_id":"3","lang_type":"1"}}

2018-11-17 07:18:00
demo.webmigrates.com/osnap/api/Notification/CountBase
{"data":{"token":"8HcVKGG108VdPiT7XNkfvaxfPVjnTo3iPwdVdPXpJmG8kU2I5X9UyWiaW7AdNdoCzze0xInUNTwNDpMF7dG1XIJPvWSw7ix4UDrTCZkLLhZJueDND6N9dsLD","user_id":"3","lang_type":"1"}}

2018-11-17 07:18:00
demo.webmigrates.com/osnap/api/Registration/BusinessMyEvent
{"data":{"id":"3","year":"2018","token":"8HcVKGG108VdPiT7XNkfvaxfPVjnTo3iPwdVdPXpJmG8kU2I5X9UyWiaW7AdNdoCzze0xInUNTwNDpMF7dG1XIJPvWSw7ix4UDrTCZkLLhZJueDND6N9dsLD","lang_type":"1"}}

2018-11-17 07:18:00
demo.webmigrates.com/osnap/api/Registration/UserDetail
{"data":{"id":"3","other_id":"3","token":"8HcVKGG108VdPiT7XNkfvaxfPVjnTo3iPwdVdPXpJmG8kU2I5X9UyWiaW7AdNdoCzze0xInUNTwNDpMF7dG1XIJPvWSw7ix4UDrTCZkLLhZJueDND6N9dsLD","lang_type":"1"}}

