2018-11-11 12:38:00
demo.webmigrates.com/osnap/api/Registration/ClientMyEvent
{"data":{"id":"110","year":"2018","token":"9DHofQYOgJRMZRS7bbYLP3K4J7tTNxHn7odlf2tSbLksStjpNWnPdUEJDnET2EEjduxcnaFuoEz1dfccigZnORJKmvDTitPQoPACbWGUSxpL2BWCpiGIWswt","lang_type":"1"}}

2018-11-11 12:38:00
demo.webmigrates.com/osnap/api/Notification/CountBase
{"data":{"token":"9DHofQYOgJRMZRS7bbYLP3K4J7tTNxHn7odlf2tSbLksStjpNWnPdUEJDnET2EEjduxcnaFuoEz1dfccigZnORJKmvDTitPQoPACbWGUSxpL2BWCpiGIWswt","user_id":"110","lang_type":"1"}}

2018-11-11 12:38:00
demo.webmigrates.com/osnap/api/Registration/UserDetail
{"data":{"id":"110","other_id":"110","token":"9DHofQYOgJRMZRS7bbYLP3K4J7tTNxHn7odlf2tSbLksStjpNWnPdUEJDnET2EEjduxcnaFuoEz1dfccigZnORJKmvDTitPQoPACbWGUSxpL2BWCpiGIWswt","lang_type":"1"}}

2018-11-11 13:46:23
demo.webmigrates.com/osnap/api/Registration/ClientMyEvent
{"data":{"id":"110","year":"2018","token":"9DHofQYOgJRMZRS7bbYLP3K4J7tTNxHn7odlf2tSbLksStjpNWnPdUEJDnET2EEjduxcnaFuoEz1dfccigZnORJKmvDTitPQoPACbWGUSxpL2BWCpiGIWswt","lang_type":"1"}}

2018-11-11 13:47:38
demo.webmigrates.com/osnap/api/Registration/ClientMyEvent
{"data":{"id":"110","year":"2018","token":"9DHofQYOgJRMZRS7bbYLP3K4J7tTNxHn7odlf2tSbLksStjpNWnPdUEJDnET2EEjduxcnaFuoEz1dfccigZnORJKmvDTitPQoPACbWGUSxpL2BWCpiGIWswt","lang_type":"1"}}

2018-11-11 13:47:42
demo.webmigrates.com/osnap/api/Registration/FvrtUsersList
{"data":{"limit":10,"id":"110","page":1,"token":"9DHofQYOgJRMZRS7bbYLP3K4J7tTNxHn7odlf2tSbLksStjpNWnPdUEJDnET2EEjduxcnaFuoEz1dfccigZnORJKmvDTitPQoPACbWGUSxpL2BWCpiGIWswt","lang_type":"1"}}

2018-11-11 13:47:43
demo.webmigrates.com/osnap/api/Registration/UserDetail
{"data":{"id":"110","other_id":"110","token":"9DHofQYOgJRMZRS7bbYLP3K4J7tTNxHn7odlf2tSbLksStjpNWnPdUEJDnET2EEjduxcnaFuoEz1dfccigZnORJKmvDTitPQoPACbWGUSxpL2BWCpiGIWswt","lang_type":"1"}}

2018-11-11 13:49:44
demo.webmigrates.com/osnap/api/Registration/ClientMyEvent
{"data":{"id":"110","year":"2018","token":"9DHofQYOgJRMZRS7bbYLP3K4J7tTNxHn7odlf2tSbLksStjpNWnPdUEJDnET2EEjduxcnaFuoEz1dfccigZnORJKmvDTitPQoPACbWGUSxpL2BWCpiGIWswt","lang_type":"1"}}

2018-11-11 13:50:06
demo.webmigrates.com/osnap/api/Registration/ClientMyEvent
{"data":{"id":"110","year":"2018","token":"9DHofQYOgJRMZRS7bbYLP3K4J7tTNxHn7odlf2tSbLksStjpNWnPdUEJDnET2EEjduxcnaFuoEz1dfccigZnORJKmvDTitPQoPACbWGUSxpL2BWCpiGIWswt","lang_type":"1"}}

2018-11-11 13:52:01
demo.webmigrates.com/osnap/api/Registration/ClientMyEvent
{"data":{"id":"110","year":"2018","token":"9DHofQYOgJRMZRS7bbYLP3K4J7tTNxHn7odlf2tSbLksStjpNWnPdUEJDnET2EEjduxcnaFuoEz1dfccigZnORJKmvDTitPQoPACbWGUSxpL2BWCpiGIWswt","lang_type":"1"}}

2018-11-11 13:58:31
demo.webmigrates.com/osnap/api/Registration/ClientMyEvent
{"data":{"id":"110","year":"2018","token":"9DHofQYOgJRMZRS7bbYLP3K4J7tTNxHn7odlf2tSbLksStjpNWnPdUEJDnET2EEjduxcnaFuoEz1dfccigZnORJKmvDTitPQoPACbWGUSxpL2BWCpiGIWswt","lang_type":"1"}}

2018-11-11 13:58:53
demo.webmigrates.com/osnap/api/Registration/ClientMyEvent
{"data":{"id":"110","year":"2018","token":"9DHofQYOgJRMZRS7bbYLP3K4J7tTNxHn7odlf2tSbLksStjpNWnPdUEJDnET2EEjduxcnaFuoEz1dfccigZnORJKmvDTitPQoPACbWGUSxpL2BWCpiGIWswt","lang_type":"1"}}

