2018-11-19 04:07:14
demo.webmigrates.com/osnap/api/Registration/BusinessMyEvent
{"data":{"id":"3","year":"2018","token":"8HcVKGG108VdPiT7XNkfvaxfPVjnTo3iPwdVdPXpJmG8kU2I5X9UyWiaW7AdNdoCzze0xInUNTwNDpMF7dG1XIJPvWSw7ix4UDrTCZkLLhZJueDND6N9dsLD","lang_type":"1"}}

2018-11-19 04:07:15
demo.webmigrates.com/osnap/api/Notification/CountBase
{"data":{"token":"8HcVKGG108VdPiT7XNkfvaxfPVjnTo3iPwdVdPXpJmG8kU2I5X9UyWiaW7AdNdoCzze0xInUNTwNDpMF7dG1XIJPvWSw7ix4UDrTCZkLLhZJueDND6N9dsLD","user_id":"3","lang_type":"1"}}

2018-11-19 04:07:15
demo.webmigrates.com/osnap/api/Registration/UserDetail
{"data":{"id":"3","other_id":"3","token":"8HcVKGG108VdPiT7XNkfvaxfPVjnTo3iPwdVdPXpJmG8kU2I5X9UyWiaW7AdNdoCzze0xInUNTwNDpMF7dG1XIJPvWSw7ix4UDrTCZkLLhZJueDND6N9dsLD","lang_type":"1"}}

2018-11-19 04:07:33
demo.webmigrates.com/osnap/api/Registration/SearchJob
{"data":{"keyword":"","id":"3","token":"8HcVKGG108VdPiT7XNkfvaxfPVjnTo3iPwdVdPXpJmG8kU2I5X9UyWiaW7AdNdoCzze0xInUNTwNDpMF7dG1XIJPvWSw7ix4UDrTCZkLLhZJueDND6N9dsLD","lang_type":"1"}}

2018-11-19 04:07:38
demo.webmigrates.com/osnap/api/General/GetCategory
{"data":{"id":"3","token":"8HcVKGG108VdPiT7XNkfvaxfPVjnTo3iPwdVdPXpJmG8kU2I5X9UyWiaW7AdNdoCzze0xInUNTwNDpMF7dG1XIJPvWSw7ix4UDrTCZkLLhZJueDND6N9dsLD","lang_type":"1"}}

2018-11-19 04:27:54
demo.webmigrates.com/osnap/api/Registration/BusinessMyEvent
{"data":{"id":"3","year":"2018","token":"8HcVKGG108VdPiT7XNkfvaxfPVjnTo3iPwdVdPXpJmG8kU2I5X9UyWiaW7AdNdoCzze0xInUNTwNDpMF7dG1XIJPvWSw7ix4UDrTCZkLLhZJueDND6N9dsLD","lang_type":"1"}}

2018-11-19 04:27:54
demo.webmigrates.com/osnap/api/Notification/CountBase
{"data":{"token":"8HcVKGG108VdPiT7XNkfvaxfPVjnTo3iPwdVdPXpJmG8kU2I5X9UyWiaW7AdNdoCzze0xInUNTwNDpMF7dG1XIJPvWSw7ix4UDrTCZkLLhZJueDND6N9dsLD","user_id":"3","lang_type":"1"}}

2018-11-19 04:27:54
demo.webmigrates.com/osnap/api/Registration/UserDetail
{"data":{"id":"3","other_id":"3","token":"8HcVKGG108VdPiT7XNkfvaxfPVjnTo3iPwdVdPXpJmG8kU2I5X9UyWiaW7AdNdoCzze0xInUNTwNDpMF7dG1XIJPvWSw7ix4UDrTCZkLLhZJueDND6N9dsLD","lang_type":"1"}}

2018-11-19 04:27:55
demo.webmigrates.com/osnap/api/Registration/SearchJob
{"data":{"keyword":"","id":"3","token":"8HcVKGG108VdPiT7XNkfvaxfPVjnTo3iPwdVdPXpJmG8kU2I5X9UyWiaW7AdNdoCzze0xInUNTwNDpMF7dG1XIJPvWSw7ix4UDrTCZkLLhZJueDND6N9dsLD","lang_type":"1"}}

2018-11-19 04:28:03
demo.webmigrates.com/osnap/api/General/GetCategory
{"data":{"id":"3","token":"8HcVKGG108VdPiT7XNkfvaxfPVjnTo3iPwdVdPXpJmG8kU2I5X9UyWiaW7AdNdoCzze0xInUNTwNDpMF7dG1XIJPvWSw7ix4UDrTCZkLLhZJueDND6N9dsLD","lang_type":"1"}}

2018-11-19 04:32:56
demo.webmigrates.com/osnap/api/Registration/BusinessMyEvent
{"data":{"id":"3","year":"2018","token":"8HcVKGG108VdPiT7XNkfvaxfPVjnTo3iPwdVdPXpJmG8kU2I5X9UyWiaW7AdNdoCzze0xInUNTwNDpMF7dG1XIJPvWSw7ix4UDrTCZkLLhZJueDND6N9dsLD","lang_type":"1"}}

2018-11-19 04:32:56
demo.webmigrates.com/osnap/api/Notification/CountBase
{"data":{"token":"8HcVKGG108VdPiT7XNkfvaxfPVjnTo3iPwdVdPXpJmG8kU2I5X9UyWiaW7AdNdoCzze0xInUNTwNDpMF7dG1XIJPvWSw7ix4UDrTCZkLLhZJueDND6N9dsLD","user_id":"3","lang_type":"1"}}

2018-11-19 04:32:56
demo.webmigrates.com/osnap/api/Registration/UserDetail
{"data":{"id":"3","other_id":"3","token":"8HcVKGG108VdPiT7XNkfvaxfPVjnTo3iPwdVdPXpJmG8kU2I5X9UyWiaW7AdNdoCzze0xInUNTwNDpMF7dG1XIJPvWSw7ix4UDrTCZkLLhZJueDND6N9dsLD","lang_type":"1"}}

2018-11-19 04:32:58
demo.webmigrates.com/osnap/api/Registration/SearchJob
{"data":{"keyword":"","id":"3","token":"8HcVKGG108VdPiT7XNkfvaxfPVjnTo3iPwdVdPXpJmG8kU2I5X9UyWiaW7AdNdoCzze0xInUNTwNDpMF7dG1XIJPvWSw7ix4UDrTCZkLLhZJueDND6N9dsLD","lang_type":"1"}}

2018-11-19 04:33:04
demo.webmigrates.com/osnap/api/General/GetCategory
{"data":{"id":"3","token":"8HcVKGG108VdPiT7XNkfvaxfPVjnTo3iPwdVdPXpJmG8kU2I5X9UyWiaW7AdNdoCzze0xInUNTwNDpMF7dG1XIJPvWSw7ix4UDrTCZkLLhZJueDND6N9dsLD","lang_type":"1"}}

2018-11-19 04:34:33
demo.webmigrates.com/osnap/api/Registration/SearchJob
{"data":{"keyword":"","id":"3","rate_by_desc":"1","exp_level":"1","token":"8HcVKGG108VdPiT7XNkfvaxfPVjnTo3iPwdVdPXpJmG8kU2I5X9UyWiaW7AdNdoCzze0xInUNTwNDpMF7dG1XIJPvWSw7ix4UDrTCZkLLhZJueDND6N9dsLD","lang_type":"1"}}

2018-11-19 04:39:39
demo.webmigrates.com/osnap/api/Notification/CountBase
{"data":{"token":"8HcVKGG108VdPiT7XNkfvaxfPVjnTo3iPwdVdPXpJmG8kU2I5X9UyWiaW7AdNdoCzze0xInUNTwNDpMF7dG1XIJPvWSw7ix4UDrTCZkLLhZJueDND6N9dsLD","user_id":"3","lang_type":"1"}}

2018-11-19 04:39:39
demo.webmigrates.com/osnap/api/Registration/BusinessMyEvent
{"data":{"id":"3","year":"2018","token":"8HcVKGG108VdPiT7XNkfvaxfPVjnTo3iPwdVdPXpJmG8kU2I5X9UyWiaW7AdNdoCzze0xInUNTwNDpMF7dG1XIJPvWSw7ix4UDrTCZkLLhZJueDND6N9dsLD","lang_type":"1"}}

2018-11-19 04:39:39
demo.webmigrates.com/osnap/api/Registration/UserDetail
{"data":{"id":"3","other_id":"3","token":"8HcVKGG108VdPiT7XNkfvaxfPVjnTo3iPwdVdPXpJmG8kU2I5X9UyWiaW7AdNdoCzze0xInUNTwNDpMF7dG1XIJPvWSw7ix4UDrTCZkLLhZJueDND6N9dsLD","lang_type":"1"}}

2018-11-19 04:39:42
demo.webmigrates.com/osnap/api/Registration/SearchJob
{"data":{"keyword":"","id":"3","token":"8HcVKGG108VdPiT7XNkfvaxfPVjnTo3iPwdVdPXpJmG8kU2I5X9UyWiaW7AdNdoCzze0xInUNTwNDpMF7dG1XIJPvWSw7ix4UDrTCZkLLhZJueDND6N9dsLD","lang_type":"1"}}

2018-11-19 04:39:48
demo.webmigrates.com/osnap/api/General/GetCategory
{"data":{"id":"3","token":"8HcVKGG108VdPiT7XNkfvaxfPVjnTo3iPwdVdPXpJmG8kU2I5X9UyWiaW7AdNdoCzze0xInUNTwNDpMF7dG1XIJPvWSw7ix4UDrTCZkLLhZJueDND6N9dsLD","lang_type":"1"}}

2018-11-19 04:49:43
demo.webmigrates.com/osnap/api/Notification/CountBase
{"data":{"token":"8HcVKGG108VdPiT7XNkfvaxfPVjnTo3iPwdVdPXpJmG8kU2I5X9UyWiaW7AdNdoCzze0xInUNTwNDpMF7dG1XIJPvWSw7ix4UDrTCZkLLhZJueDND6N9dsLD","user_id":"3","lang_type":"1"}}

2018-11-19 04:49:43
demo.webmigrates.com/osnap/api/Registration/BusinessMyEvent
{"data":{"id":"3","year":"2018","token":"8HcVKGG108VdPiT7XNkfvaxfPVjnTo3iPwdVdPXpJmG8kU2I5X9UyWiaW7AdNdoCzze0xInUNTwNDpMF7dG1XIJPvWSw7ix4UDrTCZkLLhZJueDND6N9dsLD","lang_type":"1"}}

2018-11-19 04:49:43
demo.webmigrates.com/osnap/api/Registration/UserDetail
{"data":{"id":"3","other_id":"3","token":"8HcVKGG108VdPiT7XNkfvaxfPVjnTo3iPwdVdPXpJmG8kU2I5X9UyWiaW7AdNdoCzze0xInUNTwNDpMF7dG1XIJPvWSw7ix4UDrTCZkLLhZJueDND6N9dsLD","lang_type":"1"}}

2018-11-19 04:50:16
demo.webmigrates.com/osnap/api/Registration/SearchJob
{"data":{"keyword":"","id":"3","token":"8HcVKGG108VdPiT7XNkfvaxfPVjnTo3iPwdVdPXpJmG8kU2I5X9UyWiaW7AdNdoCzze0xInUNTwNDpMF7dG1XIJPvWSw7ix4UDrTCZkLLhZJueDND6N9dsLD","lang_type":"1"}}

2018-11-19 04:50:26
demo.webmigrates.com/osnap/api/General/GetCategory
{"data":{"id":"3","token":"8HcVKGG108VdPiT7XNkfvaxfPVjnTo3iPwdVdPXpJmG8kU2I5X9UyWiaW7AdNdoCzze0xInUNTwNDpMF7dG1XIJPvWSw7ix4UDrTCZkLLhZJueDND6N9dsLD","lang_type":"1"}}

2018-11-19 04:56:58
demo.webmigrates.com/osnap/api/Notification/CountBase
{"data":{"token":"8HcVKGG108VdPiT7XNkfvaxfPVjnTo3iPwdVdPXpJmG8kU2I5X9UyWiaW7AdNdoCzze0xInUNTwNDpMF7dG1XIJPvWSw7ix4UDrTCZkLLhZJueDND6N9dsLD","user_id":"3","lang_type":"1"}}

2018-11-19 04:56:58
demo.webmigrates.com/osnap/api/Registration/UserDetail
{"data":{"id":"3","other_id":"3","token":"8HcVKGG108VdPiT7XNkfvaxfPVjnTo3iPwdVdPXpJmG8kU2I5X9UyWiaW7AdNdoCzze0xInUNTwNDpMF7dG1XIJPvWSw7ix4UDrTCZkLLhZJueDND6N9dsLD","lang_type":"1"}}

2018-11-19 04:57:04
demo.webmigrates.com/osnap/api/Registration/MyBidPost
{"data":{"limit":10,"id":"3","page":1,"token":"8HcVKGG108VdPiT7XNkfvaxfPVjnTo3iPwdVdPXpJmG8kU2I5X9UyWiaW7AdNdoCzze0xInUNTwNDpMF7dG1XIJPvWSw7ix4UDrTCZkLLhZJueDND6N9dsLD","lang_type":"1"}}

2018-11-19 04:57:05
demo.webmigrates.com/osnap/api/Registration/MyBidPost
{"data":{"limit":10,"id":"3","page":2,"token":"8HcVKGG108VdPiT7XNkfvaxfPVjnTo3iPwdVdPXpJmG8kU2I5X9UyWiaW7AdNdoCzze0xInUNTwNDpMF7dG1XIJPvWSw7ix4UDrTCZkLLhZJueDND6N9dsLD","lang_type":"1"}}

2018-11-19 04:57:41
demo.webmigrates.com/osnap/api/Registration/MyBidPostRunningAll
{"data":{"limit":10,"id":"3","page":1,"token":"8HcVKGG108VdPiT7XNkfvaxfPVjnTo3iPwdVdPXpJmG8kU2I5X9UyWiaW7AdNdoCzze0xInUNTwNDpMF7dG1XIJPvWSw7ix4UDrTCZkLLhZJueDND6N9dsLD","lang_type":"1"}}

2018-11-19 04:57:45
demo.webmigrates.com/osnap/api/Registration/MyBidPostcompletedAll
{"data":{"limit":10,"id":"3","page":1,"token":"8HcVKGG108VdPiT7XNkfvaxfPVjnTo3iPwdVdPXpJmG8kU2I5X9UyWiaW7AdNdoCzze0xInUNTwNDpMF7dG1XIJPvWSw7ix4UDrTCZkLLhZJueDND6N9dsLD","lang_type":"1"}}

2018-11-19 04:57:47
demo.webmigrates.com/osnap/api/Registration/EventDetail
{"data":{"id":"3","pb_id":"88","token":"8HcVKGG108VdPiT7XNkfvaxfPVjnTo3iPwdVdPXpJmG8kU2I5X9UyWiaW7AdNdoCzze0xInUNTwNDpMF7dG1XIJPvWSw7ix4UDrTCZkLLhZJueDND6N9dsLD","lang_type":"1"}}

2018-11-19 04:57:49
demo.webmigrates.com/osnap/api/Registration/UserDetail
{"data":{"Dlatitude":"0.000000","id":"3","other_id":"11","Dlongtitude":"0.000000","token":"8HcVKGG108VdPiT7XNkfvaxfPVjnTo3iPwdVdPXpJmG8kU2I5X9UyWiaW7AdNdoCzze0xInUNTwNDpMF7dG1XIJPvWSw7ix4UDrTCZkLLhZJueDND6N9dsLD","lang_type":"1"}}

2018-11-19 04:57:56
demo.webmigrates.com/osnap/api/Notification/CountBase
{"data":{"token":"8HcVKGG108VdPiT7XNkfvaxfPVjnTo3iPwdVdPXpJmG8kU2I5X9UyWiaW7AdNdoCzze0xInUNTwNDpMF7dG1XIJPvWSw7ix4UDrTCZkLLhZJueDND6N9dsLD","user_id":"3","lang_type":"1"}}

2018-11-19 04:57:56
demo.webmigrates.com/osnap/api/Registration/UserDetail
{"data":{"id":"3","other_id":"3","token":"8HcVKGG108VdPiT7XNkfvaxfPVjnTo3iPwdVdPXpJmG8kU2I5X9UyWiaW7AdNdoCzze0xInUNTwNDpMF7dG1XIJPvWSw7ix4UDrTCZkLLhZJueDND6N9dsLD","lang_type":"1"}}

2018-11-19 05:05:45
demo.webmigrates.com/osnap/api/Registration/BusinessMyEvent
{"data":{"id":"3","year":"2018","token":"8HcVKGG108VdPiT7XNkfvaxfPVjnTo3iPwdVdPXpJmG8kU2I5X9UyWiaW7AdNdoCzze0xInUNTwNDpMF7dG1XIJPvWSw7ix4UDrTCZkLLhZJueDND6N9dsLD","lang_type":"1"}}

2018-11-19 05:05:45
demo.webmigrates.com/osnap/api/Registration/UserDetail
{"data":{"id":"3","other_id":"3","token":"8HcVKGG108VdPiT7XNkfvaxfPVjnTo3iPwdVdPXpJmG8kU2I5X9UyWiaW7AdNdoCzze0xInUNTwNDpMF7dG1XIJPvWSw7ix4UDrTCZkLLhZJueDND6N9dsLD","lang_type":"1"}}

2018-11-19 05:05:45
demo.webmigrates.com/osnap/api/Notification/CountBase
{"data":{"token":"8HcVKGG108VdPiT7XNkfvaxfPVjnTo3iPwdVdPXpJmG8kU2I5X9UyWiaW7AdNdoCzze0xInUNTwNDpMF7dG1XIJPvWSw7ix4UDrTCZkLLhZJueDND6N9dsLD","user_id":"3","lang_type":"1"}}

2018-11-19 05:06:08
demo.webmigrates.com/osnap/api/Registration/SearchJob
{"data":{"keyword":"","id":"3","token":"8HcVKGG108VdPiT7XNkfvaxfPVjnTo3iPwdVdPXpJmG8kU2I5X9UyWiaW7AdNdoCzze0xInUNTwNDpMF7dG1XIJPvWSw7ix4UDrTCZkLLhZJueDND6N9dsLD","lang_type":"1"}}

2018-11-19 05:06:16
demo.webmigrates.com/osnap/api/Notification/CountBase
{"data":{"token":"8HcVKGG108VdPiT7XNkfvaxfPVjnTo3iPwdVdPXpJmG8kU2I5X9UyWiaW7AdNdoCzze0xInUNTwNDpMF7dG1XIJPvWSw7ix4UDrTCZkLLhZJueDND6N9dsLD","user_id":"3","lang_type":"1"}}

2018-11-19 05:06:16
demo.webmigrates.com/osnap/api/Registration/UserDetail
{"data":{"id":"3","other_id":"3","token":"8HcVKGG108VdPiT7XNkfvaxfPVjnTo3iPwdVdPXpJmG8kU2I5X9UyWiaW7AdNdoCzze0xInUNTwNDpMF7dG1XIJPvWSw7ix4UDrTCZkLLhZJueDND6N9dsLD","lang_type":"1"}}

2018-11-19 05:06:24
demo.webmigrates.com/osnap/api/Registration/MyBidPost
{"data":{"limit":10,"id":"3","page":1,"token":"8HcVKGG108VdPiT7XNkfvaxfPVjnTo3iPwdVdPXpJmG8kU2I5X9UyWiaW7AdNdoCzze0xInUNTwNDpMF7dG1XIJPvWSw7ix4UDrTCZkLLhZJueDND6N9dsLD","lang_type":"1"}}

2018-11-19 05:06:25
demo.webmigrates.com/osnap/api/Registration/MyBidPost
{"data":{"limit":10,"id":"3","page":2,"token":"8HcVKGG108VdPiT7XNkfvaxfPVjnTo3iPwdVdPXpJmG8kU2I5X9UyWiaW7AdNdoCzze0xInUNTwNDpMF7dG1XIJPvWSw7ix4UDrTCZkLLhZJueDND6N9dsLD","lang_type":"1"}}

2018-11-19 05:06:28
demo.webmigrates.com/osnap/api/Notification/CountBase
{"data":{"token":"8HcVKGG108VdPiT7XNkfvaxfPVjnTo3iPwdVdPXpJmG8kU2I5X9UyWiaW7AdNdoCzze0xInUNTwNDpMF7dG1XIJPvWSw7ix4UDrTCZkLLhZJueDND6N9dsLD","user_id":"3","lang_type":"1"}}

2018-11-19 05:06:28
demo.webmigrates.com/osnap/api/Registration/UserDetail
{"data":{"id":"3","other_id":"3","token":"8HcVKGG108VdPiT7XNkfvaxfPVjnTo3iPwdVdPXpJmG8kU2I5X9UyWiaW7AdNdoCzze0xInUNTwNDpMF7dG1XIJPvWSw7ix4UDrTCZkLLhZJueDND6N9dsLD","lang_type":"1"}}

2018-11-19 05:06:35
demo.webmigrates.com/osnap/api/Registration/UserDetail
{"data":{"id":"3","other_id":"3","token":"8HcVKGG108VdPiT7XNkfvaxfPVjnTo3iPwdVdPXpJmG8kU2I5X9UyWiaW7AdNdoCzze0xInUNTwNDpMF7dG1XIJPvWSw7ix4UDrTCZkLLhZJueDND6N9dsLD","lang_type":"1"}}

2018-11-19 05:06:36
demo.webmigrates.com/osnap/api/Notification/CountBase
{"data":{"token":"8HcVKGG108VdPiT7XNkfvaxfPVjnTo3iPwdVdPXpJmG8kU2I5X9UyWiaW7AdNdoCzze0xInUNTwNDpMF7dG1XIJPvWSw7ix4UDrTCZkLLhZJueDND6N9dsLD","user_id":"3","lang_type":"1"}}

2018-11-19 05:06:41
demo.webmigrates.com/osnap/api/Notification/CountBase
{"data":{"token":"8HcVKGG108VdPiT7XNkfvaxfPVjnTo3iPwdVdPXpJmG8kU2I5X9UyWiaW7AdNdoCzze0xInUNTwNDpMF7dG1XIJPvWSw7ix4UDrTCZkLLhZJueDND6N9dsLD","user_id":"3","lang_type":"1"}}

2018-11-19 05:06:41
demo.webmigrates.com/osnap/api/Registration/UserDetail
{"data":{"id":"3","other_id":"3","token":"8HcVKGG108VdPiT7XNkfvaxfPVjnTo3iPwdVdPXpJmG8kU2I5X9UyWiaW7AdNdoCzze0xInUNTwNDpMF7dG1XIJPvWSw7ix4UDrTCZkLLhZJueDND6N9dsLD","lang_type":"1"}}

2018-11-19 05:06:43
demo.webmigrates.com/osnap/api/Registration/LikedPost
{"data":{"limit":10,"id":"3","page":1,"token":"8HcVKGG108VdPiT7XNkfvaxfPVjnTo3iPwdVdPXpJmG8kU2I5X9UyWiaW7AdNdoCzze0xInUNTwNDpMF7dG1XIJPvWSw7ix4UDrTCZkLLhZJueDND6N9dsLD","lang_type":"1"}}

2018-11-19 05:06:46
demo.webmigrates.com/osnap/api/Registration/LikedPost
{"data":{"limit":10,"id":"3","page":2,"token":"8HcVKGG108VdPiT7XNkfvaxfPVjnTo3iPwdVdPXpJmG8kU2I5X9UyWiaW7AdNdoCzze0xInUNTwNDpMF7dG1XIJPvWSw7ix4UDrTCZkLLhZJueDND6N9dsLD","lang_type":"1"}}

2018-11-19 05:06:48
demo.webmigrates.com/osnap/api/Notification/CountBase
{"data":{"token":"8HcVKGG108VdPiT7XNkfvaxfPVjnTo3iPwdVdPXpJmG8kU2I5X9UyWiaW7AdNdoCzze0xInUNTwNDpMF7dG1XIJPvWSw7ix4UDrTCZkLLhZJueDND6N9dsLD","user_id":"3","lang_type":"1"}}

2018-11-19 05:06:48
demo.webmigrates.com/osnap/api/Registration/UserDetail
{"data":{"id":"3","other_id":"3","token":"8HcVKGG108VdPiT7XNkfvaxfPVjnTo3iPwdVdPXpJmG8kU2I5X9UyWiaW7AdNdoCzze0xInUNTwNDpMF7dG1XIJPvWSw7ix4UDrTCZkLLhZJueDND6N9dsLD","lang_type":"1"}}

2018-11-19 05:06:54
demo.webmigrates.com/osnap/api/Registration/MyBidPost
{"data":{"limit":10,"id":"3","page":1,"token":"8HcVKGG108VdPiT7XNkfvaxfPVjnTo3iPwdVdPXpJmG8kU2I5X9UyWiaW7AdNdoCzze0xInUNTwNDpMF7dG1XIJPvWSw7ix4UDrTCZkLLhZJueDND6N9dsLD","lang_type":"1"}}

2018-11-19 05:06:55
demo.webmigrates.com/osnap/api/Registration/MyBidPost
{"data":{"limit":10,"id":"3","page":2,"token":"8HcVKGG108VdPiT7XNkfvaxfPVjnTo3iPwdVdPXpJmG8kU2I5X9UyWiaW7AdNdoCzze0xInUNTwNDpMF7dG1XIJPvWSw7ix4UDrTCZkLLhZJueDND6N9dsLD","lang_type":"1"}}

2018-11-19 05:06:57
demo.webmigrates.com/osnap/api/Registration/UserDetail
{"data":{"id":"3","other_id":"3","token":"8HcVKGG108VdPiT7XNkfvaxfPVjnTo3iPwdVdPXpJmG8kU2I5X9UyWiaW7AdNdoCzze0xInUNTwNDpMF7dG1XIJPvWSw7ix4UDrTCZkLLhZJueDND6N9dsLD","lang_type":"1"}}

2018-11-19 05:06:58
demo.webmigrates.com/osnap/api/Notification/CountBase
{"data":{"token":"8HcVKGG108VdPiT7XNkfvaxfPVjnTo3iPwdVdPXpJmG8kU2I5X9UyWiaW7AdNdoCzze0xInUNTwNDpMF7dG1XIJPvWSw7ix4UDrTCZkLLhZJueDND6N9dsLD","user_id":"3","lang_type":"1"}}

2018-11-19 05:07:02
demo.webmigrates.com/osnap/api/Registration/UserDetail
{"data":{"id":"3","other_id":"3","token":"8HcVKGG108VdPiT7XNkfvaxfPVjnTo3iPwdVdPXpJmG8kU2I5X9UyWiaW7AdNdoCzze0xInUNTwNDpMF7dG1XIJPvWSw7ix4UDrTCZkLLhZJueDND6N9dsLD","lang_type":"1"}}

2018-11-19 05:07:02
demo.webmigrates.com/osnap/api/Notification/CountBase
{"data":{"token":"8HcVKGG108VdPiT7XNkfvaxfPVjnTo3iPwdVdPXpJmG8kU2I5X9UyWiaW7AdNdoCzze0xInUNTwNDpMF7dG1XIJPvWSw7ix4UDrTCZkLLhZJueDND6N9dsLD","user_id":"3","lang_type":"1"}}

2018-11-19 05:08:23
demo.webmigrates.com/osnap/api/Notification/CountBase
{"data":{"token":"DRtFuepDQbBJTsykoxIrye5IjeKQSHtezMlUTI0v43G4CLa8eVsKrPaaJBpmVMFISM39AOu1w0CexrisrcgPcjDi4Cp5h0hh9d3ESCjT1Y0FLjkfs1PDO1Mi","user_id":"3","lang_type":"1"}}

2018-11-19 05:08:23
demo.webmigrates.com/osnap/api/Registration/UserDetail
{"data":{"id":"3","other_id":"3","token":"DRtFuepDQbBJTsykoxIrye5IjeKQSHtezMlUTI0v43G4CLa8eVsKrPaaJBpmVMFISM39AOu1w0CexrisrcgPcjDi4Cp5h0hh9d3ESCjT1Y0FLjkfs1PDO1Mi","lang_type":"1"}}

2018-11-19 05:08:23
demo.webmigrates.com/osnap/api/Registration/BusinessMyEvent
{"data":{"id":"3","year":"2018","token":"DRtFuepDQbBJTsykoxIrye5IjeKQSHtezMlUTI0v43G4CLa8eVsKrPaaJBpmVMFISM39AOu1w0CexrisrcgPcjDi4Cp5h0hh9d3ESCjT1Y0FLjkfs1PDO1Mi","lang_type":"1"}}

2018-11-19 05:13:31
demo.webmigrates.com/osnap/api/Notification/CountBase
{"data":{"token":"8HcVKGG108VdPiT7XNkfvaxfPVjnTo3iPwdVdPXpJmG8kU2I5X9UyWiaW7AdNdoCzze0xInUNTwNDpMF7dG1XIJPvWSw7ix4UDrTCZkLLhZJueDND6N9dsLD","user_id":"3","lang_type":"1"}}

2018-11-19 05:13:31
demo.webmigrates.com/osnap/api/Registration/BusinessMyEvent
{"data":{"id":"3","year":"2018","token":"8HcVKGG108VdPiT7XNkfvaxfPVjnTo3iPwdVdPXpJmG8kU2I5X9UyWiaW7AdNdoCzze0xInUNTwNDpMF7dG1XIJPvWSw7ix4UDrTCZkLLhZJueDND6N9dsLD","lang_type":"1"}}

2018-11-19 05:13:31
demo.webmigrates.com/osnap/api/Registration/UserDetail
{"data":{"id":"3","other_id":"3","token":"8HcVKGG108VdPiT7XNkfvaxfPVjnTo3iPwdVdPXpJmG8kU2I5X9UyWiaW7AdNdoCzze0xInUNTwNDpMF7dG1XIJPvWSw7ix4UDrTCZkLLhZJueDND6N9dsLD","lang_type":"1"}}

2018-11-19 05:19:57
demo.webmigrates.com/osnap/api/Registration/BusinessMyEvent
{"data":{"id":"3","year":"2018","token":"8HcVKGG108VdPiT7XNkfvaxfPVjnTo3iPwdVdPXpJmG8kU2I5X9UyWiaW7AdNdoCzze0xInUNTwNDpMF7dG1XIJPvWSw7ix4UDrTCZkLLhZJueDND6N9dsLD","lang_type":"1"}}

2018-11-19 05:19:57
demo.webmigrates.com/osnap/api/Notification/CountBase
{"data":{"token":"8HcVKGG108VdPiT7XNkfvaxfPVjnTo3iPwdVdPXpJmG8kU2I5X9UyWiaW7AdNdoCzze0xInUNTwNDpMF7dG1XIJPvWSw7ix4UDrTCZkLLhZJueDND6N9dsLD","user_id":"3","lang_type":"1"}}

2018-11-19 05:19:57
demo.webmigrates.com/osnap/api/Registration/UserDetail
{"data":{"id":"3","other_id":"3","token":"8HcVKGG108VdPiT7XNkfvaxfPVjnTo3iPwdVdPXpJmG8kU2I5X9UyWiaW7AdNdoCzze0xInUNTwNDpMF7dG1XIJPvWSw7ix4UDrTCZkLLhZJueDND6N9dsLD","lang_type":"1"}}

2018-11-19 05:26:21
demo.webmigrates.com/osnap/api/Notification/CountBase
{"data":{"token":"8HcVKGG108VdPiT7XNkfvaxfPVjnTo3iPwdVdPXpJmG8kU2I5X9UyWiaW7AdNdoCzze0xInUNTwNDpMF7dG1XIJPvWSw7ix4UDrTCZkLLhZJueDND6N9dsLD","user_id":"3","lang_type":"1"}}

2018-11-19 05:26:21
demo.webmigrates.com/osnap/api/Registration/BusinessMyEvent
{"data":{"id":"3","year":"2018","token":"8HcVKGG108VdPiT7XNkfvaxfPVjnTo3iPwdVdPXpJmG8kU2I5X9UyWiaW7AdNdoCzze0xInUNTwNDpMF7dG1XIJPvWSw7ix4UDrTCZkLLhZJueDND6N9dsLD","lang_type":"1"}}

2018-11-19 05:26:21
demo.webmigrates.com/osnap/api/Registration/UserDetail
{"data":{"id":"3","other_id":"3","token":"8HcVKGG108VdPiT7XNkfvaxfPVjnTo3iPwdVdPXpJmG8kU2I5X9UyWiaW7AdNdoCzze0xInUNTwNDpMF7dG1XIJPvWSw7ix4UDrTCZkLLhZJueDND6N9dsLD","lang_type":"1"}}

2018-11-19 05:30:53
demo.webmigrates.com/osnap/api/Notification/CountBase
{"data":{"token":"8HcVKGG108VdPiT7XNkfvaxfPVjnTo3iPwdVdPXpJmG8kU2I5X9UyWiaW7AdNdoCzze0xInUNTwNDpMF7dG1XIJPvWSw7ix4UDrTCZkLLhZJueDND6N9dsLD","user_id":"3","lang_type":"1"}}

2018-11-19 05:30:53
demo.webmigrates.com/osnap/api/Registration/BusinessMyEvent
{"data":{"id":"3","year":"2018","token":"8HcVKGG108VdPiT7XNkfvaxfPVjnTo3iPwdVdPXpJmG8kU2I5X9UyWiaW7AdNdoCzze0xInUNTwNDpMF7dG1XIJPvWSw7ix4UDrTCZkLLhZJueDND6N9dsLD","lang_type":"1"}}

2018-11-19 05:30:53
demo.webmigrates.com/osnap/api/Registration/UserDetail
{"data":{"id":"3","other_id":"3","token":"8HcVKGG108VdPiT7XNkfvaxfPVjnTo3iPwdVdPXpJmG8kU2I5X9UyWiaW7AdNdoCzze0xInUNTwNDpMF7dG1XIJPvWSw7ix4UDrTCZkLLhZJueDND6N9dsLD","lang_type":"1"}}

2018-11-19 05:31:35
demo.webmigrates.com/osnap/api/Registration/Logout
{"data":{"id":"3","token":"8HcVKGG108VdPiT7XNkfvaxfPVjnTo3iPwdVdPXpJmG8kU2I5X9UyWiaW7AdNdoCzze0xInUNTwNDpMF7dG1XIJPvWSw7ix4UDrTCZkLLhZJueDND6N9dsLD","lang_type":"1"}}

2018-11-19 05:31:59
demo.webmigrates.com/osnap/api/Registration/CheckLogin
{"data":{"username":"val1cust44","lang_type":"1","password":"vvvvvvvv","device_token":"784416d0746e4129f39e466632ef873cf2a335af99f0cec20ffdafb9179130a3","device_type":"1"}}

2018-11-19 05:31:59
demo.webmigrates.com/osnap/api/Notification/CountBase
{"data":{"token":"J6UNhgswuPshSY37qWPgOumIt7Nb5N9lCtbQpwXEOuThtNFz8oKQk87GWHHTabUA1a2d3fOUbEJYXSXo1KoXMHhUOLMeuftH400spUriXFv3i1LEcsjzFpQz","user_id":"11","lang_type":"1"}}

2018-11-19 05:31:59
demo.webmigrates.com/osnap/api/Registration/ClientMyEvent
{"data":{"id":"11","year":"2018","token":"J6UNhgswuPshSY37qWPgOumIt7Nb5N9lCtbQpwXEOuThtNFz8oKQk87GWHHTabUA1a2d3fOUbEJYXSXo1KoXMHhUOLMeuftH400spUriXFv3i1LEcsjzFpQz","lang_type":"1"}}

2018-11-19 05:31:59
demo.webmigrates.com/osnap/api/Registration/UserDetail
{"data":{"id":"11","other_id":"11","token":"J6UNhgswuPshSY37qWPgOumIt7Nb5N9lCtbQpwXEOuThtNFz8oKQk87GWHHTabUA1a2d3fOUbEJYXSXo1KoXMHhUOLMeuftH400spUriXFv3i1LEcsjzFpQz","lang_type":"1"}}

2018-11-19 05:32:11
demo.webmigrates.com/osnap/api/Registration/SearchUser
{"data":{"id":"11","Dlongtitude":"0.000000","keyword":"","limit":10,"token":"J6UNhgswuPshSY37qWPgOumIt7Nb5N9lCtbQpwXEOuThtNFz8oKQk87GWHHTabUA1a2d3fOUbEJYXSXo1KoXMHhUOLMeuftH400spUriXFv3i1LEcsjzFpQz","lang_type":"1","Dlatitude":"0.000000","page":1}}

2018-11-19 05:32:11
demo.webmigrates.com/osnap/api/Registration/SearchUser
{"data":{"id":"11","Dlongtitude":"0.000000","keyword":"","limit":10,"token":"J6UNhgswuPshSY37qWPgOumIt7Nb5N9lCtbQpwXEOuThtNFz8oKQk87GWHHTabUA1a2d3fOUbEJYXSXo1KoXMHhUOLMeuftH400spUriXFv3i1LEcsjzFpQz","lang_type":"1","Dlatitude":"0.000000","page":2}}

2018-11-19 05:32:18
demo.webmigrates.com/osnap/api/General/GetCategory
{"data":{"id":"11","token":"J6UNhgswuPshSY37qWPgOumIt7Nb5N9lCtbQpwXEOuThtNFz8oKQk87GWHHTabUA1a2d3fOUbEJYXSXo1KoXMHhUOLMeuftH400spUriXFv3i1LEcsjzFpQz","lang_type":"1"}}

2018-11-19 05:32:21
demo.webmigrates.com/osnap/api/Registration/UserDetail
{"data":{"id":"11","other_id":"11","token":"J6UNhgswuPshSY37qWPgOumIt7Nb5N9lCtbQpwXEOuThtNFz8oKQk87GWHHTabUA1a2d3fOUbEJYXSXo1KoXMHhUOLMeuftH400spUriXFv3i1LEcsjzFpQz","lang_type":"1"}}

2018-11-19 05:32:22
demo.webmigrates.com/osnap/api/Registration/FvrtUsersList
{"data":{"limit":10,"id":"11","page":1,"token":"J6UNhgswuPshSY37qWPgOumIt7Nb5N9lCtbQpwXEOuThtNFz8oKQk87GWHHTabUA1a2d3fOUbEJYXSXo1KoXMHhUOLMeuftH400spUriXFv3i1LEcsjzFpQz","lang_type":"1"}}

2018-11-19 05:32:23
demo.webmigrates.com/osnap/api/Registration/FvrtUsersList
{"data":{"limit":10,"id":"11","page":2,"token":"J6UNhgswuPshSY37qWPgOumIt7Nb5N9lCtbQpwXEOuThtNFz8oKQk87GWHHTabUA1a2d3fOUbEJYXSXo1KoXMHhUOLMeuftH400spUriXFv3i1LEcsjzFpQz","lang_type":"1"}}

2018-11-19 05:32:25
demo.webmigrates.com/osnap/api/Registration/UserDetail
{"data":{"id":"11","other_id":"11","token":"J6UNhgswuPshSY37qWPgOumIt7Nb5N9lCtbQpwXEOuThtNFz8oKQk87GWHHTabUA1a2d3fOUbEJYXSXo1KoXMHhUOLMeuftH400spUriXFv3i1LEcsjzFpQz","lang_type":"1"}}

2018-11-19 05:32:29
demo.webmigrates.com/osnap/api/Registration/UserDetail
{"data":{"id":"11","other_id":"11","token":"J6UNhgswuPshSY37qWPgOumIt7Nb5N9lCtbQpwXEOuThtNFz8oKQk87GWHHTabUA1a2d3fOUbEJYXSXo1KoXMHhUOLMeuftH400spUriXFv3i1LEcsjzFpQz","lang_type":"1"}}

2018-11-19 05:32:30
demo.webmigrates.com/osnap/api/Registration/MyPost
{"data":{"limit":10,"id":"11","page":1,"token":"J6UNhgswuPshSY37qWPgOumIt7Nb5N9lCtbQpwXEOuThtNFz8oKQk87GWHHTabUA1a2d3fOUbEJYXSXo1KoXMHhUOLMeuftH400spUriXFv3i1LEcsjzFpQz","lang_type":"1"}}

2018-11-19 05:32:32
demo.webmigrates.com/osnap/api/Registration/MyRunningPostAll
{"data":{"limit":10,"id":"11","page":1,"token":"J6UNhgswuPshSY37qWPgOumIt7Nb5N9lCtbQpwXEOuThtNFz8oKQk87GWHHTabUA1a2d3fOUbEJYXSXo1KoXMHhUOLMeuftH400spUriXFv3i1LEcsjzFpQz","lang_type":"1"}}

2018-11-19 05:32:34
demo.webmigrates.com/osnap/api/Registration/MyCompletedPostAll
{"data":{"limit":10,"id":"11","page":1,"token":"J6UNhgswuPshSY37qWPgOumIt7Nb5N9lCtbQpwXEOuThtNFz8oKQk87GWHHTabUA1a2d3fOUbEJYXSXo1KoXMHhUOLMeuftH400spUriXFv3i1LEcsjzFpQz","lang_type":"1"}}

2018-11-19 05:32:35
demo.webmigrates.com/osnap/api/Registration/MyCompletedPostAll
{"data":{"limit":10,"id":"11","page":2,"token":"J6UNhgswuPshSY37qWPgOumIt7Nb5N9lCtbQpwXEOuThtNFz8oKQk87GWHHTabUA1a2d3fOUbEJYXSXo1KoXMHhUOLMeuftH400spUriXFv3i1LEcsjzFpQz","lang_type":"1"}}

2018-11-19 05:32:36
demo.webmigrates.com/osnap/api/Registration/EventDetail
{"data":{"id":"11","pb_id":"88","token":"J6UNhgswuPshSY37qWPgOumIt7Nb5N9lCtbQpwXEOuThtNFz8oKQk87GWHHTabUA1a2d3fOUbEJYXSXo1KoXMHhUOLMeuftH400spUriXFv3i1LEcsjzFpQz","lang_type":"1"}}

2018-11-19 05:32:38
demo.webmigrates.com/osnap/api/Registration/UserDetail
{"data":{"Dlatitude":"0.000000","id":"11","other_id":"3","Dlongtitude":"0.000000","token":"J6UNhgswuPshSY37qWPgOumIt7Nb5N9lCtbQpwXEOuThtNFz8oKQk87GWHHTabUA1a2d3fOUbEJYXSXo1KoXMHhUOLMeuftH400spUriXFv3i1LEcsjzFpQz","lang_type":"1"}}

2018-11-19 05:32:40
demo.webmigrates.com/osnap/api/Registration/MyRunningPostAll
{"data":{"limit":10,"id":"11","page":1,"token":"J6UNhgswuPshSY37qWPgOumIt7Nb5N9lCtbQpwXEOuThtNFz8oKQk87GWHHTabUA1a2d3fOUbEJYXSXo1KoXMHhUOLMeuftH400spUriXFv3i1LEcsjzFpQz","lang_type":"1"}}

2018-11-19 05:32:42
demo.webmigrates.com/osnap/api/Registration/EventDetail
{"data":{"id":"11","pb_id":"91","token":"J6UNhgswuPshSY37qWPgOumIt7Nb5N9lCtbQpwXEOuThtNFz8oKQk87GWHHTabUA1a2d3fOUbEJYXSXo1KoXMHhUOLMeuftH400spUriXFv3i1LEcsjzFpQz","lang_type":"1"}}

2018-11-19 05:32:44
demo.webmigrates.com/osnap/api/Registration/UserDetail
{"data":{"Dlatitude":"0.000000","id":"11","other_id":"3","Dlongtitude":"0.000000","token":"J6UNhgswuPshSY37qWPgOumIt7Nb5N9lCtbQpwXEOuThtNFz8oKQk87GWHHTabUA1a2d3fOUbEJYXSXo1KoXMHhUOLMeuftH400spUriXFv3i1LEcsjzFpQz","lang_type":"1"}}

2018-11-19 05:33:05
demo.webmigrates.com/osnap/api/Registration/UserDetail
{"data":{"id":"11","other_id":"11","token":"J6UNhgswuPshSY37qWPgOumIt7Nb5N9lCtbQpwXEOuThtNFz8oKQk87GWHHTabUA1a2d3fOUbEJYXSXo1KoXMHhUOLMeuftH400spUriXFv3i1LEcsjzFpQz","lang_type":"1"}}

2018-11-19 05:33:53
demo.webmigrates.com/osnap/api/Registration/UserDetail
{"data":{"id":"11","other_id":"11","token":"J6UNhgswuPshSY37qWPgOumIt7Nb5N9lCtbQpwXEOuThtNFz8oKQk87GWHHTabUA1a2d3fOUbEJYXSXo1KoXMHhUOLMeuftH400spUriXFv3i1LEcsjzFpQz","lang_type":"1"}}

2018-11-19 05:34:30
demo.webmigrates.com/osnap/api/Registration/ClientMyEvent
{"data":{"year":"2018","id":"11","month":"11","token":"J6UNhgswuPshSY37qWPgOumIt7Nb5N9lCtbQpwXEOuThtNFz8oKQk87GWHHTabUA1a2d3fOUbEJYXSXo1KoXMHhUOLMeuftH400spUriXFv3i1LEcsjzFpQz","lang_type":"1"}}

2018-11-19 05:34:38
demo.webmigrates.com/osnap/api/Registration/EventDetail
{"data":{"id":"11","pb_id":"90","token":"J6UNhgswuPshSY37qWPgOumIt7Nb5N9lCtbQpwXEOuThtNFz8oKQk87GWHHTabUA1a2d3fOUbEJYXSXo1KoXMHhUOLMeuftH400spUriXFv3i1LEcsjzFpQz","lang_type":"1"}}

2018-11-19 05:34:43
demo.webmigrates.com/osnap/api/Registration/UserDetail
{"data":{"id":"11","other_id":"11","token":"J6UNhgswuPshSY37qWPgOumIt7Nb5N9lCtbQpwXEOuThtNFz8oKQk87GWHHTabUA1a2d3fOUbEJYXSXo1KoXMHhUOLMeuftH400spUriXFv3i1LEcsjzFpQz","lang_type":"1"}}

2018-11-19 05:34:48
demo.webmigrates.com/osnap/api/Registration/MyPost
{"data":{"limit":10,"id":"11","page":1,"token":"J6UNhgswuPshSY37qWPgOumIt7Nb5N9lCtbQpwXEOuThtNFz8oKQk87GWHHTabUA1a2d3fOUbEJYXSXo1KoXMHhUOLMeuftH400spUriXFv3i1LEcsjzFpQz","lang_type":"1"}}

2018-11-19 05:35:40
demo.webmigrates.com/osnap/api/Registration/UserDetail
{"data":{"id":"11","other_id":"11","token":"J6UNhgswuPshSY37qWPgOumIt7Nb5N9lCtbQpwXEOuThtNFz8oKQk87GWHHTabUA1a2d3fOUbEJYXSXo1KoXMHhUOLMeuftH400spUriXFv3i1LEcsjzFpQz","lang_type":"1"}}

2018-11-19 05:35:42
demo.webmigrates.com/osnap/api/Registration/SearchUser
{"data":{"id":"11","Dlongtitude":"0.000000","keyword":"","limit":10,"token":"J6UNhgswuPshSY37qWPgOumIt7Nb5N9lCtbQpwXEOuThtNFz8oKQk87GWHHTabUA1a2d3fOUbEJYXSXo1KoXMHhUOLMeuftH400spUriXFv3i1LEcsjzFpQz","lang_type":"1","Dlatitude":"0.000000","page":1}}

2018-11-19 05:35:43
demo.webmigrates.com/osnap/api/Registration/SearchUser
{"data":{"id":"11","Dlongtitude":"0.000000","keyword":"","limit":10,"token":"J6UNhgswuPshSY37qWPgOumIt7Nb5N9lCtbQpwXEOuThtNFz8oKQk87GWHHTabUA1a2d3fOUbEJYXSXo1KoXMHhUOLMeuftH400spUriXFv3i1LEcsjzFpQz","lang_type":"1","Dlatitude":"0.000000","page":2}}

2018-11-19 05:47:26
demo.webmigrates.com/osnap/api/Notification/CountBase
{"data":{"token":"J6UNhgswuPshSY37qWPgOumIt7Nb5N9lCtbQpwXEOuThtNFz8oKQk87GWHHTabUA1a2d3fOUbEJYXSXo1KoXMHhUOLMeuftH400spUriXFv3i1LEcsjzFpQz","user_id":"11","lang_type":"1"}}

2018-11-19 05:47:26
demo.webmigrates.com/osnap/api/Registration/ClientMyEvent
{"data":{"id":"11","year":"2018","token":"J6UNhgswuPshSY37qWPgOumIt7Nb5N9lCtbQpwXEOuThtNFz8oKQk87GWHHTabUA1a2d3fOUbEJYXSXo1KoXMHhUOLMeuftH400spUriXFv3i1LEcsjzFpQz","lang_type":"1"}}

2018-11-19 05:47:26
demo.webmigrates.com/osnap/api/Registration/UserDetail
{"data":{"id":"11","other_id":"11","token":"J6UNhgswuPshSY37qWPgOumIt7Nb5N9lCtbQpwXEOuThtNFz8oKQk87GWHHTabUA1a2d3fOUbEJYXSXo1KoXMHhUOLMeuftH400spUriXFv3i1LEcsjzFpQz","lang_type":"1"}}

2018-11-19 05:50:04
demo.webmigrates.com/osnap/api/Registration/SearchUser
{"data":{"id":"11","Dlongtitude":"0.000000","keyword":"","limit":10,"token":"J6UNhgswuPshSY37qWPgOumIt7Nb5N9lCtbQpwXEOuThtNFz8oKQk87GWHHTabUA1a2d3fOUbEJYXSXo1KoXMHhUOLMeuftH400spUriXFv3i1LEcsjzFpQz","lang_type":"1","Dlatitude":"0.000000","page":1}}

2018-11-19 05:54:46
demo.webmigrates.com/osnap/api/Registration/ClientMyEvent
{"data":{"id":"11","year":"2018","token":"J6UNhgswuPshSY37qWPgOumIt7Nb5N9lCtbQpwXEOuThtNFz8oKQk87GWHHTabUA1a2d3fOUbEJYXSXo1KoXMHhUOLMeuftH400spUriXFv3i1LEcsjzFpQz","lang_type":"1"}}

2018-11-19 05:54:46
demo.webmigrates.com/osnap/api/Notification/CountBase
{"data":{"token":"J6UNhgswuPshSY37qWPgOumIt7Nb5N9lCtbQpwXEOuThtNFz8oKQk87GWHHTabUA1a2d3fOUbEJYXSXo1KoXMHhUOLMeuftH400spUriXFv3i1LEcsjzFpQz","user_id":"11","lang_type":"1"}}

2018-11-19 05:54:46
demo.webmigrates.com/osnap/api/Registration/UserDetail
{"data":{"id":"11","other_id":"11","token":"J6UNhgswuPshSY37qWPgOumIt7Nb5N9lCtbQpwXEOuThtNFz8oKQk87GWHHTabUA1a2d3fOUbEJYXSXo1KoXMHhUOLMeuftH400spUriXFv3i1LEcsjzFpQz","lang_type":"1"}}

2018-11-19 05:54:51
demo.webmigrates.com/osnap/api/Registration/SearchUser
{"data":{"id":"11","Dlongtitude":"0.000000","keyword":"","limit":10,"token":"J6UNhgswuPshSY37qWPgOumIt7Nb5N9lCtbQpwXEOuThtNFz8oKQk87GWHHTabUA1a2d3fOUbEJYXSXo1KoXMHhUOLMeuftH400spUriXFv3i1LEcsjzFpQz","lang_type":"1","Dlatitude":"0.000000","page":1}}

2018-11-19 06:03:41
demo.webmigrates.com/osnap/api/Notification/CountBase
{"data":{"token":"J6UNhgswuPshSY37qWPgOumIt7Nb5N9lCtbQpwXEOuThtNFz8oKQk87GWHHTabUA1a2d3fOUbEJYXSXo1KoXMHhUOLMeuftH400spUriXFv3i1LEcsjzFpQz","user_id":"11","lang_type":"1"}}

2018-11-19 06:03:41
demo.webmigrates.com/osnap/api/Registration/ClientMyEvent
{"data":{"id":"11","year":"2018","token":"J6UNhgswuPshSY37qWPgOumIt7Nb5N9lCtbQpwXEOuThtNFz8oKQk87GWHHTabUA1a2d3fOUbEJYXSXo1KoXMHhUOLMeuftH400spUriXFv3i1LEcsjzFpQz","lang_type":"1"}}

2018-11-19 06:03:41
demo.webmigrates.com/osnap/api/Registration/UserDetail
{"data":{"id":"11","other_id":"11","token":"J6UNhgswuPshSY37qWPgOumIt7Nb5N9lCtbQpwXEOuThtNFz8oKQk87GWHHTabUA1a2d3fOUbEJYXSXo1KoXMHhUOLMeuftH400spUriXFv3i1LEcsjzFpQz","lang_type":"1"}}

2018-11-19 06:08:07
demo.webmigrates.com/osnap/api/Registration/SearchUser
{"data":{"id":"11","Dlongtitude":"0.000000","keyword":"","limit":10,"token":"J6UNhgswuPshSY37qWPgOumIt7Nb5N9lCtbQpwXEOuThtNFz8oKQk87GWHHTabUA1a2d3fOUbEJYXSXo1KoXMHhUOLMeuftH400spUriXFv3i1LEcsjzFpQz","lang_type":"1","Dlatitude":"0.000000","page":1}}

2018-11-19 06:13:29
demo.webmigrates.com/osnap/api/Registration/ClientMyEvent
{"data":{"id":"11","year":"2018","token":"J6UNhgswuPshSY37qWPgOumIt7Nb5N9lCtbQpwXEOuThtNFz8oKQk87GWHHTabUA1a2d3fOUbEJYXSXo1KoXMHhUOLMeuftH400spUriXFv3i1LEcsjzFpQz","lang_type":"1"}}

2018-11-19 06:13:29
demo.webmigrates.com/osnap/api/Registration/UserDetail
{"data":{"id":"11","other_id":"11","token":"J6UNhgswuPshSY37qWPgOumIt7Nb5N9lCtbQpwXEOuThtNFz8oKQk87GWHHTabUA1a2d3fOUbEJYXSXo1KoXMHhUOLMeuftH400spUriXFv3i1LEcsjzFpQz","lang_type":"1"}}

2018-11-19 06:13:29
demo.webmigrates.com/osnap/api/Notification/CountBase
{"data":{"token":"J6UNhgswuPshSY37qWPgOumIt7Nb5N9lCtbQpwXEOuThtNFz8oKQk87GWHHTabUA1a2d3fOUbEJYXSXo1KoXMHhUOLMeuftH400spUriXFv3i1LEcsjzFpQz","user_id":"11","lang_type":"1"}}

2018-11-19 06:13:42
demo.webmigrates.com/osnap/api/Registration/SearchUser
{"data":{"id":"11","Dlongtitude":"0.000000","keyword":"","limit":10,"token":"J6UNhgswuPshSY37qWPgOumIt7Nb5N9lCtbQpwXEOuThtNFz8oKQk87GWHHTabUA1a2d3fOUbEJYXSXo1KoXMHhUOLMeuftH400spUriXFv3i1LEcsjzFpQz","lang_type":"1","Dlatitude":"0.000000","page":1}}

2018-11-19 06:15:01
demo.webmigrates.com/osnap/api/Registration/UserDetail
{"data":{"id":"11","other_id":"4","token":"J6UNhgswuPshSY37qWPgOumIt7Nb5N9lCtbQpwXEOuThtNFz8oKQk87GWHHTabUA1a2d3fOUbEJYXSXo1KoXMHhUOLMeuftH400spUriXFv3i1LEcsjzFpQz","lang_type":"1"}}

2018-11-19 06:15:13
demo.webmigrates.com/osnap/api/General/GetCategory
{"data":{"id":"11","token":"J6UNhgswuPshSY37qWPgOumIt7Nb5N9lCtbQpwXEOuThtNFz8oKQk87GWHHTabUA1a2d3fOUbEJYXSXo1KoXMHhUOLMeuftH400spUriXFv3i1LEcsjzFpQz","lang_type":"1"}}

2018-11-19 06:15:22
demo.webmigrates.com/osnap/api/General/GetSubCategory
{"data":{"id":"11","category_id":"12","token":"J6UNhgswuPshSY37qWPgOumIt7Nb5N9lCtbQpwXEOuThtNFz8oKQk87GWHHTabUA1a2d3fOUbEJYXSXo1KoXMHhUOLMeuftH400spUriXFv3i1LEcsjzFpQz","lang_type":"1"}}

2018-11-19 06:50:23
demo.webmigrates.com/osnap/api/Notification/CountBase
{"data":{"token":"J6UNhgswuPshSY37qWPgOumIt7Nb5N9lCtbQpwXEOuThtNFz8oKQk87GWHHTabUA1a2d3fOUbEJYXSXo1KoXMHhUOLMeuftH400spUriXFv3i1LEcsjzFpQz","user_id":"11","lang_type":"1"}}

2018-11-19 06:50:23
demo.webmigrates.com/osnap/api/Registration/ClientMyEvent
{"data":{"id":"11","year":"2018","token":"J6UNhgswuPshSY37qWPgOumIt7Nb5N9lCtbQpwXEOuThtNFz8oKQk87GWHHTabUA1a2d3fOUbEJYXSXo1KoXMHhUOLMeuftH400spUriXFv3i1LEcsjzFpQz","lang_type":"1"}}

2018-11-19 06:50:23
demo.webmigrates.com/osnap/api/Registration/UserDetail
{"data":{"id":"11","other_id":"11","token":"J6UNhgswuPshSY37qWPgOumIt7Nb5N9lCtbQpwXEOuThtNFz8oKQk87GWHHTabUA1a2d3fOUbEJYXSXo1KoXMHhUOLMeuftH400spUriXFv3i1LEcsjzFpQz","lang_type":"1"}}

2018-11-19 06:50:26
demo.webmigrates.com/osnap/api/Registration/SearchUser
{"data":{"id":"11","Dlongtitude":"0.000000","keyword":"","limit":10,"token":"J6UNhgswuPshSY37qWPgOumIt7Nb5N9lCtbQpwXEOuThtNFz8oKQk87GWHHTabUA1a2d3fOUbEJYXSXo1KoXMHhUOLMeuftH400spUriXFv3i1LEcsjzFpQz","lang_type":"1","Dlatitude":"0.000000","page":1}}

2018-11-19 06:50:33
demo.webmigrates.com/osnap/api/General/GetCategory
{"data":{"id":"11","token":"J6UNhgswuPshSY37qWPgOumIt7Nb5N9lCtbQpwXEOuThtNFz8oKQk87GWHHTabUA1a2d3fOUbEJYXSXo1KoXMHhUOLMeuftH400spUriXFv3i1LEcsjzFpQz","lang_type":"1"}}

2018-11-19 06:50:45
demo.webmigrates.com/osnap/api/General/GetSubCategory
{"data":{"id":"11","category_id":"12","token":"J6UNhgswuPshSY37qWPgOumIt7Nb5N9lCtbQpwXEOuThtNFz8oKQk87GWHHTabUA1a2d3fOUbEJYXSXo1KoXMHhUOLMeuftH400spUriXFv3i1LEcsjzFpQz","lang_type":"1"}}

2018-11-19 06:51:04
demo.webmigrates.com/osnap/api/Registration/UserDetail
{"data":{"Dlatitude":"0.000000","id":"11","other_id":"3","Dlongtitude":"0.000000","token":"J6UNhgswuPshSY37qWPgOumIt7Nb5N9lCtbQpwXEOuThtNFz8oKQk87GWHHTabUA1a2d3fOUbEJYXSXo1KoXMHhUOLMeuftH400spUriXFv3i1LEcsjzFpQz","lang_type":"1"}}

2018-11-19 06:51:05
demo.webmigrates.com/osnap/upload/image//(null)


2018-11-19 06:58:08
demo.webmigrates.com/osnap/api/Notification/CountBase
{"data":{"token":"J6UNhgswuPshSY37qWPgOumIt7Nb5N9lCtbQpwXEOuThtNFz8oKQk87GWHHTabUA1a2d3fOUbEJYXSXo1KoXMHhUOLMeuftH400spUriXFv3i1LEcsjzFpQz","user_id":"11","lang_type":"1"}}

2018-11-19 06:58:08
demo.webmigrates.com/osnap/api/Registration/UserDetail
{"data":{"id":"11","other_id":"11","token":"J6UNhgswuPshSY37qWPgOumIt7Nb5N9lCtbQpwXEOuThtNFz8oKQk87GWHHTabUA1a2d3fOUbEJYXSXo1KoXMHhUOLMeuftH400spUriXFv3i1LEcsjzFpQz","lang_type":"1"}}

2018-11-19 06:58:08
demo.webmigrates.com/osnap/api/Registration/ClientMyEvent
{"data":{"id":"11","year":"2018","token":"J6UNhgswuPshSY37qWPgOumIt7Nb5N9lCtbQpwXEOuThtNFz8oKQk87GWHHTabUA1a2d3fOUbEJYXSXo1KoXMHhUOLMeuftH400spUriXFv3i1LEcsjzFpQz","lang_type":"1"}}

2018-11-19 06:58:11
demo.webmigrates.com/osnap/api/Registration/SearchUser
{"data":{"id":"11","Dlongtitude":"0.000000","keyword":"","limit":10,"token":"J6UNhgswuPshSY37qWPgOumIt7Nb5N9lCtbQpwXEOuThtNFz8oKQk87GWHHTabUA1a2d3fOUbEJYXSXo1KoXMHhUOLMeuftH400spUriXFv3i1LEcsjzFpQz","lang_type":"1","Dlatitude":"0.000000","page":1}}

2018-11-19 06:58:17
demo.webmigrates.com/osnap/api/General/GetCategory
{"data":{"id":"11","token":"J6UNhgswuPshSY37qWPgOumIt7Nb5N9lCtbQpwXEOuThtNFz8oKQk87GWHHTabUA1a2d3fOUbEJYXSXo1KoXMHhUOLMeuftH400spUriXFv3i1LEcsjzFpQz","lang_type":"1"}}

2018-11-19 06:58:42
demo.webmigrates.com/osnap/api/General/GetSubCategory
{"data":{"id":"11","category_id":"12","token":"J6UNhgswuPshSY37qWPgOumIt7Nb5N9lCtbQpwXEOuThtNFz8oKQk87GWHHTabUA1a2d3fOUbEJYXSXo1KoXMHhUOLMeuftH400spUriXFv3i1LEcsjzFpQz","lang_type":"1"}}

2018-11-19 06:58:57
demo.webmigrates.com/osnap/api/Registration/UserDetail
{"data":{"Dlatitude":"0.000000","id":"11","other_id":"3","Dlongtitude":"0.000000","token":"J6UNhgswuPshSY37qWPgOumIt7Nb5N9lCtbQpwXEOuThtNFz8oKQk87GWHHTabUA1a2d3fOUbEJYXSXo1KoXMHhUOLMeuftH400spUriXFv3i1LEcsjzFpQz","lang_type":"1"}}

2018-11-19 06:58:58
demo.webmigrates.com/osnap/upload/image//(null)


2018-11-19 07:24:25
demo.webmigrates.com/osnap/api/Registration/ClientMyEvent
{"data":{"id":"11","year":"2018","token":"J6UNhgswuPshSY37qWPgOumIt7Nb5N9lCtbQpwXEOuThtNFz8oKQk87GWHHTabUA1a2d3fOUbEJYXSXo1KoXMHhUOLMeuftH400spUriXFv3i1LEcsjzFpQz","lang_type":"1"}}

2018-11-19 07:24:25
demo.webmigrates.com/osnap/api/Notification/CountBase
{"data":{"token":"J6UNhgswuPshSY37qWPgOumIt7Nb5N9lCtbQpwXEOuThtNFz8oKQk87GWHHTabUA1a2d3fOUbEJYXSXo1KoXMHhUOLMeuftH400spUriXFv3i1LEcsjzFpQz","user_id":"11","lang_type":"1"}}

2018-11-19 07:24:26
demo.webmigrates.com/osnap/api/Registration/UserDetail
{"data":{"id":"11","other_id":"11","token":"J6UNhgswuPshSY37qWPgOumIt7Nb5N9lCtbQpwXEOuThtNFz8oKQk87GWHHTabUA1a2d3fOUbEJYXSXo1KoXMHhUOLMeuftH400spUriXFv3i1LEcsjzFpQz","lang_type":"1"}}

2018-11-19 07:25:02
demo.webmigrates.com/osnap/api/Registration/SearchUser
{"data":{"id":"11","Dlongtitude":"0.000000","keyword":"","limit":10,"token":"J6UNhgswuPshSY37qWPgOumIt7Nb5N9lCtbQpwXEOuThtNFz8oKQk87GWHHTabUA1a2d3fOUbEJYXSXo1KoXMHhUOLMeuftH400spUriXFv3i1LEcsjzFpQz","lang_type":"1","Dlatitude":"0.000000","page":1}}

2018-11-19 07:25:08
demo.webmigrates.com/osnap/api/General/GetCategory
{"data":{"id":"11","token":"J6UNhgswuPshSY37qWPgOumIt7Nb5N9lCtbQpwXEOuThtNFz8oKQk87GWHHTabUA1a2d3fOUbEJYXSXo1KoXMHhUOLMeuftH400spUriXFv3i1LEcsjzFpQz","lang_type":"1"}}

2018-11-19 07:25:22
demo.webmigrates.com/osnap/api/General/GetSubCategory
{"data":{"id":"11","category_id":"12","token":"J6UNhgswuPshSY37qWPgOumIt7Nb5N9lCtbQpwXEOuThtNFz8oKQk87GWHHTabUA1a2d3fOUbEJYXSXo1KoXMHhUOLMeuftH400spUriXFv3i1LEcsjzFpQz","lang_type":"1"}}

2018-11-19 07:25:35
demo.webmigrates.com/osnap/api/Registration/UserDetail
{"data":{"Dlatitude":"0.000000","id":"11","other_id":"3","Dlongtitude":"0.000000","token":"J6UNhgswuPshSY37qWPgOumIt7Nb5N9lCtbQpwXEOuThtNFz8oKQk87GWHHTabUA1a2d3fOUbEJYXSXo1KoXMHhUOLMeuftH400spUriXFv3i1LEcsjzFpQz","lang_type":"1"}}

2018-11-19 07:25:36
demo.webmigrates.com/osnap/upload/image//(null)


2018-11-19 07:36:31
demo.webmigrates.com/osnap/api/Registration/ClientMyEvent
{"data":{"id":"11","year":"2018","token":"J6UNhgswuPshSY37qWPgOumIt7Nb5N9lCtbQpwXEOuThtNFz8oKQk87GWHHTabUA1a2d3fOUbEJYXSXo1KoXMHhUOLMeuftH400spUriXFv3i1LEcsjzFpQz","lang_type":"1"}}

2018-11-19 07:36:31
demo.webmigrates.com/osnap/api/Notification/CountBase
{"data":{"token":"J6UNhgswuPshSY37qWPgOumIt7Nb5N9lCtbQpwXEOuThtNFz8oKQk87GWHHTabUA1a2d3fOUbEJYXSXo1KoXMHhUOLMeuftH400spUriXFv3i1LEcsjzFpQz","user_id":"11","lang_type":"1"}}

2018-11-19 07:36:31
demo.webmigrates.com/osnap/api/Registration/UserDetail
{"data":{"id":"11","other_id":"11","token":"J6UNhgswuPshSY37qWPgOumIt7Nb5N9lCtbQpwXEOuThtNFz8oKQk87GWHHTabUA1a2d3fOUbEJYXSXo1KoXMHhUOLMeuftH400spUriXFv3i1LEcsjzFpQz","lang_type":"1"}}

2018-11-19 07:36:35
demo.webmigrates.com/osnap/api/Registration/SearchUser
{"data":{"id":"11","Dlongtitude":"0.000000","keyword":"","limit":10,"token":"J6UNhgswuPshSY37qWPgOumIt7Nb5N9lCtbQpwXEOuThtNFz8oKQk87GWHHTabUA1a2d3fOUbEJYXSXo1KoXMHhUOLMeuftH400spUriXFv3i1LEcsjzFpQz","lang_type":"1","Dlatitude":"0.000000","page":1}}

2018-11-19 07:36:41
demo.webmigrates.com/osnap/api/General/GetCategory
{"data":{"id":"11","token":"J6UNhgswuPshSY37qWPgOumIt7Nb5N9lCtbQpwXEOuThtNFz8oKQk87GWHHTabUA1a2d3fOUbEJYXSXo1KoXMHhUOLMeuftH400spUriXFv3i1LEcsjzFpQz","lang_type":"1"}}

2018-11-19 07:36:51
demo.webmigrates.com/osnap/api/General/GetSubCategory
{"data":{"id":"11","category_id":"12","token":"J6UNhgswuPshSY37qWPgOumIt7Nb5N9lCtbQpwXEOuThtNFz8oKQk87GWHHTabUA1a2d3fOUbEJYXSXo1KoXMHhUOLMeuftH400spUriXFv3i1LEcsjzFpQz","lang_type":"1"}}

2018-11-19 07:37:10
demo.webmigrates.com/osnap/api/Registration/UserDetail
{"data":{"Dlatitude":"0.000000","id":"11","other_id":"3","Dlongtitude":"0.000000","token":"J6UNhgswuPshSY37qWPgOumIt7Nb5N9lCtbQpwXEOuThtNFz8oKQk87GWHHTabUA1a2d3fOUbEJYXSXo1KoXMHhUOLMeuftH400spUriXFv3i1LEcsjzFpQz","lang_type":"1"}}

2018-11-19 07:37:11
demo.webmigrates.com/osnap/upload/image//(null)


2018-11-19 07:43:49
demo.webmigrates.com/osnap/api/Registration/UserDetail
{"data":{"id":"11","other_id":"11","token":"J6UNhgswuPshSY37qWPgOumIt7Nb5N9lCtbQpwXEOuThtNFz8oKQk87GWHHTabUA1a2d3fOUbEJYXSXo1KoXMHhUOLMeuftH400spUriXFv3i1LEcsjzFpQz","lang_type":"1"}}

2018-11-19 07:43:49
demo.webmigrates.com/osnap/api/Registration/ClientMyEvent
{"data":{"id":"11","year":"2018","token":"J6UNhgswuPshSY37qWPgOumIt7Nb5N9lCtbQpwXEOuThtNFz8oKQk87GWHHTabUA1a2d3fOUbEJYXSXo1KoXMHhUOLMeuftH400spUriXFv3i1LEcsjzFpQz","lang_type":"1"}}

2018-11-19 07:43:49
demo.webmigrates.com/osnap/api/Notification/CountBase
{"data":{"token":"J6UNhgswuPshSY37qWPgOumIt7Nb5N9lCtbQpwXEOuThtNFz8oKQk87GWHHTabUA1a2d3fOUbEJYXSXo1KoXMHhUOLMeuftH400spUriXFv3i1LEcsjzFpQz","user_id":"11","lang_type":"1"}}

2018-11-19 07:43:52
demo.webmigrates.com/osnap/api/Registration/SearchUser
{"data":{"id":"11","Dlongtitude":"0.000000","keyword":"","limit":10,"token":"J6UNhgswuPshSY37qWPgOumIt7Nb5N9lCtbQpwXEOuThtNFz8oKQk87GWHHTabUA1a2d3fOUbEJYXSXo1KoXMHhUOLMeuftH400spUriXFv3i1LEcsjzFpQz","lang_type":"1","Dlatitude":"0.000000","page":1}}

2018-11-19 07:43:59
demo.webmigrates.com/osnap/api/General/GetCategory
{"data":{"id":"11","token":"J6UNhgswuPshSY37qWPgOumIt7Nb5N9lCtbQpwXEOuThtNFz8oKQk87GWHHTabUA1a2d3fOUbEJYXSXo1KoXMHhUOLMeuftH400spUriXFv3i1LEcsjzFpQz","lang_type":"1"}}

2018-11-19 07:44:09
demo.webmigrates.com/osnap/api/General/GetSubCategory
{"data":{"id":"11","category_id":"12","token":"J6UNhgswuPshSY37qWPgOumIt7Nb5N9lCtbQpwXEOuThtNFz8oKQk87GWHHTabUA1a2d3fOUbEJYXSXo1KoXMHhUOLMeuftH400spUriXFv3i1LEcsjzFpQz","lang_type":"1"}}

2018-11-19 07:44:22
demo.webmigrates.com/osnap/api/Registration/UserDetail
{"data":{"Dlatitude":"0.000000","id":"11","other_id":"3","Dlongtitude":"0.000000","token":"J6UNhgswuPshSY37qWPgOumIt7Nb5N9lCtbQpwXEOuThtNFz8oKQk87GWHHTabUA1a2d3fOUbEJYXSXo1KoXMHhUOLMeuftH400spUriXFv3i1LEcsjzFpQz","lang_type":"1"}}

2018-11-19 07:44:23
demo.webmigrates.com/osnap/upload/image//(null)


2018-11-19 07:54:19
demo.webmigrates.com/osnap/api/Registration/UserDetail
{"data":{"id":"11","other_id":"11","token":"J6UNhgswuPshSY37qWPgOumIt7Nb5N9lCtbQpwXEOuThtNFz8oKQk87GWHHTabUA1a2d3fOUbEJYXSXo1KoXMHhUOLMeuftH400spUriXFv3i1LEcsjzFpQz","lang_type":"1"}}

2018-11-19 07:54:19
demo.webmigrates.com/osnap/api/Registration/ClientMyEvent
{"data":{"id":"11","year":"2018","token":"J6UNhgswuPshSY37qWPgOumIt7Nb5N9lCtbQpwXEOuThtNFz8oKQk87GWHHTabUA1a2d3fOUbEJYXSXo1KoXMHhUOLMeuftH400spUriXFv3i1LEcsjzFpQz","lang_type":"1"}}

2018-11-19 07:54:19
demo.webmigrates.com/osnap/api/Notification/CountBase
{"data":{"token":"J6UNhgswuPshSY37qWPgOumIt7Nb5N9lCtbQpwXEOuThtNFz8oKQk87GWHHTabUA1a2d3fOUbEJYXSXo1KoXMHhUOLMeuftH400spUriXFv3i1LEcsjzFpQz","user_id":"11","lang_type":"1"}}

2018-11-19 07:54:38
demo.webmigrates.com/osnap/api/Notification/GetNotification
{"data":{"limit":10,"page":1,"user_id":"11","token":"J6UNhgswuPshSY37qWPgOumIt7Nb5N9lCtbQpwXEOuThtNFz8oKQk87GWHHTabUA1a2d3fOUbEJYXSXo1KoXMHhUOLMeuftH400spUriXFv3i1LEcsjzFpQz","lang_type":"1"}}

2018-11-19 07:54:39
demo.webmigrates.com/osnap/api/Notification/ClearBase
{"data":{"token":"J6UNhgswuPshSY37qWPgOumIt7Nb5N9lCtbQpwXEOuThtNFz8oKQk87GWHHTabUA1a2d3fOUbEJYXSXo1KoXMHhUOLMeuftH400spUriXFv3i1LEcsjzFpQz","user_id":"11","lang_type":"1"}}

2018-11-19 07:54:39
demo.webmigrates.com/osnap/api/Notification/GetNotification
{"data":{"limit":10,"page":2,"user_id":"11","token":"J6UNhgswuPshSY37qWPgOumIt7Nb5N9lCtbQpwXEOuThtNFz8oKQk87GWHHTabUA1a2d3fOUbEJYXSXo1KoXMHhUOLMeuftH400spUriXFv3i1LEcsjzFpQz","lang_type":"1"}}

2018-11-19 07:57:58
demo.webmigrates.com/osnap/api/Notification/CountBase
{"data":{"token":"J6UNhgswuPshSY37qWPgOumIt7Nb5N9lCtbQpwXEOuThtNFz8oKQk87GWHHTabUA1a2d3fOUbEJYXSXo1KoXMHhUOLMeuftH400spUriXFv3i1LEcsjzFpQz","user_id":"11","lang_type":"1"}}

2018-11-19 07:57:58
demo.webmigrates.com/osnap/api/Registration/ClientMyEvent
{"data":{"id":"11","year":"2018","token":"J6UNhgswuPshSY37qWPgOumIt7Nb5N9lCtbQpwXEOuThtNFz8oKQk87GWHHTabUA1a2d3fOUbEJYXSXo1KoXMHhUOLMeuftH400spUriXFv3i1LEcsjzFpQz","lang_type":"1"}}

2018-11-19 07:57:58
demo.webmigrates.com/osnap/api/Registration/UserDetail
{"data":{"id":"11","other_id":"11","token":"J6UNhgswuPshSY37qWPgOumIt7Nb5N9lCtbQpwXEOuThtNFz8oKQk87GWHHTabUA1a2d3fOUbEJYXSXo1KoXMHhUOLMeuftH400spUriXFv3i1LEcsjzFpQz","lang_type":"1"}}

2018-11-19 07:58:06
demo.webmigrates.com/osnap/api/Notification/GetNotification
{"data":{"limit":10,"page":1,"user_id":"11","token":"J6UNhgswuPshSY37qWPgOumIt7Nb5N9lCtbQpwXEOuThtNFz8oKQk87GWHHTabUA1a2d3fOUbEJYXSXo1KoXMHhUOLMeuftH400spUriXFv3i1LEcsjzFpQz","lang_type":"1"}}

2018-11-19 07:58:07
demo.webmigrates.com/osnap/api/Notification/ClearBase
{"data":{"token":"J6UNhgswuPshSY37qWPgOumIt7Nb5N9lCtbQpwXEOuThtNFz8oKQk87GWHHTabUA1a2d3fOUbEJYXSXo1KoXMHhUOLMeuftH400spUriXFv3i1LEcsjzFpQz","user_id":"11","lang_type":"1"}}

2018-11-19 07:58:07
demo.webmigrates.com/osnap/api/Notification/GetNotification
{"data":{"limit":10,"page":2,"user_id":"11","token":"J6UNhgswuPshSY37qWPgOumIt7Nb5N9lCtbQpwXEOuThtNFz8oKQk87GWHHTabUA1a2d3fOUbEJYXSXo1KoXMHhUOLMeuftH400spUriXFv3i1LEcsjzFpQz","lang_type":"1"}}

2018-11-19 08:01:18
demo.webmigrates.com/osnap/api/Registration/ClientMyEvent
{"data":{"id":"11","year":"2018","token":"J6UNhgswuPshSY37qWPgOumIt7Nb5N9lCtbQpwXEOuThtNFz8oKQk87GWHHTabUA1a2d3fOUbEJYXSXo1KoXMHhUOLMeuftH400spUriXFv3i1LEcsjzFpQz","lang_type":"1"}}

2018-11-19 08:01:18
demo.webmigrates.com/osnap/api/Notification/CountBase
{"data":{"token":"J6UNhgswuPshSY37qWPgOumIt7Nb5N9lCtbQpwXEOuThtNFz8oKQk87GWHHTabUA1a2d3fOUbEJYXSXo1KoXMHhUOLMeuftH400spUriXFv3i1LEcsjzFpQz","user_id":"11","lang_type":"1"}}

2018-11-19 08:01:18
demo.webmigrates.com/osnap/api/Registration/UserDetail
{"data":{"id":"11","other_id":"11","token":"J6UNhgswuPshSY37qWPgOumIt7Nb5N9lCtbQpwXEOuThtNFz8oKQk87GWHHTabUA1a2d3fOUbEJYXSXo1KoXMHhUOLMeuftH400spUriXFv3i1LEcsjzFpQz","lang_type":"1"}}

2018-11-19 08:01:24
demo.webmigrates.com/osnap/api/Notification/GetNotification
{"data":{"limit":10,"page":1,"user_id":"11","token":"J6UNhgswuPshSY37qWPgOumIt7Nb5N9lCtbQpwXEOuThtNFz8oKQk87GWHHTabUA1a2d3fOUbEJYXSXo1KoXMHhUOLMeuftH400spUriXFv3i1LEcsjzFpQz","lang_type":"1"}}

2018-11-19 08:01:24
demo.webmigrates.com/osnap/api/Notification/ClearBase
{"data":{"token":"J6UNhgswuPshSY37qWPgOumIt7Nb5N9lCtbQpwXEOuThtNFz8oKQk87GWHHTabUA1a2d3fOUbEJYXSXo1KoXMHhUOLMeuftH400spUriXFv3i1LEcsjzFpQz","user_id":"11","lang_type":"1"}}

2018-11-19 08:01:24
demo.webmigrates.com/osnap/api/Notification/GetNotification
{"data":{"limit":10,"page":2,"user_id":"11","token":"J6UNhgswuPshSY37qWPgOumIt7Nb5N9lCtbQpwXEOuThtNFz8oKQk87GWHHTabUA1a2d3fOUbEJYXSXo1KoXMHhUOLMeuftH400spUriXFv3i1LEcsjzFpQz","lang_type":"1"}}

2018-11-19 08:01:29
demo.webmigrates.com/osnap/api/Registration/UserDetail
{"data":{"id":"11","other_id":"11","token":"J6UNhgswuPshSY37qWPgOumIt7Nb5N9lCtbQpwXEOuThtNFz8oKQk87GWHHTabUA1a2d3fOUbEJYXSXo1KoXMHhUOLMeuftH400spUriXFv3i1LEcsjzFpQz","lang_type":"1"}}

2018-11-19 08:01:47
demo.webmigrates.com/osnap/api/Registration/UserDetail
{"data":{"id":"11","other_id":"11","token":"J6UNhgswuPshSY37qWPgOumIt7Nb5N9lCtbQpwXEOuThtNFz8oKQk87GWHHTabUA1a2d3fOUbEJYXSXo1KoXMHhUOLMeuftH400spUriXFv3i1LEcsjzFpQz","lang_type":"1"}}

2018-11-19 08:08:17
demo.webmigrates.com/osnap/api/Notification/CountBase
{"data":{"token":"J6UNhgswuPshSY37qWPgOumIt7Nb5N9lCtbQpwXEOuThtNFz8oKQk87GWHHTabUA1a2d3fOUbEJYXSXo1KoXMHhUOLMeuftH400spUriXFv3i1LEcsjzFpQz","user_id":"11","lang_type":"1"}}

2018-11-19 08:08:17
demo.webmigrates.com/osnap/api/Registration/ClientMyEvent
{"data":{"id":"11","year":"2018","token":"J6UNhgswuPshSY37qWPgOumIt7Nb5N9lCtbQpwXEOuThtNFz8oKQk87GWHHTabUA1a2d3fOUbEJYXSXo1KoXMHhUOLMeuftH400spUriXFv3i1LEcsjzFpQz","lang_type":"1"}}

2018-11-19 08:08:17
demo.webmigrates.com/osnap/api/Registration/UserDetail
{"data":{"id":"11","other_id":"11","token":"J6UNhgswuPshSY37qWPgOumIt7Nb5N9lCtbQpwXEOuThtNFz8oKQk87GWHHTabUA1a2d3fOUbEJYXSXo1KoXMHhUOLMeuftH400spUriXFv3i1LEcsjzFpQz","lang_type":"1"}}

2018-11-19 08:22:05
demo.webmigrates.com/osnap/api/Registration/ClientMyEvent
{"data":{"id":"11","year":"2018","token":"J6UNhgswuPshSY37qWPgOumIt7Nb5N9lCtbQpwXEOuThtNFz8oKQk87GWHHTabUA1a2d3fOUbEJYXSXo1KoXMHhUOLMeuftH400spUriXFv3i1LEcsjzFpQz","lang_type":"1"}}

2018-11-19 08:22:05
demo.webmigrates.com/osnap/api/Registration/UserDetail
{"data":{"id":"11","other_id":"11","token":"J6UNhgswuPshSY37qWPgOumIt7Nb5N9lCtbQpwXEOuThtNFz8oKQk87GWHHTabUA1a2d3fOUbEJYXSXo1KoXMHhUOLMeuftH400spUriXFv3i1LEcsjzFpQz","lang_type":"1"}}

2018-11-19 08:22:05
demo.webmigrates.com/osnap/api/Notification/CountBase
{"data":{"token":"J6UNhgswuPshSY37qWPgOumIt7Nb5N9lCtbQpwXEOuThtNFz8oKQk87GWHHTabUA1a2d3fOUbEJYXSXo1KoXMHhUOLMeuftH400spUriXFv3i1LEcsjzFpQz","user_id":"11","lang_type":"1"}}

2018-11-19 08:22:47
demo.webmigrates.com/osnap/api/Registration/UserDetail
{"data":{"id":"11","other_id":"11","token":"J6UNhgswuPshSY37qWPgOumIt7Nb5N9lCtbQpwXEOuThtNFz8oKQk87GWHHTabUA1a2d3fOUbEJYXSXo1KoXMHhUOLMeuftH400spUriXFv3i1LEcsjzFpQz","lang_type":"1"}}

2018-11-19 08:32:58
demo.webmigrates.com/osnap/api/Notification/CountBase
{"data":{"token":"J6UNhgswuPshSY37qWPgOumIt7Nb5N9lCtbQpwXEOuThtNFz8oKQk87GWHHTabUA1a2d3fOUbEJYXSXo1KoXMHhUOLMeuftH400spUriXFv3i1LEcsjzFpQz","user_id":"11","lang_type":"1"}}

2018-11-19 08:32:58
demo.webmigrates.com/osnap/api/Registration/ClientMyEvent
{"data":{"id":"11","year":"2018","token":"J6UNhgswuPshSY37qWPgOumIt7Nb5N9lCtbQpwXEOuThtNFz8oKQk87GWHHTabUA1a2d3fOUbEJYXSXo1KoXMHhUOLMeuftH400spUriXFv3i1LEcsjzFpQz","lang_type":"1"}}

2018-11-19 08:32:58
demo.webmigrates.com/osnap/api/Registration/UserDetail
{"data":{"id":"11","other_id":"11","token":"J6UNhgswuPshSY37qWPgOumIt7Nb5N9lCtbQpwXEOuThtNFz8oKQk87GWHHTabUA1a2d3fOUbEJYXSXo1KoXMHhUOLMeuftH400spUriXFv3i1LEcsjzFpQz","lang_type":"1"}}

2018-11-19 08:33:06
demo.webmigrates.com/osnap/api/General/GetCategory
{"data":{"id":"11","token":"J6UNhgswuPshSY37qWPgOumIt7Nb5N9lCtbQpwXEOuThtNFz8oKQk87GWHHTabUA1a2d3fOUbEJYXSXo1KoXMHhUOLMeuftH400spUriXFv3i1LEcsjzFpQz","lang_type":"1"}}

2018-11-19 08:33:16
demo.webmigrates.com/osnap/api/Registration/UserDetail
{"data":{"id":"11","other_id":"11","token":"J6UNhgswuPshSY37qWPgOumIt7Nb5N9lCtbQpwXEOuThtNFz8oKQk87GWHHTabUA1a2d3fOUbEJYXSXo1KoXMHhUOLMeuftH400spUriXFv3i1LEcsjzFpQz","lang_type":"1"}}

2018-11-19 08:33:27
demo.webmigrates.com/osnap/api/Registration/UserDetail
{"data":{"id":"11","other_id":"11","token":"J6UNhgswuPshSY37qWPgOumIt7Nb5N9lCtbQpwXEOuThtNFz8oKQk87GWHHTabUA1a2d3fOUbEJYXSXo1KoXMHhUOLMeuftH400spUriXFv3i1LEcsjzFpQz","lang_type":"1"}}

2018-11-19 08:34:05
demo.webmigrates.com/osnap/api/Notification/CountBase
{"data":{"token":"J6UNhgswuPshSY37qWPgOumIt7Nb5N9lCtbQpwXEOuThtNFz8oKQk87GWHHTabUA1a2d3fOUbEJYXSXo1KoXMHhUOLMeuftH400spUriXFv3i1LEcsjzFpQz","user_id":"11","lang_type":"1"}}

2018-11-19 08:34:05
demo.webmigrates.com/osnap/api/Registration/UserDetail
{"data":{"id":"11","other_id":"11","token":"J6UNhgswuPshSY37qWPgOumIt7Nb5N9lCtbQpwXEOuThtNFz8oKQk87GWHHTabUA1a2d3fOUbEJYXSXo1KoXMHhUOLMeuftH400spUriXFv3i1LEcsjzFpQz","lang_type":"1"}}

2018-11-19 08:34:05
demo.webmigrates.com/osnap/api/Registration/ClientMyEvent
{"data":{"id":"11","year":"2018","token":"J6UNhgswuPshSY37qWPgOumIt7Nb5N9lCtbQpwXEOuThtNFz8oKQk87GWHHTabUA1a2d3fOUbEJYXSXo1KoXMHhUOLMeuftH400spUriXFv3i1LEcsjzFpQz","lang_type":"1"}}

2018-11-19 22:06:18
demo.webmigrates.com/osnap/api/Notification/CountBase
{"data":{"token":"J6UNhgswuPshSY37qWPgOumIt7Nb5N9lCtbQpwXEOuThtNFz8oKQk87GWHHTabUA1a2d3fOUbEJYXSXo1KoXMHhUOLMeuftH400spUriXFv3i1LEcsjzFpQz","user_id":"11","lang_type":"1"}}

2018-11-19 22:06:18
demo.webmigrates.com/osnap/api/Registration/ClientMyEvent
{"data":{"id":"11","year":"2018","token":"J6UNhgswuPshSY37qWPgOumIt7Nb5N9lCtbQpwXEOuThtNFz8oKQk87GWHHTabUA1a2d3fOUbEJYXSXo1KoXMHhUOLMeuftH400spUriXFv3i1LEcsjzFpQz","lang_type":"1"}}

2018-11-19 22:06:18
demo.webmigrates.com/osnap/api/Registration/UserDetail
{"data":{"id":"11","other_id":"11","token":"J6UNhgswuPshSY37qWPgOumIt7Nb5N9lCtbQpwXEOuThtNFz8oKQk87GWHHTabUA1a2d3fOUbEJYXSXo1KoXMHhUOLMeuftH400spUriXFv3i1LEcsjzFpQz","lang_type":"1"}}

2018-11-19 22:06:20
demo.webmigrates.com/osnap/api/Registration/MyPost
{"data":{"limit":10,"id":"11","page":1,"token":"J6UNhgswuPshSY37qWPgOumIt7Nb5N9lCtbQpwXEOuThtNFz8oKQk87GWHHTabUA1a2d3fOUbEJYXSXo1KoXMHhUOLMeuftH400spUriXFv3i1LEcsjzFpQz","lang_type":"1"}}

2018-11-19 22:06:22
demo.webmigrates.com/osnap/api/Registration/MyRunningPostAll
{"data":{"limit":10,"id":"11","page":1,"token":"J6UNhgswuPshSY37qWPgOumIt7Nb5N9lCtbQpwXEOuThtNFz8oKQk87GWHHTabUA1a2d3fOUbEJYXSXo1KoXMHhUOLMeuftH400spUriXFv3i1LEcsjzFpQz","lang_type":"1"}}

2018-11-19 22:06:24
demo.webmigrates.com/osnap/api/Registration/EventDetail
{"data":{"id":"11","pb_id":"91","token":"J6UNhgswuPshSY37qWPgOumIt7Nb5N9lCtbQpwXEOuThtNFz8oKQk87GWHHTabUA1a2d3fOUbEJYXSXo1KoXMHhUOLMeuftH400spUriXFv3i1LEcsjzFpQz","lang_type":"1"}}

2018-11-19 22:06:26
demo.webmigrates.com/osnap/api/Registration/UserDetail
{"data":{"Dlatitude":"0.000000","id":"11","other_id":"3","Dlongtitude":"0.000000","token":"J6UNhgswuPshSY37qWPgOumIt7Nb5N9lCtbQpwXEOuThtNFz8oKQk87GWHHTabUA1a2d3fOUbEJYXSXo1KoXMHhUOLMeuftH400spUriXFv3i1LEcsjzFpQz","lang_type":"1"}}

2018-11-19 22:09:26
demo.webmigrates.com/osnap/api/Notification/CountBase
{"data":{"token":"J6UNhgswuPshSY37qWPgOumIt7Nb5N9lCtbQpwXEOuThtNFz8oKQk87GWHHTabUA1a2d3fOUbEJYXSXo1KoXMHhUOLMeuftH400spUriXFv3i1LEcsjzFpQz","user_id":"11","lang_type":"1"}}

2018-11-19 22:09:26
demo.webmigrates.com/osnap/api/Registration/ClientMyEvent
{"data":{"id":"11","year":"2018","token":"J6UNhgswuPshSY37qWPgOumIt7Nb5N9lCtbQpwXEOuThtNFz8oKQk87GWHHTabUA1a2d3fOUbEJYXSXo1KoXMHhUOLMeuftH400spUriXFv3i1LEcsjzFpQz","lang_type":"1"}}

2018-11-19 22:09:26
demo.webmigrates.com/osnap/api/Registration/UserDetail
{"data":{"id":"11","other_id":"11","token":"J6UNhgswuPshSY37qWPgOumIt7Nb5N9lCtbQpwXEOuThtNFz8oKQk87GWHHTabUA1a2d3fOUbEJYXSXo1KoXMHhUOLMeuftH400spUriXFv3i1LEcsjzFpQz","lang_type":"1"}}

2018-11-19 22:09:39
demo.webmigrates.com/osnap/api/Registration/MyPost
{"data":{"limit":10,"id":"11","page":1,"token":"J6UNhgswuPshSY37qWPgOumIt7Nb5N9lCtbQpwXEOuThtNFz8oKQk87GWHHTabUA1a2d3fOUbEJYXSXo1KoXMHhUOLMeuftH400spUriXFv3i1LEcsjzFpQz","lang_type":"1"}}

2018-11-19 22:09:41
demo.webmigrates.com/osnap/api/Registration/MyRunningPostAll
{"data":{"limit":10,"id":"11","page":1,"token":"J6UNhgswuPshSY37qWPgOumIt7Nb5N9lCtbQpwXEOuThtNFz8oKQk87GWHHTabUA1a2d3fOUbEJYXSXo1KoXMHhUOLMeuftH400spUriXFv3i1LEcsjzFpQz","lang_type":"1"}}

2018-11-19 22:09:43
demo.webmigrates.com/osnap/api/Registration/EventDetail
{"data":{"id":"11","pb_id":"91","token":"J6UNhgswuPshSY37qWPgOumIt7Nb5N9lCtbQpwXEOuThtNFz8oKQk87GWHHTabUA1a2d3fOUbEJYXSXo1KoXMHhUOLMeuftH400spUriXFv3i1LEcsjzFpQz","lang_type":"1"}}

2018-11-19 22:09:45
demo.webmigrates.com/osnap/api/Registration/UserDetail
{"data":{"Dlatitude":"0.000000","id":"11","other_id":"3","Dlongtitude":"0.000000","token":"J6UNhgswuPshSY37qWPgOumIt7Nb5N9lCtbQpwXEOuThtNFz8oKQk87GWHHTabUA1a2d3fOUbEJYXSXo1KoXMHhUOLMeuftH400spUriXFv3i1LEcsjzFpQz","lang_type":"1"}}

2018-11-19 22:26:41
demo.webmigrates.com/osnap/api/Notification/CountBase
{"data":{"token":"J6UNhgswuPshSY37qWPgOumIt7Nb5N9lCtbQpwXEOuThtNFz8oKQk87GWHHTabUA1a2d3fOUbEJYXSXo1KoXMHhUOLMeuftH400spUriXFv3i1LEcsjzFpQz","user_id":"11","lang_type":"1"}}

2018-11-19 22:26:41
demo.webmigrates.com/osnap/api/Registration/ClientMyEvent
{"data":{"id":"11","year":"2018","token":"J6UNhgswuPshSY37qWPgOumIt7Nb5N9lCtbQpwXEOuThtNFz8oKQk87GWHHTabUA1a2d3fOUbEJYXSXo1KoXMHhUOLMeuftH400spUriXFv3i1LEcsjzFpQz","lang_type":"1"}}

2018-11-19 22:26:41
demo.webmigrates.com/osnap/api/Registration/UserDetail
{"data":{"id":"11","other_id":"11","token":"J6UNhgswuPshSY37qWPgOumIt7Nb5N9lCtbQpwXEOuThtNFz8oKQk87GWHHTabUA1a2d3fOUbEJYXSXo1KoXMHhUOLMeuftH400spUriXFv3i1LEcsjzFpQz","lang_type":"1"}}

2018-11-19 22:26:44
demo.webmigrates.com/osnap/api/Registration/MyPost
{"data":{"limit":10,"id":"11","page":1,"token":"J6UNhgswuPshSY37qWPgOumIt7Nb5N9lCtbQpwXEOuThtNFz8oKQk87GWHHTabUA1a2d3fOUbEJYXSXo1KoXMHhUOLMeuftH400spUriXFv3i1LEcsjzFpQz","lang_type":"1"}}

2018-11-19 22:26:45
demo.webmigrates.com/osnap/api/Registration/MyRunningPostAll
{"data":{"limit":10,"id":"11","page":1,"token":"J6UNhgswuPshSY37qWPgOumIt7Nb5N9lCtbQpwXEOuThtNFz8oKQk87GWHHTabUA1a2d3fOUbEJYXSXo1KoXMHhUOLMeuftH400spUriXFv3i1LEcsjzFpQz","lang_type":"1"}}

2018-11-19 22:26:47
demo.webmigrates.com/osnap/api/Registration/EventDetail
{"data":{"id":"11","pb_id":"91","token":"J6UNhgswuPshSY37qWPgOumIt7Nb5N9lCtbQpwXEOuThtNFz8oKQk87GWHHTabUA1a2d3fOUbEJYXSXo1KoXMHhUOLMeuftH400spUriXFv3i1LEcsjzFpQz","lang_type":"1"}}

2018-11-19 22:26:49
demo.webmigrates.com/osnap/api/Registration/UserDetail
{"data":{"Dlatitude":"0.000000","id":"11","other_id":"3","Dlongtitude":"0.000000","token":"J6UNhgswuPshSY37qWPgOumIt7Nb5N9lCtbQpwXEOuThtNFz8oKQk87GWHHTabUA1a2d3fOUbEJYXSXo1KoXMHhUOLMeuftH400spUriXFv3i1LEcsjzFpQz","lang_type":"1"}}

2018-11-19 22:32:19
demo.webmigrates.com/osnap/api/Notification/CountBase
{"data":{"token":"J6UNhgswuPshSY37qWPgOumIt7Nb5N9lCtbQpwXEOuThtNFz8oKQk87GWHHTabUA1a2d3fOUbEJYXSXo1KoXMHhUOLMeuftH400spUriXFv3i1LEcsjzFpQz","user_id":"11","lang_type":"1"}}

2018-11-19 22:32:19
demo.webmigrates.com/osnap/api/Registration/ClientMyEvent
{"data":{"id":"11","year":"2018","token":"J6UNhgswuPshSY37qWPgOumIt7Nb5N9lCtbQpwXEOuThtNFz8oKQk87GWHHTabUA1a2d3fOUbEJYXSXo1KoXMHhUOLMeuftH400spUriXFv3i1LEcsjzFpQz","lang_type":"1"}}

2018-11-19 22:32:19
demo.webmigrates.com/osnap/api/Registration/UserDetail
{"data":{"id":"11","other_id":"11","token":"J6UNhgswuPshSY37qWPgOumIt7Nb5N9lCtbQpwXEOuThtNFz8oKQk87GWHHTabUA1a2d3fOUbEJYXSXo1KoXMHhUOLMeuftH400spUriXFv3i1LEcsjzFpQz","lang_type":"1"}}

2018-11-19 22:32:25
demo.webmigrates.com/osnap/api/Registration/MyPost
{"data":{"limit":10,"id":"11","page":1,"token":"J6UNhgswuPshSY37qWPgOumIt7Nb5N9lCtbQpwXEOuThtNFz8oKQk87GWHHTabUA1a2d3fOUbEJYXSXo1KoXMHhUOLMeuftH400spUriXFv3i1LEcsjzFpQz","lang_type":"1"}}

2018-11-19 22:32:27
demo.webmigrates.com/osnap/api/Registration/MyRunningPostAll
{"data":{"limit":10,"id":"11","page":1,"token":"J6UNhgswuPshSY37qWPgOumIt7Nb5N9lCtbQpwXEOuThtNFz8oKQk87GWHHTabUA1a2d3fOUbEJYXSXo1KoXMHhUOLMeuftH400spUriXFv3i1LEcsjzFpQz","lang_type":"1"}}

2018-11-19 22:32:28
demo.webmigrates.com/osnap/api/Registration/EventDetail
{"data":{"id":"11","pb_id":"91","token":"J6UNhgswuPshSY37qWPgOumIt7Nb5N9lCtbQpwXEOuThtNFz8oKQk87GWHHTabUA1a2d3fOUbEJYXSXo1KoXMHhUOLMeuftH400spUriXFv3i1LEcsjzFpQz","lang_type":"1"}}

2018-11-19 22:32:30
demo.webmigrates.com/osnap/api/Registration/UserDetail
{"data":{"Dlatitude":"0.000000","id":"11","other_id":"3","Dlongtitude":"0.000000","token":"J6UNhgswuPshSY37qWPgOumIt7Nb5N9lCtbQpwXEOuThtNFz8oKQk87GWHHTabUA1a2d3fOUbEJYXSXo1KoXMHhUOLMeuftH400spUriXFv3i1LEcsjzFpQz","lang_type":"1"}}

2018-11-19 22:36:20
demo.webmigrates.com/osnap/api/Registration/ClientMyEvent
{"data":{"id":"11","year":"2018","token":"J6UNhgswuPshSY37qWPgOumIt7Nb5N9lCtbQpwXEOuThtNFz8oKQk87GWHHTabUA1a2d3fOUbEJYXSXo1KoXMHhUOLMeuftH400spUriXFv3i1LEcsjzFpQz","lang_type":"1"}}

2018-11-19 22:36:20
demo.webmigrates.com/osnap/api/Notification/CountBase
{"data":{"token":"J6UNhgswuPshSY37qWPgOumIt7Nb5N9lCtbQpwXEOuThtNFz8oKQk87GWHHTabUA1a2d3fOUbEJYXSXo1KoXMHhUOLMeuftH400spUriXFv3i1LEcsjzFpQz","user_id":"11","lang_type":"1"}}

2018-11-19 22:36:20
demo.webmigrates.com/osnap/api/Registration/UserDetail
{"data":{"id":"11","other_id":"11","token":"J6UNhgswuPshSY37qWPgOumIt7Nb5N9lCtbQpwXEOuThtNFz8oKQk87GWHHTabUA1a2d3fOUbEJYXSXo1KoXMHhUOLMeuftH400spUriXFv3i1LEcsjzFpQz","lang_type":"1"}}

2018-11-19 22:36:22
demo.webmigrates.com/osnap/api/Registration/MyPost
{"data":{"limit":10,"id":"11","page":1,"token":"J6UNhgswuPshSY37qWPgOumIt7Nb5N9lCtbQpwXEOuThtNFz8oKQk87GWHHTabUA1a2d3fOUbEJYXSXo1KoXMHhUOLMeuftH400spUriXFv3i1LEcsjzFpQz","lang_type":"1"}}

2018-11-19 22:36:24
demo.webmigrates.com/osnap/api/Registration/MyRunningPostAll
{"data":{"limit":10,"id":"11","page":1,"token":"J6UNhgswuPshSY37qWPgOumIt7Nb5N9lCtbQpwXEOuThtNFz8oKQk87GWHHTabUA1a2d3fOUbEJYXSXo1KoXMHhUOLMeuftH400spUriXFv3i1LEcsjzFpQz","lang_type":"1"}}

2018-11-19 22:36:25
demo.webmigrates.com/osnap/api/Registration/EventDetail
{"data":{"id":"11","pb_id":"91","token":"J6UNhgswuPshSY37qWPgOumIt7Nb5N9lCtbQpwXEOuThtNFz8oKQk87GWHHTabUA1a2d3fOUbEJYXSXo1KoXMHhUOLMeuftH400spUriXFv3i1LEcsjzFpQz","lang_type":"1"}}

2018-11-19 22:36:27
demo.webmigrates.com/osnap/api/Registration/UserDetail
{"data":{"Dlatitude":"0.000000","id":"11","other_id":"3","Dlongtitude":"0.000000","token":"J6UNhgswuPshSY37qWPgOumIt7Nb5N9lCtbQpwXEOuThtNFz8oKQk87GWHHTabUA1a2d3fOUbEJYXSXo1KoXMHhUOLMeuftH400spUriXFv3i1LEcsjzFpQz","lang_type":"1"}}

2018-11-19 22:50:19
demo.webmigrates.com/osnap/api/Registration/ClientMyEvent
{"data":{"id":"11","year":"2018","token":"J6UNhgswuPshSY37qWPgOumIt7Nb5N9lCtbQpwXEOuThtNFz8oKQk87GWHHTabUA1a2d3fOUbEJYXSXo1KoXMHhUOLMeuftH400spUriXFv3i1LEcsjzFpQz","lang_type":"1"}}

2018-11-19 22:50:19
demo.webmigrates.com/osnap/api/Notification/CountBase
{"data":{"token":"J6UNhgswuPshSY37qWPgOumIt7Nb5N9lCtbQpwXEOuThtNFz8oKQk87GWHHTabUA1a2d3fOUbEJYXSXo1KoXMHhUOLMeuftH400spUriXFv3i1LEcsjzFpQz","user_id":"11","lang_type":"1"}}

2018-11-19 22:50:19
demo.webmigrates.com/osnap/api/Registration/UserDetail
{"data":{"id":"11","other_id":"11","token":"J6UNhgswuPshSY37qWPgOumIt7Nb5N9lCtbQpwXEOuThtNFz8oKQk87GWHHTabUA1a2d3fOUbEJYXSXo1KoXMHhUOLMeuftH400spUriXFv3i1LEcsjzFpQz","lang_type":"1"}}

2018-11-19 22:50:22
demo.webmigrates.com/osnap/api/Registration/MyPost
{"data":{"limit":10,"id":"11","page":1,"token":"J6UNhgswuPshSY37qWPgOumIt7Nb5N9lCtbQpwXEOuThtNFz8oKQk87GWHHTabUA1a2d3fOUbEJYXSXo1KoXMHhUOLMeuftH400spUriXFv3i1LEcsjzFpQz","lang_type":"1"}}

2018-11-19 22:50:23
demo.webmigrates.com/osnap/api/Registration/MyRunningPostAll
{"data":{"limit":10,"id":"11","page":1,"token":"J6UNhgswuPshSY37qWPgOumIt7Nb5N9lCtbQpwXEOuThtNFz8oKQk87GWHHTabUA1a2d3fOUbEJYXSXo1KoXMHhUOLMeuftH400spUriXFv3i1LEcsjzFpQz","lang_type":"1"}}

2018-11-19 22:50:25
demo.webmigrates.com/osnap/api/Registration/EventDetail
{"data":{"id":"11","pb_id":"91","token":"J6UNhgswuPshSY37qWPgOumIt7Nb5N9lCtbQpwXEOuThtNFz8oKQk87GWHHTabUA1a2d3fOUbEJYXSXo1KoXMHhUOLMeuftH400spUriXFv3i1LEcsjzFpQz","lang_type":"1"}}

2018-11-19 22:50:26
demo.webmigrates.com/osnap/api/Registration/UserDetail
{"data":{"Dlatitude":"0.000000","id":"11","other_id":"3","Dlongtitude":"0.000000","token":"J6UNhgswuPshSY37qWPgOumIt7Nb5N9lCtbQpwXEOuThtNFz8oKQk87GWHHTabUA1a2d3fOUbEJYXSXo1KoXMHhUOLMeuftH400spUriXFv3i1LEcsjzFpQz","lang_type":"1"}}

2018-11-19 22:50:33
demo.webmigrates.com/osnap/api/Registration/UserDetail
{"data":{"id":"11","other_id":"11","token":"J6UNhgswuPshSY37qWPgOumIt7Nb5N9lCtbQpwXEOuThtNFz8oKQk87GWHHTabUA1a2d3fOUbEJYXSXo1KoXMHhUOLMeuftH400spUriXFv3i1LEcsjzFpQz","lang_type":"1"}}

2018-11-19 22:50:42
demo.webmigrates.com/osnap/api/Registration/PromotionList
{"data":{"all_list":1,"id":"11","limit":10,"page":1,"token":"J6UNhgswuPshSY37qWPgOumIt7Nb5N9lCtbQpwXEOuThtNFz8oKQk87GWHHTabUA1a2d3fOUbEJYXSXo1KoXMHhUOLMeuftH400spUriXFv3i1LEcsjzFpQz","lang_type":"1"}}

2018-11-19 22:50:44
demo.webmigrates.com/osnap/api/Registration/SinglePromotion
{"data":{"Dlatitude":"0.000000","id":"11","promotion_id":"30","Dlongtitude":"0.000000","token":"J6UNhgswuPshSY37qWPgOumIt7Nb5N9lCtbQpwXEOuThtNFz8oKQk87GWHHTabUA1a2d3fOUbEJYXSXo1KoXMHhUOLMeuftH400spUriXFv3i1LEcsjzFpQz","lang_type":"1"}}

2018-11-19 22:50:46
demo.webmigrates.com/osnap/api/Registration/UserDetail
{"data":{"id":"11","other_id":"11","token":"J6UNhgswuPshSY37qWPgOumIt7Nb5N9lCtbQpwXEOuThtNFz8oKQk87GWHHTabUA1a2d3fOUbEJYXSXo1KoXMHhUOLMeuftH400spUriXFv3i1LEcsjzFpQz","lang_type":"1"}}

2018-11-19 23:14:38
demo.webmigrates.com/osnap/api/Registration/ClientMyEvent
{"data":{"id":"11","year":"2018","token":"J6UNhgswuPshSY37qWPgOumIt7Nb5N9lCtbQpwXEOuThtNFz8oKQk87GWHHTabUA1a2d3fOUbEJYXSXo1KoXMHhUOLMeuftH400spUriXFv3i1LEcsjzFpQz","lang_type":"1"}}

2018-11-19 23:14:38
demo.webmigrates.com/osnap/api/Notification/CountBase
{"data":{"token":"J6UNhgswuPshSY37qWPgOumIt7Nb5N9lCtbQpwXEOuThtNFz8oKQk87GWHHTabUA1a2d3fOUbEJYXSXo1KoXMHhUOLMeuftH400spUriXFv3i1LEcsjzFpQz","user_id":"11","lang_type":"1"}}

2018-11-19 23:14:38
demo.webmigrates.com/osnap/api/Registration/UserDetail
{"data":{"id":"11","other_id":"11","token":"J6UNhgswuPshSY37qWPgOumIt7Nb5N9lCtbQpwXEOuThtNFz8oKQk87GWHHTabUA1a2d3fOUbEJYXSXo1KoXMHhUOLMeuftH400spUriXFv3i1LEcsjzFpQz","lang_type":"1"}}

2018-11-19 23:17:45
demo.webmigrates.com/osnap/api/Registration/UserDetail
{"data":{"id":"11","other_id":"11","token":"J6UNhgswuPshSY37qWPgOumIt7Nb5N9lCtbQpwXEOuThtNFz8oKQk87GWHHTabUA1a2d3fOUbEJYXSXo1KoXMHhUOLMeuftH400spUriXFv3i1LEcsjzFpQz","lang_type":"1"}}

2018-11-19 23:17:47
demo.webmigrates.com/osnap/api/Registration/FvrtUsersList
{"data":{"limit":10,"id":"11","page":1,"token":"J6UNhgswuPshSY37qWPgOumIt7Nb5N9lCtbQpwXEOuThtNFz8oKQk87GWHHTabUA1a2d3fOUbEJYXSXo1KoXMHhUOLMeuftH400spUriXFv3i1LEcsjzFpQz","lang_type":"1"}}

2018-11-19 23:17:47
demo.webmigrates.com/osnap/api/Registration/FvrtUsersList
{"data":{"limit":10,"id":"11","page":2,"token":"J6UNhgswuPshSY37qWPgOumIt7Nb5N9lCtbQpwXEOuThtNFz8oKQk87GWHHTabUA1a2d3fOUbEJYXSXo1KoXMHhUOLMeuftH400spUriXFv3i1LEcsjzFpQz","lang_type":"1"}}

2018-11-19 23:36:48
demo.webmigrates.com/osnap/api/Registration/UserDetail
{"data":{"id":"11","other_id":"11","token":"J6UNhgswuPshSY37qWPgOumIt7Nb5N9lCtbQpwXEOuThtNFz8oKQk87GWHHTabUA1a2d3fOUbEJYXSXo1KoXMHhUOLMeuftH400spUriXFv3i1LEcsjzFpQz","lang_type":"1"}}

2018-11-19 23:36:52
demo.webmigrates.com/osnap/api/Registration/PromotionList
{"data":{"all_list":1,"id":"11","limit":10,"page":1,"token":"J6UNhgswuPshSY37qWPgOumIt7Nb5N9lCtbQpwXEOuThtNFz8oKQk87GWHHTabUA1a2d3fOUbEJYXSXo1KoXMHhUOLMeuftH400spUriXFv3i1LEcsjzFpQz","lang_type":"1"}}

2018-11-19 23:36:53
demo.webmigrates.com/osnap/api/Registration/UserDetail
{"data":{"id":"11","other_id":"11","token":"J6UNhgswuPshSY37qWPgOumIt7Nb5N9lCtbQpwXEOuThtNFz8oKQk87GWHHTabUA1a2d3fOUbEJYXSXo1KoXMHhUOLMeuftH400spUriXFv3i1LEcsjzFpQz","lang_type":"1"}}

2018-11-19 23:36:54
demo.webmigrates.com/osnap/api/General/GetCategory
{"data":{"id":"11","token":"J6UNhgswuPshSY37qWPgOumIt7Nb5N9lCtbQpwXEOuThtNFz8oKQk87GWHHTabUA1a2d3fOUbEJYXSXo1KoXMHhUOLMeuftH400spUriXFv3i1LEcsjzFpQz","lang_type":"1"}}

2018-11-19 23:38:52
demo.webmigrates.com/osnap/api/Registration/UserDetail
{"data":{"id":"112","lang_type":"1","other_id":"112","token":"54BOgMu66xNgbpp5mLWSmSpFhlW6HjYUuta5cUmlJZBbZUdxA9Sd1XQnx6OW5wrJcOs3vXt2UWPwXUwfXfqBtzFzPMxeUsIBAGlKMLrD9D1PC6OuLf8P3KOG"}}

2018-11-19 23:38:52
demo.webmigrates.com/osnap/api/Registration/ClientMyEvent
{"data":{"id":"112","lang_type":"1","year":"2018","token":"54BOgMu66xNgbpp5mLWSmSpFhlW6HjYUuta5cUmlJZBbZUdxA9Sd1XQnx6OW5wrJcOs3vXt2UWPwXUwfXfqBtzFzPMxeUsIBAGlKMLrD9D1PC6OuLf8P3KOG"}}

2018-11-19 23:38:52
demo.webmigrates.com/osnap/api/Notification/CountBase
{"data":{"lang_type":"1","token":"54BOgMu66xNgbpp5mLWSmSpFhlW6HjYUuta5cUmlJZBbZUdxA9Sd1XQnx6OW5wrJcOs3vXt2UWPwXUwfXfqBtzFzPMxeUsIBAGlKMLrD9D1PC6OuLf8P3KOG","user_id":"112"}}

2018-11-19 23:45:30
demo.webmigrates.com/osnap/api/Notification/CountBase
{"data":{"token":"J6UNhgswuPshSY37qWPgOumIt7Nb5N9lCtbQpwXEOuThtNFz8oKQk87GWHHTabUA1a2d3fOUbEJYXSXo1KoXMHhUOLMeuftH400spUriXFv3i1LEcsjzFpQz","user_id":"11","lang_type":"1"}}

2018-11-19 23:45:30
demo.webmigrates.com/osnap/api/Registration/ClientMyEvent
{"data":{"id":"11","year":"2018","token":"J6UNhgswuPshSY37qWPgOumIt7Nb5N9lCtbQpwXEOuThtNFz8oKQk87GWHHTabUA1a2d3fOUbEJYXSXo1KoXMHhUOLMeuftH400spUriXFv3i1LEcsjzFpQz","lang_type":"1"}}

2018-11-19 23:45:30
demo.webmigrates.com/osnap/api/Registration/UserDetail
{"data":{"id":"11","other_id":"11","token":"J6UNhgswuPshSY37qWPgOumIt7Nb5N9lCtbQpwXEOuThtNFz8oKQk87GWHHTabUA1a2d3fOUbEJYXSXo1KoXMHhUOLMeuftH400spUriXFv3i1LEcsjzFpQz","lang_type":"1"}}

2018-11-19 23:45:36
demo.webmigrates.com/osnap/api/General/GetCategory
{"data":{"id":"11","token":"J6UNhgswuPshSY37qWPgOumIt7Nb5N9lCtbQpwXEOuThtNFz8oKQk87GWHHTabUA1a2d3fOUbEJYXSXo1KoXMHhUOLMeuftH400spUriXFv3i1LEcsjzFpQz","lang_type":"1"}}

2018-11-19 23:45:55
demo.webmigrates.com/osnap/api/General/GetSubCategory
{"data":{"id":"11","category_id":"12","token":"J6UNhgswuPshSY37qWPgOumIt7Nb5N9lCtbQpwXEOuThtNFz8oKQk87GWHHTabUA1a2d3fOUbEJYXSXo1KoXMHhUOLMeuftH400spUriXFv3i1LEcsjzFpQz","lang_type":"1"}}

2018-11-19 23:46:56
demo.webmigrates.com/osnap/api/Registration/AddPost
{"data":{"id":"11","category_id":"12","work_type":"2","job_title":"gh h h","commitment":"2","pay_by":"2","token":"J6UNhgswuPshSY37qWPgOumIt7Nb5N9lCtbQpwXEOuThtNFz8oKQk87GWHHTabUA1a2d3fOUbEJYXSXo1KoXMHhUOLMeuftH400spUriXFv3i1LEcsjzFpQz","subcategory_id":"14","exp_level":"3","lang_type":"1","job_description":"Hvhbubu","rate":"45","how_long":"2","attachments":[]}}

2018-11-19 23:46:59
demo.webmigrates.com/osnap/api/Registration/UserDetail
{"data":{"id":"11","other_id":"11","token":"J6UNhgswuPshSY37qWPgOumIt7Nb5N9lCtbQpwXEOuThtNFz8oKQk87GWHHTabUA1a2d3fOUbEJYXSXo1KoXMHhUOLMeuftH400spUriXFv3i1LEcsjzFpQz","lang_type":"1"}}

2018-11-19 23:47:01
demo.webmigrates.com/osnap/api/Registration/MyPost
{"data":{"limit":10,"id":"11","page":1,"token":"J6UNhgswuPshSY37qWPgOumIt7Nb5N9lCtbQpwXEOuThtNFz8oKQk87GWHHTabUA1a2d3fOUbEJYXSXo1KoXMHhUOLMeuftH400spUriXFv3i1LEcsjzFpQz","lang_type":"1"}}

2018-11-19 23:47:07
demo.webmigrates.com/osnap/api/Registration/UserDetail
{"data":{"id":"11","other_id":"11","token":"J6UNhgswuPshSY37qWPgOumIt7Nb5N9lCtbQpwXEOuThtNFz8oKQk87GWHHTabUA1a2d3fOUbEJYXSXo1KoXMHhUOLMeuftH400spUriXFv3i1LEcsjzFpQz","lang_type":"1"}}

2018-11-19 23:47:08
demo.webmigrates.com/osnap/api/Notification/GetNotification
{"data":{"limit":10,"page":1,"user_id":"11","token":"J6UNhgswuPshSY37qWPgOumIt7Nb5N9lCtbQpwXEOuThtNFz8oKQk87GWHHTabUA1a2d3fOUbEJYXSXo1KoXMHhUOLMeuftH400spUriXFv3i1LEcsjzFpQz","lang_type":"1"}}

2018-11-19 23:47:09
demo.webmigrates.com/osnap/api/Notification/GetNotification
{"data":{"limit":10,"page":2,"user_id":"11","token":"J6UNhgswuPshSY37qWPgOumIt7Nb5N9lCtbQpwXEOuThtNFz8oKQk87GWHHTabUA1a2d3fOUbEJYXSXo1KoXMHhUOLMeuftH400spUriXFv3i1LEcsjzFpQz","lang_type":"1"}}

2018-11-19 23:47:09
demo.webmigrates.com/osnap/api/Notification/ClearBase
{"data":{"token":"J6UNhgswuPshSY37qWPgOumIt7Nb5N9lCtbQpwXEOuThtNFz8oKQk87GWHHTabUA1a2d3fOUbEJYXSXo1KoXMHhUOLMeuftH400spUriXFv3i1LEcsjzFpQz","user_id":"11","lang_type":"1"}}

2018-11-19 23:51:57
demo.webmigrates.com/osnap/api/Notification/CountBase
{"data":{"token":"J6UNhgswuPshSY37qWPgOumIt7Nb5N9lCtbQpwXEOuThtNFz8oKQk87GWHHTabUA1a2d3fOUbEJYXSXo1KoXMHhUOLMeuftH400spUriXFv3i1LEcsjzFpQz","user_id":"11","lang_type":"1"}}

2018-11-19 23:51:57
demo.webmigrates.com/osnap/api/Registration/ClientMyEvent
{"data":{"id":"11","year":"2018","token":"J6UNhgswuPshSY37qWPgOumIt7Nb5N9lCtbQpwXEOuThtNFz8oKQk87GWHHTabUA1a2d3fOUbEJYXSXo1KoXMHhUOLMeuftH400spUriXFv3i1LEcsjzFpQz","lang_type":"1"}}

2018-11-19 23:51:58
demo.webmigrates.com/osnap/api/Registration/UserDetail
{"data":{"id":"11","other_id":"11","token":"J6UNhgswuPshSY37qWPgOumIt7Nb5N9lCtbQpwXEOuThtNFz8oKQk87GWHHTabUA1a2d3fOUbEJYXSXo1KoXMHhUOLMeuftH400spUriXFv3i1LEcsjzFpQz","lang_type":"1"}}

2018-11-19 23:52:03
demo.webmigrates.com/osnap/api/Registration/MyPost
{"data":{"limit":10,"id":"11","page":1,"token":"J6UNhgswuPshSY37qWPgOumIt7Nb5N9lCtbQpwXEOuThtNFz8oKQk87GWHHTabUA1a2d3fOUbEJYXSXo1KoXMHhUOLMeuftH400spUriXFv3i1LEcsjzFpQz","lang_type":"1"}}

2018-11-19 23:52:05
demo.webmigrates.com/osnap/api/Registration/MyRunningPostAll
{"data":{"limit":10,"id":"11","page":1,"token":"J6UNhgswuPshSY37qWPgOumIt7Nb5N9lCtbQpwXEOuThtNFz8oKQk87GWHHTabUA1a2d3fOUbEJYXSXo1KoXMHhUOLMeuftH400spUriXFv3i1LEcsjzFpQz","lang_type":"1"}}

2018-11-19 23:52:09
demo.webmigrates.com/osnap/api/Registration/UserDetail
{"data":{"id":"11","other_id":"11","token":"J6UNhgswuPshSY37qWPgOumIt7Nb5N9lCtbQpwXEOuThtNFz8oKQk87GWHHTabUA1a2d3fOUbEJYXSXo1KoXMHhUOLMeuftH400spUriXFv3i1LEcsjzFpQz","lang_type":"1"}}

2018-11-19 23:52:10
demo.webmigrates.com/osnap/api/Notification/GetNotification
{"data":{"limit":10,"page":1,"user_id":"11","token":"J6UNhgswuPshSY37qWPgOumIt7Nb5N9lCtbQpwXEOuThtNFz8oKQk87GWHHTabUA1a2d3fOUbEJYXSXo1KoXMHhUOLMeuftH400spUriXFv3i1LEcsjzFpQz","lang_type":"1"}}

2018-11-19 23:52:11
demo.webmigrates.com/osnap/api/Notification/ClearBase
{"data":{"token":"J6UNhgswuPshSY37qWPgOumIt7Nb5N9lCtbQpwXEOuThtNFz8oKQk87GWHHTabUA1a2d3fOUbEJYXSXo1KoXMHhUOLMeuftH400spUriXFv3i1LEcsjzFpQz","user_id":"11","lang_type":"1"}}

2018-11-19 23:52:11
demo.webmigrates.com/osnap/api/Notification/GetNotification
{"data":{"limit":10,"page":2,"user_id":"11","token":"J6UNhgswuPshSY37qWPgOumIt7Nb5N9lCtbQpwXEOuThtNFz8oKQk87GWHHTabUA1a2d3fOUbEJYXSXo1KoXMHhUOLMeuftH400spUriXFv3i1LEcsjzFpQz","lang_type":"1"}}

2018-11-19 23:56:57
demo.webmigrates.com/osnap/api/Notification/CountBase
{"data":{"token":"J6UNhgswuPshSY37qWPgOumIt7Nb5N9lCtbQpwXEOuThtNFz8oKQk87GWHHTabUA1a2d3fOUbEJYXSXo1KoXMHhUOLMeuftH400spUriXFv3i1LEcsjzFpQz","user_id":"11","lang_type":"1"}}

2018-11-19 23:56:57
demo.webmigrates.com/osnap/api/Registration/ClientMyEvent
{"data":{"id":"11","year":"2018","token":"J6UNhgswuPshSY37qWPgOumIt7Nb5N9lCtbQpwXEOuThtNFz8oKQk87GWHHTabUA1a2d3fOUbEJYXSXo1KoXMHhUOLMeuftH400spUriXFv3i1LEcsjzFpQz","lang_type":"1"}}

2018-11-19 23:56:58
demo.webmigrates.com/osnap/api/Registration/UserDetail
{"data":{"id":"11","other_id":"11","token":"J6UNhgswuPshSY37qWPgOumIt7Nb5N9lCtbQpwXEOuThtNFz8oKQk87GWHHTabUA1a2d3fOUbEJYXSXo1KoXMHhUOLMeuftH400spUriXFv3i1LEcsjzFpQz","lang_type":"1"}}

2018-11-19 23:57:02
demo.webmigrates.com/osnap/api/Notification/GetNotification
{"data":{"limit":10,"page":1,"user_id":"11","token":"J6UNhgswuPshSY37qWPgOumIt7Nb5N9lCtbQpwXEOuThtNFz8oKQk87GWHHTabUA1a2d3fOUbEJYXSXo1KoXMHhUOLMeuftH400spUriXFv3i1LEcsjzFpQz","lang_type":"1"}}

2018-11-19 23:57:02
demo.webmigrates.com/osnap/api/Notification/ClearBase
{"data":{"token":"J6UNhgswuPshSY37qWPgOumIt7Nb5N9lCtbQpwXEOuThtNFz8oKQk87GWHHTabUA1a2d3fOUbEJYXSXo1KoXMHhUOLMeuftH400spUriXFv3i1LEcsjzFpQz","user_id":"11","lang_type":"1"}}

2018-11-19 23:57:09
demo.webmigrates.com/osnap/api/Notification/GetNotification
{"data":{"limit":10,"page":2,"user_id":"11","token":"J6UNhgswuPshSY37qWPgOumIt7Nb5N9lCtbQpwXEOuThtNFz8oKQk87GWHHTabUA1a2d3fOUbEJYXSXo1KoXMHhUOLMeuftH400spUriXFv3i1LEcsjzFpQz","lang_type":"1"}}

2018-11-19 23:57:13
demo.webmigrates.com/osnap/api/Notification/GetNotification
{"data":{"limit":10,"page":3,"user_id":"11","token":"J6UNhgswuPshSY37qWPgOumIt7Nb5N9lCtbQpwXEOuThtNFz8oKQk87GWHHTabUA1a2d3fOUbEJYXSXo1KoXMHhUOLMeuftH400spUriXFv3i1LEcsjzFpQz","lang_type":"1"}}

2018-11-19 23:57:20
demo.webmigrates.com/osnap/api/Notification/GetNotification
{"data":{"limit":10,"page":4,"user_id":"11","token":"J6UNhgswuPshSY37qWPgOumIt7Nb5N9lCtbQpwXEOuThtNFz8oKQk87GWHHTabUA1a2d3fOUbEJYXSXo1KoXMHhUOLMeuftH400spUriXFv3i1LEcsjzFpQz","lang_type":"1"}}

2018-11-19 23:57:26
demo.webmigrates.com/osnap/api/Notification/GetNotification
{"data":{"limit":10,"page":5,"user_id":"11","token":"J6UNhgswuPshSY37qWPgOumIt7Nb5N9lCtbQpwXEOuThtNFz8oKQk87GWHHTabUA1a2d3fOUbEJYXSXo1KoXMHhUOLMeuftH400spUriXFv3i1LEcsjzFpQz","lang_type":"1"}}

2018-11-19 23:57:29
demo.webmigrates.com/osnap/api/Notification/GetNotification
{"data":{"limit":10,"page":6,"user_id":"11","token":"J6UNhgswuPshSY37qWPgOumIt7Nb5N9lCtbQpwXEOuThtNFz8oKQk87GWHHTabUA1a2d3fOUbEJYXSXo1KoXMHhUOLMeuftH400spUriXFv3i1LEcsjzFpQz","lang_type":"1"}}

2018-11-19 23:57:31
demo.webmigrates.com/osnap/api/Notification/GetNotification
{"data":{"limit":10,"page":7,"user_id":"11","token":"J6UNhgswuPshSY37qWPgOumIt7Nb5N9lCtbQpwXEOuThtNFz8oKQk87GWHHTabUA1a2d3fOUbEJYXSXo1KoXMHhUOLMeuftH400spUriXFv3i1LEcsjzFpQz","lang_type":"1"}}

2018-11-19 23:57:38
demo.webmigrates.com/osnap/api/Registration/UserDetail
{"data":{"id":"11","other_id":"11","token":"J6UNhgswuPshSY37qWPgOumIt7Nb5N9lCtbQpwXEOuThtNFz8oKQk87GWHHTabUA1a2d3fOUbEJYXSXo1KoXMHhUOLMeuftH400spUriXFv3i1LEcsjzFpQz","lang_type":"1"}}

