2018-11-02 00:21:53
demo.webmigrates.com/osnap/api/Registration/ClientMyEvent
{"data":{"id":"110","year":"2018","token":"MynZl9Mm81whERHfeEqWGmGVb3Cj4MF3vtdpYVI54qKpAQGDXNe3aPdZbuuvqGNIUlgKfxuSjJbJIbRIz6UgSjHqMzbX3XRdjORT1ZHfgJfdhEF54XTF0mwn","lang_type":"1"}}

2018-11-02 00:27:21
demo.webmigrates.com/osnap/api/Registration/BusinessMyEvent
{"data":{"year":"2018","id":"42","month":"11","token":"ITBwDE9UveCUhlp269wgviiKVX1Hl0M6alHmAQi8iump4rpBpteDDEnt2ZDuWzyqLRCUjjCZwK1G6u0LYUwh8GATwx1H4iLGOZ8aC5KSTZ2uEZhnDAjZx1a7","lang_type":"1"}}

2018-11-02 00:27:24
demo.webmigrates.com/osnap/api/Registration/EventDetail
{"data":{"id":"42","pb_id":"96","token":"ITBwDE9UveCUhlp269wgviiKVX1Hl0M6alHmAQi8iump4rpBpteDDEnt2ZDuWzyqLRCUjjCZwK1G6u0LYUwh8GATwx1H4iLGOZ8aC5KSTZ2uEZhnDAjZx1a7","lang_type":"1"}}

2018-11-02 00:27:25
demo.webmigrates.com/osnap/api/Registration/UserDetail
{"data":{"Dlatitude":"21.236092","id":"42","other_id":"41","Dlongtitude":"72.872844","token":"ITBwDE9UveCUhlp269wgviiKVX1Hl0M6alHmAQi8iump4rpBpteDDEnt2ZDuWzyqLRCUjjCZwK1G6u0LYUwh8GATwx1H4iLGOZ8aC5KSTZ2uEZhnDAjZx1a7","lang_type":"1"}}

2018-11-02 00:27:29
demo.webmigrates.com/osnap/api/Registration/PaymentRequest
{"data":{"id":"42","pb_id":"96","token":"ITBwDE9UveCUhlp269wgviiKVX1Hl0M6alHmAQi8iump4rpBpteDDEnt2ZDuWzyqLRCUjjCZwK1G6u0LYUwh8GATwx1H4iLGOZ8aC5KSTZ2uEZhnDAjZx1a7","lang_type":"1"}}

2018-11-02 00:27:45
demo.webmigrates.com/osnap/api/Registration/BusinessMyEvent
{"data":{"year":"2018","id":"42","month":"10","token":"ITBwDE9UveCUhlp269wgviiKVX1Hl0M6alHmAQi8iump4rpBpteDDEnt2ZDuWzyqLRCUjjCZwK1G6u0LYUwh8GATwx1H4iLGOZ8aC5KSTZ2uEZhnDAjZx1a7","lang_type":"1"}}

2018-11-02 00:27:59
demo.webmigrates.com/osnap/api/Notification/CountBase
{"data":{"token":"ITBwDE9UveCUhlp269wgviiKVX1Hl0M6alHmAQi8iump4rpBpteDDEnt2ZDuWzyqLRCUjjCZwK1G6u0LYUwh8GATwx1H4iLGOZ8aC5KSTZ2uEZhnDAjZx1a7","user_id":"42","lang_type":"1"}}

2018-11-02 00:27:59
demo.webmigrates.com/osnap/api/Notification/CountBase
{"data":{"token":"Sb4xizGVZbbOQPXL7mlW35lpz4E0GWHN3lRVaWvkaJbI9r27RZp12PiuxEpBTZafoujq5fBbcVf3vL4kLpg76fyOk0JD475PIhlUr74E4Xi37dyHiobAo5XB","user_id":"41","lang_type":"1"}}

2018-11-02 00:27:59
demo.webmigrates.com/osnap/api/Registration/UserDetail
{"data":{"id":"41","other_id":"41","token":"Sb4xizGVZbbOQPXL7mlW35lpz4E0GWHN3lRVaWvkaJbI9r27RZp12PiuxEpBTZafoujq5fBbcVf3vL4kLpg76fyOk0JD475PIhlUr74E4Xi37dyHiobAo5XB","lang_type":"1"}}

2018-11-02 00:27:59
demo.webmigrates.com/osnap/api/Registration/ClientMyEvent
{"data":{"id":"41","year":"2018","token":"Sb4xizGVZbbOQPXL7mlW35lpz4E0GWHN3lRVaWvkaJbI9r27RZp12PiuxEpBTZafoujq5fBbcVf3vL4kLpg76fyOk0JD475PIhlUr74E4Xi37dyHiobAo5XB","lang_type":"1"}}

2018-11-02 00:27:59
demo.webmigrates.com/osnap/images/logo-white.png


2018-11-02 00:28:00
demo.webmigrates.com/osnap/api/Registration/UserDetail
{"data":{"id":"42","other_id":"42","token":"ITBwDE9UveCUhlp269wgviiKVX1Hl0M6alHmAQi8iump4rpBpteDDEnt2ZDuWzyqLRCUjjCZwK1G6u0LYUwh8GATwx1H4iLGOZ8aC5KSTZ2uEZhnDAjZx1a7","lang_type":"1"}}

2018-11-02 00:28:16
demo.webmigrates.com/osnap/api/Registration/ClientMyEvent
{"data":{"id":"110","year":"2018","token":"MynZl9Mm81whERHfeEqWGmGVb3Cj4MF3vtdpYVI54qKpAQGDXNe3aPdZbuuvqGNIUlgKfxuSjJbJIbRIz6UgSjHqMzbX3XRdjORT1ZHfgJfdhEF54XTF0mwn","lang_type":"1"}}

2018-11-02 00:28:19
demo.webmigrates.com/osnap/api/Registration/ClientMyEvent
{"data":{"id":"110","year":"2018","token":"MynZl9Mm81whERHfeEqWGmGVb3Cj4MF3vtdpYVI54qKpAQGDXNe3aPdZbuuvqGNIUlgKfxuSjJbJIbRIz6UgSjHqMzbX3XRdjORT1ZHfgJfdhEF54XTF0mwn","lang_type":"1"}}

2018-11-02 00:28:19
demo.webmigrates.com/osnap/api/Registration/UserDetail
{"data":{"id":"110","other_id":"110","token":"MynZl9Mm81whERHfeEqWGmGVb3Cj4MF3vtdpYVI54qKpAQGDXNe3aPdZbuuvqGNIUlgKfxuSjJbJIbRIz6UgSjHqMzbX3XRdjORT1ZHfgJfdhEF54XTF0mwn","lang_type":"1"}}

2018-11-02 00:28:19
demo.webmigrates.com/osnap/api/Notification/CountBase
{"data":{"token":"MynZl9Mm81whERHfeEqWGmGVb3Cj4MF3vtdpYVI54qKpAQGDXNe3aPdZbuuvqGNIUlgKfxuSjJbJIbRIz6UgSjHqMzbX3XRdjORT1ZHfgJfdhEF54XTF0mwn","user_id":"110","lang_type":"1"}}

2018-11-02 00:28:37
demo.webmigrates.com/osnap/api/Notification/CountBase
{"data":{"token":"VzInd1u5u69tgyX6R7MmCfeJlfxVevqMXmLbjBq9jPb0nEgBFYhSVrmUqfTtayDk8rZFa5StWEglAzuG3OWIKnkpF7BpEWayuoE43Ea11ap1Gtb4xoyi9xhw","user_id":"109","lang_type":"1"}}

2018-11-02 00:28:37
demo.webmigrates.com/osnap/api/Registration/UserDetail
{"data":{"id":"109","other_id":"109","token":"VzInd1u5u69tgyX6R7MmCfeJlfxVevqMXmLbjBq9jPb0nEgBFYhSVrmUqfTtayDk8rZFa5StWEglAzuG3OWIKnkpF7BpEWayuoE43Ea11ap1Gtb4xoyi9xhw","lang_type":"1"}}

2018-11-02 00:28:40
demo.webmigrates.com/osnap/api/Notification/GetNotification
{"data":{"limit":10,"page":1,"user_id":"109","token":"VzInd1u5u69tgyX6R7MmCfeJlfxVevqMXmLbjBq9jPb0nEgBFYhSVrmUqfTtayDk8rZFa5StWEglAzuG3OWIKnkpF7BpEWayuoE43Ea11ap1Gtb4xoyi9xhw","lang_type":"1"}}

2018-11-02 00:28:41
demo.webmigrates.com/osnap/api/Notification/GetNotification
{"data":{"limit":10,"page":2,"user_id":"109","token":"VzInd1u5u69tgyX6R7MmCfeJlfxVevqMXmLbjBq9jPb0nEgBFYhSVrmUqfTtayDk8rZFa5StWEglAzuG3OWIKnkpF7BpEWayuoE43Ea11ap1Gtb4xoyi9xhw","lang_type":"1"}}

2018-11-02 00:28:41
demo.webmigrates.com/osnap/api/Notification/ClearBase
{"data":{"token":"VzInd1u5u69tgyX6R7MmCfeJlfxVevqMXmLbjBq9jPb0nEgBFYhSVrmUqfTtayDk8rZFa5StWEglAzuG3OWIKnkpF7BpEWayuoE43Ea11ap1Gtb4xoyi9xhw","user_id":"109","lang_type":"1"}}

2018-11-02 00:28:43
demo.webmigrates.com/osnap/api/Registration/UserDetail
{"data":{"id":"109","other_id":"109","token":"VzInd1u5u69tgyX6R7MmCfeJlfxVevqMXmLbjBq9jPb0nEgBFYhSVrmUqfTtayDk8rZFa5StWEglAzuG3OWIKnkpF7BpEWayuoE43Ea11ap1Gtb4xoyi9xhw","lang_type":"1"}}

2018-11-02 00:28:43
demo.webmigrates.com/osnap/api/Notification/CountBase
{"data":{"token":"VzInd1u5u69tgyX6R7MmCfeJlfxVevqMXmLbjBq9jPb0nEgBFYhSVrmUqfTtayDk8rZFa5StWEglAzuG3OWIKnkpF7BpEWayuoE43Ea11ap1Gtb4xoyi9xhw","user_id":"109","lang_type":"1"}}

2018-11-02 00:28:48
demo.webmigrates.com/osnap/api/Registration/Logout
{"data":{"id":"109","token":"VzInd1u5u69tgyX6R7MmCfeJlfxVevqMXmLbjBq9jPb0nEgBFYhSVrmUqfTtayDk8rZFa5StWEglAzuG3OWIKnkpF7BpEWayuoE43Ea11ap1Gtb4xoyi9xhw","lang_type":"1"}}

2018-11-02 00:28:54
demo.webmigrates.com/osnap/api/Registration/CheckLogin
{"data":{"username":"bemp872","lang_type":"1","password":"america1","device_token":"121212","device_type":"1"}}

2018-11-02 00:28:55
demo.webmigrates.com/osnap/api/Notification/CountBase
{"data":{"token":"K4vJTofVgXhhmxDY3oOyoUY5aCwhZyJ7OErMrMXkFdkTzGd0Jrcz0uEK56CuyBC9dq3OQmJEYLFa43VSkFSGwQPHHlbCL4C5puIkjVIu9xR9k3FT3u0dYKcC","user_id":"41","lang_type":"1"}}

2018-11-02 00:28:55
demo.webmigrates.com/osnap/api/Registration/ClientMyEvent
{"data":{"id":"41","year":"2018","token":"K4vJTofVgXhhmxDY3oOyoUY5aCwhZyJ7OErMrMXkFdkTzGd0Jrcz0uEK56CuyBC9dq3OQmJEYLFa43VSkFSGwQPHHlbCL4C5puIkjVIu9xR9k3FT3u0dYKcC","lang_type":"1"}}

2018-11-02 00:28:55
demo.webmigrates.com/osnap/api/Registration/UserDetail
{"data":{"id":"41","other_id":"41","token":"K4vJTofVgXhhmxDY3oOyoUY5aCwhZyJ7OErMrMXkFdkTzGd0Jrcz0uEK56CuyBC9dq3OQmJEYLFa43VSkFSGwQPHHlbCL4C5puIkjVIu9xR9k3FT3u0dYKcC","lang_type":"1"}}

2018-11-02 00:29:02
demo.webmigrates.com/osnap/api/Notification/GetNotification
{"data":{"limit":10,"page":1,"user_id":"41","token":"K4vJTofVgXhhmxDY3oOyoUY5aCwhZyJ7OErMrMXkFdkTzGd0Jrcz0uEK56CuyBC9dq3OQmJEYLFa43VSkFSGwQPHHlbCL4C5puIkjVIu9xR9k3FT3u0dYKcC","lang_type":"1"}}

2018-11-02 00:29:02
demo.webmigrates.com/osnap/api/Notification/ClearBase
{"data":{"token":"K4vJTofVgXhhmxDY3oOyoUY5aCwhZyJ7OErMrMXkFdkTzGd0Jrcz0uEK56CuyBC9dq3OQmJEYLFa43VSkFSGwQPHHlbCL4C5puIkjVIu9xR9k3FT3u0dYKcC","user_id":"41","lang_type":"1"}}

2018-11-02 00:29:04
demo.webmigrates.com/osnap/api/Registration/EventDetail
{"data":{"id":"41","pb_id":"96","token":"K4vJTofVgXhhmxDY3oOyoUY5aCwhZyJ7OErMrMXkFdkTzGd0Jrcz0uEK56CuyBC9dq3OQmJEYLFa43VSkFSGwQPHHlbCL4C5puIkjVIu9xR9k3FT3u0dYKcC","lang_type":"1"}}

2018-11-02 00:29:06
demo.webmigrates.com/osnap/api/Registration/UserDetail
{"data":{"Dlatitude":"32.685590","id":"41","other_id":"42","Dlongtitude":"-97.037902","token":"K4vJTofVgXhhmxDY3oOyoUY5aCwhZyJ7OErMrMXkFdkTzGd0Jrcz0uEK56CuyBC9dq3OQmJEYLFa43VSkFSGwQPHHlbCL4C5puIkjVIu9xR9k3FT3u0dYKcC","lang_type":"1"}}

2018-11-02 00:29:07
demo.webmigrates.com/osnap/upload/image//(null)


2018-11-02 00:29:21
demo.webmigrates.com/osnap/api/Registration/CompleteJob
{"data":{"review_count":1,"review":"Hi","payment_type":"2","id":"41","offer_id":"96","total_amount":"1","token":"K4vJTofVgXhhmxDY3oOyoUY5aCwhZyJ7OErMrMXkFdkTzGd0Jrcz0uEK56CuyBC9dq3OQmJEYLFa43VSkFSGwQPHHlbCL4C5puIkjVIu9xR9k3FT3u0dYKcC","payment_info":"cash","lang_type":"1"}}

2018-11-02 00:29:23
demo.webmigrates.com/osnap/api/Notification/CountBase
{"data":{"token":"ITBwDE9UveCUhlp269wgviiKVX1Hl0M6alHmAQi8iump4rpBpteDDEnt2ZDuWzyqLRCUjjCZwK1G6u0LYUwh8GATwx1H4iLGOZ8aC5KSTZ2uEZhnDAjZx1a7","user_id":"42","lang_type":"1"}}

2018-11-02 00:29:27
demo.webmigrates.com/osnap/api/Registration/UserDetail
{"data":{"id":"41","other_id":"41","token":"K4vJTofVgXhhmxDY3oOyoUY5aCwhZyJ7OErMrMXkFdkTzGd0Jrcz0uEK56CuyBC9dq3OQmJEYLFa43VSkFSGwQPHHlbCL4C5puIkjVIu9xR9k3FT3u0dYKcC","lang_type":"1"}}

2018-11-02 00:29:34
demo.webmigrates.com/osnap/api/Notification/GetNotification
{"data":{"limit":10,"page":1,"user_id":"41","token":"K4vJTofVgXhhmxDY3oOyoUY5aCwhZyJ7OErMrMXkFdkTzGd0Jrcz0uEK56CuyBC9dq3OQmJEYLFa43VSkFSGwQPHHlbCL4C5puIkjVIu9xR9k3FT3u0dYKcC","lang_type":"1"}}

2018-11-02 00:29:35
demo.webmigrates.com/osnap/api/Notification/ClearBase
{"data":{"token":"K4vJTofVgXhhmxDY3oOyoUY5aCwhZyJ7OErMrMXkFdkTzGd0Jrcz0uEK56CuyBC9dq3OQmJEYLFa43VSkFSGwQPHHlbCL4C5puIkjVIu9xR9k3FT3u0dYKcC","user_id":"41","lang_type":"1"}}

2018-11-02 00:29:36
demo.webmigrates.com/osnap/api/Registration/EventDetail
{"data":{"id":"41","pb_id":"96","token":"K4vJTofVgXhhmxDY3oOyoUY5aCwhZyJ7OErMrMXkFdkTzGd0Jrcz0uEK56CuyBC9dq3OQmJEYLFa43VSkFSGwQPHHlbCL4C5puIkjVIu9xR9k3FT3u0dYKcC","lang_type":"1"}}

2018-11-02 00:29:37
demo.webmigrates.com/osnap/api/Registration/UserDetail
{"data":{"Dlatitude":"32.685581","id":"41","other_id":"42","Dlongtitude":"-97.037893","token":"K4vJTofVgXhhmxDY3oOyoUY5aCwhZyJ7OErMrMXkFdkTzGd0Jrcz0uEK56CuyBC9dq3OQmJEYLFa43VSkFSGwQPHHlbCL4C5puIkjVIu9xR9k3FT3u0dYKcC","lang_type":"1"}}

2018-11-02 00:32:38
demo.webmigrates.com/osnap/api/Registration/ClientMyEvent
{"data":{"id":"41","year":"2018","token":"Sb4xizGVZbbOQPXL7mlW35lpz4E0GWHN3lRVaWvkaJbI9r27RZp12PiuxEpBTZafoujq5fBbcVf3vL4kLpg76fyOk0JD475PIhlUr74E4Xi37dyHiobAo5XB","lang_type":"1"}}

2018-11-02 00:35:53
demo.webmigrates.com/osnap/api/Registration/ClientMyEvent
{"data":{"id":"","year":"2018","token":"","lang_type":"1"}}

2018-11-02 00:35:58
demo.webmigrates.com/osnap/api/Registration/CheckLogin
{"data":{"username":"bemp872","lang_type":"1","password":"america1","device_token":"b7d95ac45a44cc71a7fd91d0adeca405308ef5c5eb9930d6b7779672f8cb232c","device_type":"1"}}

2018-11-02 00:36:01
demo.webmigrates.com/osnap/api/Registration/ClientMyEvent
{"data":{"id":"41","year":"2018","token":"gWh0C4aSw1LITGiuR3msIL8uLAwaiwHF6sV9rVng8Lp0TGkTxfTCeRbrKRENszRzusiArQdSh7T9GaF5vZLNhfnWgAM1qG9dkgqOMAJHXIYWfWk6kq19quFj","lang_type":"1"}}

2018-11-02 00:36:01
demo.webmigrates.com/osnap/api/Notification/CountBase
{"data":{"token":"gWh0C4aSw1LITGiuR3msIL8uLAwaiwHF6sV9rVng8Lp0TGkTxfTCeRbrKRENszRzusiArQdSh7T9GaF5vZLNhfnWgAM1qG9dkgqOMAJHXIYWfWk6kq19quFj","user_id":"41","lang_type":"1"}}

2018-11-02 00:36:01
demo.webmigrates.com/osnap/api/Registration/UserDetail
{"data":{"id":"41","other_id":"41","token":"gWh0C4aSw1LITGiuR3msIL8uLAwaiwHF6sV9rVng8Lp0TGkTxfTCeRbrKRENszRzusiArQdSh7T9GaF5vZLNhfnWgAM1qG9dkgqOMAJHXIYWfWk6kq19quFj","lang_type":"1"}}

2018-11-02 00:36:03
demo.webmigrates.com/osnap/api/Registration/SearchUser
{"data":{"id":"41","Dlongtitude":"72.872849","keyword":"","limit":10,"token":"gWh0C4aSw1LITGiuR3msIL8uLAwaiwHF6sV9rVng8Lp0TGkTxfTCeRbrKRENszRzusiArQdSh7T9GaF5vZLNhfnWgAM1qG9dkgqOMAJHXIYWfWk6kq19quFj","lang_type":"1","Dlatitude":"21.236130","page":1}}

2018-11-02 00:36:07
demo.webmigrates.com/osnap/api/Registration/UserDetail
{"data":{"id":"41","other_id":"41","token":"gWh0C4aSw1LITGiuR3msIL8uLAwaiwHF6sV9rVng8Lp0TGkTxfTCeRbrKRENszRzusiArQdSh7T9GaF5vZLNhfnWgAM1qG9dkgqOMAJHXIYWfWk6kq19quFj","lang_type":"1"}}

2018-11-02 00:36:09
demo.webmigrates.com/osnap/api/General/GetCategory
{"data":{"id":"41","token":"gWh0C4aSw1LITGiuR3msIL8uLAwaiwHF6sV9rVng8Lp0TGkTxfTCeRbrKRENszRzusiArQdSh7T9GaF5vZLNhfnWgAM1qG9dkgqOMAJHXIYWfWk6kq19quFj","lang_type":"1"}}

2018-11-02 00:36:21
demo.webmigrates.com/osnap/api/General/GetSubCategory
{"data":{"id":"41","category_id":"12","token":"gWh0C4aSw1LITGiuR3msIL8uLAwaiwHF6sV9rVng8Lp0TGkTxfTCeRbrKRENszRzusiArQdSh7T9GaF5vZLNhfnWgAM1qG9dkgqOMAJHXIYWfWk6kq19quFj","lang_type":"1"}}

2018-11-02 00:36:35
demo.webmigrates.com/osnap/api/Registration/AddPost
{"data":{"id":"41","category_id":"12","work_type":"2","job_title":"test1","commitment":"2","pay_by":"2","token":"gWh0C4aSw1LITGiuR3msIL8uLAwaiwHF6sV9rVng8Lp0TGkTxfTCeRbrKRENszRzusiArQdSh7T9GaF5vZLNhfnWgAM1qG9dkgqOMAJHXIYWfWk6kq19quFj","subcategory_id":"14","exp_level":"1","lang_type":"1","job_description":"Etale tane khaber was the your chance of tut","rate":"1","how_long":"2","attachments":[]}}

2018-11-02 00:36:39
demo.webmigrates.com/osnap/api/Registration/UserDetail
{"data":{"id":"41","other_id":"41","token":"gWh0C4aSw1LITGiuR3msIL8uLAwaiwHF6sV9rVng8Lp0TGkTxfTCeRbrKRENszRzusiArQdSh7T9GaF5vZLNhfnWgAM1qG9dkgqOMAJHXIYWfWk6kq19quFj","lang_type":"1"}}

2018-11-02 00:36:54
demo.webmigrates.com/osnap/api/Notification/GetNotification
{"data":{"limit":10,"page":1,"user_id":"42","token":"ITBwDE9UveCUhlp269wgviiKVX1Hl0M6alHmAQi8iump4rpBpteDDEnt2ZDuWzyqLRCUjjCZwK1G6u0LYUwh8GATwx1H4iLGOZ8aC5KSTZ2uEZhnDAjZx1a7","lang_type":"1"}}

2018-11-02 00:36:55
demo.webmigrates.com/osnap/api/Notification/ClearBase
{"data":{"token":"ITBwDE9UveCUhlp269wgviiKVX1Hl0M6alHmAQi8iump4rpBpteDDEnt2ZDuWzyqLRCUjjCZwK1G6u0LYUwh8GATwx1H4iLGOZ8aC5KSTZ2uEZhnDAjZx1a7","user_id":"42","lang_type":"1"}}

2018-11-02 00:36:59
demo.webmigrates.com/osnap/api/Notification/CountBase
{"data":{"token":"ITBwDE9UveCUhlp269wgviiKVX1Hl0M6alHmAQi8iump4rpBpteDDEnt2ZDuWzyqLRCUjjCZwK1G6u0LYUwh8GATwx1H4iLGOZ8aC5KSTZ2uEZhnDAjZx1a7","user_id":"42","lang_type":"1"}}

2018-11-02 00:36:59
demo.webmigrates.com/osnap/api/Registration/UserDetail
{"data":{"id":"42","other_id":"42","token":"ITBwDE9UveCUhlp269wgviiKVX1Hl0M6alHmAQi8iump4rpBpteDDEnt2ZDuWzyqLRCUjjCZwK1G6u0LYUwh8GATwx1H4iLGOZ8aC5KSTZ2uEZhnDAjZx1a7","lang_type":"1"}}

2018-11-02 00:37:10
demo.webmigrates.com/osnap/api/Registration/Logout
{"data":{"id":"41","token":"gWh0C4aSw1LITGiuR3msIL8uLAwaiwHF6sV9rVng8Lp0TGkTxfTCeRbrKRENszRzusiArQdSh7T9GaF5vZLNhfnWgAM1qG9dkgqOMAJHXIYWfWk6kq19quFj","lang_type":"1"}}

2018-11-02 00:37:13
demo.webmigrates.com/osnap/api/Registration/Logout
{"data":{"id":"42","token":"ITBwDE9UveCUhlp269wgviiKVX1Hl0M6alHmAQi8iump4rpBpteDDEnt2ZDuWzyqLRCUjjCZwK1G6u0LYUwh8GATwx1H4iLGOZ8aC5KSTZ2uEZhnDAjZx1a7","lang_type":"1"}}

2018-11-02 00:37:31
demo.webmigrates.com/osnap/api/Registration/CheckLogin
{"data":{"username":"valbus44","lang_type":"1","password":"vvvvvv","device_token":"f2ffdc1a796471374926583a35ec39e8d4a1c45967b57a1642070ca6e4946912","device_type":"1"}}

2018-11-02 00:37:32
demo.webmigrates.com/osnap/api/Registration/BusinessMyEvent
{"data":{"id":"3","year":"2018","token":"3rMcwjMAFnOLMApTSNsqLEk5MxIz2yPK8VtaoLcn5Z4Kynqi917a3T86iTcx4P6M4J1bab6gqqcZMofpvSkn8Aqk2iInoFvrbuLpPaFOvP3srfc1iz9CNeTw","lang_type":"1"}}

2018-11-02 00:37:32
demo.webmigrates.com/osnap/api/Registration/UserDetail
{"data":{"id":"3","other_id":"3","token":"3rMcwjMAFnOLMApTSNsqLEk5MxIz2yPK8VtaoLcn5Z4Kynqi917a3T86iTcx4P6M4J1bab6gqqcZMofpvSkn8Aqk2iInoFvrbuLpPaFOvP3srfc1iz9CNeTw","lang_type":"1"}}

2018-11-02 00:37:32
demo.webmigrates.com/osnap/api/Notification/CountBase
{"data":{"token":"3rMcwjMAFnOLMApTSNsqLEk5MxIz2yPK8VtaoLcn5Z4Kynqi917a3T86iTcx4P6M4J1bab6gqqcZMofpvSkn8Aqk2iInoFvrbuLpPaFOvP3srfc1iz9CNeTw","user_id":"3","lang_type":"1"}}

2018-11-02 00:37:49
demo.webmigrates.com/osnap/api/Registration/CheckLogin
{"data":{"username":"val1cust44","lang_type":"1","password":"vvvvvvvv","device_token":"b7d95ac45a44cc71a7fd91d0adeca405308ef5c5eb9930d6b7779672f8cb232c","device_type":"1"}}

2018-11-02 00:37:50
demo.webmigrates.com/osnap/api/Notification/CountBase
{"data":{"token":"K49qF1RIYkftvD0m3MecZDYALK783AbT3YHTOoEISMobcRjIG5JgmAxesDofS6rhLROzwJDmtZIrkHZIlx2LweVaG0C2cl2HzWeQSqZwkC7PxleLj8SOlG0b","user_id":"11","lang_type":"1"}}

2018-11-02 00:37:50
demo.webmigrates.com/osnap/api/Registration/ClientMyEvent
{"data":{"id":"11","year":"2018","token":"K49qF1RIYkftvD0m3MecZDYALK783AbT3YHTOoEISMobcRjIG5JgmAxesDofS6rhLROzwJDmtZIrkHZIlx2LweVaG0C2cl2HzWeQSqZwkC7PxleLj8SOlG0b","lang_type":"1"}}

2018-11-02 00:37:50
demo.webmigrates.com/osnap/api/Registration/UserDetail
{"data":{"id":"11","other_id":"11","token":"K49qF1RIYkftvD0m3MecZDYALK783AbT3YHTOoEISMobcRjIG5JgmAxesDofS6rhLROzwJDmtZIrkHZIlx2LweVaG0C2cl2HzWeQSqZwkC7PxleLj8SOlG0b","lang_type":"1"}}

2018-11-02 00:37:55
demo.webmigrates.com/osnap/api/General/GetCategory
{"data":{"id":"11","token":"K49qF1RIYkftvD0m3MecZDYALK783AbT3YHTOoEISMobcRjIG5JgmAxesDofS6rhLROzwJDmtZIrkHZIlx2LweVaG0C2cl2HzWeQSqZwkC7PxleLj8SOlG0b","lang_type":"1"}}

2018-11-02 00:37:58
demo.webmigrates.com/osnap/api/Notification/GetNotification
{"data":{"limit":10,"page":1,"user_id":"3","token":"3rMcwjMAFnOLMApTSNsqLEk5MxIz2yPK8VtaoLcn5Z4Kynqi917a3T86iTcx4P6M4J1bab6gqqcZMofpvSkn8Aqk2iInoFvrbuLpPaFOvP3srfc1iz9CNeTw","lang_type":"1"}}

2018-11-02 00:37:58
demo.webmigrates.com/osnap/api/Notification/ClearBase
{"data":{"token":"3rMcwjMAFnOLMApTSNsqLEk5MxIz2yPK8VtaoLcn5Z4Kynqi917a3T86iTcx4P6M4J1bab6gqqcZMofpvSkn8Aqk2iInoFvrbuLpPaFOvP3srfc1iz9CNeTw","user_id":"3","lang_type":"1"}}

2018-11-02 00:38:02
demo.webmigrates.com/osnap/api/Registration/UserDetail
{"data":{"id":"3","other_id":"3","token":"3rMcwjMAFnOLMApTSNsqLEk5MxIz2yPK8VtaoLcn5Z4Kynqi917a3T86iTcx4P6M4J1bab6gqqcZMofpvSkn8Aqk2iInoFvrbuLpPaFOvP3srfc1iz9CNeTw","lang_type":"1"}}

2018-11-02 00:38:02
demo.webmigrates.com/osnap/api/Notification/CountBase
{"data":{"token":"3rMcwjMAFnOLMApTSNsqLEk5MxIz2yPK8VtaoLcn5Z4Kynqi917a3T86iTcx4P6M4J1bab6gqqcZMofpvSkn8Aqk2iInoFvrbuLpPaFOvP3srfc1iz9CNeTw","user_id":"3","lang_type":"1"}}

2018-11-02 00:38:11
demo.webmigrates.com/osnap/api/General/GetSubCategory
{"data":{"id":"11","category_id":"12","token":"K49qF1RIYkftvD0m3MecZDYALK783AbT3YHTOoEISMobcRjIG5JgmAxesDofS6rhLROzwJDmtZIrkHZIlx2LweVaG0C2cl2HzWeQSqZwkC7PxleLj8SOlG0b","lang_type":"1"}}

2018-11-02 00:38:26
demo.webmigrates.com/osnap/api/Registration/AddPost
{"data":{"id":"11","category_id":"12","work_type":"2","job_title":"tesf","commitment":"2","pay_by":"2","token":"K49qF1RIYkftvD0m3MecZDYALK783AbT3YHTOoEISMobcRjIG5JgmAxesDofS6rhLROzwJDmtZIrkHZIlx2LweVaG0C2cl2HzWeQSqZwkC7PxleLj8SOlG0b","subcategory_id":"14","exp_level":"1","lang_type":"1","job_description":"Hmmm is my morning time I ","rate":"2","how_long":"2","attachments":[]}}

2018-11-02 00:38:30
demo.webmigrates.com/osnap/api/Registration/UserDetail
{"data":{"id":"11","other_id":"11","token":"K49qF1RIYkftvD0m3MecZDYALK783AbT3YHTOoEISMobcRjIG5JgmAxesDofS6rhLROzwJDmtZIrkHZIlx2LweVaG0C2cl2HzWeQSqZwkC7PxleLj8SOlG0b","lang_type":"1"}}

2018-11-02 00:39:28
demo.webmigrates.com/osnap/api/Registration/ClientMyEvent
{"data":{"id":"11","year":"2018","token":"K49qF1RIYkftvD0m3MecZDYALK783AbT3YHTOoEISMobcRjIG5JgmAxesDofS6rhLROzwJDmtZIrkHZIlx2LweVaG0C2cl2HzWeQSqZwkC7PxleLj8SOlG0b","lang_type":"1"}}

2018-11-02 00:40:05
demo.webmigrates.com/osnap/api/Notification/CountBase
{"data":{"token":"3rMcwjMAFnOLMApTSNsqLEk5MxIz2yPK8VtaoLcn5Z4Kynqi917a3T86iTcx4P6M4J1bab6gqqcZMofpvSkn8Aqk2iInoFvrbuLpPaFOvP3srfc1iz9CNeTw","user_id":"3","lang_type":"1"}}

2018-11-02 01:05:38
demo.webmigrates.com/osnap/api/Registration/ClientMyEvent
{"data":{"id":"110","year":"2018","token":"MynZl9Mm81whERHfeEqWGmGVb3Cj4MF3vtdpYVI54qKpAQGDXNe3aPdZbuuvqGNIUlgKfxuSjJbJIbRIz6UgSjHqMzbX3XRdjORT1ZHfgJfdhEF54XTF0mwn","lang_type":"1"}}

2018-11-02 01:07:11
demo.webmigrates.com/osnap/api/Registration/ClientMyEvent
{"data":{"id":"110","year":"2018","token":"MynZl9Mm81whERHfeEqWGmGVb3Cj4MF3vtdpYVI54qKpAQGDXNe3aPdZbuuvqGNIUlgKfxuSjJbJIbRIz6UgSjHqMzbX3XRdjORT1ZHfgJfdhEF54XTF0mwn","lang_type":"1"}}

2018-11-02 01:07:47
demo.webmigrates.com/osnap/api/Registration/MyPost
{"data":{"limit":10,"id":"110","page":1,"token":"MynZl9Mm81whERHfeEqWGmGVb3Cj4MF3vtdpYVI54qKpAQGDXNe3aPdZbuuvqGNIUlgKfxuSjJbJIbRIz6UgSjHqMzbX3XRdjORT1ZHfgJfdhEF54XTF0mwn","lang_type":"1"}}

2018-11-02 01:07:48
demo.webmigrates.com/osnap/api/Registration/UserDetail
{"data":{"id":"110","other_id":"110","token":"MynZl9Mm81whERHfeEqWGmGVb3Cj4MF3vtdpYVI54qKpAQGDXNe3aPdZbuuvqGNIUlgKfxuSjJbJIbRIz6UgSjHqMzbX3XRdjORT1ZHfgJfdhEF54XTF0mwn","lang_type":"1"}}

2018-11-02 01:08:07
demo.webmigrates.com/osnap/api/Notification/CountBase
{"data":{"token":"MynZl9Mm81whERHfeEqWGmGVb3Cj4MF3vtdpYVI54qKpAQGDXNe3aPdZbuuvqGNIUlgKfxuSjJbJIbRIz6UgSjHqMzbX3XRdjORT1ZHfgJfdhEF54XTF0mwn","user_id":"110","lang_type":"1"}}

2018-11-02 01:08:07
demo.webmigrates.com/osnap/api/Registration/ClientMyEvent
{"data":{"id":"110","year":"2018","token":"MynZl9Mm81whERHfeEqWGmGVb3Cj4MF3vtdpYVI54qKpAQGDXNe3aPdZbuuvqGNIUlgKfxuSjJbJIbRIz6UgSjHqMzbX3XRdjORT1ZHfgJfdhEF54XTF0mwn","lang_type":"1"}}

2018-11-02 01:08:07
demo.webmigrates.com/osnap/api/Registration/UserDetail
{"data":{"id":"110","other_id":"110","token":"MynZl9Mm81whERHfeEqWGmGVb3Cj4MF3vtdpYVI54qKpAQGDXNe3aPdZbuuvqGNIUlgKfxuSjJbJIbRIz6UgSjHqMzbX3XRdjORT1ZHfgJfdhEF54XTF0mwn","lang_type":"1"}}

2018-11-02 01:08:12
demo.webmigrates.com/osnap/api/Registration/ClientMyEvent
{"data":{"id":"41","year":"2018","token":"K4vJTofVgXhhmxDY3oOyoUY5aCwhZyJ7OErMrMXkFdkTzGd0Jrcz0uEK56CuyBC9dq3OQmJEYLFa43VSkFSGwQPHHlbCL4C5puIkjVIu9xR9k3FT3u0dYKcC","lang_type":"1"}}

2018-11-02 01:08:19
demo.webmigrates.com/osnap/api/Registration/CheckLogin
{"data":{"username":"bemp874","lang_type":"1","password":"america1","device_token":"121212","device_type":"1"}}

2018-11-02 01:08:20
demo.webmigrates.com/osnap/api/Registration/BusinessMyEvent
{"data":{"id":"109","year":"2018","token":"ccFyN85g3SkAxAkRBF9aLc8ZB0M3c4diJ8bMQfjvSJgPrCHdNcPlLmtCpQ8yvyNXGLUFfc8RSZNp7ZhLSD0UBUJyqXI8KIT2ttwBKZdqp3vywcjZDPG5Su7f","lang_type":"1"}}

2018-11-02 01:08:20
demo.webmigrates.com/osnap/api/Registration/UserDetail
{"data":{"id":"109","other_id":"109","token":"ccFyN85g3SkAxAkRBF9aLc8ZB0M3c4diJ8bMQfjvSJgPrCHdNcPlLmtCpQ8yvyNXGLUFfc8RSZNp7ZhLSD0UBUJyqXI8KIT2ttwBKZdqp3vywcjZDPG5Su7f","lang_type":"1"}}

2018-11-02 01:08:20
demo.webmigrates.com/osnap/api/Notification/CountBase
{"data":{"token":"ccFyN85g3SkAxAkRBF9aLc8ZB0M3c4diJ8bMQfjvSJgPrCHdNcPlLmtCpQ8yvyNXGLUFfc8RSZNp7ZhLSD0UBUJyqXI8KIT2ttwBKZdqp3vywcjZDPG5Su7f","user_id":"109","lang_type":"1"}}

2018-11-02 01:08:34
demo.webmigrates.com/osnap/api/General/GetCategory
{"data":{"id":"109","token":"ccFyN85g3SkAxAkRBF9aLc8ZB0M3c4diJ8bMQfjvSJgPrCHdNcPlLmtCpQ8yvyNXGLUFfc8RSZNp7ZhLSD0UBUJyqXI8KIT2ttwBKZdqp3vywcjZDPG5Su7f","lang_type":"1"}}

2018-11-02 01:15:13
demo.webmigrates.com/osnap/api/Registration/ClientMyEvent
{"data":{"id":"110","year":"2018","token":"MynZl9Mm81whERHfeEqWGmGVb3Cj4MF3vtdpYVI54qKpAQGDXNe3aPdZbuuvqGNIUlgKfxuSjJbJIbRIz6UgSjHqMzbX3XRdjORT1ZHfgJfdhEF54XTF0mwn","lang_type":"1"}}

2018-11-02 01:36:16
demo.webmigrates.com/osnap/api/Registration/ClientMyEvent
{"data":{"id":"110","year":"2018","token":"MynZl9Mm81whERHfeEqWGmGVb3Cj4MF3vtdpYVI54qKpAQGDXNe3aPdZbuuvqGNIUlgKfxuSjJbJIbRIz6UgSjHqMzbX3XRdjORT1ZHfgJfdhEF54XTF0mwn","lang_type":"1"}}

2018-11-02 01:36:27
demo.webmigrates.com/osnap/api/Notification/GetNotification
{"data":{"limit":10,"page":1,"user_id":"110","token":"MynZl9Mm81whERHfeEqWGmGVb3Cj4MF3vtdpYVI54qKpAQGDXNe3aPdZbuuvqGNIUlgKfxuSjJbJIbRIz6UgSjHqMzbX3XRdjORT1ZHfgJfdhEF54XTF0mwn","lang_type":"1"}}

2018-11-02 01:36:28
demo.webmigrates.com/osnap/api/Notification/ClearBase
{"data":{"token":"MynZl9Mm81whERHfeEqWGmGVb3Cj4MF3vtdpYVI54qKpAQGDXNe3aPdZbuuvqGNIUlgKfxuSjJbJIbRIz6UgSjHqMzbX3XRdjORT1ZHfgJfdhEF54XTF0mwn","user_id":"110","lang_type":"1"}}

2018-11-02 01:36:30
demo.webmigrates.com/osnap/api/Registration/UserDetail
{"data":{"id":"110","other_id":"110","token":"MynZl9Mm81whERHfeEqWGmGVb3Cj4MF3vtdpYVI54qKpAQGDXNe3aPdZbuuvqGNIUlgKfxuSjJbJIbRIz6UgSjHqMzbX3XRdjORT1ZHfgJfdhEF54XTF0mwn","lang_type":"1"}}

2018-11-02 02:02:49
demo.webmigrates.com/osnap/api/Registration/ClientMyEvent
{"data":{"id":"110","year":"2018","token":"MynZl9Mm81whERHfeEqWGmGVb3Cj4MF3vtdpYVI54qKpAQGDXNe3aPdZbuuvqGNIUlgKfxuSjJbJIbRIz6UgSjHqMzbX3XRdjORT1ZHfgJfdhEF54XTF0mwn","lang_type":"1"}}

2018-11-02 05:06:11
demo.webmigrates.com/osnap/api/Registration/BusinessMyEvent
{"data":{"id":"3","year":"2018","token":"3rMcwjMAFnOLMApTSNsqLEk5MxIz2yPK8VtaoLcn5Z4Kynqi917a3T86iTcx4P6M4J1bab6gqqcZMofpvSkn8Aqk2iInoFvrbuLpPaFOvP3srfc1iz9CNeTw","lang_type":"1"}}

2018-11-02 05:06:11
demo.webmigrates.com/osnap/api/Notification/CountBase
{"data":{"token":"3rMcwjMAFnOLMApTSNsqLEk5MxIz2yPK8VtaoLcn5Z4Kynqi917a3T86iTcx4P6M4J1bab6gqqcZMofpvSkn8Aqk2iInoFvrbuLpPaFOvP3srfc1iz9CNeTw","user_id":"3","lang_type":"1"}}

2018-11-02 05:06:11
demo.webmigrates.com/osnap/api/Registration/UserDetail
{"data":{"id":"3","other_id":"3","token":"3rMcwjMAFnOLMApTSNsqLEk5MxIz2yPK8VtaoLcn5Z4Kynqi917a3T86iTcx4P6M4J1bab6gqqcZMofpvSkn8Aqk2iInoFvrbuLpPaFOvP3srfc1iz9CNeTw","lang_type":"1"}}

2018-11-02 05:06:25
demo.webmigrates.com/osnap/api/Registration/ClientMyEvent
{"data":{"id":"11","year":"2018","token":"K49qF1RIYkftvD0m3MecZDYALK783AbT3YHTOoEISMobcRjIG5JgmAxesDofS6rhLROzwJDmtZIrkHZIlx2LweVaG0C2cl2HzWeQSqZwkC7PxleLj8SOlG0b","lang_type":"1"}}

2018-11-02 05:06:25
demo.webmigrates.com/osnap/api/Notification/CountBase
{"data":{"token":"K49qF1RIYkftvD0m3MecZDYALK783AbT3YHTOoEISMobcRjIG5JgmAxesDofS6rhLROzwJDmtZIrkHZIlx2LweVaG0C2cl2HzWeQSqZwkC7PxleLj8SOlG0b","user_id":"11","lang_type":"1"}}

2018-11-02 05:06:25
demo.webmigrates.com/osnap/api/Registration/UserDetail
{"data":{"id":"11","other_id":"11","token":"K49qF1RIYkftvD0m3MecZDYALK783AbT3YHTOoEISMobcRjIG5JgmAxesDofS6rhLROzwJDmtZIrkHZIlx2LweVaG0C2cl2HzWeQSqZwkC7PxleLj8SOlG0b","lang_type":"1"}}

2018-11-02 05:06:57
demo.webmigrates.com/osnap/api/Registration/SearchUser
{"data":{"id":"11","Dlongtitude":"72.872871","keyword":"","limit":10,"token":"K49qF1RIYkftvD0m3MecZDYALK783AbT3YHTOoEISMobcRjIG5JgmAxesDofS6rhLROzwJDmtZIrkHZIlx2LweVaG0C2cl2HzWeQSqZwkC7PxleLj8SOlG0b","lang_type":"1","Dlatitude":"21.236127","page":1}}

2018-11-02 05:07:04
demo.webmigrates.com/osnap/api/General/GetCategory
{"data":{"id":"11","token":"K49qF1RIYkftvD0m3MecZDYALK783AbT3YHTOoEISMobcRjIG5JgmAxesDofS6rhLROzwJDmtZIrkHZIlx2LweVaG0C2cl2HzWeQSqZwkC7PxleLj8SOlG0b","lang_type":"1"}}

2018-11-02 05:07:14
demo.webmigrates.com/osnap/api/General/GetSubCategory
{"data":{"id":"11","category_id":"12","token":"K49qF1RIYkftvD0m3MecZDYALK783AbT3YHTOoEISMobcRjIG5JgmAxesDofS6rhLROzwJDmtZIrkHZIlx2LweVaG0C2cl2HzWeQSqZwkC7PxleLj8SOlG0b","lang_type":"1"}}

2018-11-02 05:07:27
demo.webmigrates.com/osnap/api/Registration/UserDetail
{"data":{"id":"11","other_id":"3","token":"K49qF1RIYkftvD0m3MecZDYALK783AbT3YHTOoEISMobcRjIG5JgmAxesDofS6rhLROzwJDmtZIrkHZIlx2LweVaG0C2cl2HzWeQSqZwkC7PxleLj8SOlG0b","lang_type":"1"}}

2018-11-02 05:07:28
demo.webmigrates.com/osnap/upload/image//(null)


2018-11-02 05:07:36
demo.webmigrates.com/osnap/api/Registration/AddOffer
{"data":{"pay_by":"2","longtitude":"72.8859","is_agree":"1","lang_type":"1","preferred_datetime":"2018-11-02 15:37:29","user_id":"3","exp_level":"1","latitude":"21.2495","work_type":"2","signature":"1541153255680.png","job_description":"You can will send contact with me us please send ya ","id":"11","commitment":"2","token":"K49qF1RIYkftvD0m3MecZDYALK783AbT3YHTOoEISMobcRjIG5JgmAxesDofS6rhLROzwJDmtZIrkHZIlx2LweVaG0C2cl2HzWeQSqZwkC7PxleLj8SOlG0b","client_attachments":[],"attachments":[],"selected_skill":[],"subcategory_id":"14","job_title":"trft","rate":"8","category_id":"12","notes":"","address":"Mota Varachha - Gothan Rd, Upli Colony, Mota Varachha, Surat, Gujarat 394105, India","how_long":"2"}}

2018-11-02 05:08:11
demo.webmigrates.com/osnap/api/Registration/UserDetail
{"data":{"id":"11","other_id":"11","token":"K49qF1RIYkftvD0m3MecZDYALK783AbT3YHTOoEISMobcRjIG5JgmAxesDofS6rhLROzwJDmtZIrkHZIlx2LweVaG0C2cl2HzWeQSqZwkC7PxleLj8SOlG0b","lang_type":"1"}}

2018-11-02 05:09:48
demo.webmigrates.com/osnap/api/Registration/MyPost
{"data":{"limit":10,"id":"11","page":1,"token":"K49qF1RIYkftvD0m3MecZDYALK783AbT3YHTOoEISMobcRjIG5JgmAxesDofS6rhLROzwJDmtZIrkHZIlx2LweVaG0C2cl2HzWeQSqZwkC7PxleLj8SOlG0b","lang_type":"1"}}

2018-11-02 05:09:49
demo.webmigrates.com/osnap/api/Registration/MyRunningPostAll
{"data":{"limit":10,"id":"11","page":1,"token":"K49qF1RIYkftvD0m3MecZDYALK783AbT3YHTOoEISMobcRjIG5JgmAxesDofS6rhLROzwJDmtZIrkHZIlx2LweVaG0C2cl2HzWeQSqZwkC7PxleLj8SOlG0b","lang_type":"1"}}

2018-11-02 05:09:52
demo.webmigrates.com/osnap/api/Registration/EventDetail
{"data":{"id":"11","pb_id":"91","token":"K49qF1RIYkftvD0m3MecZDYALK783AbT3YHTOoEISMobcRjIG5JgmAxesDofS6rhLROzwJDmtZIrkHZIlx2LweVaG0C2cl2HzWeQSqZwkC7PxleLj8SOlG0b","lang_type":"1"}}

2018-11-02 05:09:54
demo.webmigrates.com/osnap/api/Registration/UserDetail
{"data":{"Dlatitude":"21.236300","id":"11","other_id":"3","Dlongtitude":"72.872887","token":"K49qF1RIYkftvD0m3MecZDYALK783AbT3YHTOoEISMobcRjIG5JgmAxesDofS6rhLROzwJDmtZIrkHZIlx2LweVaG0C2cl2HzWeQSqZwkC7PxleLj8SOlG0b","lang_type":"1"}}

2018-11-02 05:10:01
demo.webmigrates.com/osnap/api/Registration/MyPost
{"data":{"limit":10,"id":"11","page":1,"token":"K49qF1RIYkftvD0m3MecZDYALK783AbT3YHTOoEISMobcRjIG5JgmAxesDofS6rhLROzwJDmtZIrkHZIlx2LweVaG0C2cl2HzWeQSqZwkC7PxleLj8SOlG0b","lang_type":"1"}}

2018-11-02 05:10:04
demo.webmigrates.com/osnap/api/Registration/SingleClientPost
{"data":{"Dlatitude":"21.236300","id":"11","post_id":"85","Dlongtitude":"72.872887","token":"K49qF1RIYkftvD0m3MecZDYALK783AbT3YHTOoEISMobcRjIG5JgmAxesDofS6rhLROzwJDmtZIrkHZIlx2LweVaG0C2cl2HzWeQSqZwkC7PxleLj8SOlG0b","lang_type":"1"}}

2018-11-02 05:21:54
demo.webmigrates.com/osnap/api/Registration/BusinessMyEvent
{"data":{"id":"3","year":"2018","token":"3rMcwjMAFnOLMApTSNsqLEk5MxIz2yPK8VtaoLcn5Z4Kynqi917a3T86iTcx4P6M4J1bab6gqqcZMofpvSkn8Aqk2iInoFvrbuLpPaFOvP3srfc1iz9CNeTw","lang_type":"1"}}

2018-11-02 05:21:54
demo.webmigrates.com/osnap/api/Notification/CountBase
{"data":{"token":"3rMcwjMAFnOLMApTSNsqLEk5MxIz2yPK8VtaoLcn5Z4Kynqi917a3T86iTcx4P6M4J1bab6gqqcZMofpvSkn8Aqk2iInoFvrbuLpPaFOvP3srfc1iz9CNeTw","user_id":"3","lang_type":"1"}}

2018-11-02 05:21:54
demo.webmigrates.com/osnap/api/Registration/UserDetail
{"data":{"id":"3","other_id":"3","token":"3rMcwjMAFnOLMApTSNsqLEk5MxIz2yPK8VtaoLcn5Z4Kynqi917a3T86iTcx4P6M4J1bab6gqqcZMofpvSkn8Aqk2iInoFvrbuLpPaFOvP3srfc1iz9CNeTw","lang_type":"1"}}

2018-11-02 05:23:29
demo.webmigrates.com/osnap/api/Registration/UserDetail
{"data":{"id":"3","other_id":"3","token":"3rMcwjMAFnOLMApTSNsqLEk5MxIz2yPK8VtaoLcn5Z4Kynqi917a3T86iTcx4P6M4J1bab6gqqcZMofpvSkn8Aqk2iInoFvrbuLpPaFOvP3srfc1iz9CNeTw","lang_type":"1"}}

2018-11-02 05:23:29
demo.webmigrates.com/osnap/api/Notification/CountBase
{"data":{"token":"3rMcwjMAFnOLMApTSNsqLEk5MxIz2yPK8VtaoLcn5Z4Kynqi917a3T86iTcx4P6M4J1bab6gqqcZMofpvSkn8Aqk2iInoFvrbuLpPaFOvP3srfc1iz9CNeTw","user_id":"3","lang_type":"1"}}

2018-11-02 05:23:29
demo.webmigrates.com/osnap/api/Registration/BusinessMyEvent
{"data":{"id":"3","year":"2018","token":"3rMcwjMAFnOLMApTSNsqLEk5MxIz2yPK8VtaoLcn5Z4Kynqi917a3T86iTcx4P6M4J1bab6gqqcZMofpvSkn8Aqk2iInoFvrbuLpPaFOvP3srfc1iz9CNeTw","lang_type":"1"}}

2018-11-02 05:23:33
demo.webmigrates.com/osnap/api/Registration/ClientMyEvent
{"data":{"id":"11","year":"2018","token":"K49qF1RIYkftvD0m3MecZDYALK783AbT3YHTOoEISMobcRjIG5JgmAxesDofS6rhLROzwJDmtZIrkHZIlx2LweVaG0C2cl2HzWeQSqZwkC7PxleLj8SOlG0b","lang_type":"1"}}

2018-11-02 05:23:34
demo.webmigrates.com/osnap/api/Registration/SingleClientPost
{"data":{"Dlatitude":"21.236129","id":"11","post_id":"85","Dlongtitude":"72.872893","token":"K49qF1RIYkftvD0m3MecZDYALK783AbT3YHTOoEISMobcRjIG5JgmAxesDofS6rhLROzwJDmtZIrkHZIlx2LweVaG0C2cl2HzWeQSqZwkC7PxleLj8SOlG0b","lang_type":"1"}}

2018-11-02 05:23:41
demo.webmigrates.com/osnap/api/Registration/MyBidPost
{"data":{"limit":10,"id":"3","page":1,"token":"3rMcwjMAFnOLMApTSNsqLEk5MxIz2yPK8VtaoLcn5Z4Kynqi917a3T86iTcx4P6M4J1bab6gqqcZMofpvSkn8Aqk2iInoFvrbuLpPaFOvP3srfc1iz9CNeTw","lang_type":"1"}}

2018-11-02 05:23:43
demo.webmigrates.com/osnap/api/Notification/CountBase
{"data":{"token":"3rMcwjMAFnOLMApTSNsqLEk5MxIz2yPK8VtaoLcn5Z4Kynqi917a3T86iTcx4P6M4J1bab6gqqcZMofpvSkn8Aqk2iInoFvrbuLpPaFOvP3srfc1iz9CNeTw","user_id":"3","lang_type":"1"}}

2018-11-02 05:23:43
demo.webmigrates.com/osnap/api/Registration/UserDetail
{"data":{"id":"3","other_id":"3","token":"3rMcwjMAFnOLMApTSNsqLEk5MxIz2yPK8VtaoLcn5Z4Kynqi917a3T86iTcx4P6M4J1bab6gqqcZMofpvSkn8Aqk2iInoFvrbuLpPaFOvP3srfc1iz9CNeTw","lang_type":"1"}}

2018-11-02 05:23:45
demo.webmigrates.com/osnap/api/Registration/UserDetail
{"data":{"id":"11","other_id":"11","token":"K49qF1RIYkftvD0m3MecZDYALK783AbT3YHTOoEISMobcRjIG5JgmAxesDofS6rhLROzwJDmtZIrkHZIlx2LweVaG0C2cl2HzWeQSqZwkC7PxleLj8SOlG0b","lang_type":"1"}}

2018-11-02 05:23:51
demo.webmigrates.com/osnap/api/Registration/MyOffers
{"data":{"Dlatitude":"21.236050","id":"3","Dlongtitude":"72.873002","token":"3rMcwjMAFnOLMApTSNsqLEk5MxIz2yPK8VtaoLcn5Z4Kynqi917a3T86iTcx4P6M4J1bab6gqqcZMofpvSkn8Aqk2iInoFvrbuLpPaFOvP3srfc1iz9CNeTw","lang_type":"1"}}

2018-11-02 05:23:53
demo.webmigrates.com/osnap/api/Registration/UserDetail
{"data":{"id":"3","other_id":"3","token":"3rMcwjMAFnOLMApTSNsqLEk5MxIz2yPK8VtaoLcn5Z4Kynqi917a3T86iTcx4P6M4J1bab6gqqcZMofpvSkn8Aqk2iInoFvrbuLpPaFOvP3srfc1iz9CNeTw","lang_type":"1"}}

2018-11-02 05:23:53
demo.webmigrates.com/osnap/api/Notification/CountBase
{"data":{"token":"3rMcwjMAFnOLMApTSNsqLEk5MxIz2yPK8VtaoLcn5Z4Kynqi917a3T86iTcx4P6M4J1bab6gqqcZMofpvSkn8Aqk2iInoFvrbuLpPaFOvP3srfc1iz9CNeTw","user_id":"3","lang_type":"1"}}

2018-11-02 05:23:54
demo.webmigrates.com/osnap/api/Registration/MyBidPost
{"data":{"limit":10,"id":"3","page":1,"token":"3rMcwjMAFnOLMApTSNsqLEk5MxIz2yPK8VtaoLcn5Z4Kynqi917a3T86iTcx4P6M4J1bab6gqqcZMofpvSkn8Aqk2iInoFvrbuLpPaFOvP3srfc1iz9CNeTw","lang_type":"1"}}

2018-11-02 05:23:57
demo.webmigrates.com/osnap/api/Registration/SingleMyBidPost
{"data":{"id":"3","post_id":"46","token":"3rMcwjMAFnOLMApTSNsqLEk5MxIz2yPK8VtaoLcn5Z4Kynqi917a3T86iTcx4P6M4J1bab6gqqcZMofpvSkn8Aqk2iInoFvrbuLpPaFOvP3srfc1iz9CNeTw","lang_type":"1"}}

2018-11-02 05:24:03
demo.webmigrates.com/osnap/api/Registration/MyPost
{"data":{"limit":10,"id":"11","page":1,"token":"K49qF1RIYkftvD0m3MecZDYALK783AbT3YHTOoEISMobcRjIG5JgmAxesDofS6rhLROzwJDmtZIrkHZIlx2LweVaG0C2cl2HzWeQSqZwkC7PxleLj8SOlG0b","lang_type":"1"}}

2018-11-02 05:24:08
demo.webmigrates.com/osnap/api/Registration/MyPost
{"data":{"limit":10,"id":"11","page":2,"token":"K49qF1RIYkftvD0m3MecZDYALK783AbT3YHTOoEISMobcRjIG5JgmAxesDofS6rhLROzwJDmtZIrkHZIlx2LweVaG0C2cl2HzWeQSqZwkC7PxleLj8SOlG0b","lang_type":"1"}}

2018-11-02 05:24:11
demo.webmigrates.com/osnap/api/Registration/MyPost
{"data":{"limit":10,"id":"11","page":3,"token":"K49qF1RIYkftvD0m3MecZDYALK783AbT3YHTOoEISMobcRjIG5JgmAxesDofS6rhLROzwJDmtZIrkHZIlx2LweVaG0C2cl2HzWeQSqZwkC7PxleLj8SOlG0b","lang_type":"1"}}

2018-11-02 05:24:31
demo.webmigrates.com/osnap/api/Registration/MyBidPost
{"data":{"limit":10,"id":"3","page":2,"token":"3rMcwjMAFnOLMApTSNsqLEk5MxIz2yPK8VtaoLcn5Z4Kynqi917a3T86iTcx4P6M4J1bab6gqqcZMofpvSkn8Aqk2iInoFvrbuLpPaFOvP3srfc1iz9CNeTw","lang_type":"1"}}

2018-11-02 05:24:33
demo.webmigrates.com/osnap/api/Registration/SingleClientPost
{"data":{"Dlatitude":"21.236098","id":"11","post_id":"28","Dlongtitude":"72.872967","token":"K49qF1RIYkftvD0m3MecZDYALK783AbT3YHTOoEISMobcRjIG5JgmAxesDofS6rhLROzwJDmtZIrkHZIlx2LweVaG0C2cl2HzWeQSqZwkC7PxleLj8SOlG0b","lang_type":"1"}}

2018-11-02 05:24:36
demo.webmigrates.com/osnap/api/Registration/UserDetail
{"data":{"id":"3","other_id":"3","token":"3rMcwjMAFnOLMApTSNsqLEk5MxIz2yPK8VtaoLcn5Z4Kynqi917a3T86iTcx4P6M4J1bab6gqqcZMofpvSkn8Aqk2iInoFvrbuLpPaFOvP3srfc1iz9CNeTw","lang_type":"1"}}

2018-11-02 05:24:36
demo.webmigrates.com/osnap/api/Notification/CountBase
{"data":{"token":"3rMcwjMAFnOLMApTSNsqLEk5MxIz2yPK8VtaoLcn5Z4Kynqi917a3T86iTcx4P6M4J1bab6gqqcZMofpvSkn8Aqk2iInoFvrbuLpPaFOvP3srfc1iz9CNeTw","user_id":"3","lang_type":"1"}}

2018-11-02 05:24:52
demo.webmigrates.com/osnap/api/Registration/Booking
{"data":{"description":"The fact was I that I am a not working pre a little new brother and ","id":"11","signature":"154115429132215.png","selected_skill":[],"latitude":"21.2495","longtitude":"72.8859","notes":"","pay_by":"2","address":"Mota Varachha - Gothan Rd, Upli Colony, Mota Varachha, Surat, Gujarat 394105, India","token":"K49qF1RIYkftvD0m3MecZDYALK783AbT3YHTOoEISMobcRjIG5JgmAxesDofS6rhLROzwJDmtZIrkHZIlx2LweVaG0C2cl2HzWeQSqZwkC7PxleLj8SOlG0b","attachments":[],"pb_id":"16","preferred_datetime":"2018-11-02 15:54:41","rate":"100","client_attachments":[],"is_agree":"1","lang_type":"1"}}

2018-11-02 05:24:58
demo.webmigrates.com/osnap/api/Registration/UserDetail
{"data":{"id":"11","other_id":"11","token":"K49qF1RIYkftvD0m3MecZDYALK783AbT3YHTOoEISMobcRjIG5JgmAxesDofS6rhLROzwJDmtZIrkHZIlx2LweVaG0C2cl2HzWeQSqZwkC7PxleLj8SOlG0b","lang_type":"1"}}

2018-11-02 05:25:01
demo.webmigrates.com/osnap/api/Notification/CountBase
{"data":{"token":"3rMcwjMAFnOLMApTSNsqLEk5MxIz2yPK8VtaoLcn5Z4Kynqi917a3T86iTcx4P6M4J1bab6gqqcZMofpvSkn8Aqk2iInoFvrbuLpPaFOvP3srfc1iz9CNeTw","user_id":"3","lang_type":"1"}}

2018-11-02 05:29:02
demo.webmigrates.com/osnap/api/Notification/GetNotification
{"data":{"limit":10,"page":1,"user_id":"3","token":"3rMcwjMAFnOLMApTSNsqLEk5MxIz2yPK8VtaoLcn5Z4Kynqi917a3T86iTcx4P6M4J1bab6gqqcZMofpvSkn8Aqk2iInoFvrbuLpPaFOvP3srfc1iz9CNeTw","lang_type":"1"}}

2018-11-02 05:29:02
demo.webmigrates.com/osnap/api/Notification/ClearBase
{"data":{"token":"3rMcwjMAFnOLMApTSNsqLEk5MxIz2yPK8VtaoLcn5Z4Kynqi917a3T86iTcx4P6M4J1bab6gqqcZMofpvSkn8Aqk2iInoFvrbuLpPaFOvP3srfc1iz9CNeTw","user_id":"3","lang_type":"1"}}

2018-11-02 05:30:28
demo.webmigrates.com/osnap/api/Registration/EventDetail
{"data":{"id":"3","pb_id":"16","token":"3rMcwjMAFnOLMApTSNsqLEk5MxIz2yPK8VtaoLcn5Z4Kynqi917a3T86iTcx4P6M4J1bab6gqqcZMofpvSkn8Aqk2iInoFvrbuLpPaFOvP3srfc1iz9CNeTw","lang_type":"1"}}

2018-11-02 05:30:33
demo.webmigrates.com/osnap/api/Registration/OfferResponse
{"data":{"status":2,"is_agree":"1","id":"3","offer_id":"16","signature":"154115463258510.png","token":"3rMcwjMAFnOLMApTSNsqLEk5MxIz2yPK8VtaoLcn5Z4Kynqi917a3T86iTcx4P6M4J1bab6gqqcZMofpvSkn8Aqk2iInoFvrbuLpPaFOvP3srfc1iz9CNeTw","lang_type":"1"}}

2018-11-02 05:33:07
demo.webmigrates.com/osnap/api/Registration/UserDetail
{"data":{"id":"3","other_id":"3","token":"3rMcwjMAFnOLMApTSNsqLEk5MxIz2yPK8VtaoLcn5Z4Kynqi917a3T86iTcx4P6M4J1bab6gqqcZMofpvSkn8Aqk2iInoFvrbuLpPaFOvP3srfc1iz9CNeTw","lang_type":"1"}}

2018-11-02 05:33:07
demo.webmigrates.com/osnap/api/Notification/CountBase
{"data":{"token":"3rMcwjMAFnOLMApTSNsqLEk5MxIz2yPK8VtaoLcn5Z4Kynqi917a3T86iTcx4P6M4J1bab6gqqcZMofpvSkn8Aqk2iInoFvrbuLpPaFOvP3srfc1iz9CNeTw","user_id":"3","lang_type":"1"}}

2018-11-02 05:34:40
demo.webmigrates.com/osnap/api/Registration/MyBidPost
{"data":{"limit":10,"id":"3","page":1,"token":"3rMcwjMAFnOLMApTSNsqLEk5MxIz2yPK8VtaoLcn5Z4Kynqi917a3T86iTcx4P6M4J1bab6gqqcZMofpvSkn8Aqk2iInoFvrbuLpPaFOvP3srfc1iz9CNeTw","lang_type":"1"}}

2018-11-02 05:34:45
demo.webmigrates.com/osnap/api/Registration/ClientMyEvent
{"data":{"id":"11","year":"2018","token":"K49qF1RIYkftvD0m3MecZDYALK783AbT3YHTOoEISMobcRjIG5JgmAxesDofS6rhLROzwJDmtZIrkHZIlx2LweVaG0C2cl2HzWeQSqZwkC7PxleLj8SOlG0b","lang_type":"1"}}

2018-11-02 05:34:46
demo.webmigrates.com/osnap/api/Registration/MyPost
{"data":{"limit":10,"id":"11","page":1,"token":"K49qF1RIYkftvD0m3MecZDYALK783AbT3YHTOoEISMobcRjIG5JgmAxesDofS6rhLROzwJDmtZIrkHZIlx2LweVaG0C2cl2HzWeQSqZwkC7PxleLj8SOlG0b","lang_type":"1"}}

2018-11-02 05:36:53
demo.webmigrates.com/osnap/api/Registration/MyBidPostRunningAll
{"data":{"limit":10,"id":"3","page":1,"token":"3rMcwjMAFnOLMApTSNsqLEk5MxIz2yPK8VtaoLcn5Z4Kynqi917a3T86iTcx4P6M4J1bab6gqqcZMofpvSkn8Aqk2iInoFvrbuLpPaFOvP3srfc1iz9CNeTw","lang_type":"1"}}

2018-11-02 05:36:55
demo.webmigrates.com/osnap/api/Registration/EventDetail
{"data":{"id":"3","pb_id":"91","token":"3rMcwjMAFnOLMApTSNsqLEk5MxIz2yPK8VtaoLcn5Z4Kynqi917a3T86iTcx4P6M4J1bab6gqqcZMofpvSkn8Aqk2iInoFvrbuLpPaFOvP3srfc1iz9CNeTw","lang_type":"1"}}

2018-11-02 05:40:07
demo.webmigrates.com/osnap/api/Registration/ClientMyEvent
{"data":{"id":"11","year":"2018","token":"K49qF1RIYkftvD0m3MecZDYALK783AbT3YHTOoEISMobcRjIG5JgmAxesDofS6rhLROzwJDmtZIrkHZIlx2LweVaG0C2cl2HzWeQSqZwkC7PxleLj8SOlG0b","lang_type":"1"}}

2018-11-02 06:31:11
demo.webmigrates.com/osnap/api/Registration/ClientMyEvent
{"data":{"id":"11","year":"2018","token":"K49qF1RIYkftvD0m3MecZDYALK783AbT3YHTOoEISMobcRjIG5JgmAxesDofS6rhLROzwJDmtZIrkHZIlx2LweVaG0C2cl2HzWeQSqZwkC7PxleLj8SOlG0b","lang_type":"1"}}

2018-11-02 06:31:11
demo.webmigrates.com/osnap/api/Notification/CountBase
{"data":{"token":"K49qF1RIYkftvD0m3MecZDYALK783AbT3YHTOoEISMobcRjIG5JgmAxesDofS6rhLROzwJDmtZIrkHZIlx2LweVaG0C2cl2HzWeQSqZwkC7PxleLj8SOlG0b","user_id":"11","lang_type":"1"}}

2018-11-02 06:31:11
demo.webmigrates.com/osnap/api/Registration/UserDetail
{"data":{"id":"11","other_id":"11","token":"K49qF1RIYkftvD0m3MecZDYALK783AbT3YHTOoEISMobcRjIG5JgmAxesDofS6rhLROzwJDmtZIrkHZIlx2LweVaG0C2cl2HzWeQSqZwkC7PxleLj8SOlG0b","lang_type":"1"}}

2018-11-02 06:41:03
demo.webmigrates.com/osnap/api/Notification/CountBase
{"data":{"token":"MynZl9Mm81whERHfeEqWGmGVb3Cj4MF3vtdpYVI54qKpAQGDXNe3aPdZbuuvqGNIUlgKfxuSjJbJIbRIz6UgSjHqMzbX3XRdjORT1ZHfgJfdhEF54XTF0mwn","user_id":"110","lang_type":"1"}}

2018-11-02 06:41:03
demo.webmigrates.com/osnap/api/Registration/ClientMyEvent
{"data":{"id":"110","year":"2018","token":"MynZl9Mm81whERHfeEqWGmGVb3Cj4MF3vtdpYVI54qKpAQGDXNe3aPdZbuuvqGNIUlgKfxuSjJbJIbRIz6UgSjHqMzbX3XRdjORT1ZHfgJfdhEF54XTF0mwn","lang_type":"1"}}

2018-11-02 06:41:03
demo.webmigrates.com/osnap/api/Registration/UserDetail
{"data":{"id":"110","other_id":"110","token":"MynZl9Mm81whERHfeEqWGmGVb3Cj4MF3vtdpYVI54qKpAQGDXNe3aPdZbuuvqGNIUlgKfxuSjJbJIbRIz6UgSjHqMzbX3XRdjORT1ZHfgJfdhEF54XTF0mwn","lang_type":"1"}}

2018-11-02 06:41:25
demo.webmigrates.com/osnap/api/Notification/CountBase
{"data":{"token":"ccFyN85g3SkAxAkRBF9aLc8ZB0M3c4diJ8bMQfjvSJgPrCHdNcPlLmtCpQ8yvyNXGLUFfc8RSZNp7ZhLSD0UBUJyqXI8KIT2ttwBKZdqp3vywcjZDPG5Su7f","user_id":"109","lang_type":"1"}}

2018-11-02 06:41:25
demo.webmigrates.com/osnap/api/Registration/UserDetail
{"data":{"id":"109","other_id":"109","token":"ccFyN85g3SkAxAkRBF9aLc8ZB0M3c4diJ8bMQfjvSJgPrCHdNcPlLmtCpQ8yvyNXGLUFfc8RSZNp7ZhLSD0UBUJyqXI8KIT2ttwBKZdqp3vywcjZDPG5Su7f","lang_type":"1"}}

2018-11-02 06:41:25
demo.webmigrates.com/osnap/api/Registration/BusinessMyEvent
{"data":{"id":"109","year":"2018","token":"ccFyN85g3SkAxAkRBF9aLc8ZB0M3c4diJ8bMQfjvSJgPrCHdNcPlLmtCpQ8yvyNXGLUFfc8RSZNp7ZhLSD0UBUJyqXI8KIT2ttwBKZdqp3vywcjZDPG5Su7f","lang_type":"1"}}

2018-11-02 06:41:32
demo.webmigrates.com/osnap/api/Registration/UserDetail
{"data":{"id":"110","other_id":"110","token":"MynZl9Mm81whERHfeEqWGmGVb3Cj4MF3vtdpYVI54qKpAQGDXNe3aPdZbuuvqGNIUlgKfxuSjJbJIbRIz6UgSjHqMzbX3XRdjORT1ZHfgJfdhEF54XTF0mwn","lang_type":"1"}}

2018-11-02 06:41:39
demo.webmigrates.com/osnap/api/Notification/CountBase
{"data":{"token":"ccFyN85g3SkAxAkRBF9aLc8ZB0M3c4diJ8bMQfjvSJgPrCHdNcPlLmtCpQ8yvyNXGLUFfc8RSZNp7ZhLSD0UBUJyqXI8KIT2ttwBKZdqp3vywcjZDPG5Su7f","user_id":"109","lang_type":"1"}}

2018-11-02 06:41:39
demo.webmigrates.com/osnap/api/Registration/UserDetail
{"data":{"id":"109","other_id":"109","token":"ccFyN85g3SkAxAkRBF9aLc8ZB0M3c4diJ8bMQfjvSJgPrCHdNcPlLmtCpQ8yvyNXGLUFfc8RSZNp7ZhLSD0UBUJyqXI8KIT2ttwBKZdqp3vywcjZDPG5Su7f","lang_type":"1"}}

2018-11-02 08:01:04
demo.webmigrates.com/osnap/api/Registration/BusinessMyEvent
{"data":{"id":"3","year":"2018","token":"3rMcwjMAFnOLMApTSNsqLEk5MxIz2yPK8VtaoLcn5Z4Kynqi917a3T86iTcx4P6M4J1bab6gqqcZMofpvSkn8Aqk2iInoFvrbuLpPaFOvP3srfc1iz9CNeTw","lang_type":"1"}}

2018-11-02 08:01:04
demo.webmigrates.com/osnap/api/Notification/CountBase
{"data":{"token":"3rMcwjMAFnOLMApTSNsqLEk5MxIz2yPK8VtaoLcn5Z4Kynqi917a3T86iTcx4P6M4J1bab6gqqcZMofpvSkn8Aqk2iInoFvrbuLpPaFOvP3srfc1iz9CNeTw","user_id":"3","lang_type":"1"}}

2018-11-02 08:01:05
demo.webmigrates.com/osnap/api/Registration/UserDetail
{"data":{"id":"3","other_id":"3","token":"3rMcwjMAFnOLMApTSNsqLEk5MxIz2yPK8VtaoLcn5Z4Kynqi917a3T86iTcx4P6M4J1bab6gqqcZMofpvSkn8Aqk2iInoFvrbuLpPaFOvP3srfc1iz9CNeTw","lang_type":"1"}}

2018-11-02 08:01:49
demo.webmigrates.com/osnap/api/Registration/UserDetail
{"data":{"id":"3","other_id":"3","token":"3rMcwjMAFnOLMApTSNsqLEk5MxIz2yPK8VtaoLcn5Z4Kynqi917a3T86iTcx4P6M4J1bab6gqqcZMofpvSkn8Aqk2iInoFvrbuLpPaFOvP3srfc1iz9CNeTw","lang_type":"1"}}

2018-11-02 08:01:49
demo.webmigrates.com/osnap/api/Notification/CountBase
{"data":{"token":"3rMcwjMAFnOLMApTSNsqLEk5MxIz2yPK8VtaoLcn5Z4Kynqi917a3T86iTcx4P6M4J1bab6gqqcZMofpvSkn8Aqk2iInoFvrbuLpPaFOvP3srfc1iz9CNeTw","user_id":"3","lang_type":"1"}}

2018-11-02 08:59:53
demo.webmigrates.com/osnap/api/Registration/CheckLogin
{"data":{"username":"valbus44","lang_type":"1","password":"vvvvvv","device_token":"784416d0746e4129f39e466632ef873cf2a335af99f0cec20ffdafb9179130a3","device_type":"1"}}

2018-11-02 08:59:58
demo.webmigrates.com/osnap/api/Registration/BusinessMyEvent
{"data":{"id":"3","year":"2018","token":"37DWWYK2kP98ssHBfKz2QuZQLAw6lFZF823AkgPQnx2TEyATQ7oI7iM1IFo7KYdsEwoUjxtUKRIlrhYXcFaOFlwrBj51yjWti9qSFhNhR2E24YxY3FvLTapI","lang_type":"1"}}

2018-11-02 08:59:58
demo.webmigrates.com/osnap/api/Notification/CountBase
{"data":{"token":"37DWWYK2kP98ssHBfKz2QuZQLAw6lFZF823AkgPQnx2TEyATQ7oI7iM1IFo7KYdsEwoUjxtUKRIlrhYXcFaOFlwrBj51yjWti9qSFhNhR2E24YxY3FvLTapI","user_id":"3","lang_type":"1"}}

2018-11-02 08:59:58
demo.webmigrates.com/osnap/api/Registration/UserDetail
{"data":{"id":"3","other_id":"3","token":"37DWWYK2kP98ssHBfKz2QuZQLAw6lFZF823AkgPQnx2TEyATQ7oI7iM1IFo7KYdsEwoUjxtUKRIlrhYXcFaOFlwrBj51yjWti9qSFhNhR2E24YxY3FvLTapI","lang_type":"1"}}

2018-11-02 09:00:11
demo.webmigrates.com/osnap/api/Registration/MyBidPost
{"data":{"limit":10,"id":"3","page":1,"token":"37DWWYK2kP98ssHBfKz2QuZQLAw6lFZF823AkgPQnx2TEyATQ7oI7iM1IFo7KYdsEwoUjxtUKRIlrhYXcFaOFlwrBj51yjWti9qSFhNhR2E24YxY3FvLTapI","lang_type":"1"}}

2018-11-02 09:00:12
demo.webmigrates.com/osnap/api/Registration/MyBidPost
{"data":{"limit":10,"id":"3","page":2,"token":"37DWWYK2kP98ssHBfKz2QuZQLAw6lFZF823AkgPQnx2TEyATQ7oI7iM1IFo7KYdsEwoUjxtUKRIlrhYXcFaOFlwrBj51yjWti9qSFhNhR2E24YxY3FvLTapI","lang_type":"1"}}

2018-11-02 09:00:23
demo.webmigrates.com/osnap/api/Registration/MyBidPostcompletedAll
{"data":{"limit":10,"id":"3","page":1,"token":"37DWWYK2kP98ssHBfKz2QuZQLAw6lFZF823AkgPQnx2TEyATQ7oI7iM1IFo7KYdsEwoUjxtUKRIlrhYXcFaOFlwrBj51yjWti9qSFhNhR2E24YxY3FvLTapI","lang_type":"1"}}

2018-11-02 09:00:25
demo.webmigrates.com/osnap/api/Registration/MyBidPostRunningAll
{"data":{"limit":10,"id":"3","page":1,"token":"37DWWYK2kP98ssHBfKz2QuZQLAw6lFZF823AkgPQnx2TEyATQ7oI7iM1IFo7KYdsEwoUjxtUKRIlrhYXcFaOFlwrBj51yjWti9qSFhNhR2E24YxY3FvLTapI","lang_type":"1"}}

2018-11-02 09:00:27
demo.webmigrates.com/osnap/api/Registration/MyBidPost
{"data":{"limit":10,"id":"3","page":1,"token":"37DWWYK2kP98ssHBfKz2QuZQLAw6lFZF823AkgPQnx2TEyATQ7oI7iM1IFo7KYdsEwoUjxtUKRIlrhYXcFaOFlwrBj51yjWti9qSFhNhR2E24YxY3FvLTapI","lang_type":"1"}}

2018-11-02 09:00:28
demo.webmigrates.com/osnap/api/Registration/MyBidPost
{"data":{"limit":10,"id":"3","page":2,"token":"37DWWYK2kP98ssHBfKz2QuZQLAw6lFZF823AkgPQnx2TEyATQ7oI7iM1IFo7KYdsEwoUjxtUKRIlrhYXcFaOFlwrBj51yjWti9qSFhNhR2E24YxY3FvLTapI","lang_type":"1"}}

2018-11-02 09:00:31
demo.webmigrates.com/osnap/api/Notification/CountBase
{"data":{"token":"37DWWYK2kP98ssHBfKz2QuZQLAw6lFZF823AkgPQnx2TEyATQ7oI7iM1IFo7KYdsEwoUjxtUKRIlrhYXcFaOFlwrBj51yjWti9qSFhNhR2E24YxY3FvLTapI","user_id":"3","lang_type":"1"}}

2018-11-02 09:00:31
demo.webmigrates.com/osnap/api/Registration/UserDetail
{"data":{"id":"3","other_id":"3","token":"37DWWYK2kP98ssHBfKz2QuZQLAw6lFZF823AkgPQnx2TEyATQ7oI7iM1IFo7KYdsEwoUjxtUKRIlrhYXcFaOFlwrBj51yjWti9qSFhNhR2E24YxY3FvLTapI","lang_type":"1"}}

2018-11-02 09:00:33
demo.webmigrates.com/osnap/api/Registration/BusinessMyEvent
{"data":{"year":"2018","id":"3","month":"11","token":"37DWWYK2kP98ssHBfKz2QuZQLAw6lFZF823AkgPQnx2TEyATQ7oI7iM1IFo7KYdsEwoUjxtUKRIlrhYXcFaOFlwrBj51yjWti9qSFhNhR2E24YxY3FvLTapI","lang_type":"1"}}

2018-11-02 09:00:37
demo.webmigrates.com/osnap/api/Notification/CountBase
{"data":{"token":"37DWWYK2kP98ssHBfKz2QuZQLAw6lFZF823AkgPQnx2TEyATQ7oI7iM1IFo7KYdsEwoUjxtUKRIlrhYXcFaOFlwrBj51yjWti9qSFhNhR2E24YxY3FvLTapI","user_id":"3","lang_type":"1"}}

2018-11-02 09:00:37
demo.webmigrates.com/osnap/api/Registration/UserDetail
{"data":{"id":"3","other_id":"3","token":"37DWWYK2kP98ssHBfKz2QuZQLAw6lFZF823AkgPQnx2TEyATQ7oI7iM1IFo7KYdsEwoUjxtUKRIlrhYXcFaOFlwrBj51yjWti9qSFhNhR2E24YxY3FvLTapI","lang_type":"1"}}

2018-11-02 09:00:44
demo.webmigrates.com/osnap/api/Notification/CountBase
{"data":{"token":"37DWWYK2kP98ssHBfKz2QuZQLAw6lFZF823AkgPQnx2TEyATQ7oI7iM1IFo7KYdsEwoUjxtUKRIlrhYXcFaOFlwrBj51yjWti9qSFhNhR2E24YxY3FvLTapI","user_id":"3","lang_type":"1"}}

2018-11-02 09:00:44
demo.webmigrates.com/osnap/api/Registration/UserDetail
{"data":{"id":"3","other_id":"3","token":"37DWWYK2kP98ssHBfKz2QuZQLAw6lFZF823AkgPQnx2TEyATQ7oI7iM1IFo7KYdsEwoUjxtUKRIlrhYXcFaOFlwrBj51yjWti9qSFhNhR2E24YxY3FvLTapI","lang_type":"1"}}

2018-11-02 09:00:49
demo.webmigrates.com/osnap/api/Notification/CountBase
{"data":{"token":"37DWWYK2kP98ssHBfKz2QuZQLAw6lFZF823AkgPQnx2TEyATQ7oI7iM1IFo7KYdsEwoUjxtUKRIlrhYXcFaOFlwrBj51yjWti9qSFhNhR2E24YxY3FvLTapI","user_id":"3","lang_type":"1"}}

2018-11-02 09:00:49
demo.webmigrates.com/osnap/api/Registration/UserDetail
{"data":{"id":"3","other_id":"3","token":"37DWWYK2kP98ssHBfKz2QuZQLAw6lFZF823AkgPQnx2TEyATQ7oI7iM1IFo7KYdsEwoUjxtUKRIlrhYXcFaOFlwrBj51yjWti9qSFhNhR2E24YxY3FvLTapI","lang_type":"1"}}

2018-11-02 09:00:51
demo.webmigrates.com/osnap/api/Registration/SearchJob
{"data":{"keyword":"","id":"3","token":"37DWWYK2kP98ssHBfKz2QuZQLAw6lFZF823AkgPQnx2TEyATQ7oI7iM1IFo7KYdsEwoUjxtUKRIlrhYXcFaOFlwrBj51yjWti9qSFhNhR2E24YxY3FvLTapI","lang_type":"1"}}

2018-11-02 09:00:52
demo.webmigrates.com/osnap/api/Registration/SearchJob
{"data":{"keyword":"","id":"3","token":"37DWWYK2kP98ssHBfKz2QuZQLAw6lFZF823AkgPQnx2TEyATQ7oI7iM1IFo7KYdsEwoUjxtUKRIlrhYXcFaOFlwrBj51yjWti9qSFhNhR2E24YxY3FvLTapI","lang_type":"1"}}

2018-11-02 09:01:18
demo.webmigrates.com/osnap/api/Notification/CountBase
{"data":{"token":"37DWWYK2kP98ssHBfKz2QuZQLAw6lFZF823AkgPQnx2TEyATQ7oI7iM1IFo7KYdsEwoUjxtUKRIlrhYXcFaOFlwrBj51yjWti9qSFhNhR2E24YxY3FvLTapI","user_id":"3","lang_type":"1"}}

2018-11-02 09:01:18
demo.webmigrates.com/osnap/api/Registration/UserDetail
{"data":{"id":"3","other_id":"3","token":"37DWWYK2kP98ssHBfKz2QuZQLAw6lFZF823AkgPQnx2TEyATQ7oI7iM1IFo7KYdsEwoUjxtUKRIlrhYXcFaOFlwrBj51yjWti9qSFhNhR2E24YxY3FvLTapI","lang_type":"1"}}

2018-11-02 09:01:20
demo.webmigrates.com/osnap/api/Registration/LikedPost
{"data":{"limit":10,"id":"3","page":1,"token":"37DWWYK2kP98ssHBfKz2QuZQLAw6lFZF823AkgPQnx2TEyATQ7oI7iM1IFo7KYdsEwoUjxtUKRIlrhYXcFaOFlwrBj51yjWti9qSFhNhR2E24YxY3FvLTapI","lang_type":"1"}}

2018-11-02 09:01:20
demo.webmigrates.com/osnap/api/Registration/LikedPost
{"data":{"limit":10,"id":"3","page":2,"token":"37DWWYK2kP98ssHBfKz2QuZQLAw6lFZF823AkgPQnx2TEyATQ7oI7iM1IFo7KYdsEwoUjxtUKRIlrhYXcFaOFlwrBj51yjWti9qSFhNhR2E24YxY3FvLTapI","lang_type":"1"}}

2018-11-02 09:01:27
demo.webmigrates.com/osnap/api/Notification/CountBase
{"data":{"token":"37DWWYK2kP98ssHBfKz2QuZQLAw6lFZF823AkgPQnx2TEyATQ7oI7iM1IFo7KYdsEwoUjxtUKRIlrhYXcFaOFlwrBj51yjWti9qSFhNhR2E24YxY3FvLTapI","user_id":"3","lang_type":"1"}}

2018-11-02 09:01:27
demo.webmigrates.com/osnap/api/Registration/UserDetail
{"data":{"id":"3","other_id":"3","token":"37DWWYK2kP98ssHBfKz2QuZQLAw6lFZF823AkgPQnx2TEyATQ7oI7iM1IFo7KYdsEwoUjxtUKRIlrhYXcFaOFlwrBj51yjWti9qSFhNhR2E24YxY3FvLTapI","lang_type":"1"}}

2018-11-02 09:01:30
demo.webmigrates.com/osnap/api/Notification/CountBase
{"data":{"token":"37DWWYK2kP98ssHBfKz2QuZQLAw6lFZF823AkgPQnx2TEyATQ7oI7iM1IFo7KYdsEwoUjxtUKRIlrhYXcFaOFlwrBj51yjWti9qSFhNhR2E24YxY3FvLTapI","user_id":"3","lang_type":"1"}}

2018-11-02 09:01:30
demo.webmigrates.com/osnap/api/Registration/UserDetail
{"data":{"id":"3","other_id":"3","token":"37DWWYK2kP98ssHBfKz2QuZQLAw6lFZF823AkgPQnx2TEyATQ7oI7iM1IFo7KYdsEwoUjxtUKRIlrhYXcFaOFlwrBj51yjWti9qSFhNhR2E24YxY3FvLTapI","lang_type":"1"}}

2018-11-02 09:01:36
demo.webmigrates.com/osnap/api/Registration/ExploreRequests
{"data":{"limit":10,"id":"3","other_id":"3","page":1,"token":"37DWWYK2kP98ssHBfKz2QuZQLAw6lFZF823AkgPQnx2TEyATQ7oI7iM1IFo7KYdsEwoUjxtUKRIlrhYXcFaOFlwrBj51yjWti9qSFhNhR2E24YxY3FvLTapI","lang_type":"1"}}

2018-11-02 09:02:04
demo.webmigrates.com/osnap/api/Notification/CountBase
{"data":{"token":"37DWWYK2kP98ssHBfKz2QuZQLAw6lFZF823AkgPQnx2TEyATQ7oI7iM1IFo7KYdsEwoUjxtUKRIlrhYXcFaOFlwrBj51yjWti9qSFhNhR2E24YxY3FvLTapI","user_id":"3","lang_type":"1"}}

2018-11-02 09:02:04
demo.webmigrates.com/osnap/api/Registration/UserDetail
{"data":{"id":"3","other_id":"3","token":"37DWWYK2kP98ssHBfKz2QuZQLAw6lFZF823AkgPQnx2TEyATQ7oI7iM1IFo7KYdsEwoUjxtUKRIlrhYXcFaOFlwrBj51yjWti9qSFhNhR2E24YxY3FvLTapI","lang_type":"1"}}

2018-11-02 09:02:09
demo.webmigrates.com/osnap/api/Registration/MyOffers
{"data":{"Dlatitude":"0.000000","id":"3","Dlongtitude":"0.000000","token":"37DWWYK2kP98ssHBfKz2QuZQLAw6lFZF823AkgPQnx2TEyATQ7oI7iM1IFo7KYdsEwoUjxtUKRIlrhYXcFaOFlwrBj51yjWti9qSFhNhR2E24YxY3FvLTapI","lang_type":"1"}}

2018-11-02 09:02:13
demo.webmigrates.com/osnap/api/Notification/CountBase
{"data":{"token":"37DWWYK2kP98ssHBfKz2QuZQLAw6lFZF823AkgPQnx2TEyATQ7oI7iM1IFo7KYdsEwoUjxtUKRIlrhYXcFaOFlwrBj51yjWti9qSFhNhR2E24YxY3FvLTapI","user_id":"3","lang_type":"1"}}

2018-11-02 09:02:13
demo.webmigrates.com/osnap/api/Registration/UserDetail
{"data":{"id":"3","other_id":"3","token":"37DWWYK2kP98ssHBfKz2QuZQLAw6lFZF823AkgPQnx2TEyATQ7oI7iM1IFo7KYdsEwoUjxtUKRIlrhYXcFaOFlwrBj51yjWti9qSFhNhR2E24YxY3FvLTapI","lang_type":"1"}}

2018-11-02 09:02:15
demo.webmigrates.com/osnap/api/Registration/PromotionList
{"data":{"all_list":0,"id":"3","limit":10,"page":1,"token":"37DWWYK2kP98ssHBfKz2QuZQLAw6lFZF823AkgPQnx2TEyATQ7oI7iM1IFo7KYdsEwoUjxtUKRIlrhYXcFaOFlwrBj51yjWti9qSFhNhR2E24YxY3FvLTapI","lang_type":"1"}}

2018-11-02 09:02:19
demo.webmigrates.com/osnap/api/Registration/SinglePromotion
{"data":{"Dlatitude":"0.000000","id":"3","promotion_id":"30","Dlongtitude":"0.000000","token":"37DWWYK2kP98ssHBfKz2QuZQLAw6lFZF823AkgPQnx2TEyATQ7oI7iM1IFo7KYdsEwoUjxtUKRIlrhYXcFaOFlwrBj51yjWti9qSFhNhR2E24YxY3FvLTapI","lang_type":"1"}}

2018-11-02 09:02:33
demo.webmigrates.com/osnap/api/Notification/CountBase
{"data":{"token":"37DWWYK2kP98ssHBfKz2QuZQLAw6lFZF823AkgPQnx2TEyATQ7oI7iM1IFo7KYdsEwoUjxtUKRIlrhYXcFaOFlwrBj51yjWti9qSFhNhR2E24YxY3FvLTapI","user_id":"3","lang_type":"1"}}

2018-11-02 09:02:33
demo.webmigrates.com/osnap/api/Registration/UserDetail
{"data":{"id":"3","other_id":"3","token":"37DWWYK2kP98ssHBfKz2QuZQLAw6lFZF823AkgPQnx2TEyATQ7oI7iM1IFo7KYdsEwoUjxtUKRIlrhYXcFaOFlwrBj51yjWti9qSFhNhR2E24YxY3FvLTapI","lang_type":"1"}}

2018-11-02 09:03:16
demo.webmigrates.com/osnap/api/Registration/LikedPost
{"data":{"limit":10,"id":"3","page":1,"token":"37DWWYK2kP98ssHBfKz2QuZQLAw6lFZF823AkgPQnx2TEyATQ7oI7iM1IFo7KYdsEwoUjxtUKRIlrhYXcFaOFlwrBj51yjWti9qSFhNhR2E24YxY3FvLTapI","lang_type":"1"}}

2018-11-02 09:03:17
demo.webmigrates.com/osnap/api/Registration/LikedPost
{"data":{"limit":10,"id":"3","page":2,"token":"37DWWYK2kP98ssHBfKz2QuZQLAw6lFZF823AkgPQnx2TEyATQ7oI7iM1IFo7KYdsEwoUjxtUKRIlrhYXcFaOFlwrBj51yjWti9qSFhNhR2E24YxY3FvLTapI","lang_type":"1"}}

2018-11-02 09:03:21
demo.webmigrates.com/osnap/api/Registration/UserDetail
{"data":{"id":"3","other_id":"3","token":"37DWWYK2kP98ssHBfKz2QuZQLAw6lFZF823AkgPQnx2TEyATQ7oI7iM1IFo7KYdsEwoUjxtUKRIlrhYXcFaOFlwrBj51yjWti9qSFhNhR2E24YxY3FvLTapI","lang_type":"1"}}

2018-11-02 09:03:21
demo.webmigrates.com/osnap/api/Notification/CountBase
{"data":{"token":"37DWWYK2kP98ssHBfKz2QuZQLAw6lFZF823AkgPQnx2TEyATQ7oI7iM1IFo7KYdsEwoUjxtUKRIlrhYXcFaOFlwrBj51yjWti9qSFhNhR2E24YxY3FvLTapI","user_id":"3","lang_type":"1"}}

2018-11-02 09:03:23
demo.webmigrates.com/osnap/api/Registration/ExploreRequests
{"data":{"limit":10,"id":"3","other_id":"3","page":1,"token":"37DWWYK2kP98ssHBfKz2QuZQLAw6lFZF823AkgPQnx2TEyATQ7oI7iM1IFo7KYdsEwoUjxtUKRIlrhYXcFaOFlwrBj51yjWti9qSFhNhR2E24YxY3FvLTapI","lang_type":"1"}}

2018-11-02 09:03:27
demo.webmigrates.com/osnap/api/Notification/CountBase
{"data":{"token":"37DWWYK2kP98ssHBfKz2QuZQLAw6lFZF823AkgPQnx2TEyATQ7oI7iM1IFo7KYdsEwoUjxtUKRIlrhYXcFaOFlwrBj51yjWti9qSFhNhR2E24YxY3FvLTapI","user_id":"3","lang_type":"1"}}

2018-11-02 09:03:28
demo.webmigrates.com/osnap/api/Registration/UserDetail
{"data":{"id":"3","other_id":"3","token":"37DWWYK2kP98ssHBfKz2QuZQLAw6lFZF823AkgPQnx2TEyATQ7oI7iM1IFo7KYdsEwoUjxtUKRIlrhYXcFaOFlwrBj51yjWti9qSFhNhR2E24YxY3FvLTapI","lang_type":"1"}}

2018-11-02 09:03:29
demo.webmigrates.com/osnap/api/Registration/ExploreRequests
{"data":{"limit":10,"id":"3","other_id":"3","page":1,"token":"37DWWYK2kP98ssHBfKz2QuZQLAw6lFZF823AkgPQnx2TEyATQ7oI7iM1IFo7KYdsEwoUjxtUKRIlrhYXcFaOFlwrBj51yjWti9qSFhNhR2E24YxY3FvLTapI","lang_type":"1"}}

2018-11-02 09:03:37
demo.webmigrates.com/osnap/api/Notification/CountBase
{"data":{"token":"37DWWYK2kP98ssHBfKz2QuZQLAw6lFZF823AkgPQnx2TEyATQ7oI7iM1IFo7KYdsEwoUjxtUKRIlrhYXcFaOFlwrBj51yjWti9qSFhNhR2E24YxY3FvLTapI","user_id":"3","lang_type":"1"}}

2018-11-02 09:03:37
demo.webmigrates.com/osnap/api/Registration/UserDetail
{"data":{"id":"3","other_id":"3","token":"37DWWYK2kP98ssHBfKz2QuZQLAw6lFZF823AkgPQnx2TEyATQ7oI7iM1IFo7KYdsEwoUjxtUKRIlrhYXcFaOFlwrBj51yjWti9qSFhNhR2E24YxY3FvLTapI","lang_type":"1"}}

2018-11-02 10:23:52
demo.webmigrates.com/osnap/api/Notification/CountBase
{"data":{"token":"MynZl9Mm81whERHfeEqWGmGVb3Cj4MF3vtdpYVI54qKpAQGDXNe3aPdZbuuvqGNIUlgKfxuSjJbJIbRIz6UgSjHqMzbX3XRdjORT1ZHfgJfdhEF54XTF0mwn","user_id":"110","lang_type":"1"}}

2018-11-02 10:23:52
demo.webmigrates.com/osnap/api/Registration/ClientMyEvent
{"data":{"id":"110","year":"2018","token":"MynZl9Mm81whERHfeEqWGmGVb3Cj4MF3vtdpYVI54qKpAQGDXNe3aPdZbuuvqGNIUlgKfxuSjJbJIbRIz6UgSjHqMzbX3XRdjORT1ZHfgJfdhEF54XTF0mwn","lang_type":"1"}}

2018-11-02 10:23:52
demo.webmigrates.com/osnap/api/Registration/UserDetail
{"data":{"id":"110","other_id":"110","token":"MynZl9Mm81whERHfeEqWGmGVb3Cj4MF3vtdpYVI54qKpAQGDXNe3aPdZbuuvqGNIUlgKfxuSjJbJIbRIz6UgSjHqMzbX3XRdjORT1ZHfgJfdhEF54XTF0mwn","lang_type":"1"}}

2018-11-02 10:24:51
demo.webmigrates.com/osnap/api/Notification/CountBase
{"data":{"token":"ccFyN85g3SkAxAkRBF9aLc8ZB0M3c4diJ8bMQfjvSJgPrCHdNcPlLmtCpQ8yvyNXGLUFfc8RSZNp7ZhLSD0UBUJyqXI8KIT2ttwBKZdqp3vywcjZDPG5Su7f","user_id":"109","lang_type":"1"}}

2018-11-02 10:24:51
demo.webmigrates.com/osnap/api/Registration/BusinessMyEvent
{"data":{"id":"109","year":"2018","token":"ccFyN85g3SkAxAkRBF9aLc8ZB0M3c4diJ8bMQfjvSJgPrCHdNcPlLmtCpQ8yvyNXGLUFfc8RSZNp7ZhLSD0UBUJyqXI8KIT2ttwBKZdqp3vywcjZDPG5Su7f","lang_type":"1"}}

2018-11-02 10:24:51
demo.webmigrates.com/osnap/api/Registration/UserDetail
{"data":{"id":"109","other_id":"109","token":"ccFyN85g3SkAxAkRBF9aLc8ZB0M3c4diJ8bMQfjvSJgPrCHdNcPlLmtCpQ8yvyNXGLUFfc8RSZNp7ZhLSD0UBUJyqXI8KIT2ttwBKZdqp3vywcjZDPG5Su7f","lang_type":"1"}}

2018-11-02 10:24:59
demo.webmigrates.com/osnap/api/Registration/ClientMyEvent
{"data":{"id":"110","year":"2018","token":"MynZl9Mm81whERHfeEqWGmGVb3Cj4MF3vtdpYVI54qKpAQGDXNe3aPdZbuuvqGNIUlgKfxuSjJbJIbRIz6UgSjHqMzbX3XRdjORT1ZHfgJfdhEF54XTF0mwn","lang_type":"1"}}

2018-11-02 10:25:19
demo.webmigrates.com/osnap/api/Registration/ClientMyEvent
{"data":{"id":"110","year":"2018","token":"MynZl9Mm81whERHfeEqWGmGVb3Cj4MF3vtdpYVI54qKpAQGDXNe3aPdZbuuvqGNIUlgKfxuSjJbJIbRIz6UgSjHqMzbX3XRdjORT1ZHfgJfdhEF54XTF0mwn","lang_type":"1"}}

2018-11-02 10:25:26
demo.webmigrates.com/osnap/api/Notification/CountBase
{"data":{"token":"ccFyN85g3SkAxAkRBF9aLc8ZB0M3c4diJ8bMQfjvSJgPrCHdNcPlLmtCpQ8yvyNXGLUFfc8RSZNp7ZhLSD0UBUJyqXI8KIT2ttwBKZdqp3vywcjZDPG5Su7f","user_id":"109","lang_type":"1"}}

2018-11-02 10:25:26
demo.webmigrates.com/osnap/api/Registration/UserDetail
{"data":{"id":"109","other_id":"109","token":"ccFyN85g3SkAxAkRBF9aLc8ZB0M3c4diJ8bMQfjvSJgPrCHdNcPlLmtCpQ8yvyNXGLUFfc8RSZNp7ZhLSD0UBUJyqXI8KIT2ttwBKZdqp3vywcjZDPG5Su7f","lang_type":"1"}}

2018-11-02 10:25:29
demo.webmigrates.com/osnap/api/Notification/CountBase
{"data":{"token":"ccFyN85g3SkAxAkRBF9aLc8ZB0M3c4diJ8bMQfjvSJgPrCHdNcPlLmtCpQ8yvyNXGLUFfc8RSZNp7ZhLSD0UBUJyqXI8KIT2ttwBKZdqp3vywcjZDPG5Su7f","user_id":"109","lang_type":"1"}}

2018-11-02 10:25:29
demo.webmigrates.com/osnap/api/Registration/UserDetail
{"data":{"id":"109","other_id":"109","token":"ccFyN85g3SkAxAkRBF9aLc8ZB0M3c4diJ8bMQfjvSJgPrCHdNcPlLmtCpQ8yvyNXGLUFfc8RSZNp7ZhLSD0UBUJyqXI8KIT2ttwBKZdqp3vywcjZDPG5Su7f","lang_type":"1"}}

2018-11-02 10:25:37
demo.webmigrates.com/osnap/api/Registration/UserDetail
{"data":{"id":"110","other_id":"110","token":"MynZl9Mm81whERHfeEqWGmGVb3Cj4MF3vtdpYVI54qKpAQGDXNe3aPdZbuuvqGNIUlgKfxuSjJbJIbRIz6UgSjHqMzbX3XRdjORT1ZHfgJfdhEF54XTF0mwn","lang_type":"1"}}

2018-11-02 10:25:57
demo.webmigrates.com/osnap/api/Registration/ClientMyEvent
{"data":{"id":"110","year":"2018","token":"MynZl9Mm81whERHfeEqWGmGVb3Cj4MF3vtdpYVI54qKpAQGDXNe3aPdZbuuvqGNIUlgKfxuSjJbJIbRIz6UgSjHqMzbX3XRdjORT1ZHfgJfdhEF54XTF0mwn","lang_type":"1"}}

2018-11-02 11:00:25
demo.webmigrates.com/osnap/api/Registration/ClientMyEvent
{"data":{"id":"110","year":"2018","token":"MynZl9Mm81whERHfeEqWGmGVb3Cj4MF3vtdpYVI54qKpAQGDXNe3aPdZbuuvqGNIUlgKfxuSjJbJIbRIz6UgSjHqMzbX3XRdjORT1ZHfgJfdhEF54XTF0mwn","lang_type":"1"}}

2018-11-02 11:00:28
demo.webmigrates.com/osnap/api/Notification/GetNotification
{"data":{"limit":10,"page":1,"user_id":"110","token":"MynZl9Mm81whERHfeEqWGmGVb3Cj4MF3vtdpYVI54qKpAQGDXNe3aPdZbuuvqGNIUlgKfxuSjJbJIbRIz6UgSjHqMzbX3XRdjORT1ZHfgJfdhEF54XTF0mwn","lang_type":"1"}}

2018-11-02 11:00:28
demo.webmigrates.com/osnap/api/Notification/ClearBase
{"data":{"token":"MynZl9Mm81whERHfeEqWGmGVb3Cj4MF3vtdpYVI54qKpAQGDXNe3aPdZbuuvqGNIUlgKfxuSjJbJIbRIz6UgSjHqMzbX3XRdjORT1ZHfgJfdhEF54XTF0mwn","user_id":"110","lang_type":"1"}}

2018-11-02 11:00:31
demo.webmigrates.com/osnap/api/Registration/UserDetail
{"data":{"id":"110","other_id":"110","token":"MynZl9Mm81whERHfeEqWGmGVb3Cj4MF3vtdpYVI54qKpAQGDXNe3aPdZbuuvqGNIUlgKfxuSjJbJIbRIz6UgSjHqMzbX3XRdjORT1ZHfgJfdhEF54XTF0mwn","lang_type":"1"}}

2018-11-02 11:00:43
demo.webmigrates.com/osnap/api/Registration/UserDetail
{"data":{"id":"109","other_id":"109","token":"ccFyN85g3SkAxAkRBF9aLc8ZB0M3c4diJ8bMQfjvSJgPrCHdNcPlLmtCpQ8yvyNXGLUFfc8RSZNp7ZhLSD0UBUJyqXI8KIT2ttwBKZdqp3vywcjZDPG5Su7f","lang_type":"1"}}

2018-11-02 11:00:43
demo.webmigrates.com/osnap/api/Notification/CountBase
{"data":{"token":"ccFyN85g3SkAxAkRBF9aLc8ZB0M3c4diJ8bMQfjvSJgPrCHdNcPlLmtCpQ8yvyNXGLUFfc8RSZNp7ZhLSD0UBUJyqXI8KIT2ttwBKZdqp3vywcjZDPG5Su7f","user_id":"109","lang_type":"1"}}

2018-11-02 11:00:52
demo.webmigrates.com/osnap/api/Registration/SearchUser
{"data":{"id":"110","Dlongtitude":"-97.038069","keyword":"","limit":10,"token":"MynZl9Mm81whERHfeEqWGmGVb3Cj4MF3vtdpYVI54qKpAQGDXNe3aPdZbuuvqGNIUlgKfxuSjJbJIbRIz6UgSjHqMzbX3XRdjORT1ZHfgJfdhEF54XTF0mwn","lang_type":"1","Dlatitude":"32.685590","page":1}}

2018-11-02 11:00:57
demo.webmigrates.com/osnap/api/Registration/SearchUser
{"data":{"id":"110","Dlongtitude":"-97.038075","keyword":"bemp874","limit":10,"token":"MynZl9Mm81whERHfeEqWGmGVb3Cj4MF3vtdpYVI54qKpAQGDXNe3aPdZbuuvqGNIUlgKfxuSjJbJIbRIz6UgSjHqMzbX3XRdjORT1ZHfgJfdhEF54XTF0mwn","lang_type":"1","Dlatitude":"32.685592","page":1}}

2018-11-02 11:00:58
demo.webmigrates.com/osnap/api/Registration/SearchUser
{"data":{"id":"110","Dlongtitude":"-97.038075","keyword":"bemp874","limit":10,"token":"MynZl9Mm81whERHfeEqWGmGVb3Cj4MF3vtdpYVI54qKpAQGDXNe3aPdZbuuvqGNIUlgKfxuSjJbJIbRIz6UgSjHqMzbX3XRdjORT1ZHfgJfdhEF54XTF0mwn","lang_type":"1","Dlatitude":"32.685593","page":2}}

2018-11-02 11:01:00
demo.webmigrates.com/osnap/api/General/GetCategory
{"data":{"id":"110","token":"MynZl9Mm81whERHfeEqWGmGVb3Cj4MF3vtdpYVI54qKpAQGDXNe3aPdZbuuvqGNIUlgKfxuSjJbJIbRIz6UgSjHqMzbX3XRdjORT1ZHfgJfdhEF54XTF0mwn","lang_type":"1"}}

2018-11-02 11:01:27
demo.webmigrates.com/osnap/api/General/GetSubCategory
{"data":{"id":"110","category_id":"12","token":"MynZl9Mm81whERHfeEqWGmGVb3Cj4MF3vtdpYVI54qKpAQGDXNe3aPdZbuuvqGNIUlgKfxuSjJbJIbRIz6UgSjHqMzbX3XRdjORT1ZHfgJfdhEF54XTF0mwn","lang_type":"1"}}

2018-11-02 11:01:52
demo.webmigrates.com/osnap/api/Registration/UserDetail
{"data":{"Dlatitude":"32.685621","id":"110","other_id":"109","Dlongtitude":"-97.038068","token":"MynZl9Mm81whERHfeEqWGmGVb3Cj4MF3vtdpYVI54qKpAQGDXNe3aPdZbuuvqGNIUlgKfxuSjJbJIbRIz6UgSjHqMzbX3XRdjORT1ZHfgJfdhEF54XTF0mwn","lang_type":"1"}}

2018-11-02 11:01:53
demo.webmigrates.com/osnap/upload/image//(null)


2018-11-02 11:02:03
demo.webmigrates.com/osnap/api/Registration/AddOffer
{"data":{"pay_by":"1","longtitude":"-97.038","is_agree":"1","lang_type":"1","preferred_datetime":"2018-11-02 11:01:55","user_id":"109","exp_level":"1","latitude":"32.6856","work_type":"2","signature":"154117452261306.png","job_description":"Hi","id":"110","commitment":"2","token":"MynZl9Mm81whERHfeEqWGmGVb3Cj4MF3vtdpYVI54qKpAQGDXNe3aPdZbuuvqGNIUlgKfxuSjJbJIbRIz6UgSjHqMzbX3XRdjORT1ZHfgJfdhEF54XTF0mwn","client_attachments":[],"attachments":[],"selected_skill":[],"subcategory_id":"14","job_title":"hi","rate":"19","category_id":"12","notes":"","address":"3515 Ponderosa Dr, Grand Prairie, TX 75052, USA","how_long":"2"}}

2018-11-02 11:02:08
demo.webmigrates.com/osnap/api/Registration/UserDetail
{"data":{"id":"110","other_id":"110","token":"MynZl9Mm81whERHfeEqWGmGVb3Cj4MF3vtdpYVI54qKpAQGDXNe3aPdZbuuvqGNIUlgKfxuSjJbJIbRIz6UgSjHqMzbX3XRdjORT1ZHfgJfdhEF54XTF0mwn","lang_type":"1"}}

2018-11-02 11:02:15
demo.webmigrates.com/osnap/api/Notification/GetNotification
{"data":{"limit":10,"page":1,"user_id":"109","token":"ccFyN85g3SkAxAkRBF9aLc8ZB0M3c4diJ8bMQfjvSJgPrCHdNcPlLmtCpQ8yvyNXGLUFfc8RSZNp7ZhLSD0UBUJyqXI8KIT2ttwBKZdqp3vywcjZDPG5Su7f","lang_type":"1"}}

2018-11-02 11:02:16
demo.webmigrates.com/osnap/api/Notification/ClearBase
{"data":{"token":"ccFyN85g3SkAxAkRBF9aLc8ZB0M3c4diJ8bMQfjvSJgPrCHdNcPlLmtCpQ8yvyNXGLUFfc8RSZNp7ZhLSD0UBUJyqXI8KIT2ttwBKZdqp3vywcjZDPG5Su7f","user_id":"109","lang_type":"1"}}

2018-11-02 11:02:16
demo.webmigrates.com/osnap/api/Notification/GetNotification
{"data":{"limit":10,"page":2,"user_id":"109","token":"ccFyN85g3SkAxAkRBF9aLc8ZB0M3c4diJ8bMQfjvSJgPrCHdNcPlLmtCpQ8yvyNXGLUFfc8RSZNp7ZhLSD0UBUJyqXI8KIT2ttwBKZdqp3vywcjZDPG5Su7f","lang_type":"1"}}

2018-11-02 11:02:18
demo.webmigrates.com/osnap/api/Registration/EventDetail
{"data":{"id":"109","pb_id":"98","token":"ccFyN85g3SkAxAkRBF9aLc8ZB0M3c4diJ8bMQfjvSJgPrCHdNcPlLmtCpQ8yvyNXGLUFfc8RSZNp7ZhLSD0UBUJyqXI8KIT2ttwBKZdqp3vywcjZDPG5Su7f","lang_type":"1"}}

2018-11-02 11:02:25
demo.webmigrates.com/osnap/api/Registration/OfferResponse
{"data":{"status":2,"is_agree":"1","id":"109","offer_id":"98","signature":"154117454425561.png","token":"ccFyN85g3SkAxAkRBF9aLc8ZB0M3c4diJ8bMQfjvSJgPrCHdNcPlLmtCpQ8yvyNXGLUFfc8RSZNp7ZhLSD0UBUJyqXI8KIT2ttwBKZdqp3vywcjZDPG5Su7f","lang_type":"1"}}

2018-11-02 11:02:26
demo.webmigrates.com/osnap/api/Notification/CountBase
{"data":{"token":"MynZl9Mm81whERHfeEqWGmGVb3Cj4MF3vtdpYVI54qKpAQGDXNe3aPdZbuuvqGNIUlgKfxuSjJbJIbRIz6UgSjHqMzbX3XRdjORT1ZHfgJfdhEF54XTF0mwn","user_id":"110","lang_type":"1"}}

2018-11-02 11:02:26
demo.webmigrates.com/osnap/api/Registration/ClientMyEvent
{"data":{"id":"110","year":"2018","token":"MynZl9Mm81whERHfeEqWGmGVb3Cj4MF3vtdpYVI54qKpAQGDXNe3aPdZbuuvqGNIUlgKfxuSjJbJIbRIz6UgSjHqMzbX3XRdjORT1ZHfgJfdhEF54XTF0mwn","lang_type":"1"}}

2018-11-02 11:02:28
demo.webmigrates.com/osnap/api/Registration/EventDetail
{"data":{"id":"109","pb_id":"98","token":"ccFyN85g3SkAxAkRBF9aLc8ZB0M3c4diJ8bMQfjvSJgPrCHdNcPlLmtCpQ8yvyNXGLUFfc8RSZNp7ZhLSD0UBUJyqXI8KIT2ttwBKZdqp3vywcjZDPG5Su7f","lang_type":"1"}}

2018-11-02 11:02:37
demo.webmigrates.com/osnap/api/Registration/UserDetail
{"data":{"id":"109","other_id":"109","token":"ccFyN85g3SkAxAkRBF9aLc8ZB0M3c4diJ8bMQfjvSJgPrCHdNcPlLmtCpQ8yvyNXGLUFfc8RSZNp7ZhLSD0UBUJyqXI8KIT2ttwBKZdqp3vywcjZDPG5Su7f","lang_type":"1"}}

2018-11-02 11:02:37
demo.webmigrates.com/osnap/api/Notification/CountBase
{"data":{"token":"ccFyN85g3SkAxAkRBF9aLc8ZB0M3c4diJ8bMQfjvSJgPrCHdNcPlLmtCpQ8yvyNXGLUFfc8RSZNp7ZhLSD0UBUJyqXI8KIT2ttwBKZdqp3vywcjZDPG5Su7f","user_id":"109","lang_type":"1"}}

2018-11-02 11:12:46
demo.webmigrates.com/osnap/api/Registration/ClientMyEvent
{"data":{"id":"110","year":"2018","token":"MynZl9Mm81whERHfeEqWGmGVb3Cj4MF3vtdpYVI54qKpAQGDXNe3aPdZbuuvqGNIUlgKfxuSjJbJIbRIz6UgSjHqMzbX3XRdjORT1ZHfgJfdhEF54XTF0mwn","lang_type":"1"}}

2018-11-02 11:12:51
demo.webmigrates.com/osnap/api/Notification/GetNotification
{"data":{"limit":10,"page":1,"user_id":"110","token":"MynZl9Mm81whERHfeEqWGmGVb3Cj4MF3vtdpYVI54qKpAQGDXNe3aPdZbuuvqGNIUlgKfxuSjJbJIbRIz6UgSjHqMzbX3XRdjORT1ZHfgJfdhEF54XTF0mwn","lang_type":"1"}}

2018-11-02 11:12:52
demo.webmigrates.com/osnap/api/Notification/ClearBase
{"data":{"token":"MynZl9Mm81whERHfeEqWGmGVb3Cj4MF3vtdpYVI54qKpAQGDXNe3aPdZbuuvqGNIUlgKfxuSjJbJIbRIz6UgSjHqMzbX3XRdjORT1ZHfgJfdhEF54XTF0mwn","user_id":"110","lang_type":"1"}}

2018-11-02 11:12:52
demo.webmigrates.com/osnap/api/Notification/GetNotification
{"data":{"limit":10,"page":2,"user_id":"110","token":"MynZl9Mm81whERHfeEqWGmGVb3Cj4MF3vtdpYVI54qKpAQGDXNe3aPdZbuuvqGNIUlgKfxuSjJbJIbRIz6UgSjHqMzbX3XRdjORT1ZHfgJfdhEF54XTF0mwn","lang_type":"1"}}

2018-11-02 11:12:54
demo.webmigrates.com/osnap/api/Registration/EventDetail
{"data":{"id":"110","pb_id":"98","token":"MynZl9Mm81whERHfeEqWGmGVb3Cj4MF3vtdpYVI54qKpAQGDXNe3aPdZbuuvqGNIUlgKfxuSjJbJIbRIz6UgSjHqMzbX3XRdjORT1ZHfgJfdhEF54XTF0mwn","lang_type":"1"}}

2018-11-02 11:12:56
demo.webmigrates.com/osnap/api/Registration/UserDetail
{"data":{"Dlatitude":"32.685659","id":"110","other_id":"109","Dlongtitude":"-97.038070","token":"MynZl9Mm81whERHfeEqWGmGVb3Cj4MF3vtdpYVI54qKpAQGDXNe3aPdZbuuvqGNIUlgKfxuSjJbJIbRIz6UgSjHqMzbX3XRdjORT1ZHfgJfdhEF54XTF0mwn","lang_type":"1"}}

2018-11-02 11:33:55
demo.webmigrates.com/osnap/api/Registration/ClientMyEvent
{"data":{"id":"110","year":"2018","token":"MynZl9Mm81whERHfeEqWGmGVb3Cj4MF3vtdpYVI54qKpAQGDXNe3aPdZbuuvqGNIUlgKfxuSjJbJIbRIz6UgSjHqMzbX3XRdjORT1ZHfgJfdhEF54XTF0mwn","lang_type":"1"}}

2018-11-02 11:55:51
demo.webmigrates.com/osnap/api/Registration/ClientMyEvent
{"data":{"id":"110","year":"2018","token":"MynZl9Mm81whERHfeEqWGmGVb3Cj4MF3vtdpYVI54qKpAQGDXNe3aPdZbuuvqGNIUlgKfxuSjJbJIbRIz6UgSjHqMzbX3XRdjORT1ZHfgJfdhEF54XTF0mwn","lang_type":"1"}}

2018-11-02 11:55:55
demo.webmigrates.com/osnap/api/Registration/UserDetail
{"data":{"id":"110","other_id":"110","token":"MynZl9Mm81whERHfeEqWGmGVb3Cj4MF3vtdpYVI54qKpAQGDXNe3aPdZbuuvqGNIUlgKfxuSjJbJIbRIz6UgSjHqMzbX3XRdjORT1ZHfgJfdhEF54XTF0mwn","lang_type":"1"}}

2018-11-02 11:55:59
demo.webmigrates.com/osnap/api/Notification/GetNotification
{"data":{"limit":10,"page":1,"user_id":"110","token":"MynZl9Mm81whERHfeEqWGmGVb3Cj4MF3vtdpYVI54qKpAQGDXNe3aPdZbuuvqGNIUlgKfxuSjJbJIbRIz6UgSjHqMzbX3XRdjORT1ZHfgJfdhEF54XTF0mwn","lang_type":"1"}}

2018-11-02 11:55:59
demo.webmigrates.com/osnap/api/Notification/GetNotification
{"data":{"limit":10,"page":2,"user_id":"110","token":"MynZl9Mm81whERHfeEqWGmGVb3Cj4MF3vtdpYVI54qKpAQGDXNe3aPdZbuuvqGNIUlgKfxuSjJbJIbRIz6UgSjHqMzbX3XRdjORT1ZHfgJfdhEF54XTF0mwn","lang_type":"1"}}

2018-11-02 11:55:59
demo.webmigrates.com/osnap/api/Notification/ClearBase
{"data":{"token":"MynZl9Mm81whERHfeEqWGmGVb3Cj4MF3vtdpYVI54qKpAQGDXNe3aPdZbuuvqGNIUlgKfxuSjJbJIbRIz6UgSjHqMzbX3XRdjORT1ZHfgJfdhEF54XTF0mwn","user_id":"110","lang_type":"1"}}

2018-11-02 11:56:00
demo.webmigrates.com/osnap/api/Registration/EventDetail
{"data":{"id":"110","pb_id":"98","token":"MynZl9Mm81whERHfeEqWGmGVb3Cj4MF3vtdpYVI54qKpAQGDXNe3aPdZbuuvqGNIUlgKfxuSjJbJIbRIz6UgSjHqMzbX3XRdjORT1ZHfgJfdhEF54XTF0mwn","lang_type":"1"}}

2018-11-02 11:56:03
demo.webmigrates.com/osnap/api/Registration/UserDetail
{"data":{"id":"110","other_id":"110","token":"MynZl9Mm81whERHfeEqWGmGVb3Cj4MF3vtdpYVI54qKpAQGDXNe3aPdZbuuvqGNIUlgKfxuSjJbJIbRIz6UgSjHqMzbX3XRdjORT1ZHfgJfdhEF54XTF0mwn","lang_type":"1"}}

2018-11-02 11:56:30
demo.webmigrates.com/osnap/api/Registration/ClientMyEvent
{"data":{"id":"110","year":"2018","token":"MynZl9Mm81whERHfeEqWGmGVb3Cj4MF3vtdpYVI54qKpAQGDXNe3aPdZbuuvqGNIUlgKfxuSjJbJIbRIz6UgSjHqMzbX3XRdjORT1ZHfgJfdhEF54XTF0mwn","lang_type":"1"}}

2018-11-02 19:23:43
demo.webmigrates.com/osnap/api/Registration/ClientMyEvent
{"data":{"id":"110","year":"2018","token":"MynZl9Mm81whERHfeEqWGmGVb3Cj4MF3vtdpYVI54qKpAQGDXNe3aPdZbuuvqGNIUlgKfxuSjJbJIbRIz6UgSjHqMzbX3XRdjORT1ZHfgJfdhEF54XTF0mwn","lang_type":"1"}}

2018-11-02 19:23:49
demo.webmigrates.com/osnap/api/Registration/ClientMyEvent
{"data":{"year":"2018","id":"110","month":"11","token":"MynZl9Mm81whERHfeEqWGmGVb3Cj4MF3vtdpYVI54qKpAQGDXNe3aPdZbuuvqGNIUlgKfxuSjJbJIbRIz6UgSjHqMzbX3XRdjORT1ZHfgJfdhEF54XTF0mwn","lang_type":"1"}}

2018-11-02 19:23:51
demo.webmigrates.com/osnap/api/Registration/UserDetail
{"data":{"id":"110","other_id":"110","token":"MynZl9Mm81whERHfeEqWGmGVb3Cj4MF3vtdpYVI54qKpAQGDXNe3aPdZbuuvqGNIUlgKfxuSjJbJIbRIz6UgSjHqMzbX3XRdjORT1ZHfgJfdhEF54XTF0mwn","lang_type":"1"}}

2018-11-02 19:23:52
demo.webmigrates.com/osnap/api/Registration/ClientMyEvent
{"data":{"year":"2018","id":"110","month":"11","token":"MynZl9Mm81whERHfeEqWGmGVb3Cj4MF3vtdpYVI54qKpAQGDXNe3aPdZbuuvqGNIUlgKfxuSjJbJIbRIz6UgSjHqMzbX3XRdjORT1ZHfgJfdhEF54XTF0mwn","lang_type":"1"}}

2018-11-02 19:23:53
demo.webmigrates.com/osnap/api/Registration/EventDetail
{"data":{"id":"110","pb_id":"98","token":"MynZl9Mm81whERHfeEqWGmGVb3Cj4MF3vtdpYVI54qKpAQGDXNe3aPdZbuuvqGNIUlgKfxuSjJbJIbRIz6UgSjHqMzbX3XRdjORT1ZHfgJfdhEF54XTF0mwn","lang_type":"1"}}

2018-11-02 19:23:57
demo.webmigrates.com/osnap/api/Registration/UserDetail
{"data":{"Dlatitude":"32.685682","id":"110","other_id":"109","Dlongtitude":"-97.038089","token":"MynZl9Mm81whERHfeEqWGmGVb3Cj4MF3vtdpYVI54qKpAQGDXNe3aPdZbuuvqGNIUlgKfxuSjJbJIbRIz6UgSjHqMzbX3XRdjORT1ZHfgJfdhEF54XTF0mwn","lang_type":"1"}}

2018-11-02 19:24:02
demo.webmigrates.com/osnap/api/Registration/UserDetail
{"data":{"Dlatitude":"32.685664","id":"110","other_id":"109","Dlongtitude":"-97.038077","token":"MynZl9Mm81whERHfeEqWGmGVb3Cj4MF3vtdpYVI54qKpAQGDXNe3aPdZbuuvqGNIUlgKfxuSjJbJIbRIz6UgSjHqMzbX3XRdjORT1ZHfgJfdhEF54XTF0mwn","lang_type":"1"}}

2018-11-02 19:24:05
demo.webmigrates.com/osnap/api/Registration/UserDetail
{"data":{"id":"110","other_id":"110","token":"MynZl9Mm81whERHfeEqWGmGVb3Cj4MF3vtdpYVI54qKpAQGDXNe3aPdZbuuvqGNIUlgKfxuSjJbJIbRIz6UgSjHqMzbX3XRdjORT1ZHfgJfdhEF54XTF0mwn","lang_type":"1"}}

2018-11-02 19:45:53
demo.webmigrates.com/osnap/api/Registration/ClientMyEvent
{"data":{"id":"110","year":"2018","token":"MynZl9Mm81whERHfeEqWGmGVb3Cj4MF3vtdpYVI54qKpAQGDXNe3aPdZbuuvqGNIUlgKfxuSjJbJIbRIz6UgSjHqMzbX3XRdjORT1ZHfgJfdhEF54XTF0mwn","lang_type":"1"}}

2018-11-02 19:46:17
demo.webmigrates.com/osnap/api/Registration/ClientMyEvent
{"data":{"id":"110","year":"2018","token":"MynZl9Mm81whERHfeEqWGmGVb3Cj4MF3vtdpYVI54qKpAQGDXNe3aPdZbuuvqGNIUlgKfxuSjJbJIbRIz6UgSjHqMzbX3XRdjORT1ZHfgJfdhEF54XTF0mwn","lang_type":"1"}}

2018-11-02 20:18:01
demo.webmigrates.com/osnap/api/Registration/ClientMyEvent
{"data":{"id":"110","year":"2018","token":"MynZl9Mm81whERHfeEqWGmGVb3Cj4MF3vtdpYVI54qKpAQGDXNe3aPdZbuuvqGNIUlgKfxuSjJbJIbRIz6UgSjHqMzbX3XRdjORT1ZHfgJfdhEF54XTF0mwn","lang_type":"1"}}

2018-11-02 20:23:09
demo.webmigrates.com/osnap/api/Registration/ClientMyEvent
{"data":{"id":"110","year":"2018","token":"MynZl9Mm81whERHfeEqWGmGVb3Cj4MF3vtdpYVI54qKpAQGDXNe3aPdZbuuvqGNIUlgKfxuSjJbJIbRIz6UgSjHqMzbX3XRdjORT1ZHfgJfdhEF54XTF0mwn","lang_type":"1"}}

2018-11-02 20:24:56
demo.webmigrates.com/osnap/api/Registration/ClientMyEvent
{"data":{"id":"110","year":"2018","token":"MynZl9Mm81whERHfeEqWGmGVb3Cj4MF3vtdpYVI54qKpAQGDXNe3aPdZbuuvqGNIUlgKfxuSjJbJIbRIz6UgSjHqMzbX3XRdjORT1ZHfgJfdhEF54XTF0mwn","lang_type":"1"}}

2018-11-02 20:29:06
demo.webmigrates.com/osnap/api/Registration/ExploreRequests
{"data":{"limit":10,"id":"109","other_id":"109","page":1,"token":"ccFyN85g3SkAxAkRBF9aLc8ZB0M3c4diJ8bMQfjvSJgPrCHdNcPlLmtCpQ8yvyNXGLUFfc8RSZNp7ZhLSD0UBUJyqXI8KIT2ttwBKZdqp3vywcjZDPG5Su7f","lang_type":"1"}}

2018-11-02 20:29:09
demo.webmigrates.com/osnap/api/Registration/UserDetail
{"data":{"id":"109","other_id":"109","token":"ccFyN85g3SkAxAkRBF9aLc8ZB0M3c4diJ8bMQfjvSJgPrCHdNcPlLmtCpQ8yvyNXGLUFfc8RSZNp7ZhLSD0UBUJyqXI8KIT2ttwBKZdqp3vywcjZDPG5Su7f","lang_type":"1"}}

2018-11-02 20:29:09
demo.webmigrates.com/osnap/api/Notification/CountBase
{"data":{"token":"ccFyN85g3SkAxAkRBF9aLc8ZB0M3c4diJ8bMQfjvSJgPrCHdNcPlLmtCpQ8yvyNXGLUFfc8RSZNp7ZhLSD0UBUJyqXI8KIT2ttwBKZdqp3vywcjZDPG5Su7f","user_id":"109","lang_type":"1"}}

2018-11-02 20:29:11
demo.webmigrates.com/osnap/api/Registration/PromotionList
{"data":{"all_list":0,"id":"109","limit":10,"page":1,"token":"ccFyN85g3SkAxAkRBF9aLc8ZB0M3c4diJ8bMQfjvSJgPrCHdNcPlLmtCpQ8yvyNXGLUFfc8RSZNp7ZhLSD0UBUJyqXI8KIT2ttwBKZdqp3vywcjZDPG5Su7f","lang_type":"1"}}

2018-11-02 20:29:13
demo.webmigrates.com/osnap/api/General/GetCategory
{"data":{"id":"109","token":"ccFyN85g3SkAxAkRBF9aLc8ZB0M3c4diJ8bMQfjvSJgPrCHdNcPlLmtCpQ8yvyNXGLUFfc8RSZNp7ZhLSD0UBUJyqXI8KIT2ttwBKZdqp3vywcjZDPG5Su7f","lang_type":"1"}}

2018-11-02 20:34:11
demo.webmigrates.com/osnap/api/Registration/UserDetail
{"data":{"id":"109","other_id":"109","token":"ccFyN85g3SkAxAkRBF9aLc8ZB0M3c4diJ8bMQfjvSJgPrCHdNcPlLmtCpQ8yvyNXGLUFfc8RSZNp7ZhLSD0UBUJyqXI8KIT2ttwBKZdqp3vywcjZDPG5Su7f","lang_type":"1"}}

2018-11-02 20:34:11
demo.webmigrates.com/osnap/api/Notification/CountBase
{"data":{"token":"ccFyN85g3SkAxAkRBF9aLc8ZB0M3c4diJ8bMQfjvSJgPrCHdNcPlLmtCpQ8yvyNXGLUFfc8RSZNp7ZhLSD0UBUJyqXI8KIT2ttwBKZdqp3vywcjZDPG5Su7f","user_id":"109","lang_type":"1"}}

2018-11-02 20:42:14
demo.webmigrates.com/osnap/api/Registration/Logout
{"data":{"id":"109","token":"ccFyN85g3SkAxAkRBF9aLc8ZB0M3c4diJ8bMQfjvSJgPrCHdNcPlLmtCpQ8yvyNXGLUFfc8RSZNp7ZhLSD0UBUJyqXI8KIT2ttwBKZdqp3vywcjZDPG5Su7f","lang_type":"1"}}

2018-11-02 21:11:09
demo.webmigrates.com/osnap/api/Registration/ClientMyEvent
{"data":{"id":"110","year":"2018","token":"MynZl9Mm81whERHfeEqWGmGVb3Cj4MF3vtdpYVI54qKpAQGDXNe3aPdZbuuvqGNIUlgKfxuSjJbJIbRIz6UgSjHqMzbX3XRdjORT1ZHfgJfdhEF54XTF0mwn","lang_type":"1"}}

2018-11-02 21:11:12
demo.webmigrates.com/osnap/api/General/GetCategory
{"data":{"id":"110","token":"MynZl9Mm81whERHfeEqWGmGVb3Cj4MF3vtdpYVI54qKpAQGDXNe3aPdZbuuvqGNIUlgKfxuSjJbJIbRIz6UgSjHqMzbX3XRdjORT1ZHfgJfdhEF54XTF0mwn","lang_type":"1"}}

2018-11-02 21:11:15
demo.webmigrates.com/osnap/api/Registration/UserDetail
{"data":{"id":"110","other_id":"110","token":"MynZl9Mm81whERHfeEqWGmGVb3Cj4MF3vtdpYVI54qKpAQGDXNe3aPdZbuuvqGNIUlgKfxuSjJbJIbRIz6UgSjHqMzbX3XRdjORT1ZHfgJfdhEF54XTF0mwn","lang_type":"1"}}

2018-11-02 21:11:21
demo.webmigrates.com/osnap/api/Registration/UserDetail
{"data":{"id":"110","other_id":"110","token":"MynZl9Mm81whERHfeEqWGmGVb3Cj4MF3vtdpYVI54qKpAQGDXNe3aPdZbuuvqGNIUlgKfxuSjJbJIbRIz6UgSjHqMzbX3XRdjORT1ZHfgJfdhEF54XTF0mwn","lang_type":"1"}}

2018-11-02 21:11:24
demo.webmigrates.com/osnap/api/Registration/MyPost
{"data":{"limit":10,"id":"110","page":1,"token":"MynZl9Mm81whERHfeEqWGmGVb3Cj4MF3vtdpYVI54qKpAQGDXNe3aPdZbuuvqGNIUlgKfxuSjJbJIbRIz6UgSjHqMzbX3XRdjORT1ZHfgJfdhEF54XTF0mwn","lang_type":"1"}}

2018-11-02 21:11:26
demo.webmigrates.com/osnap/api/Registration/MyCompletedPostAll
{"data":{"limit":10,"id":"110","page":1,"token":"MynZl9Mm81whERHfeEqWGmGVb3Cj4MF3vtdpYVI54qKpAQGDXNe3aPdZbuuvqGNIUlgKfxuSjJbJIbRIz6UgSjHqMzbX3XRdjORT1ZHfgJfdhEF54XTF0mwn","lang_type":"1"}}

2018-11-02 21:11:27
demo.webmigrates.com/osnap/api/Registration/MyRunningPostAll
{"data":{"limit":10,"id":"110","page":1,"token":"MynZl9Mm81whERHfeEqWGmGVb3Cj4MF3vtdpYVI54qKpAQGDXNe3aPdZbuuvqGNIUlgKfxuSjJbJIbRIz6UgSjHqMzbX3XRdjORT1ZHfgJfdhEF54XTF0mwn","lang_type":"1"}}

2018-11-02 21:11:28
demo.webmigrates.com/osnap/api/Registration/MyRunningPostAll
{"data":{"limit":10,"id":"110","page":2,"token":"MynZl9Mm81whERHfeEqWGmGVb3Cj4MF3vtdpYVI54qKpAQGDXNe3aPdZbuuvqGNIUlgKfxuSjJbJIbRIz6UgSjHqMzbX3XRdjORT1ZHfgJfdhEF54XTF0mwn","lang_type":"1"}}

2018-11-02 21:11:29
demo.webmigrates.com/osnap/api/Registration/EventDetail
{"data":{"id":"110","pb_id":"98","token":"MynZl9Mm81whERHfeEqWGmGVb3Cj4MF3vtdpYVI54qKpAQGDXNe3aPdZbuuvqGNIUlgKfxuSjJbJIbRIz6UgSjHqMzbX3XRdjORT1ZHfgJfdhEF54XTF0mwn","lang_type":"1"}}

2018-11-02 21:11:30
demo.webmigrates.com/osnap/api/Registration/UserDetail
{"data":{"Dlatitude":"32.685597","id":"110","other_id":"109","Dlongtitude":"-97.037942","token":"MynZl9Mm81whERHfeEqWGmGVb3Cj4MF3vtdpYVI54qKpAQGDXNe3aPdZbuuvqGNIUlgKfxuSjJbJIbRIz6UgSjHqMzbX3XRdjORT1ZHfgJfdhEF54XTF0mwn","lang_type":"1"}}

2018-11-02 21:11:54
demo.webmigrates.com/osnap/api/Registration/CancelJob
{"data":{"id":"110","offer_id":"98","token":"MynZl9Mm81whERHfeEqWGmGVb3Cj4MF3vtdpYVI54qKpAQGDXNe3aPdZbuuvqGNIUlgKfxuSjJbJIbRIz6UgSjHqMzbX3XRdjORT1ZHfgJfdhEF54XTF0mwn","lang_type":"1"}}

2018-11-02 21:12:03
demo.webmigrates.com/osnap/api/Registration/CancelJob
{"data":{"id":"110","offer_id":"98","token":"MynZl9Mm81whERHfeEqWGmGVb3Cj4MF3vtdpYVI54qKpAQGDXNe3aPdZbuuvqGNIUlgKfxuSjJbJIbRIz6UgSjHqMzbX3XRdjORT1ZHfgJfdhEF54XTF0mwn","lang_type":"1"}}

2018-11-02 21:12:15
demo.webmigrates.com/osnap/api/Registration/CancelJob
{"data":{"id":"110","offer_id":"98","token":"MynZl9Mm81whERHfeEqWGmGVb3Cj4MF3vtdpYVI54qKpAQGDXNe3aPdZbuuvqGNIUlgKfxuSjJbJIbRIz6UgSjHqMzbX3XRdjORT1ZHfgJfdhEF54XTF0mwn","lang_type":"1"}}

2018-11-02 21:12:19
demo.webmigrates.com/osnap/api/Registration/MyPost
{"data":{"limit":10,"id":"110","page":1,"token":"MynZl9Mm81whERHfeEqWGmGVb3Cj4MF3vtdpYVI54qKpAQGDXNe3aPdZbuuvqGNIUlgKfxuSjJbJIbRIz6UgSjHqMzbX3XRdjORT1ZHfgJfdhEF54XTF0mwn","lang_type":"1"}}

2018-11-02 21:12:20
demo.webmigrates.com/osnap/api/Registration/MyRunningPostAll
{"data":{"limit":10,"id":"110","page":1,"token":"MynZl9Mm81whERHfeEqWGmGVb3Cj4MF3vtdpYVI54qKpAQGDXNe3aPdZbuuvqGNIUlgKfxuSjJbJIbRIz6UgSjHqMzbX3XRdjORT1ZHfgJfdhEF54XTF0mwn","lang_type":"1"}}

2018-11-02 21:12:22
demo.webmigrates.com/osnap/api/Registration/MyCompletedPostAll
{"data":{"limit":10,"id":"110","page":1,"token":"MynZl9Mm81whERHfeEqWGmGVb3Cj4MF3vtdpYVI54qKpAQGDXNe3aPdZbuuvqGNIUlgKfxuSjJbJIbRIz6UgSjHqMzbX3XRdjORT1ZHfgJfdhEF54XTF0mwn","lang_type":"1"}}

2018-11-02 21:12:24
demo.webmigrates.com/osnap/api/Registration/MyRunningPostAll
{"data":{"limit":10,"id":"110","page":1,"token":"MynZl9Mm81whERHfeEqWGmGVb3Cj4MF3vtdpYVI54qKpAQGDXNe3aPdZbuuvqGNIUlgKfxuSjJbJIbRIz6UgSjHqMzbX3XRdjORT1ZHfgJfdhEF54XTF0mwn","lang_type":"1"}}

2018-11-02 21:15:38
demo.webmigrates.com/osnap/api/Registration/ClientMyEvent
{"data":{"id":"110","year":"2018","token":"MynZl9Mm81whERHfeEqWGmGVb3Cj4MF3vtdpYVI54qKpAQGDXNe3aPdZbuuvqGNIUlgKfxuSjJbJIbRIz6UgSjHqMzbX3XRdjORT1ZHfgJfdhEF54XTF0mwn","lang_type":"1"}}

2018-11-02 22:46:19
demo.webmigrates.com/osnap/api/Registration/ClientMyEvent
{"data":{"id":"110","year":"2018","token":"MynZl9Mm81whERHfeEqWGmGVb3Cj4MF3vtdpYVI54qKpAQGDXNe3aPdZbuuvqGNIUlgKfxuSjJbJIbRIz6UgSjHqMzbX3XRdjORT1ZHfgJfdhEF54XTF0mwn","lang_type":"1"}}

2018-11-02 22:46:21
demo.webmigrates.com/osnap/api/Registration/UserDetail
{"data":{"id":"110","other_id":"110","token":"MynZl9Mm81whERHfeEqWGmGVb3Cj4MF3vtdpYVI54qKpAQGDXNe3aPdZbuuvqGNIUlgKfxuSjJbJIbRIz6UgSjHqMzbX3XRdjORT1ZHfgJfdhEF54XTF0mwn","lang_type":"1"}}

2018-11-02 22:47:50
demo.webmigrates.com/osnap/api/Registration/EditUser
{"data":{"id":"110","image":"154121687034491.jpg","token":"MynZl9Mm81whERHfeEqWGmGVb3Cj4MF3vtdpYVI54qKpAQGDXNe3aPdZbuuvqGNIUlgKfxuSjJbJIbRIz6UgSjHqMzbX3XRdjORT1ZHfgJfdhEF54XTF0mwn","lang_type":"1"}}

2018-11-02 22:47:55
demo.webmigrates.com/osnap/api/Registration/UserDetail
{"data":{"id":"110","other_id":"110","token":"MynZl9Mm81whERHfeEqWGmGVb3Cj4MF3vtdpYVI54qKpAQGDXNe3aPdZbuuvqGNIUlgKfxuSjJbJIbRIz6UgSjHqMzbX3XRdjORT1ZHfgJfdhEF54XTF0mwn","lang_type":"1"}}

2018-11-02 23:36:13
demo.webmigrates.com/osnap/api/Registration/CheckLogin
{"data":{"username":"vikas8391","lang_type":"1","password":"12345678","device_token":"edf113b21078bcad5d0911d5d9207676ec44361b797796b237b272e27d21de81","device_type":"1"}}

2018-11-02 23:36:14
demo.webmigrates.com/osnap/api/Registration/ClientMyEvent
{"data":{"id":"108","year":"2018","token":"elg1aymLe1DoqO4iIBREK1PC37elDD2Y8VipuCrqjUS5VjY1JvB4bs1LVu9DKToRnppD8UCf8Rmi2VPxJKOsedFFJh6g5Kk69z2W7a8JK6mqJM6Btc43WMLj","lang_type":"1"}}

2018-11-02 23:36:14
demo.webmigrates.com/osnap/api/Notification/CountBase
{"data":{"token":"elg1aymLe1DoqO4iIBREK1PC37elDD2Y8VipuCrqjUS5VjY1JvB4bs1LVu9DKToRnppD8UCf8Rmi2VPxJKOsedFFJh6g5Kk69z2W7a8JK6mqJM6Btc43WMLj","user_id":"108","lang_type":"1"}}

2018-11-02 23:36:14
demo.webmigrates.com/osnap/api/Registration/UserDetail
{"data":{"id":"108","other_id":"108","token":"elg1aymLe1DoqO4iIBREK1PC37elDD2Y8VipuCrqjUS5VjY1JvB4bs1LVu9DKToRnppD8UCf8Rmi2VPxJKOsedFFJh6g5Kk69z2W7a8JK6mqJM6Btc43WMLj","lang_type":"1"}}

2018-11-02 23:36:21
demo.webmigrates.com/osnap/api/Registration/Logout
{"data":{"id":"108","token":"elg1aymLe1DoqO4iIBREK1PC37elDD2Y8VipuCrqjUS5VjY1JvB4bs1LVu9DKToRnppD8UCf8Rmi2VPxJKOsedFFJh6g5Kk69z2W7a8JK6mqJM6Btc43WMLj","lang_type":"1"}}

2018-11-02 23:36:33
demo.webmigrates.com/osnap/api/Registration/CheckLogin
{"data":{"username":"karan8391","lang_type":"1","password":"12345678","device_token":"edf113b21078bcad5d0911d5d9207676ec44361b797796b237b272e27d21de81","device_type":"1"}}

2018-11-02 23:36:34
demo.webmigrates.com/osnap/api/Registration/UserDetail
{"data":{"id":"107","other_id":"107","token":"HbOy1uM8oJ3G2iEZSMbEmX1mRFeKlFsiKIpmxbRi6U8brY7TS0VMaaq3wI0Kj8Z42qTNu6dafgDZUZhIWcHUgdJSMDddG0fdRfZg2yXeHagQQZh3nCbXVNTj","lang_type":"1"}}

2018-11-02 23:36:34
demo.webmigrates.com/osnap/api/Registration/BusinessMyEvent
{"data":{"id":"107","year":"2018","token":"HbOy1uM8oJ3G2iEZSMbEmX1mRFeKlFsiKIpmxbRi6U8brY7TS0VMaaq3wI0Kj8Z42qTNu6dafgDZUZhIWcHUgdJSMDddG0fdRfZg2yXeHagQQZh3nCbXVNTj","lang_type":"1"}}

2018-11-02 23:36:34
demo.webmigrates.com/osnap/api/Notification/CountBase
{"data":{"token":"HbOy1uM8oJ3G2iEZSMbEmX1mRFeKlFsiKIpmxbRi6U8brY7TS0VMaaq3wI0Kj8Z42qTNu6dafgDZUZhIWcHUgdJSMDddG0fdRfZg2yXeHagQQZh3nCbXVNTj","user_id":"107","lang_type":"1"}}

2018-11-02 23:46:48
demo.webmigrates.com/osnap/api/Notification/GetNotification
{"data":{"limit":10,"page":1,"user_id":"107","token":"HbOy1uM8oJ3G2iEZSMbEmX1mRFeKlFsiKIpmxbRi6U8brY7TS0VMaaq3wI0Kj8Z42qTNu6dafgDZUZhIWcHUgdJSMDddG0fdRfZg2yXeHagQQZh3nCbXVNTj","lang_type":"1"}}

2018-11-02 23:46:49
demo.webmigrates.com/osnap/api/Notification/ClearBase
{"data":{"token":"HbOy1uM8oJ3G2iEZSMbEmX1mRFeKlFsiKIpmxbRi6U8brY7TS0VMaaq3wI0Kj8Z42qTNu6dafgDZUZhIWcHUgdJSMDddG0fdRfZg2yXeHagQQZh3nCbXVNTj","user_id":"107","lang_type":"1"}}

2018-11-02 23:46:49
demo.webmigrates.com/osnap/api/Notification/GetNotification
{"data":{"limit":10,"page":2,"user_id":"107","token":"HbOy1uM8oJ3G2iEZSMbEmX1mRFeKlFsiKIpmxbRi6U8brY7TS0VMaaq3wI0Kj8Z42qTNu6dafgDZUZhIWcHUgdJSMDddG0fdRfZg2yXeHagQQZh3nCbXVNTj","lang_type":"1"}}

2018-11-02 23:46:50
demo.webmigrates.com/osnap/api/Registration/SinglePostDetail
{"data":{"id":"107","post_id":"82","token":"HbOy1uM8oJ3G2iEZSMbEmX1mRFeKlFsiKIpmxbRi6U8brY7TS0VMaaq3wI0Kj8Z42qTNu6dafgDZUZhIWcHUgdJSMDddG0fdRfZg2yXeHagQQZh3nCbXVNTj","lang_type":"1"}}

2018-11-02 23:46:58
demo.webmigrates.com/osnap/api/Registration/SinglePostDetail
{"data":{"id":"107","post_id":"82","token":"HbOy1uM8oJ3G2iEZSMbEmX1mRFeKlFsiKIpmxbRi6U8brY7TS0VMaaq3wI0Kj8Z42qTNu6dafgDZUZhIWcHUgdJSMDddG0fdRfZg2yXeHagQQZh3nCbXVNTj","lang_type":"1"}}

2018-11-02 23:47:01
demo.webmigrates.com/osnap/api/Registration/UserDetail
{"data":{"id":"107","other_id":"107","token":"HbOy1uM8oJ3G2iEZSMbEmX1mRFeKlFsiKIpmxbRi6U8brY7TS0VMaaq3wI0Kj8Z42qTNu6dafgDZUZhIWcHUgdJSMDddG0fdRfZg2yXeHagQQZh3nCbXVNTj","lang_type":"1"}}

2018-11-02 23:47:01
demo.webmigrates.com/osnap/api/Notification/CountBase
{"data":{"token":"HbOy1uM8oJ3G2iEZSMbEmX1mRFeKlFsiKIpmxbRi6U8brY7TS0VMaaq3wI0Kj8Z42qTNu6dafgDZUZhIWcHUgdJSMDddG0fdRfZg2yXeHagQQZh3nCbXVNTj","user_id":"107","lang_type":"1"}}

2018-11-02 23:47:08
demo.webmigrates.com/osnap/api/Registration/ClientMyEvent
{"data":{"id":"110","year":"2018","token":"MynZl9Mm81whERHfeEqWGmGVb3Cj4MF3vtdpYVI54qKpAQGDXNe3aPdZbuuvqGNIUlgKfxuSjJbJIbRIz6UgSjHqMzbX3XRdjORT1ZHfgJfdhEF54XTF0mwn","lang_type":"1"}}

2018-11-02 23:47:22
demo.webmigrates.com/osnap/api/Registration/Logout
{"data":{"id":"107","token":"HbOy1uM8oJ3G2iEZSMbEmX1mRFeKlFsiKIpmxbRi6U8brY7TS0VMaaq3wI0Kj8Z42qTNu6dafgDZUZhIWcHUgdJSMDddG0fdRfZg2yXeHagQQZh3nCbXVNTj","lang_type":"1"}}

2018-11-02 23:47:40
demo.webmigrates.com/osnap/api/Registration/CheckLogin
{"data":{"username":"customer208","lang_type":"1","password":"12345678","device_token":"edf113b21078bcad5d0911d5d9207676ec44361b797796b237b272e27d21de81","device_type":"1"}}

2018-11-02 23:47:48
demo.webmigrates.com/osnap/api/Registration/CheckLogin
{"data":{"username":"customer2018","lang_type":"1","password":"12345678","device_token":"edf113b21078bcad5d0911d5d9207676ec44361b797796b237b272e27d21de81","device_type":"1"}}

2018-11-02 23:47:48
demo.webmigrates.com/osnap/api/Registration/UserDetail
{"data":{"id":"112","other_id":"112","token":"lfrsbauqYfBBDBqW2B9RLNqRUThROcuQ37QTksrmU27j18iXCDrT3pndGq1sb7gkemf8sS06ThOzzVFwaaz1sDMkvDWTVw1RkWG6INz6M1erWxmPuQesvXq9","lang_type":"1"}}

2018-11-02 23:47:48
demo.webmigrates.com/osnap/api/Notification/CountBase
{"data":{"token":"lfrsbauqYfBBDBqW2B9RLNqRUThROcuQ37QTksrmU27j18iXCDrT3pndGq1sb7gkemf8sS06ThOzzVFwaaz1sDMkvDWTVw1RkWG6INz6M1erWxmPuQesvXq9","user_id":"112","lang_type":"1"}}

2018-11-02 23:47:48
demo.webmigrates.com/osnap/api/Registration/ClientMyEvent
{"data":{"id":"112","year":"2018","token":"lfrsbauqYfBBDBqW2B9RLNqRUThROcuQ37QTksrmU27j18iXCDrT3pndGq1sb7gkemf8sS06ThOzzVFwaaz1sDMkvDWTVw1RkWG6INz6M1erWxmPuQesvXq9","lang_type":"1"}}

2018-11-02 23:47:56
demo.webmigrates.com/osnap/api/Registration/Logout
{"data":{"id":"112","token":"lfrsbauqYfBBDBqW2B9RLNqRUThROcuQ37QTksrmU27j18iXCDrT3pndGq1sb7gkemf8sS06ThOzzVFwaaz1sDMkvDWTVw1RkWG6INz6M1erWxmPuQesvXq9","lang_type":"1"}}

2018-11-02 23:47:59
demo.webmigrates.com/osnap/api/Registration/ClientMyEvent
{"data":{"id":"110","year":"2018","token":"MynZl9Mm81whERHfeEqWGmGVb3Cj4MF3vtdpYVI54qKpAQGDXNe3aPdZbuuvqGNIUlgKfxuSjJbJIbRIz6UgSjHqMzbX3XRdjORT1ZHfgJfdhEF54XTF0mwn","lang_type":"1"}}

2018-11-02 23:48:12
demo.webmigrates.com/osnap/api/Registration/CheckLogin
{"data":{"username":"business2018","lang_type":"1","password":"12345678","device_token":"edf113b21078bcad5d0911d5d9207676ec44361b797796b237b272e27d21de81","device_type":"1"}}

2018-11-02 23:48:12
demo.webmigrates.com/osnap/api/Registration/BusinessMyEvent
{"data":{"id":"111","year":"2018","token":"mTfvF4gX1aOPgA5McMMX60119RLTlgwwbimQ70urJCnGOs9zD55sYd8BwIk1H65Z3LjImAEzbU2xIO37xz1Q9to1c9QepFLJsBYXzWnWqEtwZ5xAe3xvR341","lang_type":"1"}}

2018-11-02 23:48:12
demo.webmigrates.com/osnap/api/Notification/CountBase
{"data":{"token":"mTfvF4gX1aOPgA5McMMX60119RLTlgwwbimQ70urJCnGOs9zD55sYd8BwIk1H65Z3LjImAEzbU2xIO37xz1Q9to1c9QepFLJsBYXzWnWqEtwZ5xAe3xvR341","user_id":"111","lang_type":"1"}}

2018-11-02 23:48:12
demo.webmigrates.com/osnap/api/Registration/UserDetail
{"data":{"id":"111","other_id":"111","token":"mTfvF4gX1aOPgA5McMMX60119RLTlgwwbimQ70urJCnGOs9zD55sYd8BwIk1H65Z3LjImAEzbU2xIO37xz1Q9to1c9QepFLJsBYXzWnWqEtwZ5xAe3xvR341","lang_type":"1"}}

2018-11-02 23:49:19
demo.webmigrates.com/osnap/api/General/GetBusinessTypes
{"data":{"id":"111","token":"mTfvF4gX1aOPgA5McMMX60119RLTlgwwbimQ70urJCnGOs9zD55sYd8BwIk1H65Z3LjImAEzbU2xIO37xz1Q9to1c9QepFLJsBYXzWnWqEtwZ5xAe3xvR341","lang_type":"1"}}

2018-11-02 23:49:19
demo.webmigrates.com/osnap/api/General/GetBusinessCategory
{"data":{"id":"111","token":"mTfvF4gX1aOPgA5McMMX60119RLTlgwwbimQ70urJCnGOs9zD55sYd8BwIk1H65Z3LjImAEzbU2xIO37xz1Q9to1c9QepFLJsBYXzWnWqEtwZ5xAe3xvR341","lang_type":"1"}}

2018-11-02 23:49:40
demo.webmigrates.com/osnap/api/Registration/AddUpdateBusinessDetails
{"data":{"id":"111","business_type":"3","business_esta_year":"2015","business_owner":"President","business_category":"1","business_esta_month":"5","business_osnap_id":"business2018","business_image":"154122057929808.jpg","token":"mTfvF4gX1aOPgA5McMMX60119RLTlgwwbimQ70urJCnGOs9zD55sYd8BwIk1H65Z3LjImAEzbU2xIO37xz1Q9to1c9QepFLJsBYXzWnWqEtwZ5xAe3xvR341","business_name":"Airtel Construction","exp_level":"0","business_notes":"We provide all construction work support","lang_type":"1"}}

2018-11-02 23:49:44
demo.webmigrates.com/osnap/api/Registration/ClientMyEvent
{"data":{"id":"110","year":"2018","token":"MynZl9Mm81whERHfeEqWGmGVb3Cj4MF3vtdpYVI54qKpAQGDXNe3aPdZbuuvqGNIUlgKfxuSjJbJIbRIz6UgSjHqMzbX3XRdjORT1ZHfgJfdhEF54XTF0mwn","lang_type":"1"}}

2018-11-02 23:49:48
demo.webmigrates.com/osnap/api/Notification/CountBase
{"data":{"token":"mTfvF4gX1aOPgA5McMMX60119RLTlgwwbimQ70urJCnGOs9zD55sYd8BwIk1H65Z3LjImAEzbU2xIO37xz1Q9to1c9QepFLJsBYXzWnWqEtwZ5xAe3xvR341","user_id":"111","lang_type":"1"}}

2018-11-02 23:49:48
demo.webmigrates.com/osnap/api/Registration/BusinessMyEvent
{"data":{"id":"111","year":"2018","token":"mTfvF4gX1aOPgA5McMMX60119RLTlgwwbimQ70urJCnGOs9zD55sYd8BwIk1H65Z3LjImAEzbU2xIO37xz1Q9to1c9QepFLJsBYXzWnWqEtwZ5xAe3xvR341","lang_type":"1"}}

2018-11-02 23:49:48
demo.webmigrates.com/osnap/api/Registration/UserDetail
{"data":{"id":"111","other_id":"111","token":"mTfvF4gX1aOPgA5McMMX60119RLTlgwwbimQ70urJCnGOs9zD55sYd8BwIk1H65Z3LjImAEzbU2xIO37xz1Q9to1c9QepFLJsBYXzWnWqEtwZ5xAe3xvR341","lang_type":"1"}}

2018-11-02 23:50:35
demo.webmigrates.com/osnap/api/Registration/Logout
{"data":{"id":"111","token":"mTfvF4gX1aOPgA5McMMX60119RLTlgwwbimQ70urJCnGOs9zD55sYd8BwIk1H65Z3LjImAEzbU2xIO37xz1Q9to1c9QepFLJsBYXzWnWqEtwZ5xAe3xvR341","lang_type":"1"}}

2018-11-02 23:54:57
demo.webmigrates.com/osnap/api/Registration/UserRegistration
{"data":{"username":"customer","longtitude":"76.745413","lang_type":"1","country_code":"+1","country":"India","birth_date":"1996-09-27","image":"154122089755021.png","latitude":"30.760223","city":"Chandigarh","last_name":"account","osnap_id":"customer2019","state":"160014","device_token":"edf113b21078bcad5d0911d5d9207676ec44361b797796b237b272e27d21de81","email":"customer2019@yopmail.com","user_type":"1","phone":"8699666092","password":"12345678","device_type":"1","post_code":"","address":"HBC, Dhanas, Chandigarh, 160014, India","first_name":"customer"}}

2018-11-02 23:55:05
demo.webmigrates.com/osnap/api/Registration/UserRegistration
{"data":{"username":"customer","longtitude":"76.745413","lang_type":"1","country_code":"+1","country":"India","birth_date":"1996-09-27","image":"154122090567218.png","latitude":"30.760223","city":"Chandigarh","last_name":"account","osnap_id":"customer2019","state":"160014","device_token":"edf113b21078bcad5d0911d5d9207676ec44361b797796b237b272e27d21de81","email":"customer2019@yopmail.com","user_type":"1","phone":"8699666056","password":"12345678","device_type":"1","post_code":"","address":"HBC, Dhanas, Chandigarh, 160014, India","first_name":"customer"}}

2018-11-02 23:56:02
demo.webmigrates.com/osnap/api/Registration/VerifyUser
{"data":{"email":"customer2019@yopmail.com","username":"customer","device_type":"1","activation_code":"570991","device_token":"edf113b21078bcad5d0911d5d9207676ec44361b797796b237b272e27d21de81","lang_type":"1"}}

2018-11-02 23:56:10
demo.webmigrates.com/osnap/api/Registration/EditUser
{"data":{"id":"113","security_code":"1234","token":"tDeHUIxYrdeD96PPnQ9k16CTqWfTDM9AI0zf3FytcShuvyqw7rO5MiHlwDNxm1vG7l1UlfrDYVLIgJrokIS4s22bZvSATtmGKcAOfpdukjD8TtxOMfwYAh0G","lang_type":"1"}}

2018-11-02 23:56:12
demo.webmigrates.com/osnap/api/Registration/EditUser
{"data":{"is_agree":"1","id":"113","token":"tDeHUIxYrdeD96PPnQ9k16CTqWfTDM9AI0zf3FytcShuvyqw7rO5MiHlwDNxm1vG7l1UlfrDYVLIgJrokIS4s22bZvSATtmGKcAOfpdukjD8TtxOMfwYAh0G","lang_type":"1"}}

2018-11-02 23:56:12
demo.webmigrates.com/osnap/api/Registration/UserDetail
{"data":{"id":"113","other_id":"113","token":"tDeHUIxYrdeD96PPnQ9k16CTqWfTDM9AI0zf3FytcShuvyqw7rO5MiHlwDNxm1vG7l1UlfrDYVLIgJrokIS4s22bZvSATtmGKcAOfpdukjD8TtxOMfwYAh0G","lang_type":"1"}}

2018-11-02 23:56:12
demo.webmigrates.com/osnap/api/Registration/ClientMyEvent
{"data":{"id":"113","year":"2018","token":"tDeHUIxYrdeD96PPnQ9k16CTqWfTDM9AI0zf3FytcShuvyqw7rO5MiHlwDNxm1vG7l1UlfrDYVLIgJrokIS4s22bZvSATtmGKcAOfpdukjD8TtxOMfwYAh0G","lang_type":"1"}}

2018-11-02 23:56:12
demo.webmigrates.com/osnap/api/Notification/CountBase
{"data":{"token":"tDeHUIxYrdeD96PPnQ9k16CTqWfTDM9AI0zf3FytcShuvyqw7rO5MiHlwDNxm1vG7l1UlfrDYVLIgJrokIS4s22bZvSATtmGKcAOfpdukjD8TtxOMfwYAh0G","user_id":"113","lang_type":"1"}}

2018-11-02 23:56:20
demo.webmigrates.com/osnap/api/Registration/Logout
{"data":{"id":"113","token":"tDeHUIxYrdeD96PPnQ9k16CTqWfTDM9AI0zf3FytcShuvyqw7rO5MiHlwDNxm1vG7l1UlfrDYVLIgJrokIS4s22bZvSATtmGKcAOfpdukjD8TtxOMfwYAh0G","lang_type":"1"}}

2018-11-02 23:59:47
demo.webmigrates.com/osnap/api/Registration/CheckLogin
{"data":{"username":"bemp874","lang_type":"1","password":"america1","device_token":"121212","device_type":"1"}}

2018-11-02 23:59:48
demo.webmigrates.com/osnap/api/Registration/UserDetail
{"data":{"id":"109","other_id":"109","token":"xwRbw0ESNRk3rNGZKl2XMsj338V9zYFfzTxwNs8a3xjl1GdOw2Tstg5nmmXCGh0gwJgBD2HG6SdY4KvIgwrAkYzgz2r0tpa3J4AVbJNNTEBz4X4DoW0Yj8af","lang_type":"1"}}

2018-11-02 23:59:48
demo.webmigrates.com/osnap/api/Notification/CountBase
{"data":{"token":"xwRbw0ESNRk3rNGZKl2XMsj338V9zYFfzTxwNs8a3xjl1GdOw2Tstg5nmmXCGh0gwJgBD2HG6SdY4KvIgwrAkYzgz2r0tpa3J4AVbJNNTEBz4X4DoW0Yj8af","user_id":"109","lang_type":"1"}}

2018-11-02 23:59:48
demo.webmigrates.com/osnap/api/Registration/BusinessMyEvent
{"data":{"id":"109","year":"2018","token":"xwRbw0ESNRk3rNGZKl2XMsj338V9zYFfzTxwNs8a3xjl1GdOw2Tstg5nmmXCGh0gwJgBD2HG6SdY4KvIgwrAkYzgz2r0tpa3J4AVbJNNTEBz4X4DoW0Yj8af","lang_type":"1"}}

