2018-12-06 02:40:15
demo.webmigrates.com/osnap/api/Registration/ClientMyEvent
{"data":{"id":"148","lang_type":"1","year":"2018","token":"pI8BaZCINXzjpLBUIG3F9fkPqyGsGozYf6BwqNUUXh0qAVSgGH1pjJDfbVNlqA9WSRnQhBUnfW5mjnYr2wVDBZh4xcqrgwhyiwPjnTB0Oiw3qSd5sTbgUWj6"}}

2018-12-06 02:42:31
demo.webmigrates.com/osnap/api/Registration/ClientMyEvent
{"data":{"id":"148","lang_type":"1","year":"2018","token":"pI8BaZCINXzjpLBUIG3F9fkPqyGsGozYf6BwqNUUXh0qAVSgGH1pjJDfbVNlqA9WSRnQhBUnfW5mjnYr2wVDBZh4xcqrgwhyiwPjnTB0Oiw3qSd5sTbgUWj6"}}

2018-12-06 04:03:57
demo.webmigrates.com/osnap/api/Registration/ClientMyEvent
{"data":{"id":"148","lang_type":"1","year":"2018","token":"pI8BaZCINXzjpLBUIG3F9fkPqyGsGozYf6BwqNUUXh0qAVSgGH1pjJDfbVNlqA9WSRnQhBUnfW5mjnYr2wVDBZh4xcqrgwhyiwPjnTB0Oiw3qSd5sTbgUWj6"}}

2018-12-06 04:04:00
demo.webmigrates.com/osnap/api/Registration/PromotionList
{"data":{"id":"148","lang_type":"1","page":1,"all_list":1,"limit":10,"token":"pI8BaZCINXzjpLBUIG3F9fkPqyGsGozYf6BwqNUUXh0qAVSgGH1pjJDfbVNlqA9WSRnQhBUnfW5mjnYr2wVDBZh4xcqrgwhyiwPjnTB0Oiw3qSd5sTbgUWj6"}}

2018-12-06 04:04:02
demo.webmigrates.com/osnap/api/Registration/UserDetail
{"data":{"id":"148","lang_type":"1","other_id":"148","token":"pI8BaZCINXzjpLBUIG3F9fkPqyGsGozYf6BwqNUUXh0qAVSgGH1pjJDfbVNlqA9WSRnQhBUnfW5mjnYr2wVDBZh4xcqrgwhyiwPjnTB0Oiw3qSd5sTbgUWj6"}}

2018-12-06 05:22:40
demo.webmigrates.com/osnap/api/Notification/CountBase
{"data":{"lang_type":"1","token":"pI8BaZCINXzjpLBUIG3F9fkPqyGsGozYf6BwqNUUXh0qAVSgGH1pjJDfbVNlqA9WSRnQhBUnfW5mjnYr2wVDBZh4xcqrgwhyiwPjnTB0Oiw3qSd5sTbgUWj6","user_id":"148"}}

2018-12-06 05:22:40
demo.webmigrates.com/osnap/api/Registration/ClientMyEvent
{"data":{"id":"148","lang_type":"1","year":"2018","token":"pI8BaZCINXzjpLBUIG3F9fkPqyGsGozYf6BwqNUUXh0qAVSgGH1pjJDfbVNlqA9WSRnQhBUnfW5mjnYr2wVDBZh4xcqrgwhyiwPjnTB0Oiw3qSd5sTbgUWj6"}}

2018-12-06 05:22:41
demo.webmigrates.com/osnap/api/Registration/UserDetail
{"data":{"id":"148","lang_type":"1","other_id":"148","token":"pI8BaZCINXzjpLBUIG3F9fkPqyGsGozYf6BwqNUUXh0qAVSgGH1pjJDfbVNlqA9WSRnQhBUnfW5mjnYr2wVDBZh4xcqrgwhyiwPjnTB0Oiw3qSd5sTbgUWj6"}}

2018-12-06 05:22:47
demo.webmigrates.com/osnap/api/Registration/Logout
{"data":{"id":"148","token":"pI8BaZCINXzjpLBUIG3F9fkPqyGsGozYf6BwqNUUXh0qAVSgGH1pjJDfbVNlqA9WSRnQhBUnfW5mjnYr2wVDBZh4xcqrgwhyiwPjnTB0Oiw3qSd5sTbgUWj6","lang_type":"1"}}

2018-12-06 05:23:05
demo.webmigrates.com/osnap/api/Registration/CheckLogin
{"data":{"password":"12345678","username":"business4444","device_type":"1","lang_type":"1","device_token":"e4475f609bf28c689010dd476957a425810fcb21fbb790b2994dcb35f4295efa"}}

2018-12-06 05:23:06
demo.webmigrates.com/osnap/api/Registration/BusinessMyEvent
{"data":{"id":"147","lang_type":"1","year":"2018","token":"tRPY56ZdF6CpJWshyLnlVbdcRUdlSSM14bsGDRz1Zsk2o9hznqpJDNuA7l2bFdnBqO79TnpCFql0WTb4Zoze0L7tX5ZMoKCNAJhAszZEm3nf4faLnnAlpV13"}}

2018-12-06 05:23:06
demo.webmigrates.com/osnap/api/Notification/CountBase
{"data":{"lang_type":"1","token":"tRPY56ZdF6CpJWshyLnlVbdcRUdlSSM14bsGDRz1Zsk2o9hznqpJDNuA7l2bFdnBqO79TnpCFql0WTb4Zoze0L7tX5ZMoKCNAJhAszZEm3nf4faLnnAlpV13","user_id":"147"}}

2018-12-06 05:23:06
demo.webmigrates.com/osnap/api/Registration/UserDetail
{"data":{"id":"147","lang_type":"1","other_id":"147","token":"tRPY56ZdF6CpJWshyLnlVbdcRUdlSSM14bsGDRz1Zsk2o9hznqpJDNuA7l2bFdnBqO79TnpCFql0WTb4Zoze0L7tX5ZMoKCNAJhAszZEm3nf4faLnnAlpV13"}}

2018-12-06 05:23:14
demo.webmigrates.com/osnap/api/Notification/GetNotification
{"data":{"lang_type":"1","user_id":"147","page":1,"limit":10,"token":"tRPY56ZdF6CpJWshyLnlVbdcRUdlSSM14bsGDRz1Zsk2o9hznqpJDNuA7l2bFdnBqO79TnpCFql0WTb4Zoze0L7tX5ZMoKCNAJhAszZEm3nf4faLnnAlpV13"}}

2018-12-06 05:23:14
demo.webmigrates.com/osnap/api/Notification/ClearBase
{"data":{"lang_type":"1","token":"tRPY56ZdF6CpJWshyLnlVbdcRUdlSSM14bsGDRz1Zsk2o9hznqpJDNuA7l2bFdnBqO79TnpCFql0WTb4Zoze0L7tX5ZMoKCNAJhAszZEm3nf4faLnnAlpV13","user_id":"147"}}

2018-12-06 05:23:15
demo.webmigrates.com/osnap/api/Notification/GetNotification
{"data":{"lang_type":"1","user_id":"147","page":2,"limit":10,"token":"tRPY56ZdF6CpJWshyLnlVbdcRUdlSSM14bsGDRz1Zsk2o9hznqpJDNuA7l2bFdnBqO79TnpCFql0WTb4Zoze0L7tX5ZMoKCNAJhAszZEm3nf4faLnnAlpV13"}}

2018-12-06 05:23:20
demo.webmigrates.com/osnap/api/Notification/ClearNotification
{"data":{"lang_type":"1","token":"tRPY56ZdF6CpJWshyLnlVbdcRUdlSSM14bsGDRz1Zsk2o9hznqpJDNuA7l2bFdnBqO79TnpCFql0WTb4Zoze0L7tX5ZMoKCNAJhAszZEm3nf4faLnnAlpV13","user_id":"147"}}

2018-12-06 05:23:22
demo.webmigrates.com/osnap/api/Notification/CountBase
{"data":{"lang_type":"1","token":"tRPY56ZdF6CpJWshyLnlVbdcRUdlSSM14bsGDRz1Zsk2o9hznqpJDNuA7l2bFdnBqO79TnpCFql0WTb4Zoze0L7tX5ZMoKCNAJhAszZEm3nf4faLnnAlpV13","user_id":"147"}}

2018-12-06 05:23:22
demo.webmigrates.com/osnap/api/Registration/UserDetail
{"data":{"id":"147","lang_type":"1","other_id":"147","token":"tRPY56ZdF6CpJWshyLnlVbdcRUdlSSM14bsGDRz1Zsk2o9hznqpJDNuA7l2bFdnBqO79TnpCFql0WTb4Zoze0L7tX5ZMoKCNAJhAszZEm3nf4faLnnAlpV13"}}

2018-12-06 05:23:27
demo.webmigrates.com/osnap/api/Registration/ExploreRequests
{"data":{"id":"147","lang_type":"1","other_id":"147","page":1,"limit":10,"token":"tRPY56ZdF6CpJWshyLnlVbdcRUdlSSM14bsGDRz1Zsk2o9hznqpJDNuA7l2bFdnBqO79TnpCFql0WTb4Zoze0L7tX5ZMoKCNAJhAszZEm3nf4faLnnAlpV13"}}

2018-12-06 05:23:36
demo.webmigrates.com/osnap/api/Registration/SinglePostDetail
{"data":{"id":"147","lang_type":"1","post_id":"102","token":"tRPY56ZdF6CpJWshyLnlVbdcRUdlSSM14bsGDRz1Zsk2o9hznqpJDNuA7l2bFdnBqO79TnpCFql0WTb4Zoze0L7tX5ZMoKCNAJhAszZEm3nf4faLnnAlpV13"}}

2018-12-06 05:23:38
demo.webmigrates.com/osnap/api/Registration/UserDetail
{"data":{"id":"147","lang_type":"1","other_id":"147","token":"tRPY56ZdF6CpJWshyLnlVbdcRUdlSSM14bsGDRz1Zsk2o9hznqpJDNuA7l2bFdnBqO79TnpCFql0WTb4Zoze0L7tX5ZMoKCNAJhAszZEm3nf4faLnnAlpV13"}}

2018-12-06 05:23:38
demo.webmigrates.com/osnap/api/Notification/CountBase
{"data":{"lang_type":"1","token":"tRPY56ZdF6CpJWshyLnlVbdcRUdlSSM14bsGDRz1Zsk2o9hznqpJDNuA7l2bFdnBqO79TnpCFql0WTb4Zoze0L7tX5ZMoKCNAJhAszZEm3nf4faLnnAlpV13","user_id":"147"}}

