2018-11-06 22:41:40
demo.webmigrates.com/osnap/api/Registration/CheckLogin
{"data":{"username":"bemp875","lang_type":"1","password":"america1","device_token":"fc17f6681cdd04b0ab5e38f05b6800cfc2b4b2f476ff322ca0eef8ca2d687c69","device_type":"1"}}

2018-11-06 22:41:41
demo.webmigrates.com/osnap/api/Notification/CountBase
{"data":{"token":"RLGvGCapvLY6OQ5SkKEmPwOTKE4vOe4wcgTgknsK4L5ddSpF7oo7OFPLswrlSyRKgQGkH16M6YKmi7koPFNVpjFS07TIZuV8FHfDsTxg6SAYmpLotMw8gJnv","user_id":"110","lang_type":"1"}}

2018-11-06 22:41:41
demo.webmigrates.com/osnap/api/Registration/UserDetail
{"data":{"id":"110","other_id":"110","token":"RLGvGCapvLY6OQ5SkKEmPwOTKE4vOe4wcgTgknsK4L5ddSpF7oo7OFPLswrlSyRKgQGkH16M6YKmi7koPFNVpjFS07TIZuV8FHfDsTxg6SAYmpLotMw8gJnv","lang_type":"1"}}

2018-11-06 22:41:41
demo.webmigrates.com/osnap/api/Registration/ClientMyEvent
{"data":{"id":"110","year":"2018","token":"RLGvGCapvLY6OQ5SkKEmPwOTKE4vOe4wcgTgknsK4L5ddSpF7oo7OFPLswrlSyRKgQGkH16M6YKmi7koPFNVpjFS07TIZuV8FHfDsTxg6SAYmpLotMw8gJnv","lang_type":"1"}}

2018-11-06 22:41:54
demo.webmigrates.com/osnap/api/Registration/UserDetail
{"data":{"id":"110","other_id":"110","token":"RLGvGCapvLY6OQ5SkKEmPwOTKE4vOe4wcgTgknsK4L5ddSpF7oo7OFPLswrlSyRKgQGkH16M6YKmi7koPFNVpjFS07TIZuV8FHfDsTxg6SAYmpLotMw8gJnv","lang_type":"1"}}

2018-11-06 22:42:00
demo.webmigrates.com/osnap/api/Registration/PromotionList
{"data":{"all_list":1,"id":"110","limit":10,"page":1,"token":"RLGvGCapvLY6OQ5SkKEmPwOTKE4vOe4wcgTgknsK4L5ddSpF7oo7OFPLswrlSyRKgQGkH16M6YKmi7koPFNVpjFS07TIZuV8FHfDsTxg6SAYmpLotMw8gJnv","lang_type":"1"}}

2018-11-06 22:42:01
demo.webmigrates.com/osnap/api/Registration/UserDetail
{"data":{"id":"110","other_id":"110","token":"RLGvGCapvLY6OQ5SkKEmPwOTKE4vOe4wcgTgknsK4L5ddSpF7oo7OFPLswrlSyRKgQGkH16M6YKmi7koPFNVpjFS07TIZuV8FHfDsTxg6SAYmpLotMw8gJnv","lang_type":"1"}}

2018-11-06 22:42:24
demo.webmigrates.com/osnap/api/Registration/UserDetail
{"data":{"id":"110","other_id":"110","token":"RLGvGCapvLY6OQ5SkKEmPwOTKE4vOe4wcgTgknsK4L5ddSpF7oo7OFPLswrlSyRKgQGkH16M6YKmi7koPFNVpjFS07TIZuV8FHfDsTxg6SAYmpLotMw8gJnv","lang_type":"1"}}

2018-11-06 22:42:29
demo.webmigrates.com/osnap/api/Registration/SearchUser
{"data":{"id":"110","Dlongtitude":"-97.037956","keyword":"","limit":10,"token":"RLGvGCapvLY6OQ5SkKEmPwOTKE4vOe4wcgTgknsK4L5ddSpF7oo7OFPLswrlSyRKgQGkH16M6YKmi7koPFNVpjFS07TIZuV8FHfDsTxg6SAYmpLotMw8gJnv","lang_type":"1","Dlatitude":"32.685602","page":1}}

2018-11-06 22:42:47
demo.webmigrates.com/osnap/api/Registration/UserDetail
{"data":{"id":"110","other_id":"23","token":"RLGvGCapvLY6OQ5SkKEmPwOTKE4vOe4wcgTgknsK4L5ddSpF7oo7OFPLswrlSyRKgQGkH16M6YKmi7koPFNVpjFS07TIZuV8FHfDsTxg6SAYmpLotMw8gJnv","lang_type":"1"}}

2018-11-06 22:44:34
demo.webmigrates.com/osnap/api/Registration/ClientMyEvent
{"data":{"id":"110","year":"2018","token":"RLGvGCapvLY6OQ5SkKEmPwOTKE4vOe4wcgTgknsK4L5ddSpF7oo7OFPLswrlSyRKgQGkH16M6YKmi7koPFNVpjFS07TIZuV8FHfDsTxg6SAYmpLotMw8gJnv","lang_type":"1"}}

2018-11-06 22:44:36
demo.webmigrates.com/osnap/api/Registration/UserDetail
{"data":{"id":"110","other_id":"110","token":"RLGvGCapvLY6OQ5SkKEmPwOTKE4vOe4wcgTgknsK4L5ddSpF7oo7OFPLswrlSyRKgQGkH16M6YKmi7koPFNVpjFS07TIZuV8FHfDsTxg6SAYmpLotMw8gJnv","lang_type":"1"}}

2018-11-06 22:45:12
demo.webmigrates.com/osnap/api/Registration/ClientMyEvent
{"data":{"id":"110","year":"2018","token":"RLGvGCapvLY6OQ5SkKEmPwOTKE4vOe4wcgTgknsK4L5ddSpF7oo7OFPLswrlSyRKgQGkH16M6YKmi7koPFNVpjFS07TIZuV8FHfDsTxg6SAYmpLotMw8gJnv","lang_type":"1"}}

2018-11-06 22:45:14
demo.webmigrates.com/osnap/api/Registration/UserDetail
{"data":{"id":"110","other_id":"110","token":"RLGvGCapvLY6OQ5SkKEmPwOTKE4vOe4wcgTgknsK4L5ddSpF7oo7OFPLswrlSyRKgQGkH16M6YKmi7koPFNVpjFS07TIZuV8FHfDsTxg6SAYmpLotMw8gJnv","lang_type":"1"}}

2018-11-06 22:45:14
demo.webmigrates.com/osnap/api/Registration/ClientMyEvent
{"data":{"id":"110","year":"2018","token":"RLGvGCapvLY6OQ5SkKEmPwOTKE4vOe4wcgTgknsK4L5ddSpF7oo7OFPLswrlSyRKgQGkH16M6YKmi7koPFNVpjFS07TIZuV8FHfDsTxg6SAYmpLotMw8gJnv","lang_type":"1"}}

2018-11-06 22:45:14
demo.webmigrates.com/osnap/api/Notification/CountBase
{"data":{"token":"RLGvGCapvLY6OQ5SkKEmPwOTKE4vOe4wcgTgknsK4L5ddSpF7oo7OFPLswrlSyRKgQGkH16M6YKmi7koPFNVpjFS07TIZuV8FHfDsTxg6SAYmpLotMw8gJnv","user_id":"110","lang_type":"1"}}

2018-11-06 22:45:17
demo.webmigrates.com/osnap/api/Registration/MyPost
{"data":{"limit":10,"id":"110","page":1,"token":"RLGvGCapvLY6OQ5SkKEmPwOTKE4vOe4wcgTgknsK4L5ddSpF7oo7OFPLswrlSyRKgQGkH16M6YKmi7koPFNVpjFS07TIZuV8FHfDsTxg6SAYmpLotMw8gJnv","lang_type":"1"}}

2018-11-06 22:45:18
demo.webmigrates.com/osnap/api/Registration/UserDetail
{"data":{"id":"110","other_id":"110","token":"RLGvGCapvLY6OQ5SkKEmPwOTKE4vOe4wcgTgknsK4L5ddSpF7oo7OFPLswrlSyRKgQGkH16M6YKmi7koPFNVpjFS07TIZuV8FHfDsTxg6SAYmpLotMw8gJnv","lang_type":"1"}}

2018-11-06 22:45:20
demo.webmigrates.com/osnap/api/Registration/UserDetail
{"data":{"id":"110","other_id":"110","token":"RLGvGCapvLY6OQ5SkKEmPwOTKE4vOe4wcgTgknsK4L5ddSpF7oo7OFPLswrlSyRKgQGkH16M6YKmi7koPFNVpjFS07TIZuV8FHfDsTxg6SAYmpLotMw8gJnv","lang_type":"1"}}

2018-11-06 22:45:22
demo.webmigrates.com/osnap/api/Registration/SearchUser
{"data":{"id":"110","Dlongtitude":"-97.037956","keyword":"","limit":10,"token":"RLGvGCapvLY6OQ5SkKEmPwOTKE4vOe4wcgTgknsK4L5ddSpF7oo7OFPLswrlSyRKgQGkH16M6YKmi7koPFNVpjFS07TIZuV8FHfDsTxg6SAYmpLotMw8gJnv","lang_type":"1","Dlatitude":"32.685590","page":1}}

2018-11-06 22:45:40
demo.webmigrates.com/osnap/api/General/GetCategory
{"data":{"id":"110","token":"RLGvGCapvLY6OQ5SkKEmPwOTKE4vOe4wcgTgknsK4L5ddSpF7oo7OFPLswrlSyRKgQGkH16M6YKmi7koPFNVpjFS07TIZuV8FHfDsTxg6SAYmpLotMw8gJnv","lang_type":"1"}}

2018-11-06 22:45:58
demo.webmigrates.com/osnap/api/Registration/UserDetail
{"data":{"id":"110","other_id":"110","token":"RLGvGCapvLY6OQ5SkKEmPwOTKE4vOe4wcgTgknsK4L5ddSpF7oo7OFPLswrlSyRKgQGkH16M6YKmi7koPFNVpjFS07TIZuV8FHfDsTxg6SAYmpLotMw8gJnv","lang_type":"1"}}

2018-11-06 22:46:00
demo.webmigrates.com/osnap/api/Registration/MyPost
{"data":{"limit":10,"id":"110","page":1,"token":"RLGvGCapvLY6OQ5SkKEmPwOTKE4vOe4wcgTgknsK4L5ddSpF7oo7OFPLswrlSyRKgQGkH16M6YKmi7koPFNVpjFS07TIZuV8FHfDsTxg6SAYmpLotMw8gJnv","lang_type":"1"}}

2018-11-06 22:46:02
demo.webmigrates.com/osnap/api/Registration/MyCompletedPostAll
{"data":{"limit":10,"id":"110","page":1,"token":"RLGvGCapvLY6OQ5SkKEmPwOTKE4vOe4wcgTgknsK4L5ddSpF7oo7OFPLswrlSyRKgQGkH16M6YKmi7koPFNVpjFS07TIZuV8FHfDsTxg6SAYmpLotMw8gJnv","lang_type":"1"}}

2018-11-06 22:46:04
demo.webmigrates.com/osnap/api/Registration/MyRunningPostAll
{"data":{"limit":10,"id":"110","page":1,"token":"RLGvGCapvLY6OQ5SkKEmPwOTKE4vOe4wcgTgknsK4L5ddSpF7oo7OFPLswrlSyRKgQGkH16M6YKmi7koPFNVpjFS07TIZuV8FHfDsTxg6SAYmpLotMw8gJnv","lang_type":"1"}}

2018-11-06 22:46:06
demo.webmigrates.com/osnap/api/Registration/UserDetail
{"data":{"id":"110","other_id":"110","token":"RLGvGCapvLY6OQ5SkKEmPwOTKE4vOe4wcgTgknsK4L5ddSpF7oo7OFPLswrlSyRKgQGkH16M6YKmi7koPFNVpjFS07TIZuV8FHfDsTxg6SAYmpLotMw8gJnv","lang_type":"1"}}

2018-11-06 22:48:06
demo.webmigrates.com/osnap/api/Registration/ClientMyEvent
{"data":{"id":"110","year":"2018","token":"RLGvGCapvLY6OQ5SkKEmPwOTKE4vOe4wcgTgknsK4L5ddSpF7oo7OFPLswrlSyRKgQGkH16M6YKmi7koPFNVpjFS07TIZuV8FHfDsTxg6SAYmpLotMw8gJnv","lang_type":"1"}}

2018-11-06 22:48:11
demo.webmigrates.com/osnap/api/Registration/SearchUser
{"data":{"id":"110","Dlongtitude":"-97.037703","keyword":"","limit":10,"token":"RLGvGCapvLY6OQ5SkKEmPwOTKE4vOe4wcgTgknsK4L5ddSpF7oo7OFPLswrlSyRKgQGkH16M6YKmi7koPFNVpjFS07TIZuV8FHfDsTxg6SAYmpLotMw8gJnv","lang_type":"1","Dlatitude":"32.685631","page":1}}

2018-11-06 22:48:17
demo.webmigrates.com/osnap/api/Registration/UserDetail
{"data":{"id":"110","other_id":"23","token":"RLGvGCapvLY6OQ5SkKEmPwOTKE4vOe4wcgTgknsK4L5ddSpF7oo7OFPLswrlSyRKgQGkH16M6YKmi7koPFNVpjFS07TIZuV8FHfDsTxg6SAYmpLotMw8gJnv","lang_type":"1"}}

2018-11-06 22:48:19
demo.webmigrates.com/osnap/api/General/GetCategory
{"data":{"id":"110","token":"RLGvGCapvLY6OQ5SkKEmPwOTKE4vOe4wcgTgknsK4L5ddSpF7oo7OFPLswrlSyRKgQGkH16M6YKmi7koPFNVpjFS07TIZuV8FHfDsTxg6SAYmpLotMw8gJnv","lang_type":"1"}}

2018-11-06 22:48:27
demo.webmigrates.com/osnap/api/Registration/SearchUser
{"data":{"id":"110","Dlongtitude":"-97.037962","keyword":"","limit":10,"token":"RLGvGCapvLY6OQ5SkKEmPwOTKE4vOe4wcgTgknsK4L5ddSpF7oo7OFPLswrlSyRKgQGkH16M6YKmi7koPFNVpjFS07TIZuV8FHfDsTxg6SAYmpLotMw8gJnv","lang_type":"1","Dlatitude":"32.685603","page":2}}

2018-11-06 22:48:33
demo.webmigrates.com/osnap/api/Registration/SearchUser
{"data":{"id":"110","Dlongtitude":"-97.037960","keyword":"bemp874","limit":10,"token":"RLGvGCapvLY6OQ5SkKEmPwOTKE4vOe4wcgTgknsK4L5ddSpF7oo7OFPLswrlSyRKgQGkH16M6YKmi7koPFNVpjFS07TIZuV8FHfDsTxg6SAYmpLotMw8gJnv","lang_type":"1","Dlatitude":"32.685595","page":2}}

2018-11-06 22:48:38
demo.webmigrates.com/osnap/api/Registration/SearchUser
{"data":{"id":"110","Dlongtitude":"-97.037963","keyword":"bemp873","limit":10,"token":"RLGvGCapvLY6OQ5SkKEmPwOTKE4vOe4wcgTgknsK4L5ddSpF7oo7OFPLswrlSyRKgQGkH16M6YKmi7koPFNVpjFS07TIZuV8FHfDsTxg6SAYmpLotMw8gJnv","lang_type":"1","Dlatitude":"32.685599","page":2}}

2018-11-06 22:48:44
demo.webmigrates.com/osnap/api/Registration/SearchUser
{"data":{"id":"110","Dlongtitude":"-97.037972","keyword":"bemp875","limit":10,"token":"RLGvGCapvLY6OQ5SkKEmPwOTKE4vOe4wcgTgknsK4L5ddSpF7oo7OFPLswrlSyRKgQGkH16M6YKmi7koPFNVpjFS07TIZuV8FHfDsTxg6SAYmpLotMw8gJnv","lang_type":"1","Dlatitude":"32.685586","page":2}}

2018-11-06 22:48:48
demo.webmigrates.com/osnap/api/Registration/SearchUser
{"data":{"id":"110","Dlongtitude":"-97.037978","keyword":"bemp","limit":10,"token":"RLGvGCapvLY6OQ5SkKEmPwOTKE4vOe4wcgTgknsK4L5ddSpF7oo7OFPLswrlSyRKgQGkH16M6YKmi7koPFNVpjFS07TIZuV8FHfDsTxg6SAYmpLotMw8gJnv","lang_type":"1","Dlatitude":"32.685573","page":2}}

2018-11-06 22:48:51
demo.webmigrates.com/osnap/api/Registration/UserDetail
{"data":{"id":"110","other_id":"110","token":"RLGvGCapvLY6OQ5SkKEmPwOTKE4vOe4wcgTgknsK4L5ddSpF7oo7OFPLswrlSyRKgQGkH16M6YKmi7koPFNVpjFS07TIZuV8FHfDsTxg6SAYmpLotMw8gJnv","lang_type":"1"}}

2018-11-06 22:48:55
demo.webmigrates.com/osnap/api/Registration/SearchUser
{"data":{"id":"110","Dlongtitude":"-97.037972","keyword":"","limit":10,"token":"RLGvGCapvLY6OQ5SkKEmPwOTKE4vOe4wcgTgknsK4L5ddSpF7oo7OFPLswrlSyRKgQGkH16M6YKmi7koPFNVpjFS07TIZuV8FHfDsTxg6SAYmpLotMw8gJnv","lang_type":"1","Dlatitude":"32.685572","page":1}}

2018-11-06 22:49:00
demo.webmigrates.com/osnap/api/Registration/UserDetail
{"data":{"id":"110","other_id":"110","token":"RLGvGCapvLY6OQ5SkKEmPwOTKE4vOe4wcgTgknsK4L5ddSpF7oo7OFPLswrlSyRKgQGkH16M6YKmi7koPFNVpjFS07TIZuV8FHfDsTxg6SAYmpLotMw8gJnv","lang_type":"1"}}

2018-11-06 22:49:02
demo.webmigrates.com/osnap/api/General/GetCategory
{"data":{"id":"110","token":"RLGvGCapvLY6OQ5SkKEmPwOTKE4vOe4wcgTgknsK4L5ddSpF7oo7OFPLswrlSyRKgQGkH16M6YKmi7koPFNVpjFS07TIZuV8FHfDsTxg6SAYmpLotMw8gJnv","lang_type":"1"}}

2018-11-06 22:49:10
demo.webmigrates.com/osnap/api/General/GetSubCategory
{"data":{"id":"110","category_id":"12","token":"RLGvGCapvLY6OQ5SkKEmPwOTKE4vOe4wcgTgknsK4L5ddSpF7oo7OFPLswrlSyRKgQGkH16M6YKmi7koPFNVpjFS07TIZuV8FHfDsTxg6SAYmpLotMw8gJnv","lang_type":"1"}}

2018-11-06 22:49:32
demo.webmigrates.com/osnap/api/Registration/AddPost
{"data":{"id":"110","category_id":"12","work_type":"3","job_title":"fjrj","commitment":"2","pay_by":"2","token":"RLGvGCapvLY6OQ5SkKEmPwOTKE4vOe4wcgTgknsK4L5ddSpF7oo7OFPLswrlSyRKgQGkH16M6YKmi7koPFNVpjFS07TIZuV8FHfDsTxg6SAYmpLotMw8gJnv","subcategory_id":"14","exp_level":"1","lang_type":"1","job_description":"Jxjdj","rate":"554","how_long":"2","attachments":[]}}

2018-11-06 22:49:35
demo.webmigrates.com/osnap/api/Registration/UserDetail
{"data":{"id":"110","other_id":"110","token":"RLGvGCapvLY6OQ5SkKEmPwOTKE4vOe4wcgTgknsK4L5ddSpF7oo7OFPLswrlSyRKgQGkH16M6YKmi7koPFNVpjFS07TIZuV8FHfDsTxg6SAYmpLotMw8gJnv","lang_type":"1"}}

2018-11-06 22:49:40
demo.webmigrates.com/osnap/api/Registration/MyPost
{"data":{"limit":10,"id":"110","page":1,"token":"RLGvGCapvLY6OQ5SkKEmPwOTKE4vOe4wcgTgknsK4L5ddSpF7oo7OFPLswrlSyRKgQGkH16M6YKmi7koPFNVpjFS07TIZuV8FHfDsTxg6SAYmpLotMw8gJnv","lang_type":"1"}}

2018-11-06 22:49:40
demo.webmigrates.com/osnap/api/Registration/MyPost
{"data":{"limit":10,"id":"110","page":2,"token":"RLGvGCapvLY6OQ5SkKEmPwOTKE4vOe4wcgTgknsK4L5ddSpF7oo7OFPLswrlSyRKgQGkH16M6YKmi7koPFNVpjFS07TIZuV8FHfDsTxg6SAYmpLotMw8gJnv","lang_type":"1"}}

2018-11-06 22:50:01
demo.webmigrates.com/osnap/api/Registration/CheckLogin
{"data":{"username":"bemp874","lang_type":"1","password":"america1","device_token":"121212","device_type":"1"}}

2018-11-06 22:50:02
demo.webmigrates.com/osnap/api/Notification/CountBase
{"data":{"token":"EYBF7jPrJa7LUbJaSkdbYCVpSkh9e29Vq22fpknz5uiTTBnqANRTZysz4e6eiYFxu2UJDarPqalsJ8FocXFc3oog2Q1VCbWg1gKRqXM2HsJjQRsvEoaVPkvB","user_id":"109","lang_type":"1"}}

2018-11-06 22:50:02
demo.webmigrates.com/osnap/api/Registration/BusinessMyEvent
{"data":{"id":"109","year":"2018","token":"EYBF7jPrJa7LUbJaSkdbYCVpSkh9e29Vq22fpknz5uiTTBnqANRTZysz4e6eiYFxu2UJDarPqalsJ8FocXFc3oog2Q1VCbWg1gKRqXM2HsJjQRsvEoaVPkvB","lang_type":"1"}}

2018-11-06 22:50:02
demo.webmigrates.com/osnap/api/Registration/UserDetail
{"data":{"id":"109","other_id":"109","token":"EYBF7jPrJa7LUbJaSkdbYCVpSkh9e29Vq22fpknz5uiTTBnqANRTZysz4e6eiYFxu2UJDarPqalsJ8FocXFc3oog2Q1VCbWg1gKRqXM2HsJjQRsvEoaVPkvB","lang_type":"1"}}

2018-11-06 22:50:05
demo.webmigrates.com/osnap/api/Registration/ExploreRequests
{"data":{"limit":10,"id":"109","other_id":"109","page":1,"token":"EYBF7jPrJa7LUbJaSkdbYCVpSkh9e29Vq22fpknz5uiTTBnqANRTZysz4e6eiYFxu2UJDarPqalsJ8FocXFc3oog2Q1VCbWg1gKRqXM2HsJjQRsvEoaVPkvB","lang_type":"1"}}

2018-11-06 22:50:11
demo.webmigrates.com/osnap/api/Registration/SinglePostDetail
{"data":{"id":"109","post_id":"78","token":"EYBF7jPrJa7LUbJaSkdbYCVpSkh9e29Vq22fpknz5uiTTBnqANRTZysz4e6eiYFxu2UJDarPqalsJ8FocXFc3oog2Q1VCbWg1gKRqXM2HsJjQRsvEoaVPkvB","lang_type":"1"}}

2018-11-06 22:50:22
demo.webmigrates.com/osnap/api/Registration/UserDetail
{"data":{"id":"109","other_id":"109","token":"EYBF7jPrJa7LUbJaSkdbYCVpSkh9e29Vq22fpknz5uiTTBnqANRTZysz4e6eiYFxu2UJDarPqalsJ8FocXFc3oog2Q1VCbWg1gKRqXM2HsJjQRsvEoaVPkvB","lang_type":"1"}}

2018-11-06 22:50:22
demo.webmigrates.com/osnap/api/Notification/CountBase
{"data":{"token":"EYBF7jPrJa7LUbJaSkdbYCVpSkh9e29Vq22fpknz5uiTTBnqANRTZysz4e6eiYFxu2UJDarPqalsJ8FocXFc3oog2Q1VCbWg1gKRqXM2HsJjQRsvEoaVPkvB","user_id":"109","lang_type":"1"}}

2018-11-06 22:50:23
demo.webmigrates.com/osnap/api/Registration/SearchJob
{"data":{"keyword":"","id":"109","token":"EYBF7jPrJa7LUbJaSkdbYCVpSkh9e29Vq22fpknz5uiTTBnqANRTZysz4e6eiYFxu2UJDarPqalsJ8FocXFc3oog2Q1VCbWg1gKRqXM2HsJjQRsvEoaVPkvB","lang_type":"1"}}

2018-11-06 22:50:30
demo.webmigrates.com/osnap/api/Registration/SearchJob
{"data":{"keyword":"bemp","id":"109","token":"EYBF7jPrJa7LUbJaSkdbYCVpSkh9e29Vq22fpknz5uiTTBnqANRTZysz4e6eiYFxu2UJDarPqalsJ8FocXFc3oog2Q1VCbWg1gKRqXM2HsJjQRsvEoaVPkvB","lang_type":"1"}}

2018-11-06 22:50:36
demo.webmigrates.com/osnap/api/Registration/SearchJob
{"data":{"keyword":"bemp875","id":"109","token":"EYBF7jPrJa7LUbJaSkdbYCVpSkh9e29Vq22fpknz5uiTTBnqANRTZysz4e6eiYFxu2UJDarPqalsJ8FocXFc3oog2Q1VCbWg1gKRqXM2HsJjQRsvEoaVPkvB","lang_type":"1"}}

2018-11-06 22:50:40
demo.webmigrates.com/osnap/api/Registration/UserDetail
{"data":{"id":"109","other_id":"109","token":"EYBF7jPrJa7LUbJaSkdbYCVpSkh9e29Vq22fpknz5uiTTBnqANRTZysz4e6eiYFxu2UJDarPqalsJ8FocXFc3oog2Q1VCbWg1gKRqXM2HsJjQRsvEoaVPkvB","lang_type":"1"}}

2018-11-06 22:50:40
demo.webmigrates.com/osnap/api/Notification/CountBase
{"data":{"token":"EYBF7jPrJa7LUbJaSkdbYCVpSkh9e29Vq22fpknz5uiTTBnqANRTZysz4e6eiYFxu2UJDarPqalsJ8FocXFc3oog2Q1VCbWg1gKRqXM2HsJjQRsvEoaVPkvB","user_id":"109","lang_type":"1"}}

2018-11-06 22:50:46
demo.webmigrates.com/osnap/api/Registration/ExploreRequests
{"data":{"limit":10,"id":"109","other_id":"109","page":1,"token":"EYBF7jPrJa7LUbJaSkdbYCVpSkh9e29Vq22fpknz5uiTTBnqANRTZysz4e6eiYFxu2UJDarPqalsJ8FocXFc3oog2Q1VCbWg1gKRqXM2HsJjQRsvEoaVPkvB","lang_type":"1"}}

2018-11-06 22:50:49
demo.webmigrates.com/osnap/api/Registration/UserDetail
{"data":{"id":"109","other_id":"109","token":"EYBF7jPrJa7LUbJaSkdbYCVpSkh9e29Vq22fpknz5uiTTBnqANRTZysz4e6eiYFxu2UJDarPqalsJ8FocXFc3oog2Q1VCbWg1gKRqXM2HsJjQRsvEoaVPkvB","lang_type":"1"}}

2018-11-06 22:50:49
demo.webmigrates.com/osnap/api/Notification/CountBase
{"data":{"token":"EYBF7jPrJa7LUbJaSkdbYCVpSkh9e29Vq22fpknz5uiTTBnqANRTZysz4e6eiYFxu2UJDarPqalsJ8FocXFc3oog2Q1VCbWg1gKRqXM2HsJjQRsvEoaVPkvB","user_id":"109","lang_type":"1"}}

2018-11-06 22:50:50
demo.webmigrates.com/osnap/api/Notification/GetNotification
{"data":{"limit":10,"page":1,"user_id":"109","token":"EYBF7jPrJa7LUbJaSkdbYCVpSkh9e29Vq22fpknz5uiTTBnqANRTZysz4e6eiYFxu2UJDarPqalsJ8FocXFc3oog2Q1VCbWg1gKRqXM2HsJjQRsvEoaVPkvB","lang_type":"1"}}

2018-11-06 22:50:51
demo.webmigrates.com/osnap/api/Notification/ClearBase
{"data":{"token":"EYBF7jPrJa7LUbJaSkdbYCVpSkh9e29Vq22fpknz5uiTTBnqANRTZysz4e6eiYFxu2UJDarPqalsJ8FocXFc3oog2Q1VCbWg1gKRqXM2HsJjQRsvEoaVPkvB","user_id":"109","lang_type":"1"}}

2018-11-06 22:50:54
demo.webmigrates.com/osnap/api/Registration/SinglePostDetail
{"data":{"id":"109","post_id":"87","token":"EYBF7jPrJa7LUbJaSkdbYCVpSkh9e29Vq22fpknz5uiTTBnqANRTZysz4e6eiYFxu2UJDarPqalsJ8FocXFc3oog2Q1VCbWg1gKRqXM2HsJjQRsvEoaVPkvB","lang_type":"1"}}

2018-11-06 22:51:17
demo.webmigrates.com/osnap/api/Notification/CountBase
{"data":{"token":"EYBF7jPrJa7LUbJaSkdbYCVpSkh9e29Vq22fpknz5uiTTBnqANRTZysz4e6eiYFxu2UJDarPqalsJ8FocXFc3oog2Q1VCbWg1gKRqXM2HsJjQRsvEoaVPkvB","user_id":"109","lang_type":"1"}}

2018-11-06 22:51:17
demo.webmigrates.com/osnap/api/Registration/UserDetail
{"data":{"id":"109","other_id":"109","token":"EYBF7jPrJa7LUbJaSkdbYCVpSkh9e29Vq22fpknz5uiTTBnqANRTZysz4e6eiYFxu2UJDarPqalsJ8FocXFc3oog2Q1VCbWg1gKRqXM2HsJjQRsvEoaVPkvB","lang_type":"1"}}

2018-11-06 22:51:23
demo.webmigrates.com/osnap/api/Registration/ClientMyEvent
{"data":{"id":"110","year":"2018","token":"RLGvGCapvLY6OQ5SkKEmPwOTKE4vOe4wcgTgknsK4L5ddSpF7oo7OFPLswrlSyRKgQGkH16M6YKmi7koPFNVpjFS07TIZuV8FHfDsTxg6SAYmpLotMw8gJnv","lang_type":"1"}}

2018-11-06 22:51:26
demo.webmigrates.com/osnap/api/Registration/UserDetail
{"data":{"id":"110","other_id":"110","token":"RLGvGCapvLY6OQ5SkKEmPwOTKE4vOe4wcgTgknsK4L5ddSpF7oo7OFPLswrlSyRKgQGkH16M6YKmi7koPFNVpjFS07TIZuV8FHfDsTxg6SAYmpLotMw8gJnv","lang_type":"1"}}

2018-11-06 22:51:27
demo.webmigrates.com/osnap/api/Registration/SearchUser
{"data":{"id":"110","Dlongtitude":"-97.037750","keyword":"","limit":10,"token":"RLGvGCapvLY6OQ5SkKEmPwOTKE4vOe4wcgTgknsK4L5ddSpF7oo7OFPLswrlSyRKgQGkH16M6YKmi7koPFNVpjFS07TIZuV8FHfDsTxg6SAYmpLotMw8gJnv","lang_type":"1","Dlatitude":"32.685908","page":1}}

2018-11-06 22:51:35
demo.webmigrates.com/osnap/api/Registration/SearchUser
{"data":{"id":"110","Dlongtitude":"-97.037942","keyword":"bemp874","limit":10,"token":"RLGvGCapvLY6OQ5SkKEmPwOTKE4vOe4wcgTgknsK4L5ddSpF7oo7OFPLswrlSyRKgQGkH16M6YKmi7koPFNVpjFS07TIZuV8FHfDsTxg6SAYmpLotMw8gJnv","lang_type":"1","Dlatitude":"32.685589","page":1}}

2018-11-06 22:51:36
demo.webmigrates.com/osnap/api/Registration/SearchUser
{"data":{"id":"110","Dlongtitude":"-97.037949","keyword":"bemp874","limit":10,"token":"RLGvGCapvLY6OQ5SkKEmPwOTKE4vOe4wcgTgknsK4L5ddSpF7oo7OFPLswrlSyRKgQGkH16M6YKmi7koPFNVpjFS07TIZuV8FHfDsTxg6SAYmpLotMw8gJnv","lang_type":"1","Dlatitude":"32.685593","page":2}}

2018-11-06 22:51:38
demo.webmigrates.com/osnap/api/General/GetCategory
{"data":{"id":"110","token":"RLGvGCapvLY6OQ5SkKEmPwOTKE4vOe4wcgTgknsK4L5ddSpF7oo7OFPLswrlSyRKgQGkH16M6YKmi7koPFNVpjFS07TIZuV8FHfDsTxg6SAYmpLotMw8gJnv","lang_type":"1"}}

2018-11-06 22:51:48
demo.webmigrates.com/osnap/api/General/GetSubCategory
{"data":{"id":"110","category_id":"12","token":"RLGvGCapvLY6OQ5SkKEmPwOTKE4vOe4wcgTgknsK4L5ddSpF7oo7OFPLswrlSyRKgQGkH16M6YKmi7koPFNVpjFS07TIZuV8FHfDsTxg6SAYmpLotMw8gJnv","lang_type":"1"}}

2018-11-06 22:52:02
demo.webmigrates.com/osnap/api/Registration/UserDetail
{"data":{"Dlatitude":"32.685591","id":"110","other_id":"109","Dlongtitude":"-97.037971","token":"RLGvGCapvLY6OQ5SkKEmPwOTKE4vOe4wcgTgknsK4L5ddSpF7oo7OFPLswrlSyRKgQGkH16M6YKmi7koPFNVpjFS07TIZuV8FHfDsTxg6SAYmpLotMw8gJnv","lang_type":"1"}}

2018-11-06 22:52:03
demo.webmigrates.com/osnap/upload/image//(null)


2018-11-06 22:52:16
demo.webmigrates.com/osnap/api/Registration/AddOffer
{"data":{"pay_by":"1","longtitude":"-97.038","is_agree":"1","lang_type":"1","preferred_datetime":"2018-11-06 22:52:06","user_id":"109","exp_level":"1","latitude":"32.6856","work_type":"2","signature":"154156633580950.png","job_description":"Bb","id":"110","commitment":"2","token":"RLGvGCapvLY6OQ5SkKEmPwOTKE4vOe4wcgTgknsK4L5ddSpF7oo7OFPLswrlSyRKgQGkH16M6YKmi7koPFNVpjFS07TIZuV8FHfDsTxg6SAYmpLotMw8gJnv","client_attachments":[],"attachments":[],"selected_skill":[],"subcategory_id":"14","job_title":"hj","rate":"19","category_id":"12","notes":"","address":"3515 Ponderosa Dr, Grand Prairie, TX 75052, USA","how_long":"2"}}

2018-11-06 22:52:21
demo.webmigrates.com/osnap/api/Registration/UserDetail
{"data":{"id":"110","other_id":"110","token":"RLGvGCapvLY6OQ5SkKEmPwOTKE4vOe4wcgTgknsK4L5ddSpF7oo7OFPLswrlSyRKgQGkH16M6YKmi7koPFNVpjFS07TIZuV8FHfDsTxg6SAYmpLotMw8gJnv","lang_type":"1"}}

2018-11-06 22:52:26
demo.webmigrates.com/osnap/api/Registration/MyOffers
{"data":{"Dlatitude":"32.685591","id":"109","Dlongtitude":"-97.037978","token":"EYBF7jPrJa7LUbJaSkdbYCVpSkh9e29Vq22fpknz5uiTTBnqANRTZysz4e6eiYFxu2UJDarPqalsJ8FocXFc3oog2Q1VCbWg1gKRqXM2HsJjQRsvEoaVPkvB","lang_type":"1"}}

2018-11-06 22:52:43
demo.webmigrates.com/osnap/api/Registration/UserDetail
{"data":{"id":"109","other_id":"109","token":"EYBF7jPrJa7LUbJaSkdbYCVpSkh9e29Vq22fpknz5uiTTBnqANRTZysz4e6eiYFxu2UJDarPqalsJ8FocXFc3oog2Q1VCbWg1gKRqXM2HsJjQRsvEoaVPkvB","lang_type":"1"}}

2018-11-06 22:52:43
demo.webmigrates.com/osnap/api/Notification/CountBase
{"data":{"token":"EYBF7jPrJa7LUbJaSkdbYCVpSkh9e29Vq22fpknz5uiTTBnqANRTZysz4e6eiYFxu2UJDarPqalsJ8FocXFc3oog2Q1VCbWg1gKRqXM2HsJjQRsvEoaVPkvB","user_id":"109","lang_type":"1"}}

2018-11-06 22:52:46
demo.webmigrates.com/osnap/api/Registration/MyOffers
{"data":{"Dlatitude":"32.685606","id":"109","Dlongtitude":"-97.037961","token":"EYBF7jPrJa7LUbJaSkdbYCVpSkh9e29Vq22fpknz5uiTTBnqANRTZysz4e6eiYFxu2UJDarPqalsJ8FocXFc3oog2Q1VCbWg1gKRqXM2HsJjQRsvEoaVPkvB","lang_type":"1"}}

2018-11-06 23:51:49
demo.webmigrates.com/osnap/api/Registration/ClientMyEvent
{"data":{"id":"110","year":"2018","token":"RLGvGCapvLY6OQ5SkKEmPwOTKE4vOe4wcgTgknsK4L5ddSpF7oo7OFPLswrlSyRKgQGkH16M6YKmi7koPFNVpjFS07TIZuV8FHfDsTxg6SAYmpLotMw8gJnv","lang_type":"1"}}

